[List description]
[Description]
 Text=BESR-Liste der Zahlungseingänge
 FileVersion=4
 Units=SCM-Units
 Metric=0
 TextQuote.Start=1
 TextQuote.End=1
 RepresentationCode.CondStart=171
 RepresentationCode.CondSep=166
 RepresentationCode.CondEnd=187
 RepresentationCode.Tab=247
 RepresentationCode.Ret=182
 RepresentationCode.PhantomSpace=2
 RepresentationCode.LockNextChar=3
 RepresentationCode.ExprSep=164
 LCID=7
 Created=<unknown>
 CreatedByApp=<unknown>
 CreatedByDLL=<unknown>
 CreatedByUser=<unknown>
 LastModified=<unknown>
 LastModifiedByApp=<unknown>
 LastModifiedByDLL=<unknown>
 LastModifiedByUser=<unknown>
[Layout]
 P1.Template=
 P2.Template=
 xOffset=0
 yOffset=0
 xSize=210000
 ySize=297000
 P1.xOffset=0
 P1.yOffset=0
 P1.xSize=210000
 P1.ySize=297000
 P2.xOffset=0
 P2.yOffset=0
 P2.xSize=210000
 P2.ySize=297000
 P1.nPaperFormat=9
 P1.xPaperSize=210000
 P1.yPaperSize=297000
 P1.ForcePaperFormat=FALSE
 P2.nPaperFormat=9
 P2.xPaperSize=210000
 P2.yPaperSize=297000
 P2.ForcePaperFormat=FALSE
 xGrid=1000
 yGrid=1000
 GridShow=TRUE
 GridSnap=FALSE
 PhysicalPage=TRUE
 P1.PhysicalPage=TRUE
 P2.PhysicalPage=TRUE
 Orientation=1
 P1.Orientation=1
 P2.Orientation=1
 EnhancedExpressions=TRUE
 EnhancedOldExpressions=FALSE
 Decimals=2
 DefFont={(0,0,0),10,-13,0,0,0,400,0,0,0,0,3,2,1,34,Arial}
 HelpLines.Horizontal=
 HelpLines.Vertical=
[UserSection]
[SumVariables]
 Sum1=@STotal;T;BETRAG
 Sum2=@TTotal;F;BETRAG
[Layer]
 Name=Basis
 Condition=
 WorkspaceColor=(0,0,0)
 Visible=TRUE
 LayerID=0
[Layer]
 Name=Erste Seite
 Condition=Page() = 1
 WorkspaceColor=(0,128,64)
 Visible=TRUE
 LayerID=1
[Layer]
 Name=Folgeseiten
 Condition=Page() <> 1
 WorkspaceColor=(0,0,255)
 Visible=TRUE
 LayerID=2
[Object]
 ObjectID=1
 ObjectName=Text
 Locked=FALSE
 LinkID=1
 LinkToID=0
 LinkMode=32
 LinkTest=-19056
 LayerID=0
 GroupID=0
 Identifier=
 Condition=True
 UserLocked=False
 WrapBefore=False
 Position/Left=7100
 Position/Top=6600
 Position/Width=71900
 Position/Height=7100
 Direction=0
 bFill=False
 BkColor=RGB(255,255,255)
 bPageWrap=False
 bBottomAligned=False
 [@Lines]
  {
  [Lines]
   {
   [Line]
	{
	[Font]
	 {
	 Default=False
	 Name=Arial
	 GdiCharSet=0
	 Size=12
	 Width=0
	 Bold=True
	 Italic=True
	 Underline=False
	 Strikeout=False
	 Color=RGB(0,0,0)
	 PitchAndFamily=34
	 OutPrecision=3
	 }
	Align=0
	Adjusted=False
	Uneraseable=False
	LineWrap=False
	PageWrapAllowed=False
	SpaceOptimization=True
	Spacing.Paragraph=0
	Spacing.Line=0
	Text="BESR-Liste der Zahlungseingänge"
	Tab=0
	TabAlign=0
	}
   }
  }
[Object]
 ObjectID=6
 ObjectName=Tabelle
 Locked=FALSE
 LinkID=9
 LinkToID=0
 LinkMode=32
 LinkTest=-21742
 LayerID=0
 GroupID=0
 Identifier=
 Condition=True
 UserLocked=False
 WrapBefore=False
 Position/Left=7100
 Position/Top=25900
 Position/Width=191400
 Position/Height=254900
 Direction=0
 bFill=False
 BkColor=RGB(255,255,255)
 FgColor=RGB(64,64,64)
 bFooterOnBottom=False
 bFillBottom=False
 PageBreakCondition=False
 DefaultFont=default
 GroupHeaderLines/bConcatDataLines=True
 GroupFooterLines/bAlsoOnEmptyGroup=False
 DataLines/bKeepTogether=True
 DataLines/bSuppress=False
 DataLines/bForceSumCalculation=False
 ZebraPattern=False
 ZebraPattern/Color=RGB(0,0,0)
 ZebraPattern/Pattern=6
 FooterLines/bKeepTogether=False
 [@Lines]
  {
  [Lines]
   {
   [Body]
	{
	[Options]
	 {
	 }
	[Lines]
	 {
	 [Line]
	  {
	  LineID=0
	  [Columns]
	   {
	   Columns=6
	   [Column]
		{
		Width=15000
		Height=10000
		bIsotropic=True
		PlainTextFormat=True
		Align=2
		AlignDecPosition=-10000
		VAlign=1
		Adjusted=False
		[Separator]
		 {
		 Used=True
		 Width=0
		 }
		LineWrap=False
		bFill=False
		BkColor=RGB(0,0,0)
		Raster=0
		FgColor=RGB(0,0,0)
		SpaceOptimization=False
		WithText=False
		[Spacing]
		 {
		 Left=1000
		 Top=500
		 Right=1000
		 Bottom=500
		 }
		[Font]
		 {
		 Default=False
		 Name=Arial
		 GdiCharSet=0
		 Size=8
		 Width=0
		 Bold=False
		 Italic=False
		 Underline=False
		 Strikeout=False
		 Color=RGB(0,0,0)
		 PitchAndFamily=34
		 OutPrecision=3
		 }
		Text=FStr$(ZENr,"########")
		}
	   [Column]
		{
		Width=15000
		Height=10000
		bIsotropic=True
		PlainTextFormat=True
		Align=2
		AlignDecPosition=-10000
		VAlign=1
		Adjusted=False
		[Separator]
		 {
		 Used=True
		 Width=0
		 }
		LineWrap=False
		bFill=False
		BkColor=RGB(0,0,0)
		Raster=0
		FgColor=RGB(0,0,0)
		SpaceOptimization=False
		WithText=False
		[Spacing]
		 {
		 Left=1000
		 Top=500
		 Right=1000
		 Bottom=500
		 }
		[Font]
		 {
		 Default=False
		 Name=Arial
		 GdiCharSet=0
		 Size=8
		 Width=0
		 Bold=False
		 Italic=False
		 Underline=False
		 Strikeout=False
		 Color=RGB(0,0,0)
		 PitchAndFamily=34
		 OutPrecision=3
		 }
		Text=FStr$(RENR,"########")
		}
	   [Column]
		{
		Width=60000
		Height=10000
		bIsotropic=True
		PlainTextFormat=True
		Align=0
		AlignDecPosition=-10000
		VAlign=1
		Adjusted=False
		[Separator]
		 {
		 Used=True
		 Width=0
		 }
		LineWrap=False
		bFill=False
		BkColor=RGB(0,0,0)
		Raster=0
		FgColor=RGB(0,0,0)
		SpaceOptimization=False
		WithText=False
		[Spacing]
		 {
		 Left=1000
		 Top=500
		 Right=1000
		 Bottom=500
		 }
		[Font]
		 {
		 Default=False
		 Name=Arial
		 GdiCharSet=0
		 Size=8
		 Width=0
		 Bold=False
		 Italic=False
		 Underline=False
		 Strikeout=False
		 Color=RGB(0,0,0)
		 PitchAndFamily=34
		 OutPrecision=3
		 }
		Text=R_Name1
		}
	   [Column]
		{
		Width=30000
		Height=10000
		bIsotropic=True
		PlainTextFormat=True
		Align=2
		AlignDecPosition=-10000
		VAlign=0
		Adjusted=False
		[Separator]
		 {
		 Used=True
		 Width=0
		 }
		LineWrap=False
		bFill=False
		BkColor=RGB(0,0,0)
		Raster=0
		FgColor=RGB(0,0,0)
		SpaceOptimization=False
		WithText=False
		[Spacing]
		 {
		 Left=1000
		 Top=500
		 Right=1000
		 Bottom=500
		 }
		[Font]
		 {
		 Default=False
		 Name=Arial
		 GdiCharSet=0
		 Size=8
		 Width=0
		 Bold=False
		 Italic=False
		 Underline=False
		 Strikeout=False
		 Color=RGB(0,0,0)
		 PitchAndFamily=34
		 OutPrecision=3
		 }
		Text=fstr$(BETRAG, "---,---,---,---,---,---,--&.&&", 1)
		}
	   [Column]
		{
		Width=20000
		Height=10000
		bIsotropic=True
		PlainTextFormat=True
		Align=0
		AlignDecPosition=-10000
		VAlign=0
		Adjusted=False
		[Separator]
		 {
		 Used=True
		 Width=0
		 }
		LineWrap=False
		bFill=False
		BkColor=RGB(0,0,0)
		Raster=0
		FgColor=RGB(0,0,0)
		SpaceOptimization=False
		WithText=False
		[Spacing]
		 {
		 Left=1000
		 Top=500
		 Right=1000
		 Bottom=500
		 }
		[Font]
		 {
		 Default=False
		 Name=Arial
		 GdiCharSet=0
		 Size=8
		 Width=0
		 Bold=False
		 Italic=False
		 Underline=False
		 Strikeout=False
		 Color=RGB(0,0,0)
		 PitchAndFamily=34
		 OutPrecision=3
		 }
		Text=B_Date
		}
	   [Column]
		{
		Width=20000
		Height=10000
		bIsotropic=True
		PlainTextFormat=True
		Align=0
		AlignDecPosition=-10000
		VAlign=0
		Adjusted=False
		[Separator]
		 {
		 Used=True
		 Width=0
		 }
		LineWrap=False
		bFill=False
		BkColor=RGB(0,0,0)
		Raster=0
		FgColor=RGB(0,0,0)
		SpaceOptimization=False
		WithText=False
		[Spacing]
		 {
		 Left=1000
		 Top=500
		 Right=1000
		 Bottom=500
		 }
		[Font]
		 {
		 Default=False
		 Name=Arial
		 GdiCharSet=0
		 Size=8
		 Width=0
		 Bold=False
		 Italic=False
		 Underline=False
		 Strikeout=False
		 Color=RGB(0,0,0)
		 PitchAndFamily=34
		 OutPrecision=3
		 }
		Text=V_Date
		}
	   }
	  [Options]
	   {
	   [Frame0]
		{
		Show=FALSE
		Width=0
		SpaceOut=0
		}
	   [Frame1]
		{
		Show=TRUE
		Width=0
		SpaceOut=0
		}
	   [Frame2]
		{
		Show=TRUE
		Width=0
		SpaceOut=0
		}
	   [Frame3]
		{
		Show=FALSE
		Width=300
		SpaceOut=0
		}
	   LFont={(0,0,0),10,-13,0,0,0,400,0,0,0,0,3,2,1,34,Arial}
	   LCondition=
	   IgnoreEmpty=TRUE
	   Description=Zeilendefinition  1
	   }
	  }
	 }
	}
   [Header]
	{
	[Options]
	 {
	 }
	[Lines]
	 {
	 [Line]
	  {
	  LineID=0
	  [Columns]
	   {
	   Columns=6
	   [Column]
		{
		Width=15000
		Height=10000
		bIsotropic=True
		PlainTextFormat=True
		Align=2
		AlignDecPosition=-10000
		VAlign=1
		Adjusted=True
		[Separator]
		 {
		 Used=True
		 Width=0
		 }
		LineWrap=False
		bFill=False
		BkColor=RGB(0,0,0)
		Raster=0
		FgColor=RGB(0,0,0)
		SpaceOptimization=False
		WithText=False
		[Spacing]
		 {
		 Left=1000
		 Top=500
		 Right=1000
		 Bottom=500
		 }
		[Font]
		 {
		 Default=False
		 Name=Arial
		 GdiCharSet=0
		 Size=10
		 Width=0
		 Bold=True
		 Italic=True
		 Underline=False
		 Strikeout=False
		 Color=RGB(0,0,0)
		 PitchAndFamily=34
		 OutPrecision=3
		 }
		Text="ZENr"
		}
	   [Column]
		{
		Width=15000
		Height=10000
		bIsotropic=True
		PlainTextFormat=True
		Align=2
		AlignDecPosition=-10000
		VAlign=1
		Adjusted=True
		[Separator]
		 {
		 Used=True
		 Width=0
		 }
		LineWrap=False
		bFill=False
		BkColor=RGB(0,0,0)
		Raster=0
		FgColor=RGB(0,0,0)
		SpaceOptimization=False
		WithText=False
		[Spacing]
		 {
		 Left=1000
		 Top=500
		 Right=1000
		 Bottom=500
		 }
		[Font]
		 {
		 Default=False
		 Name=Arial
		 GdiCharSet=0
		 Size=10
		 Width=0
		 Bold=True
		 Italic=True
		 Underline=False
		 Strikeout=False
		 Color=RGB(0,0,0)
		 PitchAndFamily=34
		 OutPrecision=3
		 }
		Text="RENr"
		}
	   [Column]
		{
		Width=60000
		Height=10000
		bIsotropic=True
		PlainTextFormat=True
		Align=0
		AlignDecPosition=-10000
		VAlign=1
		Adjusted=True
		[Separator]
		 {
		 Used=True
		 Width=0
		 }
		LineWrap=False
		bFill=False
		BkColor=RGB(0,0,0)
		Raster=0
		FgColor=RGB(0,0,0)
		SpaceOptimization=False
		WithText=False
		[Spacing]
		 {
		 Left=1000
		 Top=500
		 Right=1000
		 Bottom=500
		 }
		[Font]
		 {
		 Default=False
		 Name=Arial
		 GdiCharSet=0
		 Size=10
		 Width=0
		 Bold=True
		 Italic=True
		 Underline=False
		 Strikeout=False
		 Color=RGB(0,0,0)
		 PitchAndFamily=34
		 OutPrecision=3
		 }
		Text="Firmenname"
		}
	   [Column]
		{
		Width=30000
		Height=10000
		bIsotropic=True
		PlainTextFormat=True
		Align=2
		AlignDecPosition=-10000
		VAlign=1
		Adjusted=False
		[Separator]
		 {
		 Used=True
		 Width=0
		 }
		LineWrap=False
		bFill=False
		BkColor=RGB(192,192,192)
		Raster=0
		FgColor=RGB(0,0,0)
		SpaceOptimization=False
		WithText=False
		[Spacing]
		 {
		 Left=1000
		 Top=500
		 Right=1000
		 Bottom=500
		 }
		[Font]
		 {
		 Default=False
		 Name=Arial
		 GdiCharSet=0
		 Size=10
		 Width=0
		 Bold=True
		 Italic=True
		 Underline=False
		 Strikeout=False
		 Color=RGB(0,0,0)
		 PitchAndFamily=34
		 OutPrecision=3
		 }
		Text="Betrag"
		}
	   [Column]
		{
		Width=20000
		Height=10000
		bIsotropic=True
		PlainTextFormat=True
		Align=0
		AlignDecPosition=-10000
		VAlign=1
		Adjusted=True
		[Separator]
		 {
		 Used=True
		 Width=0
		 }
		LineWrap=False
		bFill=False
		BkColor=RGB(0,0,0)
		Raster=0
		FgColor=RGB(0,0,0)
		SpaceOptimization=False
		WithText=False
		[Spacing]
		 {
		 Left=1000
		 Top=500
		 Right=1000
		 Bottom=500
		 }
		[Font]
		 {
		 Default=False
		 Name=Arial
		 GdiCharSet=0
		 Size=10
		 Width=0
		 Bold=True
		 Italic=True
		 Underline=False
		 Strikeout=False
		 Color=RGB(0,0,0)
		 PitchAndFamily=34
		 OutPrecision=3
		 }
		Text="B-Dat"
		}
	   [Column]
		{
		Width=20000
		Height=10000
		bIsotropic=True
		PlainTextFormat=True
		Align=0
		AlignDecPosition=-10000
		VAlign=1
		Adjusted=False
		[Separator]
		 {
		 Used=True
		 Width=0
		 }
		LineWrap=False
		bFill=False
		BkColor=RGB(0,0,0)
		Raster=0
		FgColor=RGB(0,0,0)
		SpaceOptimization=False
		WithText=False
		[Spacing]
		 {
		 Left=1000
		 Top=500
		 Right=1000
		 Bottom=500
		 }
		[Font]
		 {
		 Default=False
		 Name=Arial
		 GdiCharSet=0
		 Size=10
		 Width=0
		 Bold=True
		 Italic=True
		 Underline=False
		 Strikeout=False
		 Color=RGB(0,0,0)
		 PitchAndFamily=34
		 OutPrecision=3
		 }
		Text="Valuta"
		}
	   }
	  [Options]
	   {
	   [Frame0]
		{
		Show=FALSE
		Width=0
		SpaceOut=0
		}
	   [Frame1]
		{
		Show=TRUE
		Width=0
		SpaceOut=0
		}
	   [Frame2]
		{
		Show=TRUE
		Width=0
		SpaceOut=0
		}
	   [Frame3]
		{
		Show=TRUE
		Width=500
		SpaceOut=0
		}
	   LFont=default
	   LCondition=
	   IgnoreEmpty=TRUE
	   Description=Zeilendefinition  1
	   }
	  }
	 }
	}
   [Footer]
	{
	[Options]
	 {
	 }
	[Lines]
	 {
	 [Line]
	  {
	  LineID=0
	  [Columns]
	   {
	   Columns=4
	   [Column]
		{
		Width=30000
		Height=10000
		bIsotropic=True
		PlainTextFormat=True
		Align=2
		AlignDecPosition=-10000
		VAlign=0
		Adjusted=False
		[Separator]
		 {
		 Used=True
		 Width=0
		 }
		LineWrap=False
		bFill=False
		BkColor=RGB(0,0,0)
		Raster=0
		FgColor=RGB(0,0,0)
		SpaceOptimization=False
		WithText=False
		[Spacing]
		 {
		 Left=1000
		 Top=500
		 Right=1000
		 Bottom=500
		 }
		[Font]
		 {
		 Default=False
		 Name=Arial
		 GdiCharSet=0
		 Size=8
		 Width=0
		 Bold=False
		 Italic=False
		 Underline=False
		 Strikeout=False
		 Color=RGB(0,0,0)
		 PitchAndFamily=34
		 OutPrecision=3
		 }
		Text="[ " + fstr$(LL.CountPrintedDataThisPage, "####", 1) + " ]"
		}
	   [Column]
		{
		Width=60000
		Height=10000
		bIsotropic=True
		PlainTextFormat=True
		Align=0
		AlignDecPosition=-10000
		VAlign=0
		Adjusted=False
		[Separator]
		 {
		 Used=True
		 Width=0
		 }
		LineWrap=False
		bFill=False
		BkColor=RGB(0,0,0)
		Raster=0
		FgColor=RGB(0,0,0)
		SpaceOptimization=False
		WithText=False
		[Spacing]
		 {
		 Left=1000
		 Top=500
		 Right=1000
		 Bottom=500
		 }
		[Font]
		 {
		 Default=False
		 Name=Arial
		 GdiCharSet=0
		 Size=8
		 Width=0
		 Bold=False
		 Italic=False
		 Underline=False
		 Strikeout=False
		 Color=RGB(0,0,0)
		 PitchAndFamily=34
		 OutPrecision=3
		 }
		Text="Seitentotal"
		}
	   [Column]
		{
		Width=30000
		Height=10000
		bIsotropic=True
		PlainTextFormat=True
		Align=2
		AlignDecPosition=-10000
		VAlign=0
		Adjusted=False
		[Separator]
		 {
		 Used=True
		 Width=0
		 }
		LineWrap=False
		bFill=False
		BkColor=RGB(0,0,0)
		Raster=0
		FgColor=RGB(0,0,0)
		SpaceOptimization=False
		WithText=False
		[Spacing]
		 {
		 Left=1000
		 Top=500
		 Right=1000
		 Bottom=500
		 }
		[Font]
		 {
		 Default=False
		 Name=Arial
		 GdiCharSet=0
		 Size=8
		 Width=0
		 Bold=False
		 Italic=False
		 Underline=False
		 Strikeout=False
		 Color=RGB(0,0,0)
		 PitchAndFamily=34
		 OutPrecision=3
		 }
		Text=fstr$(@STotal, "---,---,---,---,---,---,---,--&.&&", 1)
		}
	   [Column]
		{
		Width=40000
		Height=10000
		bIsotropic=True
		PlainTextFormat=True
		Align=0
		AlignDecPosition=-10000
		VAlign=0
		Adjusted=False
		[Separator]
		 {
		 Used=True
		 Width=0
		 }
		LineWrap=False
		bFill=False
		BkColor=RGB(0,0,0)
		Raster=0
		FgColor=RGB(0,0,0)
		SpaceOptimization=False
		WithText=False
		[Spacing]
		 {
		 Left=1000
		 Top=500
		 Right=1000
		 Bottom=500
		 }
		[Font]
		 {
		 Default=False
		 Name=Arial
		 GdiCharSet=0
		 Size=8
		 Width=0
		 Bold=False
		 Italic=False
		 Underline=False
		 Strikeout=False
		 Color=RGB(0,0,0)
		 PitchAndFamily=34
		 OutPrecision=3
		 }
		Text=""
		}
	   }
	  [Options]
	   {
	   [Frame0]
		{
		Show=TRUE
		Width=300
		SpaceOut=0
		}
	   [Frame1]
		{
		Show=TRUE
		Width=0
		SpaceOut=0
		}
	   [Frame2]
		{
		Show=TRUE
		Width=0
		SpaceOut=0
		}
	   [Frame3]
		{
		Show=TRUE
		Width=0
		SpaceOut=0
		}
	   LFont=default
	   LCondition=
	   IgnoreEmpty=TRUE
	   Description=Seitentotal
	   }
	  }
	 [Line]
	  {
	  LineID=1
	  [Columns]
	   {
	   Columns=4
	   [Column]
		{
		Width=30000
		Height=10000
		bIsotropic=True
		PlainTextFormat=True
		Align=2
		AlignDecPosition=-10000
		VAlign=0
		Adjusted=False
		[Separator]
		 {
		 Used=True
		 Width=0
		 }
		LineWrap=False
		bFill=False
		BkColor=RGB(0,0,0)
		Raster=0
		FgColor=RGB(0,0,0)
		SpaceOptimization=False
		WithText=False
		[Spacing]
		 {
		 Left=1000
		 Top=500
		 Right=1000
		 Bottom=500
		 }
		[Font]
		 {
		 Default=False
		 Name=Arial
		 GdiCharSet=0
		 Size=8
		 Width=0
		 Bold=False
		 Italic=False
		 Underline=False
		 Strikeout=False
		 Color=RGB(0,0,0)
		 PitchAndFamily=34
		 OutPrecision=3
		 }
		Text="[ " + fstr$(LL.CountPrintedData, "####", 1) + " ]"
		}
	   [Column]
		{
		Width=60000
		Height=10000
		bIsotropic=True
		PlainTextFormat=True
		Align=0
		AlignDecPosition=-10000
		VAlign=0
		Adjusted=False
		[Separator]
		 {
		 Used=True
		 Width=0
		 }
		LineWrap=False
		bFill=False
		BkColor=RGB(0,0,0)
		Raster=0
		FgColor=RGB(0,0,0)
		SpaceOptimization=False
		WithText=False
		[Spacing]
		 {
		 Left=1000
		 Top=500
		 Right=1000
		 Bottom=500
		 }
		[Font]
		 {
		 Default=False
		 Name=Arial
		 GdiCharSet=0
		 Size=8
		 Width=0
		 Bold=False
		 Italic=False
		 Underline=False
		 Strikeout=False
		 Color=RGB(0,0,0)
		 PitchAndFamily=34
		 OutPrecision=3
		 }
		Text="Totalbetrag"
		}
	   [Column]
		{
		Width=30000
		Height=10000
		bIsotropic=True
		PlainTextFormat=True
		Align=2
		AlignDecPosition=-10000
		VAlign=0
		Adjusted=False
		[Separator]
		 {
		 Used=True
		 Width=0
		 }
		LineWrap=False
		bFill=False
		BkColor=RGB(0,0,0)
		Raster=0
		FgColor=RGB(0,0,0)
		SpaceOptimization=False
		WithText=False
		[Spacing]
		 {
		 Left=1000
		 Top=500
		 Right=1000
		 Bottom=500
		 }
		[Font]
		 {
		 Default=False
		 Name=Arial
		 GdiCharSet=0
		 Size=8
		 Width=0
		 Bold=False
		 Italic=False
		 Underline=False
		 Strikeout=False
		 Color=RGB(0,0,0)
		 PitchAndFamily=34
		 OutPrecision=3
		 }
		Text=fstr$(@TTotal, "###,###,###,##&.&&", 1)
		}
	   [Column]
		{
		Width=40000
		Height=10000
		bIsotropic=True
		PlainTextFormat=True
		Align=0
		AlignDecPosition=-10000
		VAlign=0
		Adjusted=False
		[Separator]
		 {
		 Used=True
		 Width=0
		 }
		LineWrap=False
		bFill=False
		BkColor=RGB(0,0,0)
		Raster=0
		FgColor=RGB(0,0,0)
		SpaceOptimization=False
		WithText=False
		[Spacing]
		 {
		 Left=1000
		 Top=500
		 Right=1000
		 Bottom=500
		 }
		[Font]
		 {
		 Default=False
		 Name=Arial
		 GdiCharSet=0
		 Size=8
		 Width=0
		 Bold=False
		 Italic=False
		 Underline=False
		 Strikeout=False
		 Color=RGB(0,0,0)
		 PitchAndFamily=34
		 OutPrecision=3
		 }
		Text=""
		}
	   }
	  [Options]
	   {
	   [Frame0]
		{
		Show=TRUE
		Width=300
		SpaceOut=0
		}
	   [Frame1]
		{
		Show=TRUE
		Width=0
		SpaceOut=0
		}
	   [Frame2]
		{
		Show=TRUE
		Width=0
		SpaceOut=0
		}
	   [Frame3]
		{
		Show=TRUE
		Width=0
		SpaceOut=0
		}
	   LFont=default
	   LCondition=Lastpage ()
	   IgnoreEmpty=TRUE
	   Description=Total aller Seiten
	   }
	  }
	 }
	}
   [GroupHeader]
	{
	[Options]
	 {
	 }
	[Lines]
	 {
	 }
	}
   [GroupFooter]
	{
	[Options]
	 {
	 }
	[Lines]
	 {
	 }
	}
   }
  }
[Object]
 ObjectID=1
 ObjectName=Text
 Locked=FALSE
 LinkID=36
 LinkToID=0
 LinkMode=32
 LinkTest=-22891
 LayerID=0
 GroupID=0
 Identifier=
 Condition=True
 UserLocked=False
 WrapBefore=False
 Position/Left=7700
 Position/Top=283100
 Position/Width=42300
 Position/Height=6300
 Direction=0
 bFill=False
 BkColor=RGB(255,255,255)
 bPageWrap=False
 bBottomAligned=False
 [@Lines]
  {
  [Lines]
   {
   [Line]
	{
	[Font]
	 {
	 Default=False
	 Name=Arial
	 GdiCharSet=0
	 Size=8
	 Width=0
	 Bold=True
	 Italic=True
	 Underline=False
	 Strikeout=False
	 Color=RGB(0,0,0)
	 PitchAndFamily=34
	 OutPrecision=3
	 }
	Align=0
	Adjusted=False
	Uneraseable=False
	LineWrap=False
	PageWrapAllowed=False
	SpaceOptimization=True
	Spacing.Paragraph=0
	Spacing.Line=0
	Text="B-Dat = Buchungsdatum"
	Tab=0
	TabAlign=0
	}
   [Line]
	{
	[Font]
	 {
	 Default=False
	 Name=Arial
	 GdiCharSet=0
	 Size=8
	 Width=0
	 Bold=True
	 Italic=True
	 Underline=False
	 Strikeout=False
	 Color=RGB(0,0,0)
	 PitchAndFamily=34
	 OutPrecision=3
	 }
	Align=0
	Adjusted=False
	Uneraseable=False
	LineWrap=False
	PageWrapAllowed=False
	SpaceOptimization=True
	Spacing.Paragraph=0
	Spacing.Line=0
	Text="Val-Dat = Valutadatum"
	Tab=0
	TabAlign=0
	}
   }
  }
[Object]
 ObjectID=1
 ObjectName=Text
 Locked=FALSE
 LinkID=5
 LinkToID=0
 LinkMode=32
 LinkTest=-28918
 LayerID=0
 GroupID=0
 Identifier=
 Condition=True
 UserLocked=False
 WrapBefore=False
 Position/Left=168900
 Position/Top=6600
 Position/Width=35200
 Position/Height=9900
 Direction=0
 bFill=False
 BkColor=RGB(255,255,255)
 bPageWrap=False
 bBottomAligned=False
 [@Lines]
  {
  [Lines]
   {
   [Line]
	{
	[Font]
	 {
	 Default=False
	 Name=Arial
	 GdiCharSet=0
	 Size=8
	 Width=0
	 Bold=False
	 Italic=False
	 Underline=False
	 Strikeout=False
	 Color=RGB(0,0,0)
	 PitchAndFamily=34
	 OutPrecision=3
	 }
	Align=0
	Adjusted=False
	Uneraseable=False
	LineWrap=False
	PageWrapAllowed=True
	SpaceOptimization=True
	Spacing.Paragraph=0
	Spacing.Line=0
	Text=Date$(Now(),"%DD, %d.%m.%y  um %02H:%02i")
	Tab=0
	TabAlign=0
	}
   [Line]
	{
	[Font]
	 {
	 Default=False
	 Name=Arial
	 GdiCharSet=0
	 Size=8
	 Width=0
	 Bold=False
	 Italic=False
	 Underline=False
	 Strikeout=False
	 Color=RGB(0,0,0)
	 PitchAndFamily=34
	 OutPrecision=3
	 }
	Align=0
	Adjusted=False
	Uneraseable=False
	LineWrap=False
	PageWrapAllowed=False
	SpaceOptimization=True
	Spacing.Paragraph=0
	Spacing.Line=0
	Text=FStr$(Page (),"#####")
	Tab=0
	TabAlign=0
	}
   [Line]
	{
	[Font]
	 {
	 Default=False
	 Name=Arial
	 GdiCharSet=0
	 Size=8
	 Width=0
	 Bold=False
	 Italic=False
	 Underline=False
	 Strikeout=False
	 Color=RGB(0,0,0)
	 PitchAndFamily=34
	 OutPrecision=3
	 }
	Align=0
	Adjusted=False
	Uneraseable=False
	LineWrap=False
	PageWrapAllowed=True
	SpaceOptimization=True
	Spacing.Paragraph=0
	Spacing.Line=0
	Text=Left$(AutorFName,1) + ". " + AutorLName
	Tab=0
	TabAlign=0
	}
   }
  }
[Object]
 ObjectID=1
 ObjectName=Text
 Locked=FALSE
 LinkID=6
 LinkToID=0
 LinkMode=32
 LinkTest=-22701
 LayerID=0
 GroupID=0
 Identifier=
 Condition=True
 UserLocked=False
 WrapBefore=False
 Position/Left=153500
 Position/Top=6600
 Position/Width=14000
 Position/Height=9600
 Direction=0
 bFill=False
 BkColor=RGB(255,255,255)
 bPageWrap=False
 bBottomAligned=False
 [@Lines]
  {
  [Lines]
   {
   [Line]
	{
	[Font]
	 {
	 Default=False
	 Name=Arial
	 GdiCharSet=0
	 Size=8
	 Width=0
	 Bold=True
	 Italic=False
	 Underline=False
	 Strikeout=False
	 Color=RGB(0,0,0)
	 PitchAndFamily=34
	 OutPrecision=3
	 }
	Align=0
	Adjusted=False
	Uneraseable=False
	LineWrap=False
	PageWrapAllowed=True
	SpaceOptimization=True
	Spacing.Paragraph=0
	Spacing.Line=0
	Text="Datum:"
	Tab=0
	TabAlign=0
	}
   [Line]
	{
	[Font]
	 {
	 Default=False
	 Name=Arial
	 GdiCharSet=0
	 Size=8
	 Width=0
	 Bold=True
	 Italic=False
	 Underline=False
	 Strikeout=False
	 Color=RGB(0,0,0)
	 PitchAndFamily=34
	 OutPrecision=3
	 }
	Align=0
	Adjusted=False
	Uneraseable=False
	LineWrap=False
	PageWrapAllowed=True
	SpaceOptimization=True
	Spacing.Paragraph=0
	Spacing.Line=0
	Text="Seite:"
	Tab=0
	TabAlign=0
	}
   [Line]
	{
	[Font]
	 {
	 Default=False
	 Name=Arial
	 GdiCharSet=0
	 Size=8
	 Width=0
	 Bold=True
	 Italic=False
	 Underline=False
	 Strikeout=False
	 Color=RGB(0,0,0)
	 PitchAndFamily=34
	 OutPrecision=3
	 }
	Align=0
	Adjusted=False
	Uneraseable=False
	LineWrap=False
	PageWrapAllowed=True
	SpaceOptimization=True
	Spacing.Paragraph=0
	Spacing.Line=0
	Text="Benutzer:"
	Tab=0
	TabAlign=0
	}
   }
  }
[Object]
 ObjectID=1
 ObjectName=Text
 Locked=FALSE
 LinkID=7
 LinkToID=0
 LinkMode=32
 LinkTest=-31219
 LayerID=0
 GroupID=0
 Identifier=
 Condition=True
 UserLocked=False
 WrapBefore=False
 Position/Left=86000
 Position/Top=6600
 Position/Width=59700
 Position/Height=14400
 Direction=0
 bFill=False
 BkColor=RGB(255,255,255)
 bPageWrap=False
 bBottomAligned=False
 [@Lines]
  {
  [Lines]
   {
   [Line]
	{
	[Font]
	 {
	 Default=False
	 Name=Arial
	 GdiCharSet=0
	 Size=8
	 Width=0
	 Bold=False
	 Italic=False
	 Underline=False
	 Strikeout=False
	 Color=RGB(0,0,0)
	 PitchAndFamily=34
	 OutPrecision=3
	 }
	Align=0
	Adjusted=False
	Uneraseable=False
	LineWrap=False
	PageWrapAllowed=True
	SpaceOptimization=True
	Spacing.Paragraph=0
	Spacing.Line=0
	Text=MDName
	Tab=0
	TabAlign=0
	}
   [Line]
	{
	[Font]
	 {
	 Default=False
	 Name=Arial
	 GdiCharSet=0
	 Size=8
	 Width=0
	 Bold=False
	 Italic=False
	 Underline=False
	 Strikeout=False
	 Color=RGB(0,0,0)
	 PitchAndFamily=34
	 OutPrecision=3
	 }
	Align=0
	Adjusted=False
	Uneraseable=False
	LineWrap=False
	PageWrapAllowed=True
	SpaceOptimization=True
	Spacing.Paragraph=0
	Spacing.Line=0
	Text=MDName2
	Tab=0
	TabAlign=0
	}
   [Line]
	{
	[Font]
	 {
	 Default=False
	 Name=Arial
	 GdiCharSet=0
	 Size=8
	 Width=0
	 Bold=False
	 Italic=False
	 Underline=False
	 Strikeout=False
	 Color=RGB(0,0,0)
	 PitchAndFamily=34
	 OutPrecision=3
	 }
	Align=0
	Adjusted=False
	Uneraseable=False
	LineWrap=False
	PageWrapAllowed=True
	SpaceOptimization=True
	Spacing.Paragraph=0
	Spacing.Line=0
	Text=MDName3
	Tab=0
	TabAlign=0
	}
   [Line]
	{
	[Font]
	 {
	 Default=False
	 Name=Arial
	 GdiCharSet=0
	 Size=8
	 Width=0
	 Bold=False
	 Italic=False
	 Underline=False
	 Strikeout=False
	 Color=RGB(0,0,0)
	 PitchAndFamily=34
	 OutPrecision=3
	 }
	Align=0
	Adjusted=False
	Uneraseable=False
	LineWrap=False
	PageWrapAllowed=True
	SpaceOptimization=True
	Spacing.Paragraph=0
	Spacing.Line=0
	Text=mdStrasse
	Tab=0
	TabAlign=0
	}
   [Line]
	{
	[Font]
	 {
	 Default=False
	 Name=Arial
	 GdiCharSet=0
	 Size=8
	 Width=0
	 Bold=False
	 Italic=False
	 Underline=False
	 Strikeout=False
	 Color=RGB(0,0,0)
	 PitchAndFamily=34
	 OutPrecision=3
	 }
	Align=0
	Adjusted=False
	Uneraseable=False
	LineWrap=False
	PageWrapAllowed=True
	SpaceOptimization=True
	Spacing.Paragraph=0
	Spacing.Line=0
	Text=mdPLZ + " " + mdOrt
	Tab=0
	TabAlign=0
	}
   }
  }
[UserVariables]
[FaxVariables]
