[List description]
[Description]
 Text=Bruttoumsatzliste Individuelle Rechnungen
 FileVersion=4
 Units=SCM-Units
 Metric=0
 TextQuote.Start=1
 TextQuote.End=1
 RepresentationCode.CondStart=171
 RepresentationCode.CondSep=166
 RepresentationCode.CondEnd=187
 RepresentationCode.Tab=247
 RepresentationCode.Ret=182
 RepresentationCode.PhantomSpace=2
 RepresentationCode.LockNextChar=3
 RepresentationCode.ExprSep=164
 LCID=7
 Created=<unknown>
 CreatedByApp=<unknown>
 CreatedByDLL=<unknown>
 CreatedByUser=<unknown>
 LastModified=<unknown>
 LastModifiedByApp=<unknown>
 LastModifiedByDLL=<unknown>
 LastModifiedByUser=<unknown>
[Layout]
 P1.Template=
 P2.Template=
 xOffset=0
 yOffset=0
 xSize=297000
 ySize=210000
 P1.xOffset=0
 P1.yOffset=0
 P1.xSize=297000
 P1.ySize=210000
 P2.xOffset=0
 P2.yOffset=0
 P2.xSize=297000
 P2.ySize=210000
 P1.nPaperFormat=9
 P1.xPaperSize=297000
 P1.yPaperSize=210000
 P1.ForcePaperFormat=FALSE
 P2.nPaperFormat=9
 P2.xPaperSize=297000
 P2.yPaperSize=210000
 P2.ForcePaperFormat=FALSE
 xGrid=1000
 yGrid=1000
 GridShow=TRUE
 GridSnap=FALSE
 PhysicalPage=TRUE
 P1.PhysicalPage=TRUE
 P2.PhysicalPage=TRUE
 Orientation=2
 P1.Orientation=2
 P2.Orientation=2
 EnhancedExpressions=TRUE
 EnhancedOldExpressions=FALSE
 Decimals=2
 DefFont={(0,0,0),10,-13,0,0,0,400,0,0,0,0,3,2,1,34,Arial}
 HelpLines.Horizontal=
 HelpLines.Vertical=
[UserSection]
[SumVariables]
 Sum1=@GBetrag;F;BetragInk
 Sum2=@GBezahlt;F;Bezahlt
 Sum3=@GMwSt;F;MwSt1
 Sum4=@GMwStFrei;F;BetragOhne
 Sum5=@GMwStPflichig;F;BetragEx
 Sum6=@GOffen;F;@GBetrag - @GBezahlt
 Sum7=@SBetrag;T;BetragInk
 Sum8=@SBezahlt;T;Bezahlt
 Sum9=@SMWST;T;MWST1
 Sum10=@SMWSTFrei;T;BetragOhne
 Sum11=@SMWSTPflichtig;T;BetragEx
 Sum12=@SOffen;T;@SBetrag - @SBezahlt
 Sum13=@TBetrag;F;BetragInk
 Sum14=@TBezahlt;F;Bezahlt
 Sum15=@TMWST;F;MWST1
 Sum16=@TMWSTFrei;F;BetragOhne
 Sum17=@TMWSTPflichtig;F;BetragEx
 Sum18=@TOffen;F;BetragInk - Bezahlt
[Layer]
 Name=Basis
 Condition=
 WorkspaceColor=(0,0,0)
 Visible=TRUE
 LayerID=0
[Layer]
 Name=Erste Seite
 Condition=Page() = 1
 WorkspaceColor=(0,128,64)
 Visible=TRUE
 LayerID=1
[Layer]
 Name=Folgeseiten
 Condition=Page() <> 1
 WorkspaceColor=(0,0,255)
 Visible=TRUE
 LayerID=2
[Object]
 ObjectID=1
 ObjectName=Text
 Locked=FALSE
 LinkID=1
 LinkToID=0
 LinkMode=32
 LinkTest=-15607
 LayerID=0
 GroupID=0
 Identifier=
 Condition=True
 UserLocked=False
 WrapBefore=False
 Position/Left=8000
 Position/Top=8900
 Position/Width=99400
 Position/Height=6300
 Direction=0
 bFill=False
 BkColor=RGB(255,255,255)
 bPageWrap=False
 bBottomAligned=False
 [@Lines]
  {
  [Lines]
   {
   [Line]
	{
	[Font]
	 {
	 Default=False
	 Name=Arial
	 GdiCharSet=0
	 Size=14
	 Width=0
	 Bold=True
	 Italic=True
	 Underline=False
	 Strikeout=False
	 Color=RGB(0,0,0)
	 PitchAndFamily=34
	 OutPrecision=3
	 }
	Align=0
	Adjusted=False
	Uneraseable=False
	LineWrap=False
	PageWrapAllowed=False
	SpaceOptimization=True
	Spacing.Paragraph=0
	Spacing.Line=0
	Text="Bruttoumsatzliste Indiv. Rechnungen"
	Tab=0
	TabAlign=0
	}
   }
  }
[Object]
 ObjectID=6
 ObjectName=Tabelle
 Locked=FALSE
 LinkID=9
 LinkToID=0
 LinkMode=32
 LinkTest=-20762
 LayerID=0
 GroupID=0
 Identifier=
 Condition=True
 UserLocked=False
 WrapBefore=False
 Position/Left=8000
 Position/Top=29900
 Position/Width=274000
 Position/Height=171600
 Direction=0
 bFill=False
 BkColor=RGB(255,255,255)
 FgColor=RGB(64,64,64)
 bFooterOnBottom=False
 bFillBottom=False
 PageBreakCondition=False
 DefaultFont=default
 GroupHeaderLines/bConcatDataLines=True
 GroupFooterLines/bAlsoOnEmptyGroup=False
 DataLines/bKeepTogether=True
 DataLines/bSuppress=False
 DataLines/bForceSumCalculation=False
 ZebraPattern=False
 ZebraPattern/Color=RGB(0,0,0)
 ZebraPattern/Pattern=6
 FooterLines/bKeepTogether=False
 [@Lines]
  {
  [Lines]
   {
   [Body]
	{
	[Options]
	 {
	 }
	[Lines]
	 {
	 [Line]
	  {
	  LineID=0
	  [Columns]
	   {
	   Columns=12
	   [Column]
		{
		Width=15000
		Height=10000
		bIsotropic=True
		PlainTextFormat=True
		Align=2
		AlignDecPosition=-10000
		VAlign=1
		Adjusted=False
		[Separator]
		 {
		 Used=True
		 Width=0
		 }
		LineWrap=False
		bFill=False
		BkColor=RGB(0,0,0)
		Raster=0
		FgColor=RGB(0,0,0)
		SpaceOptimization=False
		WithText=False
		[Spacing]
		 {
		 Left=1000
		 Top=500
		 Right=1000
		 Bottom=500
		 }
		[Font]
		 {
		 Default=False
		 Name=Arial
		 GdiCharSet=0
		 Size=8
		 Width=0
		 Bold=False
		 Italic=False
		 Underline=False
		 Strikeout=False
		 Color=RGB(0,0,0)
		 PitchAndFamily=34
		 OutPrecision=3
		 }
		Text=FStr$(RENR,"######")
		}
	   [Column]
		{
		Width=40000
		Height=10000
		bIsotropic=True
		PlainTextFormat=True
		Align=0
		AlignDecPosition=-10000
		VAlign=1
		Adjusted=False
		[Separator]
		 {
		 Used=True
		 Width=0
		 }
		LineWrap=False
		bFill=False
		BkColor=RGB(192,192,192)
		Raster=0
		FgColor=RGB(0,0,0)
		SpaceOptimization=False
		WithText=False
		[Spacing]
		 {
		 Left=1000
		 Top=500
		 Right=1000
		 Bottom=500
		 }
		[Font]
		 {
		 Default=False
		 Name=Arial
		 GdiCharSet=0
		 Size=8
		 Width=0
		 Bold=False
		 Italic=False
		 Underline=False
		 Strikeout=False
		 Color=RGB(0,0,0)
		 PitchAndFamily=34
		 OutPrecision=3
		 }
		Text=""
		}
	   [Column]
		{
		Width=20000
		Height=10000
		bIsotropic=True
		PlainTextFormat=True
		Align=0
		AlignDecPosition=-10000
		VAlign=0
		Adjusted=False
		[Separator]
		 {
		 Used=True
		 Width=0
		 }
		LineWrap=False
		bFill=False
		BkColor=RGB(0,0,0)
		Raster=0
		FgColor=RGB(0,0,0)
		SpaceOptimization=False
		WithText=False
		[Spacing]
		 {
		 Left=1000
		 Top=500
		 Right=1000
		 Bottom=500
		 }
		[Font]
		 {
		 Default=False
		 Name=Arial
		 GdiCharSet=0
		 Size=8
		 Width=0
		 Bold=False
		 Italic=False
		 Underline=False
		 Strikeout=False
		 Color=RGB(0,0,0)
		 PitchAndFamily=34
		 OutPrecision=3
		 }
		Text=FAK_DAT
		}
	   [Column]
		{
		Width=25000
		Height=10000
		bIsotropic=True
		PlainTextFormat=True
		Align=2
		AlignDecPosition=-10000
		VAlign=0
		Adjusted=True
		[Separator]
		 {
		 Used=True
		 Width=0
		 }
		LineWrap=False
		bFill=False
		BkColor=RGB(0,0,0)
		Raster=0
		FgColor=RGB(0,0,0)
		SpaceOptimization=False
		WithText=False
		[Spacing]
		 {
		 Left=1000
		 Top=500
		 Right=1000
		 Bottom=500
		 }
		[Font]
		 {
		 Default=False
		 Name=Arial
		 GdiCharSet=0
		 Size=8
		 Width=0
		 Bold=False
		 Italic=False
		 Underline=False
		 Strikeout=False
		 Color=RGB(0,0,0)
		 PitchAndFamily=34
		 OutPrecision=3
		 }
		Text=fstr$(BetragEx, "---,---,---,---,---,---,--&.##", 1)
		}
	   [Column]
		{
		Width=25000
		Height=10000
		bIsotropic=True
		PlainTextFormat=True
		Align=2
		AlignDecPosition=-10000
		VAlign=0
		Adjusted=True
		[Separator]
		 {
		 Used=True
		 Width=0
		 }
		LineWrap=False
		bFill=False
		BkColor=RGB(0,0,0)
		Raster=0
		FgColor=RGB(0,0,0)
		SpaceOptimization=False
		WithText=False
		[Spacing]
		 {
		 Left=1000
		 Top=500
		 Right=1000
		 Bottom=500
		 }
		[Font]
		 {
		 Default=False
		 Name=Arial
		 GdiCharSet=0
		 Size=8
		 Width=0
		 Bold=False
		 Italic=False
		 Underline=False
		 Strikeout=False
		 Color=RGB(0,0,0)
		 PitchAndFamily=34
		 OutPrecision=3
		 }
		Text=fstr$(BetragOhne, "---,---,---,---,---,---,--&.##", 1)
		}
	   [Column]
		{
		Width=25000
		Height=10000
		bIsotropic=True
		PlainTextFormat=True
		Align=2
		AlignDecPosition=-10000
		VAlign=0
		Adjusted=True
		[Separator]
		 {
		 Used=True
		 Width=0
		 }
		LineWrap=False
		bFill=False
		BkColor=RGB(0,0,0)
		Raster=0
		FgColor=RGB(0,0,0)
		SpaceOptimization=False
		WithText=False
		[Spacing]
		 {
		 Left=1000
		 Top=500
		 Right=1000
		 Bottom=500
		 }
		[Font]
		 {
		 Default=False
		 Name=Arial
		 GdiCharSet=0
		 Size=8
		 Width=0
		 Bold=False
		 Italic=False
		 Underline=False
		 Strikeout=False
		 Color=RGB(0,0,0)
		 PitchAndFamily=34
		 OutPrecision=3
		 }
		Text=fstr$(MWST1, "---,---,---,---,---,---,--&.##", 1)
		}
	   [Column]
		{
		Width=25000
		Height=10000
		bIsotropic=True
		PlainTextFormat=True
		Align=2
		AlignDecPosition=-10000
		VAlign=0
		Adjusted=True
		[Separator]
		 {
		 Used=True
		 Width=0
		 }
		LineWrap=False
		bFill=False
		BkColor=RGB(0,0,0)
		Raster=0
		FgColor=RGB(0,0,0)
		SpaceOptimization=False
		WithText=False
		[Spacing]
		 {
		 Left=1000
		 Top=500
		 Right=1000
		 Bottom=500
		 }
		[Font]
		 {
		 Default=False
		 Name=Arial
		 GdiCharSet=0
		 Size=8
		 Width=0
		 Bold=False
		 Italic=False
		 Underline=False
		 Strikeout=False
		 Color=RGB(0,0,0)
		 PitchAndFamily=34
		 OutPrecision=3
		 }
		Text=fstr$(BetragInk, "---,---,---,---,---,---,--&.##", 1)
		}
	   [Column]
		{
		Width=25000
		Height=10000
		bIsotropic=True
		PlainTextFormat=True
		Align=2
		AlignDecPosition=-10000
		VAlign=0
		Adjusted=True
		[Separator]
		 {
		 Used=True
		 Width=0
		 }
		LineWrap=False
		bFill=False
		BkColor=RGB(0,0,0)
		Raster=0
		FgColor=RGB(0,0,0)
		SpaceOptimization=False
		WithText=False
		[Spacing]
		 {
		 Left=1000
		 Top=500
		 Right=1000
		 Bottom=500
		 }
		[Font]
		 {
		 Default=False
		 Name=Arial
		 GdiCharSet=0
		 Size=8
		 Width=0
		 Bold=False
		 Italic=False
		 Underline=False
		 Strikeout=False
		 Color=RGB(0,0,0)
		 PitchAndFamily=34
		 OutPrecision=3
		 }
		Text=fstr$(Bezahlt, "---,---,---,---,---,---,--&.##", 1)
		}
	   [Column]
		{
		Width=25000
		Height=10000
		bIsotropic=True
		PlainTextFormat=True
		Align=2
		AlignDecPosition=-10000
		VAlign=0
		Adjusted=True
		[Separator]
		 {
		 Used=True
		 Width=0
		 }
		LineWrap=False
		bFill=False
		BkColor=RGB(0,0,0)
		Raster=0
		FgColor=RGB(0,0,0)
		SpaceOptimization=False
		WithText=False
		[Spacing]
		 {
		 Left=1000
		 Top=500
		 Right=1000
		 Bottom=500
		 }
		[Font]
		 {
		 Default=False
		 Name=Arial
		 GdiCharSet=0
		 Size=8
		 Width=0
		 Bold=False
		 Italic=False
		 Underline=False
		 Strikeout=False
		 Color=RGB(0,0,0)
		 PitchAndFamily=34
		 OutPrecision=3
		 }
		Text=fstr$(BetragInk - Bezahlt, "---,---,---,---,---,---,--&.&&", 1)
		}
	   [Column]
		{
		Width=15000
		Height=10000
		bIsotropic=True
		PlainTextFormat=True
		Align=0
		AlignDecPosition=-10000
		VAlign=0
		Adjusted=False
		[Separator]
		 {
		 Used=True
		 Width=0
		 }
		LineWrap=False
		bFill=False
		BkColor=RGB(0,0,0)
		Raster=0
		FgColor=RGB(0,0,0)
		SpaceOptimization=False
		WithText=False
		[Spacing]
		 {
		 Left=1000
		 Top=500
		 Right=1000
		 Bottom=500
		 }
		[Font]
		 {
		 Default=False
		 Name=Arial
		 GdiCharSet=0
		 Size=8
		 Width=0
		 Bold=False
		 Italic=False
		 Underline=False
		 Strikeout=False
		 Color=RGB(0,0,0)
		 PitchAndFamily=34
		 OutPrecision=3
		 }
		Text=REKST1
		}
	   [Column]
		{
		Width=15000
		Height=10000
		bIsotropic=True
		PlainTextFormat=True
		Align=0
		AlignDecPosition=-10000
		VAlign=0
		Adjusted=False
		[Separator]
		 {
		 Used=True
		 Width=0
		 }
		LineWrap=False
		bFill=False
		BkColor=RGB(0,0,0)
		Raster=0
		FgColor=RGB(0,0,0)
		SpaceOptimization=False
		WithText=False
		[Spacing]
		 {
		 Left=1000
		 Top=500
		 Right=1000
		 Bottom=500
		 }
		[Font]
		 {
		 Default=False
		 Name=Arial
		 GdiCharSet=0
		 Size=8
		 Width=0
		 Bold=False
		 Italic=False
		 Underline=False
		 Strikeout=False
		 Color=RGB(0,0,0)
		 PitchAndFamily=34
		 OutPrecision=3
		 }
		Text=REKST2
		}
	   [Column]
		{
		Width=15000
		Height=10000
		bIsotropic=True
		PlainTextFormat=True
		Align=0
		AlignDecPosition=-10000
		VAlign=0
		Adjusted=False
		[Separator]
		 {
		 Used=True
		 Width=0
		 }
		LineWrap=False
		bFill=False
		BkColor=RGB(0,0,0)
		Raster=0
		FgColor=RGB(0,0,0)
		SpaceOptimization=False
		WithText=False
		[Spacing]
		 {
		 Left=1000
		 Top=500
		 Right=1000
		 Bottom=500
		 }
		[Font]
		 {
		 Default=False
		 Name=Arial
		 GdiCharSet=0
		 Size=8
		 Width=0
		 Bold=False
		 Italic=False
		 Underline=False
		 Strikeout=False
		 Color=RGB(0,0,0)
		 PitchAndFamily=34
		 OutPrecision=3
		 }
		Text=KST
		}
	   }
	  [Options]
	   {
	   [Frame0]
		{
		Show=FALSE
		Width=0
		SpaceOut=0
		}
	   [Frame1]
		{
		Show=TRUE
		Width=0
		SpaceOut=0
		}
	   [Frame2]
		{
		Show=TRUE
		Width=0
		SpaceOut=0
		}
	   [Frame3]
		{
		Show=FALSE
		Width=300
		SpaceOut=0
		}
	   LFont={(0,0,0),10,-13,0,0,0,400,0,0,0,0,3,2,1,34,Arial}
	   LCondition=
	   IgnoreEmpty=TRUE
	   Description=Zeilendefinition  1
	   }
	  }
	 }
	}
   [Header]
	{
	[Options]
	 {
	 }
	[Lines]
	 {
	 [Line]
	  {
	  LineID=0
	  [Columns]
	   {
	   Columns=12
	   [Column]
		{
		Width=15000
		Height=10000
		bIsotropic=True
		PlainTextFormat=True
		Align=2
		AlignDecPosition=-10000
		VAlign=1
		Adjusted=False
		[Separator]
		 {
		 Used=True
		 Width=0
		 }
		LineWrap=False
		bFill=False
		BkColor=RGB(0,0,0)
		Raster=0
		FgColor=RGB(0,0,0)
		SpaceOptimization=False
		WithText=False
		[Spacing]
		 {
		 Left=1000
		 Top=500
		 Right=1000
		 Bottom=500
		 }
		[Font]
		 {
		 Default=False
		 Name=Arial
		 GdiCharSet=0
		 Size=9
		 Width=0
		 Bold=True
		 Italic=True
		 Underline=False
		 Strikeout=False
		 Color=RGB(0,0,0)
		 PitchAndFamily=34
		 OutPrecision=3
		 }
		Text="Nr"
		}
	   [Column]
		{
		Width=40000
		Height=10000
		bIsotropic=True
		PlainTextFormat=True
		Align=0
		AlignDecPosition=-10000
		VAlign=1
		Adjusted=False
		[Separator]
		 {
		 Used=True
		 Width=0
		 }
		LineWrap=False
		bFill=False
		BkColor=RGB(0,0,0)
		Raster=0
		FgColor=RGB(0,0,0)
		SpaceOptimization=False
		WithText=False
		[Spacing]
		 {
		 Left=1000
		 Top=500
		 Right=1000
		 Bottom=500
		 }
		[Font]
		 {
		 Default=False
		 Name=Arial
		 GdiCharSet=0
		 Size=9
		 Width=0
		 Bold=True
		 Italic=True
		 Underline=False
		 Strikeout=False
		 Color=RGB(0,0,0)
		 PitchAndFamily=34
		 OutPrecision=3
		 }
		Text="Firmenname"
		}
	   [Column]
		{
		Width=20000
		Height=10000
		bIsotropic=True
		PlainTextFormat=True
		Align=0
		AlignDecPosition=-10000
		VAlign=1
		Adjusted=False
		[Separator]
		 {
		 Used=True
		 Width=0
		 }
		LineWrap=False
		bFill=False
		BkColor=RGB(0,0,0)
		Raster=0
		FgColor=RGB(0,0,0)
		SpaceOptimization=False
		WithText=False
		[Spacing]
		 {
		 Left=1000
		 Top=500
		 Right=1000
		 Bottom=500
		 }
		[Font]
		 {
		 Default=False
		 Name=Arial
		 GdiCharSet=0
		 Size=9
		 Width=0
		 Bold=True
		 Italic=True
		 Underline=False
		 Strikeout=False
		 Color=RGB(0,0,0)
		 PitchAndFamily=34
		 OutPrecision=3
		 }
		Text="Datum"
		}
	   [Column]
		{
		Width=25000
		Height=10000
		bIsotropic=True
		PlainTextFormat=True
		Align=2
		AlignDecPosition=-10000
		VAlign=1
		Adjusted=True
		[Separator]
		 {
		 Used=True
		 Width=0
		 }
		LineWrap=False
		bFill=False
		BkColor=RGB(0,0,0)
		Raster=0
		FgColor=RGB(0,0,0)
		SpaceOptimization=False
		WithText=False
		[Spacing]
		 {
		 Left=1000
		 Top=500
		 Right=1000
		 Bottom=500
		 }
		[Font]
		 {
		 Default=False
		 Name=Arial
		 GdiCharSet=0
		 Size=9
		 Width=0
		 Bold=True
		 Italic=True
		 Underline=False
		 Strikeout=False
		 Color=RGB(0,0,0)
		 PitchAndFamily=34
		 OutPrecision=3
		 }
		Text="MwSt.-pfl."
		}
	   [Column]
		{
		Width=25000
		Height=10000
		bIsotropic=True
		PlainTextFormat=True
		Align=2
		AlignDecPosition=-10000
		VAlign=0
		Adjusted=True
		[Separator]
		 {
		 Used=True
		 Width=0
		 }
		LineWrap=False
		bFill=False
		BkColor=RGB(0,0,0)
		Raster=0
		FgColor=RGB(0,0,0)
		SpaceOptimization=False
		WithText=False
		[Spacing]
		 {
		 Left=1000
		 Top=500
		 Right=1000
		 Bottom=500
		 }
		[Font]
		 {
		 Default=False
		 Name=Arial
		 GdiCharSet=0
		 Size=9
		 Width=0
		 Bold=True
		 Italic=True
		 Underline=False
		 Strikeout=False
		 Color=RGB(0,0,0)
		 PitchAndFamily=34
		 OutPrecision=3
		 }
		Text="MwSt.-frei"
		}
	   [Column]
		{
		Width=25000
		Height=10000
		bIsotropic=True
		PlainTextFormat=True
		Align=2
		AlignDecPosition=-10000
		VAlign=0
		Adjusted=True
		[Separator]
		 {
		 Used=True
		 Width=0
		 }
		LineWrap=False
		bFill=False
		BkColor=RGB(0,0,0)
		Raster=0
		FgColor=RGB(0,0,0)
		SpaceOptimization=False
		WithText=False
		[Spacing]
		 {
		 Left=1000
		 Top=500
		 Right=1000
		 Bottom=500
		 }
		[Font]
		 {
		 Default=False
		 Name=Arial
		 GdiCharSet=0
		 Size=9
		 Width=0
		 Bold=True
		 Italic=True
		 Underline=False
		 Strikeout=False
		 Color=RGB(0,0,0)
		 PitchAndFamily=34
		 OutPrecision=3
		 }
		Text="MwSt."
		}
	   [Column]
		{
		Width=25000
		Height=10000
		bIsotropic=True
		PlainTextFormat=True
		Align=2
		AlignDecPosition=-10000
		VAlign=0
		Adjusted=True
		[Separator]
		 {
		 Used=True
		 Width=0
		 }
		LineWrap=False
		bFill=False
		BkColor=RGB(0,0,0)
		Raster=0
		FgColor=RGB(0,0,0)
		SpaceOptimization=False
		WithText=False
		[Spacing]
		 {
		 Left=1000
		 Top=500
		 Right=1000
		 Bottom=500
		 }
		[Font]
		 {
		 Default=False
		 Name=Arial
		 GdiCharSet=0
		 Size=9
		 Width=0
		 Bold=True
		 Italic=True
		 Underline=False
		 Strikeout=False
		 Color=RGB(0,0,0)
		 PitchAndFamily=34
		 OutPrecision=3
		 }
		Text="Betrag"
		}
	   [Column]
		{
		Width=25000
		Height=10000
		bIsotropic=True
		PlainTextFormat=True
		Align=2
		AlignDecPosition=-10000
		VAlign=0
		Adjusted=True
		[Separator]
		 {
		 Used=True
		 Width=0
		 }
		LineWrap=False
		bFill=False
		BkColor=RGB(0,0,0)
		Raster=0
		FgColor=RGB(0,0,0)
		SpaceOptimization=False
		WithText=False
		[Spacing]
		 {
		 Left=1000
		 Top=500
		 Right=1000
		 Bottom=500
		 }
		[Font]
		 {
		 Default=False
		 Name=Arial
		 GdiCharSet=0
		 Size=9
		 Width=0
		 Bold=True
		 Italic=True
		 Underline=False
		 Strikeout=False
		 Color=RGB(0,0,0)
		 PitchAndFamily=34
		 OutPrecision=3
		 }
		Text="Bezahlt"
		}
	   [Column]
		{
		Width=25000
		Height=10000
		bIsotropic=True
		PlainTextFormat=True
		Align=2
		AlignDecPosition=-10000
		VAlign=0
		Adjusted=True
		[Separator]
		 {
		 Used=True
		 Width=0
		 }
		LineWrap=False
		bFill=False
		BkColor=RGB(0,0,0)
		Raster=0
		FgColor=RGB(0,0,0)
		SpaceOptimization=False
		WithText=False
		[Spacing]
		 {
		 Left=1000
		 Top=500
		 Right=1000
		 Bottom=500
		 }
		[Font]
		 {
		 Default=False
		 Name=Arial
		 GdiCharSet=0
		 Size=9
		 Width=0
		 Bold=True
		 Italic=True
		 Underline=False
		 Strikeout=False
		 Color=RGB(0,0,0)
		 PitchAndFamily=34
		 OutPrecision=3
		 }
		Text="Offen"
		}
	   [Column]
		{
		Width=15000
		Height=10000
		bIsotropic=True
		PlainTextFormat=True
		Align=0
		AlignDecPosition=-10000
		VAlign=0
		Adjusted=False
		[Separator]
		 {
		 Used=True
		 Width=0
		 }
		LineWrap=False
		bFill=False
		BkColor=RGB(0,0,0)
		Raster=0
		FgColor=RGB(0,0,0)
		SpaceOptimization=False
		WithText=False
		[Spacing]
		 {
		 Left=1000
		 Top=500
		 Right=1000
		 Bottom=500
		 }
		[Font]
		 {
		 Default=False
		 Name=Arial
		 GdiCharSet=0
		 Size=9
		 Width=0
		 Bold=True
		 Italic=True
		 Underline=False
		 Strikeout=False
		 Color=RGB(0,0,0)
		 PitchAndFamily=34
		 OutPrecision=3
		 }
		Text="KST1"
		}
	   [Column]
		{
		Width=15000
		Height=10000
		bIsotropic=True
		PlainTextFormat=True
		Align=0
		AlignDecPosition=-10000
		VAlign=0
		Adjusted=False
		[Separator]
		 {
		 Used=True
		 Width=0
		 }
		LineWrap=False
		bFill=False
		BkColor=RGB(0,0,0)
		Raster=0
		FgColor=RGB(0,0,0)
		SpaceOptimization=False
		WithText=False
		[Spacing]
		 {
		 Left=1000
		 Top=500
		 Right=1000
		 Bottom=500
		 }
		[Font]
		 {
		 Default=False
		 Name=Arial
		 GdiCharSet=0
		 Size=9
		 Width=0
		 Bold=True
		 Italic=True
		 Underline=False
		 Strikeout=False
		 Color=RGB(0,0,0)
		 PitchAndFamily=34
		 OutPrecision=3
		 }
		Text="KST2"
		}
	   [Column]
		{
		Width=15000
		Height=10000
		bIsotropic=True
		PlainTextFormat=True
		Align=0
		AlignDecPosition=-10000
		VAlign=0
		Adjusted=False
		[Separator]
		 {
		 Used=True
		 Width=0
		 }
		LineWrap=False
		bFill=False
		BkColor=RGB(0,0,0)
		Raster=0
		FgColor=RGB(0,0,0)
		SpaceOptimization=False
		WithText=False
		[Spacing]
		 {
		 Left=1000
		 Top=500
		 Right=1000
		 Bottom=500
		 }
		[Font]
		 {
		 Default=False
		 Name=Arial
		 GdiCharSet=0
		 Size=9
		 Width=0
		 Bold=True
		 Italic=True
		 Underline=False
		 Strikeout=False
		 Color=RGB(0,0,0)
		 PitchAndFamily=34
		 OutPrecision=3
		 }
		Text="KST3"
		}
	   }
	  [Options]
	   {
	   [Frame0]
		{
		Show=FALSE
		Width=0
		SpaceOut=0
		}
	   [Frame1]
		{
		Show=TRUE
		Width=0
		SpaceOut=0
		}
	   [Frame2]
		{
		Show=TRUE
		Width=0
		SpaceOut=0
		}
	   [Frame3]
		{
		Show=TRUE
		Width=500
		SpaceOut=0
		}
	   LFont=default
	   LCondition=
	   IgnoreEmpty=TRUE
	   Description=Zeilendefinition  1
	   }
	  }
	 }
	}
   [Footer]
	{
	[Options]
	 {
	 }
	[Lines]
	 {
	 [Line]
	  {
	  LineID=0
	  [Columns]
	   {
	   Columns=10
	   [Column]
		{
		Width=15000
		Height=10000
		bIsotropic=True
		PlainTextFormat=True
		Align=0
		AlignDecPosition=-10000
		VAlign=1
		Adjusted=False
		[Separator]
		 {
		 Used=True
		 Width=0
		 }
		LineWrap=False
		bFill=False
		BkColor=RGB(0,0,0)
		Raster=0
		FgColor=RGB(0,0,0)
		SpaceOptimization=False
		WithText=False
		[Spacing]
		 {
		 Left=1000
		 Top=500
		 Right=1000
		 Bottom=500
		 }
		[Font]
		 {
		 Default=False
		 Name=Arial
		 GdiCharSet=0
		 Size=9
		 Width=0
		 Bold=False
		 Italic=False
		 Underline=False
		 Strikeout=False
		 Color=RGB(0,0,0)
		 PitchAndFamily=34
		 OutPrecision=3
		 }
		Text=""
		}
	   [Column]
		{
		Width=40000
		Height=10000
		bIsotropic=True
		PlainTextFormat=True
		Align=0
		AlignDecPosition=-10000
		VAlign=1
		Adjusted=False
		[Separator]
		 {
		 Used=True
		 Width=0
		 }
		LineWrap=False
		bFill=False
		BkColor=RGB(0,0,0)
		Raster=0
		FgColor=RGB(0,0,0)
		SpaceOptimization=False
		WithText=False
		[Spacing]
		 {
		 Left=1000
		 Top=500
		 Right=1000
		 Bottom=500
		 }
		[Font]
		 {
		 Default=False
		 Name=Arial
		 GdiCharSet=0
		 Size=8
		 Width=0
		 Bold=False
		 Italic=False
		 Underline=False
		 Strikeout=False
		 Color=RGB(0,0,0)
		 PitchAndFamily=34
		 OutPrecision=3
		 }
		Text=cond(lastpage(),"Totalbetrag","Seitentotal")
		}
	   [Column]
		{
		Width=20000
		Height=10000
		bIsotropic=True
		PlainTextFormat=True
		Align=2
		AlignDecPosition=-10000
		VAlign=1
		Adjusted=True
		[Separator]
		 {
		 Used=False
		 Width=0
		 }
		LineWrap=False
		bFill=False
		BkColor=RGB(0,0,0)
		Raster=0
		FgColor=RGB(0,0,0)
		SpaceOptimization=False
		WithText=False
		[Spacing]
		 {
		 Left=1000
		 Top=500
		 Right=1000
		 Bottom=500
		 }
		[Font]
		 {
		 Default=False
		 Name=Arial
		 GdiCharSet=0
		 Size=8
		 Width=0
		 Bold=False
		 Italic=False
		 Underline=False
		 Strikeout=False
		 Color=RGB(0,0,0)
		 PitchAndFamily=34
		 OutPrecision=3
		 }
		Text=""
		}
	   [Column]
		{
		Width=25000
		Height=10000
		bIsotropic=True
		PlainTextFormat=True
		Align=2
		AlignDecPosition=-10000
		VAlign=1
		Adjusted=True
		[Separator]
		 {
		 Used=False
		 Width=0
		 }
		LineWrap=False
		bFill=False
		BkColor=RGB(0,0,0)
		Raster=0
		FgColor=RGB(0,0,0)
		SpaceOptimization=False
		WithText=False
		[Spacing]
		 {
		 Left=1000
		 Top=500
		 Right=1000
		 Bottom=500
		 }
		[Font]
		 {
		 Default=False
		 Name=Arial
		 GdiCharSet=0
		 Size=8
		 Width=0
		 Bold=False
		 Italic=False
		 Underline=False
		 Strikeout=False
		 Color=RGB(0,0,0)
		 PitchAndFamily=34
		 OutPrecision=3
		 }
		Text=fStr$(cond(lastpage(), @TMWSTPflichtig, @SMWSTPflichtig), "---,---,---,---,---,---,--&.&&", 1)
		}
	   [Column]
		{
		Width=25000
		Height=10000
		bIsotropic=True
		PlainTextFormat=True
		Align=2
		AlignDecPosition=-10000
		VAlign=0
		Adjusted=True
		[Separator]
		 {
		 Used=True
		 Width=0
		 }
		LineWrap=False
		bFill=False
		BkColor=RGB(0,0,0)
		Raster=0
		FgColor=RGB(0,0,0)
		SpaceOptimization=False
		WithText=False
		[Spacing]
		 {
		 Left=1000
		 Top=500
		 Right=1000
		 Bottom=500
		 }
		[Font]
		 {
		 Default=False
		 Name=Arial
		 GdiCharSet=0
		 Size=8
		 Width=0
		 Bold=False
		 Italic=False
		 Underline=False
		 Strikeout=False
		 Color=RGB(0,0,0)
		 PitchAndFamily=34
		 OutPrecision=3
		 }
		Text=fstr$(cond(Lastpage(), @TMWSTFrei, @SMWSTFrei), "---,---,---,---,---,---,--&.&&", 1)
		}
	   [Column]
		{
		Width=25000
		Height=10000
		bIsotropic=True
		PlainTextFormat=True
		Align=2
		AlignDecPosition=-10000
		VAlign=0
		Adjusted=True
		[Separator]
		 {
		 Used=True
		 Width=0
		 }
		LineWrap=False
		bFill=False
		BkColor=RGB(0,0,0)
		Raster=0
		FgColor=RGB(0,0,0)
		SpaceOptimization=False
		WithText=False
		[Spacing]
		 {
		 Left=1000
		 Top=500
		 Right=1000
		 Bottom=500
		 }
		[Font]
		 {
		 Default=False
		 Name=Arial
		 GdiCharSet=0
		 Size=8
		 Width=0
		 Bold=False
		 Italic=False
		 Underline=False
		 Strikeout=False
		 Color=RGB(0,0,0)
		 PitchAndFamily=34
		 OutPrecision=3
		 }
		Text=fStr$(cond(Lastpage(), @TMWST, @SMWST), "---,---,---,---,---,---,--&.&&", 1)
		}
	   [Column]
		{
		Width=25000
		Height=10000
		bIsotropic=True
		PlainTextFormat=True
		Align=2
		AlignDecPosition=-10000
		VAlign=0
		Adjusted=True
		[Separator]
		 {
		 Used=True
		 Width=0
		 }
		LineWrap=False
		bFill=False
		BkColor=RGB(0,0,0)
		Raster=0
		FgColor=RGB(0,0,0)
		SpaceOptimization=False
		WithText=False
		[Spacing]
		 {
		 Left=1000
		 Top=500
		 Right=1000
		 Bottom=500
		 }
		[Font]
		 {
		 Default=False
		 Name=Arial
		 GdiCharSet=0
		 Size=8
		 Width=0
		 Bold=False
		 Italic=False
		 Underline=False
		 Strikeout=False
		 Color=RGB(0,0,0)
		 PitchAndFamily=34
		 OutPrecision=3
		 }
		Text=fStr$(cond(Lastpage(), @TBetrag, @SBetrag), "---,---,---,---,---,---,--&.&&", 1)
		}
	   [Column]
		{
		Width=25000
		Height=10000
		bIsotropic=True
		PlainTextFormat=True
		Align=2
		AlignDecPosition=-10000
		VAlign=0
		Adjusted=True
		[Separator]
		 {
		 Used=True
		 Width=0
		 }
		LineWrap=False
		bFill=False
		BkColor=RGB(0,0,0)
		Raster=0
		FgColor=RGB(0,0,0)
		SpaceOptimization=False
		WithText=False
		[Spacing]
		 {
		 Left=1000
		 Top=500
		 Right=1000
		 Bottom=500
		 }
		[Font]
		 {
		 Default=False
		 Name=Arial
		 GdiCharSet=0
		 Size=8
		 Width=0
		 Bold=False
		 Italic=False
		 Underline=False
		 Strikeout=False
		 Color=RGB(0,0,0)
		 PitchAndFamily=34
		 OutPrecision=3
		 }
		Text=fStr$(cond(Lastpage(), @TBezahlt, @SBezahlt), "---,---,---,---,---,---,--&.&&", 1)
		}
	   [Column]
		{
		Width=25000
		Height=10000
		bIsotropic=True
		PlainTextFormat=True
		Align=2
		AlignDecPosition=-10000
		VAlign=0
		Adjusted=True
		[Separator]
		 {
		 Used=True
		 Width=0
		 }
		LineWrap=False
		bFill=False
		BkColor=RGB(0,0,0)
		Raster=0
		FgColor=RGB(0,0,0)
		SpaceOptimization=False
		WithText=False
		[Spacing]
		 {
		 Left=1000
		 Top=500
		 Right=1000
		 Bottom=500
		 }
		[Font]
		 {
		 Default=False
		 Name=Arial
		 GdiCharSet=0
		 Size=8
		 Width=0
		 Bold=False
		 Italic=False
		 Underline=False
		 Strikeout=False
		 Color=RGB(0,0,0)
		 PitchAndFamily=34
		 OutPrecision=3
		 }
		Text=fStr$(cond(Lastpage(), @TOffen, @SOffen), "---,---,---,---,---,---,--&.&&", 1)
		}
	   [Column]
		{
		Width=45000
		Height=10000
		bIsotropic=True
		PlainTextFormat=True
		Align=0
		AlignDecPosition=-10000
		VAlign=0
		Adjusted=False
		[Separator]
		 {
		 Used=True
		 Width=0
		 }
		LineWrap=False
		bFill=False
		BkColor=RGB(0,0,0)
		Raster=0
		FgColor=RGB(0,0,0)
		SpaceOptimization=False
		WithText=False
		[Spacing]
		 {
		 Left=1000
		 Top=500
		 Right=1000
		 Bottom=500
		 }
		[Font]
		 {
		 Default=True
		 Name=Arial
		 GdiCharSet=0
		 Size=10
		 Width=0
		 Bold=False
		 Italic=False
		 Underline=False
		 Strikeout=False
		 Color=RGB(0,0,0)
		 PitchAndFamily=34
		 OutPrecision=3
		 }
		Text=""
		}
	   }
	  [Options]
	   {
	   [Frame0]
		{
		Show=TRUE
		Width=500
		SpaceOut=0
		}
	   [Frame1]
		{
		Show=TRUE
		Width=0
		SpaceOut=0
		}
	   [Frame2]
		{
		Show=TRUE
		Width=0
		SpaceOut=0
		}
	   [Frame3]
		{
		Show=TRUE
		Width=500
		SpaceOut=0
		}
	   LFont=default
	   LCondition=
	   IgnoreEmpty=TRUE
	   Description=Seitentotal
	   }
	  }
	 [Line]
	  {
	  LineID=1
	  [Columns]
	   {
	   Columns=2
	   [Column]
		{
		Width=80000
		Height=10000
		bIsotropic=True
		PlainTextFormat=True
		Align=0
		AlignDecPosition=-10000
		VAlign=0
		Adjusted=False
		[Separator]
		 {
		 Used=False
		 Width=0
		 }
		LineWrap=False
		bFill=False
		BkColor=RGB(0,0,0)
		Raster=0
		FgColor=RGB(0,0,0)
		SpaceOptimization=False
		WithText=False
		[Spacing]
		 {
		 Left=1000
		 Top=10000
		 Right=1000
		 Bottom=500
		 }
		[Font]
		 {
		 Default=True
		 Name=Arial
		 GdiCharSet=0
		 Size=10
		 Width=0
		 Bold=False
		 Italic=False
		 Underline=False
		 Strikeout=False
		 Color=RGB(0,0,0)
		 PitchAndFamily=34
		 OutPrecision=3
		 }
		Text="Summe der MwSt.-pflichtigen Beträge:"
		}
	   [Column]
		{
		Width=30000
		Height=10000
		bIsotropic=True
		PlainTextFormat=True
		Align=2
		AlignDecPosition=-10000
		VAlign=0
		Adjusted=False
		[Separator]
		 {
		 Used=False
		 Width=0
		 }
		LineWrap=False
		bFill=False
		BkColor=RGB(0,0,0)
		Raster=0
		FgColor=RGB(0,0,0)
		SpaceOptimization=False
		WithText=False
		[Spacing]
		 {
		 Left=1000
		 Top=10000
		 Right=1000
		 Bottom=500
		 }
		[Font]
		 {
		 Default=True
		 Name=Arial
		 GdiCharSet=0
		 Size=10
		 Width=0
		 Bold=False
		 Italic=False
		 Underline=False
		 Strikeout=False
		 Color=RGB(0,0,0)
		 PitchAndFamily=34
		 OutPrecision=3
		 }
		Text=fStr$(@TMWSTPflichtig, "---,---,---,---,---,--&.&&", 1)
		}
	   }
	  [Options]
	   {
	   [Frame0]
		{
		Show=FALSE
		Width=300
		SpaceOut=0
		}
	   [Frame1]
		{
		Show=FALSE
		Width=0
		SpaceOut=0
		}
	   [Frame2]
		{
		Show=FALSE
		Width=0
		SpaceOut=0
		}
	   [Frame3]
		{
		Show=FALSE
		Width=0
		SpaceOut=0
		}
	   LFont=default
	   LCondition=Lastpage()
	   IgnoreEmpty=TRUE
	   Description=MwSt.-pflichtig
	   }
	  }
	 [Line]
	  {
	  LineID=2
	  [Columns]
	   {
	   Columns=2
	   [Column]
		{
		Width=80000
		Height=10000
		bIsotropic=True
		PlainTextFormat=True
		Align=0
		AlignDecPosition=-10000
		VAlign=0
		Adjusted=False
		[Separator]
		 {
		 Used=False
		 Width=0
		 }
		LineWrap=False
		bFill=False
		BkColor=RGB(0,0,0)
		Raster=0
		FgColor=RGB(0,0,0)
		SpaceOptimization=False
		WithText=False
		[Spacing]
		 {
		 Left=1000
		 Top=500
		 Right=1000
		 Bottom=500
		 }
		[Font]
		 {
		 Default=True
		 Name=Arial
		 GdiCharSet=0
		 Size=10
		 Width=0
		 Bold=False
		 Italic=False
		 Underline=False
		 Strikeout=False
		 Color=RGB(0,0,0)
		 PitchAndFamily=34
		 OutPrecision=3
		 }
		Text="Summe der MwSt.-freien Beträge:"
		}
	   [Column]
		{
		Width=30000
		Height=10000
		bIsotropic=True
		PlainTextFormat=True
		Align=2
		AlignDecPosition=-10000
		VAlign=0
		Adjusted=False
		[Separator]
		 {
		 Used=False
		 Width=0
		 }
		LineWrap=False
		bFill=False
		BkColor=RGB(0,0,0)
		Raster=0
		FgColor=RGB(0,0,0)
		SpaceOptimization=False
		WithText=False
		[Spacing]
		 {
		 Left=1000
		 Top=500
		 Right=1000
		 Bottom=500
		 }
		[Font]
		 {
		 Default=True
		 Name=Arial
		 GdiCharSet=0
		 Size=10
		 Width=0
		 Bold=False
		 Italic=False
		 Underline=False
		 Strikeout=False
		 Color=RGB(0,0,0)
		 PitchAndFamily=34
		 OutPrecision=3
		 }
		Text=fStr$(@TMWSTFrei, "---,---,---,---,---,--&.&&", 1)
		}
	   }
	  [Options]
	   {
	   [Frame0]
		{
		Show=FALSE
		Width=300
		SpaceOut=0
		}
	   [Frame1]
		{
		Show=FALSE
		Width=0
		SpaceOut=0
		}
	   [Frame2]
		{
		Show=FALSE
		Width=0
		SpaceOut=0
		}
	   [Frame3]
		{
		Show=FALSE
		Width=0
		SpaceOut=0
		}
	   LFont=default
	   LCondition=Lastpage()
	   IgnoreEmpty=TRUE
	   Description=MwSt.-frei
	   }
	  }
	 [Line]
	  {
	  LineID=3
	  [Columns]
	   {
	   Columns=2
	   [Column]
		{
		Width=80000
		Height=10000
		bIsotropic=True
		PlainTextFormat=True
		Align=0
		AlignDecPosition=-10000
		VAlign=0
		Adjusted=False
		[Separator]
		 {
		 Used=False
		 Width=0
		 }
		LineWrap=False
		bFill=False
		BkColor=RGB(0,0,0)
		Raster=0
		FgColor=RGB(0,0,0)
		SpaceOptimization=False
		WithText=False
		[Spacing]
		 {
		 Left=1000
		 Top=500
		 Right=1000
		 Bottom=500
		 }
		[Font]
		 {
		 Default=True
		 Name=Arial
		 GdiCharSet=0
		 Size=10
		 Width=0
		 Bold=False
		 Italic=False
		 Underline=False
		 Strikeout=False
		 Color=RGB(0,0,0)
		 PitchAndFamily=34
		 OutPrecision=3
		 }
		Text="Summe der MwSt.-Beträge:"
		}
	   [Column]
		{
		Width=30000
		Height=10000
		bIsotropic=True
		PlainTextFormat=True
		Align=2
		AlignDecPosition=-10000
		VAlign=0
		Adjusted=False
		[Separator]
		 {
		 Used=False
		 Width=0
		 }
		LineWrap=False
		bFill=False
		BkColor=RGB(0,0,0)
		Raster=0
		FgColor=RGB(0,0,0)
		SpaceOptimization=False
		WithText=False
		[Spacing]
		 {
		 Left=1000
		 Top=500
		 Right=1000
		 Bottom=500
		 }
		[Font]
		 {
		 Default=True
		 Name=Arial
		 GdiCharSet=0
		 Size=10
		 Width=0
		 Bold=False
		 Italic=False
		 Underline=False
		 Strikeout=False
		 Color=RGB(0,0,0)
		 PitchAndFamily=34
		 OutPrecision=3
		 }
		Text=fStr$(@TMWST, "---,---,---,---,---,--&.&&", 1)
		}
	   }
	  [Options]
	   {
	   [Frame0]
		{
		Show=FALSE
		Width=300
		SpaceOut=0
		}
	   [Frame1]
		{
		Show=FALSE
		Width=0
		SpaceOut=0
		}
	   [Frame2]
		{
		Show=FALSE
		Width=0
		SpaceOut=0
		}
	   [Frame3]
		{
		Show=FALSE
		Width=0
		SpaceOut=0
		}
	   LFont=default
	   LCondition=Lastpage()
	   IgnoreEmpty=TRUE
	   Description=MwStBetrag
	   }
	  }
	 [Line]
	  {
	  LineID=4
	  [Columns]
	   {
	   Columns=2
	   [Column]
		{
		Width=80000
		Height=10000
		bIsotropic=True
		PlainTextFormat=True
		Align=0
		AlignDecPosition=-10000
		VAlign=0
		Adjusted=False
		[Separator]
		 {
		 Used=False
		 Width=0
		 }
		LineWrap=False
		bFill=False
		BkColor=RGB(0,0,0)
		Raster=0
		FgColor=RGB(0,0,0)
		SpaceOptimization=False
		WithText=False
		[Spacing]
		 {
		 Left=1000
		 Top=500
		 Right=1000
		 Bottom=500
		 }
		[Font]
		 {
		 Default=False
		 Name=Arial
		 GdiCharSet=0
		 Size=10
		 Width=0
		 Bold=True
		 Italic=False
		 Underline=False
		 Strikeout=False
		 Color=RGB(0,0,0)
		 PitchAndFamily=34
		 OutPrecision=3
		 }
		Text="Totalbeträge:"
		}
	   [Column]
		{
		Width=30000
		Height=10000
		bIsotropic=True
		PlainTextFormat=True
		Align=2
		AlignDecPosition=-10000
		VAlign=0
		Adjusted=False
		[Separator]
		 {
		 Used=False
		 Width=0
		 }
		LineWrap=False
		bFill=False
		BkColor=RGB(0,0,0)
		Raster=0
		FgColor=RGB(0,0,0)
		SpaceOptimization=False
		WithText=False
		[Spacing]
		 {
		 Left=1000
		 Top=500
		 Right=1000
		 Bottom=500
		 }
		[Font]
		 {
		 Default=False
		 Name=Arial
		 GdiCharSet=0
		 Size=10
		 Width=0
		 Bold=True
		 Italic=False
		 Underline=False
		 Strikeout=False
		 Color=RGB(0,0,0)
		 PitchAndFamily=34
		 OutPrecision=3
		 }
		Text=fStr$(@TBetrag, "---,---,---,---,---,--&.&&", 1)
		}
	   }
	  [Options]
	   {
	   [Frame0]
		{
		Show=FALSE
		Width=300
		SpaceOut=0
		}
	   [Frame1]
		{
		Show=FALSE
		Width=0
		SpaceOut=0
		}
	   [Frame2]
		{
		Show=FALSE
		Width=0
		SpaceOut=0
		}
	   [Frame3]
		{
		Show=FALSE
		Width=0
		SpaceOut=0
		}
	   LFont=default
	   LCondition=Lastpage()
	   IgnoreEmpty=TRUE
	   Description=Totalbetrag
	   }
	  }
	 }
	}
   [GroupHeader]
	{
	[Options]
	 {
	 }
	[Lines]
	 {
	 }
	}
   [GroupFooter]
	{
	[Options]
	 {
	 }
	[Lines]
	 {
	 [Line]
	  {
	  LineID=0
	  [Columns]
	   {
	   Columns=12
	   [Column]
		{
		Width=15000
		Height=10000
		bIsotropic=True
		PlainTextFormat=True
		Align=2
		AlignDecPosition=-10000
		VAlign=1
		Adjusted=False
		[Separator]
		 {
		 Used=True
		 Width=0
		 }
		LineWrap=False
		bFill=False
		BkColor=RGB(0,0,0)
		Raster=0
		FgColor=RGB(0,0,0)
		SpaceOptimization=False
		WithText=False
		[Spacing]
		 {
		 Left=1000
		 Top=500
		 Right=1000
		 Bottom=500
		 }
		[Font]
		 {
		 Default=False
		 Name=Arial
		 GdiCharSet=0
		 Size=8
		 Width=0
		 Bold=True
		 Italic=False
		 Underline=False
		 Strikeout=False
		 Color=RGB(0,0,0)
		 PitchAndFamily=34
		 OutPrecision=3
		 }
		Text=""
		}
	   [Column]
		{
		Width=40000
		Height=10000
		bIsotropic=True
		PlainTextFormat=True
		Align=0
		AlignDecPosition=-10000
		VAlign=1
		Adjusted=False
		[Separator]
		 {
		 Used=True
		 Width=0
		 }
		LineWrap=False
		bFill=False
		BkColor=RGB(192,192,192)
		Raster=0
		FgColor=RGB(0,0,0)
		SpaceOptimization=False
		WithText=False
		[Spacing]
		 {
		 Left=1000
		 Top=500
		 Right=1000
		 Bottom=500
		 }
		[Font]
		 {
		 Default=False
		 Name=Arial
		 GdiCharSet=0
		 Size=8
		 Width=0
		 Bold=True
		 Italic=False
		 Underline=False
		 Strikeout=False
		 Color=RGB(0,0,0)
		 PitchAndFamily=34
		 OutPrecision=3
		 }
		Text=R_Name1
		}
	   [Column]
		{
		Width=20000
		Height=10000
		bIsotropic=True
		PlainTextFormat=True
		Align=0
		AlignDecPosition=-10000
		VAlign=0
		Adjusted=False
		[Separator]
		 {
		 Used=True
		 Width=0
		 }
		LineWrap=False
		bFill=False
		BkColor=RGB(0,0,0)
		Raster=0
		FgColor=RGB(0,0,0)
		SpaceOptimization=False
		WithText=False
		[Spacing]
		 {
		 Left=1000
		 Top=500
		 Right=1000
		 Bottom=500
		 }
		[Font]
		 {
		 Default=False
		 Name=Arial
		 GdiCharSet=0
		 Size=8
		 Width=0
		 Bold=True
		 Italic=False
		 Underline=False
		 Strikeout=False
		 Color=RGB(0,0,0)
		 PitchAndFamily=34
		 OutPrecision=3
		 }
		Text=""
		}
	   [Column]
		{
		Width=25000
		Height=10000
		bIsotropic=True
		PlainTextFormat=True
		Align=2
		AlignDecPosition=-10000
		VAlign=0
		Adjusted=True
		[Separator]
		 {
		 Used=True
		 Width=0
		 }
		LineWrap=False
		bFill=False
		BkColor=RGB(0,0,0)
		Raster=0
		FgColor=RGB(0,0,0)
		SpaceOptimization=False
		WithText=False
		[Spacing]
		 {
		 Left=1000
		 Top=500
		 Right=1000
		 Bottom=500
		 }
		[Font]
		 {
		 Default=False
		 Name=Arial
		 GdiCharSet=0
		 Size=8
		 Width=0
		 Bold=True
		 Italic=False
		 Underline=False
		 Strikeout=False
		 Color=RGB(0,0,0)
		 PitchAndFamily=34
		 OutPrecision=3
		 }
		Text=fstr$(@GMwStPflichig, "---,---,---,---,---,---,--&.##", 1)
		}
	   [Column]
		{
		Width=25000
		Height=10000
		bIsotropic=True
		PlainTextFormat=True
		Align=2
		AlignDecPosition=-10000
		VAlign=0
		Adjusted=True
		[Separator]
		 {
		 Used=True
		 Width=0
		 }
		LineWrap=False
		bFill=False
		BkColor=RGB(0,0,0)
		Raster=0
		FgColor=RGB(0,0,0)
		SpaceOptimization=False
		WithText=False
		[Spacing]
		 {
		 Left=1000
		 Top=500
		 Right=1000
		 Bottom=500
		 }
		[Font]
		 {
		 Default=False
		 Name=Arial
		 GdiCharSet=0
		 Size=8
		 Width=0
		 Bold=True
		 Italic=False
		 Underline=False
		 Strikeout=False
		 Color=RGB(0,0,0)
		 PitchAndFamily=34
		 OutPrecision=3
		 }
		Text=fstr$(@GMwStFrei, "---,---,---,---,---,---,--&.##", 1)
		}
	   [Column]
		{
		Width=25000
		Height=10000
		bIsotropic=True
		PlainTextFormat=True
		Align=2
		AlignDecPosition=-10000
		VAlign=0
		Adjusted=True
		[Separator]
		 {
		 Used=True
		 Width=0
		 }
		LineWrap=False
		bFill=False
		BkColor=RGB(0,0,0)
		Raster=0
		FgColor=RGB(0,0,0)
		SpaceOptimization=False
		WithText=False
		[Spacing]
		 {
		 Left=1000
		 Top=500
		 Right=1000
		 Bottom=500
		 }
		[Font]
		 {
		 Default=False
		 Name=Arial
		 GdiCharSet=0
		 Size=8
		 Width=0
		 Bold=True
		 Italic=False
		 Underline=False
		 Strikeout=False
		 Color=RGB(0,0,0)
		 PitchAndFamily=34
		 OutPrecision=3
		 }
		Text=fstr$(@GMwSt, "---,---,---,---,---,---,--&.##", 1)
		}
	   [Column]
		{
		Width=25000
		Height=10000
		bIsotropic=True
		PlainTextFormat=True
		Align=2
		AlignDecPosition=-10000
		VAlign=0
		Adjusted=True
		[Separator]
		 {
		 Used=True
		 Width=0
		 }
		LineWrap=False
		bFill=False
		BkColor=RGB(0,0,0)
		Raster=0
		FgColor=RGB(0,0,0)
		SpaceOptimization=False
		WithText=False
		[Spacing]
		 {
		 Left=1000
		 Top=500
		 Right=1000
		 Bottom=500
		 }
		[Font]
		 {
		 Default=False
		 Name=Arial
		 GdiCharSet=0
		 Size=8
		 Width=0
		 Bold=True
		 Italic=False
		 Underline=False
		 Strikeout=False
		 Color=RGB(0,0,0)
		 PitchAndFamily=34
		 OutPrecision=3
		 }
		Text=fstr$(@GBetrag, "---,---,---,---,---,---,--&.##", 1)
		}
	   [Column]
		{
		Width=25000
		Height=10000
		bIsotropic=True
		PlainTextFormat=True
		Align=2
		AlignDecPosition=-10000
		VAlign=0
		Adjusted=True
		[Separator]
		 {
		 Used=True
		 Width=0
		 }
		LineWrap=False
		bFill=False
		BkColor=RGB(0,0,0)
		Raster=0
		FgColor=RGB(0,0,0)
		SpaceOptimization=False
		WithText=False
		[Spacing]
		 {
		 Left=1000
		 Top=500
		 Right=1000
		 Bottom=500
		 }
		[Font]
		 {
		 Default=False
		 Name=Arial
		 GdiCharSet=0
		 Size=8
		 Width=0
		 Bold=True
		 Italic=False
		 Underline=False
		 Strikeout=False
		 Color=RGB(0,0,0)
		 PitchAndFamily=34
		 OutPrecision=3
		 }
		Text=fstr$(@GBezahlt, "---,---,---,---,---,---,--&.##", 1)
		}
	   [Column]
		{
		Width=25000
		Height=10000
		bIsotropic=True
		PlainTextFormat=True
		Align=2
		AlignDecPosition=-10000
		VAlign=0
		Adjusted=True
		[Separator]
		 {
		 Used=True
		 Width=0
		 }
		LineWrap=False
		bFill=False
		BkColor=RGB(0,0,0)
		Raster=0
		FgColor=RGB(0,0,0)
		SpaceOptimization=False
		WithText=False
		[Spacing]
		 {
		 Left=1000
		 Top=500
		 Right=1000
		 Bottom=500
		 }
		[Font]
		 {
		 Default=False
		 Name=Arial
		 GdiCharSet=0
		 Size=8
		 Width=0
		 Bold=True
		 Italic=False
		 Underline=False
		 Strikeout=False
		 Color=RGB(0,0,0)
		 PitchAndFamily=34
		 OutPrecision=3
		 }
		Text=fstr$(@GOffen, "---,---,---,---,---,---,--&.&&", 1)
		}
	   [Column]
		{
		Width=15000
		Height=10000
		bIsotropic=True
		PlainTextFormat=True
		Align=0
		AlignDecPosition=-10000
		VAlign=0
		Adjusted=False
		[Separator]
		 {
		 Used=True
		 Width=0
		 }
		LineWrap=False
		bFill=False
		BkColor=RGB(0,0,0)
		Raster=0
		FgColor=RGB(0,0,0)
		SpaceOptimization=False
		WithText=False
		[Spacing]
		 {
		 Left=1000
		 Top=500
		 Right=1000
		 Bottom=500
		 }
		[Font]
		 {
		 Default=False
		 Name=Arial
		 GdiCharSet=0
		 Size=8
		 Width=0
		 Bold=True
		 Italic=False
		 Underline=False
		 Strikeout=False
		 Color=RGB(0,0,0)
		 PitchAndFamily=34
		 OutPrecision=3
		 }
		Text=""
		}
	   [Column]
		{
		Width=15000
		Height=10000
		bIsotropic=True
		PlainTextFormat=True
		Align=0
		AlignDecPosition=-10000
		VAlign=0
		Adjusted=False
		[Separator]
		 {
		 Used=True
		 Width=0
		 }
		LineWrap=False
		bFill=False
		BkColor=RGB(0,0,0)
		Raster=0
		FgColor=RGB(0,0,0)
		SpaceOptimization=False
		WithText=False
		[Spacing]
		 {
		 Left=1000
		 Top=500
		 Right=1000
		 Bottom=500
		 }
		[Font]
		 {
		 Default=False
		 Name=Arial
		 GdiCharSet=0
		 Size=8
		 Width=0
		 Bold=True
		 Italic=False
		 Underline=False
		 Strikeout=False
		 Color=RGB(0,0,0)
		 PitchAndFamily=34
		 OutPrecision=3
		 }
		Text=""
		}
	   [Column]
		{
		Width=15000
		Height=10000
		bIsotropic=True
		PlainTextFormat=True
		Align=0
		AlignDecPosition=-10000
		VAlign=0
		Adjusted=False
		[Separator]
		 {
		 Used=True
		 Width=0
		 }
		LineWrap=False
		bFill=False
		BkColor=RGB(0,0,0)
		Raster=0
		FgColor=RGB(0,0,0)
		SpaceOptimization=False
		WithText=False
		[Spacing]
		 {
		 Left=1000
		 Top=500
		 Right=1000
		 Bottom=500
		 }
		[Font]
		 {
		 Default=False
		 Name=Arial
		 GdiCharSet=0
		 Size=8
		 Width=0
		 Bold=True
		 Italic=False
		 Underline=False
		 Strikeout=False
		 Color=RGB(0,0,0)
		 PitchAndFamily=34
		 OutPrecision=3
		 }
		Text=""
		}
	   }
	  [Options]
	   {
	   [Frame0]
		{
		Show=FALSE
		Width=0
		SpaceOut=0
		}
	   [Frame1]
		{
		Show=TRUE
		Width=0
		SpaceOut=0
		}
	   [Frame2]
		{
		Show=TRUE
		Width=0
		SpaceOut=0
		}
	   [Frame3]
		{
		Show=FALSE
		Width=300
		SpaceOut=0
		}
	   LFont={(0,0,0),10,-13,0,0,0,400,0,0,0,0,3,2,1,34,Arial}
	   LCondition=
	   IgnoreEmpty=TRUE
	   Description=Firmenname (1)
	   ResetSums=@GBetrag;@GBezahlt;@GMwSt;@GMwStFrei;@GMwStPflichig;@GOffen;
	   TriggerNewPage=FALSE
	   GroupCondition=fstr$(KDNr, "########", 1)
	   }
	  }
	 }
	}
   }
  }
[Object]
 ObjectID=1
 ObjectName=Text
 Locked=FALSE
 LinkID=10
 LinkToID=0
 LinkMode=32
 LinkTest=-25252
 LayerID=0
 GroupID=0
 Identifier=
 Condition=True
 UserLocked=False
 WrapBefore=False
 Position/Left=8000
 Position/Top=16600
 Position/Width=27600
 Position/Height=3400
 Direction=0
 bFill=False
 BkColor=RGB(255,255,255)
 bPageWrap=False
 bBottomAligned=False
 [@Lines]
  {
  [Lines]
   {
   [Line]
	{
	[Font]
	 {
	 Default=False
	 Name=Arial
	 GdiCharSet=0
	 Size=8
	 Width=0
	 Bold=True
	 Italic=False
	 Underline=False
	 Strikeout=False
	 Color=RGB(0,0,0)
	 PitchAndFamily=34
	 OutPrecision=3
	 }
	Align=0
	Adjusted=False
	Uneraseable=False
	LineWrap=False
	PageWrapAllowed=False
	SpaceOptimization=True
	Spacing.Paragraph=0
	Spacing.Line=0
	Text="Filterbedingung:"
	Tab=0
	TabAlign=0
	}
   }
  }
[Object]
 ObjectID=1
 ObjectName=Text
 Locked=FALSE
 LinkID=12
 LinkToID=0
 LinkMode=32
 LinkTest=-26028
 LayerID=0
 GroupID=0
 Identifier=
 Condition=True
 UserLocked=False
 WrapBefore=False
 Position/Left=36500
 Position/Top=16600
 Position/Width=72400
 Position/Height=8600
 Direction=0
 bFill=False
 BkColor=RGB(255,255,255)
 bPageWrap=False
 bBottomAligned=False
 [@Lines]
  {
  [Lines]
   {
   [Line]
	{
	[Font]
	 {
	 Default=False
	 Name=Arial
	 GdiCharSet=0
	 Size=8
	 Width=0
	 Bold=False
	 Italic=False
	 Underline=False
	 Strikeout=False
	 Color=RGB(0,0,0)
	 PitchAndFamily=34
	 OutPrecision=3
	 }
	Align=0
	Adjusted=False
	Uneraseable=False
	LineWrap=False
	PageWrapAllowed=False
	SpaceOptimization=True
	Spacing.Paragraph=0
	Spacing.Line=0
	Text="Zwischen den Monaten " + VonMonat + " und " + BisMonat + " / " + FltJahr
	Tab=0
	TabAlign=0
	}
   [Line]
	{
	[Font]
	 {
	 Default=False
	 Name=Arial
	 GdiCharSet=0
	 Size=8
	 Width=0
	 Bold=False
	 Italic=False
	 Underline=False
	 Strikeout=False
	 Color=RGB(0,0,0)
	 PitchAndFamily=34
	 OutPrecision=3
	 }
	Align=0
	Adjusted=False
	Uneraseable=False
	LineWrap=False
	PageWrapAllowed=False
	SpaceOptimization=True
	Spacing.Paragraph=0
	Spacing.Line=0
	Text=if(FltKST1+FltKST2+FltKST3 <> "", FltKST1 + " / " + FltKST2 + " / " + FltKST3 , "")
	Tab=0
	TabAlign=0
	}
   }
  }
[Object]
 ObjectID=1
 ObjectName=Text
 Locked=FALSE
 LinkID=44
 LinkToID=0
 LinkMode=32
 LinkTest=-7027
 LayerID=0
 GroupID=0
 Identifier=
 Condition=True
 UserLocked=False
 WrapBefore=False
 Position/Left=125200
 Position/Top=8900
 Position/Width=57000
 Position/Height=14300
 Direction=0
 bFill=False
 BkColor=RGB(255,255,255)
 bPageWrap=False
 bBottomAligned=False
 [@Lines]
  {
  [Lines]
   {
   [Line]
	{
	[Font]
	 {
	 Default=False
	 Name=Arial
	 GdiCharSet=0
	 Size=8
	 Width=0
	 Bold=True
	 Italic=False
	 Underline=False
	 Strikeout=False
	 Color=RGB(0,0,0)
	 PitchAndFamily=0
	 OutPrecision=0
	 }
	Align=0
	Adjusted=False
	Uneraseable=False
	LineWrap=False
	PageWrapAllowed=False
	SpaceOptimization=True
	Spacing.Paragraph=0
	Spacing.Line=0
	Text=MDName
	Tab=0
	TabAlign=0
	}
   [Line]
	{
	[Font]
	 {
	 Default=False
	 Name=Arial
	 GdiCharSet=0
	 Size=8
	 Width=0
	 Bold=False
	 Italic=False
	 Underline=False
	 Strikeout=False
	 Color=RGB(0,0,0)
	 PitchAndFamily=0
	 OutPrecision=0
	 }
	Align=0
	Adjusted=False
	Uneraseable=False
	LineWrap=False
	PageWrapAllowed=False
	SpaceOptimization=True
	Spacing.Paragraph=0
	Spacing.Line=0
	Text=MDName2
	Tab=0
	TabAlign=0
	}
   [Line]
	{
	[Font]
	 {
	 Default=False
	 Name=Arial
	 GdiCharSet=0
	 Size=8
	 Width=0
	 Bold=False
	 Italic=False
	 Underline=False
	 Strikeout=False
	 Color=RGB(0,0,0)
	 PitchAndFamily=0
	 OutPrecision=0
	 }
	Align=0
	Adjusted=False
	Uneraseable=False
	LineWrap=False
	PageWrapAllowed=False
	SpaceOptimization=True
	Spacing.Paragraph=0
	Spacing.Line=0
	Text=MDName3
	Tab=0
	TabAlign=0
	}
   [Line]
	{
	[Font]
	 {
	 Default=False
	 Name=Arial
	 GdiCharSet=0
	 Size=8
	 Width=0
	 Bold=False
	 Italic=False
	 Underline=False
	 Strikeout=False
	 Color=RGB(0,0,0)
	 PitchAndFamily=0
	 OutPrecision=0
	 }
	Align=0
	Adjusted=False
	Uneraseable=False
	LineWrap=False
	PageWrapAllowed=False
	SpaceOptimization=True
	Spacing.Paragraph=0
	Spacing.Line=0
	Text=MDStrasse
	Tab=0
	TabAlign=0
	}
   [Line]
	{
	[Font]
	 {
	 Default=False
	 Name=Arial
	 GdiCharSet=0
	 Size=8
	 Width=0
	 Bold=False
	 Italic=False
	 Underline=False
	 Strikeout=False
	 Color=RGB(0,0,0)
	 PitchAndFamily=0
	 OutPrecision=0
	 }
	Align=0
	Adjusted=False
	Uneraseable=False
	LineWrap=False
	PageWrapAllowed=False
	SpaceOptimization=True
	Spacing.Paragraph=0
	Spacing.Line=0
	Text=MDPLZ + " " + MDOrt
	Tab=0
	TabAlign=0
	}
   }
  }
[Object]
 ObjectID=1
 ObjectName=Text
 Locked=FALSE
 LinkID=46
 LinkToID=0
 LinkMode=32
 LinkTest=-10687
 LayerID=0
 GroupID=0
 Identifier=
 Condition=True
 UserLocked=False
 WrapBefore=False
 Position/Left=255300
 Position/Top=8900
 Position/Width=35200
 Position/Height=9900
 Direction=0
 bFill=False
 BkColor=RGB(255,255,255)
 bPageWrap=False
 bBottomAligned=False
 [@Lines]
  {
  [Lines]
   {
   [Line]
	{
	[Font]
	 {
	 Default=False
	 Name=Arial
	 GdiCharSet=0
	 Size=8
	 Width=0
	 Bold=False
	 Italic=False
	 Underline=False
	 Strikeout=False
	 Color=RGB(0,0,0)
	 PitchAndFamily=34
	 OutPrecision=3
	 }
	Align=0
	Adjusted=False
	Uneraseable=False
	LineWrap=False
	PageWrapAllowed=True
	SpaceOptimization=True
	Spacing.Paragraph=0
	Spacing.Line=0
	Text=Date$(Now(),"%DD, %d.%m.%y  um %02H:%02i")
	Tab=0
	TabAlign=0
	}
   [Line]
	{
	[Font]
	 {
	 Default=False
	 Name=Arial
	 GdiCharSet=0
	 Size=8
	 Width=0
	 Bold=False
	 Italic=False
	 Underline=False
	 Strikeout=False
	 Color=RGB(0,0,0)
	 PitchAndFamily=34
	 OutPrecision=3
	 }
	Align=0
	Adjusted=False
	Uneraseable=False
	LineWrap=False
	PageWrapAllowed=False
	SpaceOptimization=True
	Spacing.Paragraph=0
	Spacing.Line=0
	Text=FStr$(Page (),"#####")
	Tab=0
	TabAlign=0
	}
   [Line]
	{
	[Font]
	 {
	 Default=False
	 Name=Arial
	 GdiCharSet=0
	 Size=8
	 Width=0
	 Bold=False
	 Italic=False
	 Underline=False
	 Strikeout=False
	 Color=RGB(0,0,0)
	 PitchAndFamily=34
	 OutPrecision=3
	 }
	Align=0
	Adjusted=False
	Uneraseable=False
	LineWrap=False
	PageWrapAllowed=True
	SpaceOptimization=True
	Spacing.Paragraph=0
	Spacing.Line=0
	Text=Left$(AutorFName,1) + ". " + AutorLName
	Tab=0
	TabAlign=0
	}
   }
  }
[Object]
 ObjectID=1
 ObjectName=Text
 Locked=FALSE
 LinkID=48
 LinkToID=0
 LinkMode=32
 LinkTest=-26849
 LayerID=0
 GroupID=0
 Identifier=
 Condition=True
 UserLocked=False
 WrapBefore=False
 Position/Left=239900
 Position/Top=8900
 Position/Width=14000
 Position/Height=9600
 Direction=0
 bFill=False
 BkColor=RGB(255,255,255)
 bPageWrap=False
 bBottomAligned=False
 [@Lines]
  {
  [Lines]
   {
   [Line]
	{
	[Font]
	 {
	 Default=False
	 Name=Arial
	 GdiCharSet=0
	 Size=8
	 Width=0
	 Bold=True
	 Italic=False
	 Underline=False
	 Strikeout=False
	 Color=RGB(0,0,0)
	 PitchAndFamily=34
	 OutPrecision=3
	 }
	Align=0
	Adjusted=False
	Uneraseable=False
	LineWrap=False
	PageWrapAllowed=True
	SpaceOptimization=True
	Spacing.Paragraph=0
	Spacing.Line=0
	Text="Datum:"
	Tab=0
	TabAlign=0
	}
   [Line]
	{
	[Font]
	 {
	 Default=False
	 Name=Arial
	 GdiCharSet=0
	 Size=8
	 Width=0
	 Bold=True
	 Italic=False
	 Underline=False
	 Strikeout=False
	 Color=RGB(0,0,0)
	 PitchAndFamily=34
	 OutPrecision=3
	 }
	Align=0
	Adjusted=False
	Uneraseable=False
	LineWrap=False
	PageWrapAllowed=True
	SpaceOptimization=True
	Spacing.Paragraph=0
	Spacing.Line=0
	Text="Seite:"
	Tab=0
	TabAlign=0
	}
   [Line]
	{
	[Font]
	 {
	 Default=False
	 Name=Arial
	 GdiCharSet=0
	 Size=8
	 Width=0
	 Bold=True
	 Italic=False
	 Underline=False
	 Strikeout=False
	 Color=RGB(0,0,0)
	 PitchAndFamily=34
	 OutPrecision=3
	 }
	Align=0
	Adjusted=False
	Uneraseable=False
	LineWrap=False
	PageWrapAllowed=True
	SpaceOptimization=True
	Spacing.Paragraph=0
	Spacing.Line=0
	Text="Benutzer:"
	Tab=0
	TabAlign=0
	}
   }
  }
[UserVariables]
[FaxVariables]
