[List description]
[Description]
 Text=Individuelle Rechnungen
 FileVersion=8
 Units=SCM-Units
 Metric=3
 TextQuote.Start=1
 TextQuote.End=1
 RepresentationCode.CondStart=171
 RepresentationCode.CondSep=166
 RepresentationCode.CondEnd=187
 RepresentationCode.Tab=247
 RepresentationCode.Ret=182
 RepresentationCode.PhantomSpace=2
 RepresentationCode.LockNextChar=3
 RepresentationCode.ExprSep=164
 LCID=1024
 Created=<unknown>
 CreatedByApp=<unknown>
 CreatedByDLL=<unknown>
 CreatedByUser=<unknown>
 LastModified=<unknown>
 LastModifiedByApp=<unknown>
 LastModifiedByDLL=<unknown>
 LastModifiedByUser=<unknown>
 CreatedByCallFrom=<unknown>
[Layout]
 P1.Template=
 P2.Template=
 xOffset=0
 yOffset=0
 xSize=210000
 ySize=296900
 P1.xOffset=0
 P1.yOffset=0
 P1.xSize=210000
 P1.ySize=296900
 P2.xOffset=0
 P2.yOffset=0
 P2.xSize=210000
 P2.ySize=296900
 P1.nPaperFormat=9
 P1.xPaperSize=210020
 P1.yPaperSize=297010
 P1.ForcePaperFormat=FALSE
 P2.nPaperFormat=9
 P2.xPaperSize=210020
 P2.yPaperSize=297010
 P2.ForcePaperFormat=FALSE
 xGrid=1000
 yGrid=1000
 GridShow=FALSE
 GridSnap=FALSE
 PhysicalPage=TRUE
 P1.PhysicalPage=TRUE
 P2.PhysicalPage=TRUE
 Orientation=1
 P1.Orientation=1
 P2.Orientation=1
 EnhancedExpressions=TRUE
 EnhancedOldExpressions=FALSE
 Decimals=2
 RealDataPreviewPageLimit=2
 DefFont={(0,0,0),12.000000,-16,0,0,0,400,0,0,0,0,0,0,0,0,Arial}
 HelpLines.Horizontal=
 HelpLines.Vertical=
 PDF.MaxOutlineDepth=2
 DefaultSize.Objecttype1=(0,0,119000,21600)
 DefaultSize.Objecttype6=(0,0,192700,58790)
 ObjectCount=29
[UserSection]

[SumVariables]
[Layer]
 Name=Basis
 Condition=
 WorkspaceColor=(0,0,0)
 Visible=TRUE
 LayerID=0
[Layer]
 Name=Erste Seite
 Condition=Page() = 1
 WorkspaceColor=(0,128,64)
 Visible=TRUE
 LayerID=1
[Layer]
 Name=Folgeseiten
 Condition=Page() <> 1
 WorkspaceColor=(0,0,255)
 Visible=TRUE
 LayerID=2
[ProjectTemplates]
 [@ProjectTemplates]
  {
  [ProjectTemplates]
   {
   }
  }
[Object]
 ObjectID=6
 ObjectName=Tabelle
 Locked=FALSE
 LinkID=1
 LinkToID=0
 LinkMode=0
 LinkTest=-4533
 LayerID=0
 GroupID=0
 Identifier=
 Condition=True
 UserLocked=False
 WrapBefore=False
 Position/Left=7500
 Position/Top=87600
 Position/Width=192700
 Position/Height=58790
 Direction=0
 PDFLevel=0
 PDFText=
 bFooterOnBottom=False
 bFillBottom=False
 DefaultFont/Default=False
 DefaultFont/FaceName="Arial"
 DefaultFont/GdiCharSet=0
 DefaultFont/Size=10.0
 DefaultFont/Width=0
 DefaultFont/Bold=False
 DefaultFont/Italic=False
 DefaultFont/Underline=False
 DefaultFont/Strikeout=False
 DefaultFont/Color=LL.Color.Black
 DefaultFont/PitchAndFamily=34
 DefaultFont/OutPrecision=3
 FgColor=RGB(0,0,0)
 bFill=False
 Raster=1
 BkColor=RGB(255,255,255)
 BkColor3=LL.Color.White
 BkColor2=LL.Color.White
 BkColor.Alpha=50
 ColumnCount=0
 ColumnCount.Distance=0
 ColumnBreakCondition=False
 [@Tables]
  {
  [Tables]
   {
   [Table]
	{
	TableType=List
	TableID=
	RelationID=
	[GroupHeaderLines]
	 {
	 bConcatDataLines=False
	 }
	[GroupFooterLines]
	 {
	 bAlsoOnEmptyGroup=False
	 }
	[DataLines]
	 {
	 bKeepTogether=True
	 bSuppress=False
	 bForceSumCalculation=False
	 }
	ZebraPattern=False
	[ZebraPattern]
	 {
	 Pattern=6
	 Color=RGB(0,0,0)
	 Color3=LL.Color.White
	 Color2=LL.Color.White
	 Color.Alpha=50
	 }
	[FooterLines]
	 {
	 bKeepTogether=False
	 }
	PageBreakCondition=False
	[DefaultFrame]
	 {
	 Layout=1
	 [Left]
	  {
	  Line=True
	  [Line]
	   {
	   Color=LL.Color.Black
	   LineType=0
	   }
	  LineWidth=0
	  }
	 [Top]
	  {
	  Line=True
	  [Line]
	   {
	   Color=LL.Color.Black
	   LineType=0
	   }
	  LineWidth=0
	  }
	 [Right]
	  {
	  Line=True
	  [Line]
	   {
	   Color=LL.Color.Black
	   LineType=0
	   }
	  LineWidth=0
	  }
	 [Bottom]
	  {
	  Line=True
	  [Line]
	   {
	   Color=LL.Color.Black
	   LineType=0
	   }
	  LineWidth=0
	  }
	 }
	ColumnCount=0
	ColumnCount.Distance=0
	ColumnBreakCondition=False
	FormulaFilter=True
	[Body]
	 {
	 [Lines]
	  {
	  [Line]
	   {
	   [Columns]
		{
		[Column]
		 {
		 Identifier=
		 OutputFormatter=
		 Text=""
		 Width=5000
		 Height=10000
		 FixedHeight=0
		 bIsotropic=True
		 PlainTextFormat=True
		 Align=0
		 AlignDecPosition=-10000
		 VAlign=0
		 Adjusted=False
		 LineWrap=0
		 ForceWrap=False
		 Spacing.Line=0
		 bFill=False
		 Raster=0
		 BkColor=RGB(0,0,0)
		 BkColor3=LL.Color.White
		 BkColor2=LL.Color.White
		 BkColor.Alpha=50
		 FgColor=RGB(0,0,0)
		 SpaceOptimization=False
		 Link.URL=
		 WithText=False
		 [Frame]
		  {
		  Default=False
		  Layout=1
		  [Left]
		   {
		   Spacing=1000
		   Line=False
		   }
		  [Top]
		   {
		   Spacing=500
		   Line=False
		   }
		  [Right]
		   {
		   Spacing=1000
		   Line=False
		   }
		  [Bottom]
		   {
		   Spacing=500
		   Line=False
		   }
		  }
		 [Font]
		  {
		  Default=False
		  FaceName="Verdana"
		  GdiCharSet=0
		  Size=8.0
		  Width=0
		  Bold=False
		  Italic=False
		  Underline=False
		  Strikeout=False
		  Color=LL.Color.Black
		  PitchAndFamily=34
		  OutPrecision=3
		  }
		 Direction=0
		 BarWidth=0
		 [BarWidth]
		  {
		  Align=0
		  }
		 BarRatio=0
		 ExportAsPicture=False
		 Condition=True
		 }
		[Column]
		 {
		 Identifier=
		 OutputFormatter=
		 Text=RE_HeadText
		 Width=150000
		 Height=10000
		 FixedHeight=0
		 bIsotropic=True
		 PlainTextFormat=True
		 Align=0
		 AlignDecPosition=-10000
		 VAlign=0
		 Adjusted=False
		 LineWrap=0
		 ForceWrap=False
		 Spacing.Line=0
		 bFill=False
		 Raster=0
		 BkColor=RGB(0,0,0)
		 BkColor3=LL.Color.White
		 BkColor2=LL.Color.White
		 BkColor.Alpha=50
		 FgColor=RGB(0,0,0)
		 SpaceOptimization=False
		 Link.URL=
		 WithText=False
		 [Frame]
		  {
		  Default=False
		  Layout=1
		  [Left]
		   {
		   Spacing=1000
		   Line=False
		   }
		  [Top]
		   {
		   Spacing=500
		   Line=False
		   }
		  [Right]
		   {
		   Spacing=1000
		   Line=False
		   }
		  [Bottom]
		   {
		   Spacing=500
		   Line=False
		   }
		  }
		 [Font]
		  {
		  Default=False
		  FaceName="Verdana"
		  GdiCharSet=0
		  Size=8.0
		  Width=0
		  Bold=False
		  Italic=False
		  Underline=False
		  Strikeout=False
		  Color=LL.Color.Black
		  PitchAndFamily=34
		  OutPrecision=3
		  }
		 Direction=0
		 BarWidth=0
		 [BarWidth]
		  {
		  Align=0
		  }
		 BarRatio=0
		 ExportAsPicture=False
		 Condition=True
		 }
		}
	   [Options]
		{
		Description=Zeilendefinition  1
		[LFont]
		 {
		 Default=True
		 }
		LCondition=True
		DisplayInDesigner=True
		IgnoreEmpty=True
		PDFLevel=0
		PDFText=
		[ReservedSpace]
		 {
		 Left=0
		 Top=0
		 Right=0
		 Bottom=0
		 }
		}
	   }
	  [Line]
	   {
	   [Columns]
		{
		[Column]
		 {
		 Identifier=
		 OutputFormatter=
		 Text=""
		 Width=5000
		 Height=10000
		 FixedHeight=0
		 bIsotropic=True
		 PlainTextFormat=True
		 Align=0
		 AlignDecPosition=-10000
		 VAlign=0
		 Adjusted=False
		 LineWrap=0
		 ForceWrap=False
		 Spacing.Line=0
		 bFill=False
		 Raster=0
		 BkColor=RGB(0,0,0)
		 BkColor3=LL.Color.White
		 BkColor2=LL.Color.White
		 BkColor.Alpha=50
		 FgColor=RGB(0,0,0)
		 SpaceOptimization=False
		 Link.URL=
		 WithText=False
		 [Frame]
		  {
		  Default=False
		  Layout=1
		  [Left]
		   {
		   Spacing=1000
		   Line=False
		   }
		  [Top]
		   {
		   Spacing=500
		   Line=False
		   }
		  [Right]
		   {
		   Spacing=1000
		   Line=False
		   }
		  [Bottom]
		   {
		   Spacing=500
		   Line=False
		   }
		  }
		 [Font]
		  {
		  Default=False
		  FaceName="Verdana"
		  GdiCharSet=0
		  Size=8.0
		  Width=0
		  Bold=False
		  Italic=False
		  Underline=False
		  Strikeout=False
		  Color=LL.Color.Black
		  PitchAndFamily=34
		  OutPrecision=3
		  }
		 Direction=0
		 BarWidth=0
		 [BarWidth]
		  {
		  Align=0
		  }
		 BarRatio=0
		 ExportAsPicture=False
		 Condition=True
		 }
		[Column]
		 {
		 Identifier=
		 OutputFormatter=
		 Text=RE_Text
		 Width=150000
		 Height=10000
		 FixedHeight=0
		 bIsotropic=True
		 PlainTextFormat=True
		 Align=0
		 AlignDecPosition=-10000
		 VAlign=0
		 Adjusted=False
		 LineWrap=0
		 ForceWrap=False
		 Spacing.Line=0
		 bFill=False
		 Raster=0
		 BkColor=RGB(0,0,0)
		 BkColor3=LL.Color.White
		 BkColor2=LL.Color.White
		 BkColor.Alpha=50
		 FgColor=RGB(0,0,0)
		 SpaceOptimization=False
		 Link.URL=
		 WithText=False
		 [Frame]
		  {
		  Default=False
		  Layout=1
		  [Left]
		   {
		   Spacing=1000
		   Line=False
		   }
		  [Top]
		   {
		   Spacing=500
		   Line=False
		   }
		  [Right]
		   {
		   Spacing=1000
		   Line=False
		   }
		  [Bottom]
		   {
		   Spacing=500
		   Line=False
		   }
		  }
		 [Font]
		  {
		  Default=False
		  FaceName="Verdana"
		  GdiCharSet=0
		  Size=8.0
		  Width=0
		  Bold=False
		  Italic=False
		  Underline=False
		  Strikeout=False
		  Color=LL.Color.Black
		  PitchAndFamily=34
		  OutPrecision=3
		  }
		 Direction=0
		 BarWidth=0
		 [BarWidth]
		  {
		  Align=0
		  }
		 BarRatio=0
		 ExportAsPicture=False
		 Condition=True
		 }
		[Column]
		 {
		 Identifier=
		 OutputFormatter=
		 Text=if(IndBetragEx = 0 , "", fstr$(IndBetragEx, "---,---,---,---,--&.&&", 1))
		 Width=30000
		 Height=10000
		 FixedHeight=0
		 bIsotropic=True
		 PlainTextFormat=True
		 Align=2
		 AlignDecPosition=-10000
		 VAlign=2
		 Adjusted=False
		 LineWrap=0
		 ForceWrap=False
		 Spacing.Line=0
		 bFill=False
		 Raster=0
		 BkColor=RGB(0,0,0)
		 BkColor3=LL.Color.White
		 BkColor2=LL.Color.White
		 BkColor.Alpha=50
		 FgColor=RGB(0,0,0)
		 SpaceOptimization=False
		 Link.URL=
		 WithText=False
		 [Frame]
		  {
		  Default=False
		  Layout=1
		  [Left]
		   {
		   Spacing=1000
		   Line=False
		   }
		  [Top]
		   {
		   Spacing=500
		   Line=False
		   }
		  [Right]
		   {
		   Spacing=1000
		   Line=False
		   }
		  [Bottom]
		   {
		   Spacing=500
		   Line=False
		   }
		  }
		 [Font]
		  {
		  Default=False
		  FaceName="Verdana"
		  GdiCharSet=0
		  Size=8.0
		  Width=0
		  Bold=False
		  Italic=False
		  Underline=False
		  Strikeout=False
		  Color=LL.Color.Black
		  PitchAndFamily=34
		  OutPrecision=3
		  }
		 Direction=0
		 BarWidth=0
		 [BarWidth]
		  {
		  Align=0
		  }
		 BarRatio=0
		 ExportAsPicture=False
		 Condition=True
		 }
		}
	   [Options]
		{
		Description=Zeilendefinition  1 (1)
		[LFont]
		 {
		 Default=True
		 }
		LCondition=True
		DisplayInDesigner=True
		IgnoreEmpty=True
		PDFLevel=0
		PDFText=
		[ReservedSpace]
		 {
		 Left=0
		 Top=0
		 Right=0
		 Bottom=0
		 }
		}
	   }
	  }
	 [Options]
	  {
	  }
	 }
	[Header]
	 {
	 [Lines]
	  {
	  [Line]
	   {
	   [Columns]
		{
		[Column]
		 {
		 Identifier=
		 OutputFormatter=
		 Text=""
		 Width=5000
		 Height=10000
		 FixedHeight=0
		 bIsotropic=True
		 PlainTextFormat=True
		 Align=0
		 AlignDecPosition=-10000
		 VAlign=0
		 Adjusted=False
		 LineWrap=0
		 ForceWrap=False
		 Spacing.Line=0
		 bFill=False
		 Raster=0
		 BkColor=RGB(0,0,0)
		 BkColor3=LL.Color.White
		 BkColor2=LL.Color.White
		 BkColor.Alpha=50
		 FgColor=RGB(0,0,0)
		 SpaceOptimization=False
		 Link.URL=
		 WithText=False
		 [Frame]
		  {
		  Default=False
		  Layout=1
		  [Left]
		   {
		   Spacing=1000
		   Line=False
		   }
		  [Top]
		   {
		   Spacing=500
		   Line=False
		   }
		  [Right]
		   {
		   Spacing=1000
		   Line=False
		   }
		  [Bottom]
		   {
		   Spacing=500
		   Line=True
		   [Line]
			{
			Color=LL.Color.Black
			LineType=0
			}
		   LineWidth=500
		   }
		  }
		 [Font]
		  {
		  Default=False
		  FaceName="Verdana"
		  GdiCharSet=0
		  Size=8.0
		  Width=0
		  Bold=False
		  Italic=False
		  Underline=False
		  Strikeout=False
		  Color=LL.Color.Black
		  PitchAndFamily=34
		  OutPrecision=3
		  }
		 Direction=0
		 BarWidth=0
		 [BarWidth]
		  {
		  Align=0
		  }
		 BarRatio=0
		 ExportAsPicture=False
		 Condition=True
		 }
		[Column]
		 {
		 Identifier=
		 OutputFormatter=
		 Text="Bezeichnung"
		 Width=150000
		 Height=10000
		 FixedHeight=0
		 bIsotropic=True
		 PlainTextFormat=True
		 Align=0
		 AlignDecPosition=-10000
		 VAlign=0
		 Adjusted=False
		 LineWrap=0
		 ForceWrap=False
		 Spacing.Line=0
		 bFill=False
		 Raster=0
		 BkColor=RGB(0,0,0)
		 BkColor3=LL.Color.White
		 BkColor2=LL.Color.White
		 BkColor.Alpha=50
		 FgColor=RGB(0,0,0)
		 SpaceOptimization=False
		 Link.URL=
		 WithText=False
		 [Frame]
		  {
		  Default=False
		  Layout=1
		  [Left]
		   {
		   Spacing=1000
		   Line=False
		   }
		  [Top]
		   {
		   Spacing=500
		   Line=False
		   }
		  [Right]
		   {
		   Spacing=1000
		   Line=False
		   }
		  [Bottom]
		   {
		   Spacing=500
		   Line=True
		   [Line]
			{
			Color=LL.Color.Black
			LineType=0
			}
		   LineWidth=500
		   }
		  }
		 [Font]
		  {
		  Default=False
		  FaceName="Verdana"
		  GdiCharSet=0
		  Size=8.0
		  Width=0
		  Bold=False
		  Italic=False
		  Underline=False
		  Strikeout=False
		  Color=LL.Color.Black
		  PitchAndFamily=34
		  OutPrecision=3
		  }
		 Direction=0
		 BarWidth=0
		 [BarWidth]
		  {
		  Align=0
		  }
		 BarRatio=0
		 ExportAsPicture=False
		 Condition=True
		 }
		[Column]
		 {
		 Identifier=
		 OutputFormatter=
		 Text="Betrag in " + Currency
		 Width=30000
		 Height=10000
		 FixedHeight=0
		 bIsotropic=True
		 PlainTextFormat=True
		 Align=2
		 AlignDecPosition=-10000
		 VAlign=0
		 Adjusted=False
		 LineWrap=0
		 ForceWrap=False
		 Spacing.Line=0
		 bFill=False
		 Raster=0
		 BkColor=RGB(0,0,0)
		 BkColor3=LL.Color.White
		 BkColor2=LL.Color.White
		 BkColor.Alpha=50
		 FgColor=RGB(0,0,0)
		 SpaceOptimization=False
		 Link.URL=
		 WithText=False
		 [Frame]
		  {
		  Default=False
		  Layout=1
		  [Left]
		   {
		   Spacing=1000
		   Line=False
		   }
		  [Top]
		   {
		   Spacing=500
		   Line=False
		   }
		  [Right]
		   {
		   Spacing=1000
		   Line=False
		   }
		  [Bottom]
		   {
		   Spacing=500
		   Line=True
		   [Line]
			{
			Color=LL.Color.Black
			LineType=0
			}
		   LineWidth=500
		   }
		  }
		 [Font]
		  {
		  Default=False
		  FaceName="Verdana"
		  GdiCharSet=0
		  Size=8.0
		  Width=0
		  Bold=False
		  Italic=False
		  Underline=False
		  Strikeout=False
		  Color=LL.Color.Black
		  PitchAndFamily=34
		  OutPrecision=3
		  }
		 Direction=0
		 BarWidth=0
		 [BarWidth]
		  {
		  Align=0
		  }
		 BarRatio=0
		 ExportAsPicture=False
		 Condition=True
		 }
		}
	   [Options]
		{
		Description=Zeilendefinition  1
		[LFont]
		 {
		 Default=False
		 FaceName="Arial"
		 GdiCharSet=0
		 Size=12.0
		 Width=0
		 Bold=False
		 Italic=False
		 Underline=False
		 Strikeout=False
		 Color=LL.Color.Black
		 PitchAndFamily=34
		 OutPrecision=3
		 }
		LCondition=True
		DisplayInDesigner=True
		IgnoreEmpty=True
		PDFLevel=0
		PDFText=
		[ReservedSpace]
		 {
		 Left=0
		 Top=0
		 Right=0
		 Bottom=0
		 }
		}
	   }
	  }
	 [Options]
	  {
	  }
	 }
	[Footer]
	 {
	 [Lines]
	  {
	  [Line]
	   {
	   [Columns]
		{
		[Column]
		 {
		 Identifier=
		 OutputFormatter=
		 Text=""
		 Width=5000
		 Height=10000
		 FixedHeight=0
		 bIsotropic=True
		 PlainTextFormat=True
		 Align=2
		 AlignDecPosition=-10000
		 VAlign=2
		 Adjusted=False
		 LineWrap=0
		 ForceWrap=False
		 Spacing.Line=0
		 bFill=False
		 Raster=0
		 BkColor=RGB(0,0,0)
		 BkColor3=LL.Color.White
		 BkColor2=LL.Color.White
		 BkColor.Alpha=50
		 FgColor=RGB(0,0,0)
		 SpaceOptimization=False
		 Link.URL=
		 WithText=False
		 [Frame]
		  {
		  Default=False
		  Layout=1
		  [Left]
		   {
		   Spacing=1000
		   Line=False
		   }
		  [Top]
		   {
		   Spacing=2000
		   Line=True
		   [Line]
			{
			Color=LL.Color.Black
			LineType=0
			}
		   LineWidth=300
		   }
		  [Right]
		   {
		   Spacing=1000
		   Line=False
		   }
		  [Bottom]
		   {
		   Spacing=500
		   Line=False
		   }
		  }
		 [Font]
		  {
		  Default=False
		  FaceName="Verdana"
		  GdiCharSet=0
		  Size=8.0
		  Width=0
		  Bold=True
		  Italic=False
		  Underline=False
		  Strikeout=False
		  Color=LL.Color.Black
		  PitchAndFamily=34
		  OutPrecision=3
		  }
		 Direction=0
		 BarWidth=0
		 [BarWidth]
		  {
		  Align=0
		  }
		 BarRatio=0
		 ExportAsPicture=False
		 Condition=True
		 }
		[Column]
		 {
		 Identifier=
		 OutputFormatter=
		 Text=Cond(lastpage(),"Total exklusive" + FStr$(MWSTProz,"--&.&&") + " % MwSt.","Totalseite exklusive" + FStr$(MWSTProz,"--&.&&") + " % MwSt.")
		 Width=150000
		 Height=10000
		 FixedHeight=0
		 bIsotropic=True
		 PlainTextFormat=True
		 Align=0
		 AlignDecPosition=-10000
		 VAlign=2
		 Adjusted=False
		 LineWrap=0
		 ForceWrap=False
		 Spacing.Line=0
		 bFill=False
		 Raster=0
		 BkColor=RGB(0,0,0)
		 BkColor3=LL.Color.White
		 BkColor2=LL.Color.White
		 BkColor.Alpha=50
		 FgColor=RGB(0,0,0)
		 SpaceOptimization=False
		 Link.URL=
		 WithText=False
		 [Frame]
		  {
		  Default=False
		  Layout=1
		  [Left]
		   {
		   Spacing=1000
		   Line=False
		   }
		  [Top]
		   {
		   Spacing=2000
		   Line=True
		   [Line]
			{
			Color=LL.Color.Black
			LineType=0
			}
		   LineWidth=300
		   }
		  [Right]
		   {
		   Spacing=1000
		   Line=False
		   }
		  [Bottom]
		   {
		   Spacing=500
		   Line=False
		   }
		  }
		 [Font]
		  {
		  Default=False
		  FaceName="Verdana"
		  GdiCharSet=0
		  Size=8.0
		  Width=0
		  Bold=True
		  Italic=False
		  Underline=False
		  Strikeout=False
		  Color=LL.Color.Black
		  PitchAndFamily=34
		  OutPrecision=3
		  }
		 Direction=0
		 BarWidth=0
		 [BarWidth]
		  {
		  Align=0
		  }
		 BarRatio=0
		 ExportAsPicture=False
		 Condition=True
		 }
		[Column]
		 {
		 Identifier=
		 OutputFormatter=
		 Text=Cond(lastpage(), FStr$(BetragEx, "---,---,---,--&.&&", 1), FStr$(BetragEx, "---,---,---,--&.&&", 1))
		 Width=30000
		 Height=10000
		 FixedHeight=0
		 bIsotropic=True
		 PlainTextFormat=True
		 Align=2
		 AlignDecPosition=-10000
		 VAlign=2
		 Adjusted=False
		 LineWrap=0
		 ForceWrap=False
		 Spacing.Line=0
		 bFill=False
		 Raster=0
		 BkColor=RGB(0,0,0)
		 BkColor3=LL.Color.White
		 BkColor2=LL.Color.White
		 BkColor.Alpha=50
		 FgColor=RGB(0,0,0)
		 SpaceOptimization=False
		 Link.URL=
		 WithText=False
		 [Frame]
		  {
		  Default=False
		  Layout=1
		  [Left]
		   {
		   Spacing=1000
		   Line=False
		   }
		  [Top]
		   {
		   Spacing=2000
		   Line=True
		   [Line]
			{
			Color=LL.Color.Black
			LineType=0
			}
		   LineWidth=300
		   }
		  [Right]
		   {
		   Spacing=1000
		   Line=False
		   }
		  [Bottom]
		   {
		   Spacing=500
		   Line=False
		   }
		  }
		 [Font]
		  {
		  Default=False
		  FaceName="Verdana"
		  GdiCharSet=0
		  Size=8.0
		  Width=0
		  Bold=True
		  Italic=False
		  Underline=False
		  Strikeout=False
		  Color=LL.Color.Black
		  PitchAndFamily=34
		  OutPrecision=3
		  }
		 Direction=0
		 BarWidth=0
		 [BarWidth]
		  {
		  Align=0
		  }
		 BarRatio=0
		 ExportAsPicture=False
		 Condition=True
		 }
		}
	   [Options]
		{
		Description=Zeilendefinition  1
		[LFont]
		 {
		 Default=True
		 }
		LCondition=True
		DisplayInDesigner=True
		IgnoreEmpty=True
		PDFLevel=0
		PDFText=
		[ReservedSpace]
		 {
		 Left=0
		 Top=0
		 Right=0
		 Bottom=0
		 }
		}
	   }
	  [Line]
	   {
	   [Columns]
		{
		[Column]
		 {
		 Identifier=
		 OutputFormatter=
		 Text=""
		 Width=5000
		 Height=10000
		 FixedHeight=0
		 bIsotropic=True
		 PlainTextFormat=True
		 Align=0
		 AlignDecPosition=-10000
		 VAlign=2
		 Adjusted=False
		 LineWrap=0
		 ForceWrap=False
		 Spacing.Line=0
		 bFill=False
		 Raster=0
		 BkColor=RGB(0,0,0)
		 BkColor3=LL.Color.White
		 BkColor2=LL.Color.White
		 BkColor.Alpha=50
		 FgColor=RGB(0,0,0)
		 SpaceOptimization=False
		 Link.URL=
		 WithText=False
		 [Frame]
		  {
		  Default=False
		  Layout=1
		  [Left]
		   {
		   Spacing=1000
		   Line=False
		   }
		  [Top]
		   {
		   Spacing=500
		   Line=False
		   }
		  [Right]
		   {
		   Spacing=1000
		   Line=False
		   }
		  [Bottom]
		   {
		   Spacing=500
		   Line=False
		   }
		  }
		 [Font]
		  {
		  Default=False
		  FaceName="Verdana"
		  GdiCharSet=0
		  Size=8.0
		  Width=0
		  Bold=True
		  Italic=False
		  Underline=False
		  Strikeout=False
		  Color=LL.Color.Black
		  PitchAndFamily=34
		  OutPrecision=3
		  }
		 Direction=0
		 BarWidth=0
		 [BarWidth]
		  {
		  Align=0
		  }
		 BarRatio=0
		 ExportAsPicture=False
		 Condition=True
		 }
		[Column]
		 {
		 Identifier=
		 OutputFormatter=
		 Text="Totalbetrag " + FStr$(MWSTProz,"--&.&&") + " % MwSt."
		 Width=150000
		 Height=10000
		 FixedHeight=0
		 bIsotropic=True
		 PlainTextFormat=True
		 Align=0
		 AlignDecPosition=-10000
		 VAlign=2
		 Adjusted=False
		 LineWrap=0
		 ForceWrap=False
		 Spacing.Line=0
		 bFill=False
		 Raster=0
		 BkColor=RGB(0,0,0)
		 BkColor3=LL.Color.White
		 BkColor2=LL.Color.White
		 BkColor.Alpha=50
		 FgColor=RGB(0,0,0)
		 SpaceOptimization=False
		 Link.URL=
		 WithText=False
		 [Frame]
		  {
		  Default=False
		  Layout=1
		  [Left]
		   {
		   Spacing=1000
		   Line=False
		   }
		  [Top]
		   {
		   Spacing=500
		   Line=False
		   }
		  [Right]
		   {
		   Spacing=1000
		   Line=False
		   }
		  [Bottom]
		   {
		   Spacing=500
		   Line=False
		   }
		  }
		 [Font]
		  {
		  Default=False
		  FaceName="Verdana"
		  GdiCharSet=0
		  Size=8.0
		  Width=0
		  Bold=True
		  Italic=False
		  Underline=False
		  Strikeout=False
		  Color=LL.Color.Black
		  PitchAndFamily=34
		  OutPrecision=3
		  }
		 Direction=0
		 BarWidth=0
		 [BarWidth]
		  {
		  Align=0
		  }
		 BarRatio=0
		 ExportAsPicture=False
		 Condition=True
		 }
		[Column]
		 {
		 Identifier=
		 OutputFormatter=
		 Text=FStr$(MWST1, "---,---,---,--&.&&", 1)
		 Width=30000
		 Height=10000
		 FixedHeight=0
		 bIsotropic=True
		 PlainTextFormat=True
		 Align=2
		 AlignDecPosition=-10000
		 VAlign=2
		 Adjusted=False
		 LineWrap=0
		 ForceWrap=False
		 Spacing.Line=0
		 bFill=False
		 Raster=0
		 BkColor=RGB(0,0,0)
		 BkColor3=LL.Color.White
		 BkColor2=LL.Color.White
		 BkColor.Alpha=50
		 FgColor=RGB(0,0,0)
		 SpaceOptimization=False
		 Link.URL=
		 WithText=False
		 [Frame]
		  {
		  Default=False
		  Layout=1
		  [Left]
		   {
		   Spacing=1000
		   Line=False
		   }
		  [Top]
		   {
		   Spacing=500
		   Line=False
		   }
		  [Right]
		   {
		   Spacing=1000
		   Line=False
		   }
		  [Bottom]
		   {
		   Spacing=500
		   Line=False
		   }
		  }
		 [Font]
		  {
		  Default=False
		  FaceName="Verdana"
		  GdiCharSet=0
		  Size=8.0
		  Width=0
		  Bold=True
		  Italic=False
		  Underline=False
		  Strikeout=False
		  Color=LL.Color.Black
		  PitchAndFamily=34
		  OutPrecision=3
		  }
		 Direction=0
		 BarWidth=0
		 [BarWidth]
		  {
		  Align=0
		  }
		 BarRatio=0
		 ExportAsPicture=False
		 Condition=True
		 }
		}
	   [Options]
		{
		Description=Zeilendefinition  2
		[LFont]
		 {
		 Default=True
		 }
		LCondition=Page()=1
		DisplayInDesigner=True
		IgnoreEmpty=True
		PDFLevel=0
		PDFText=
		[ReservedSpace]
		 {
		 Left=0
		 Top=0
		 Right=0
		 Bottom=0
		 }
		}
	   }
	  [Line]
	   {
	   [Columns]
		{
		[Column]
		 {
		 Identifier=
		 OutputFormatter=
		 Text=""
		 Width=5000
		 Height=10000
		 FixedHeight=0
		 bIsotropic=True
		 PlainTextFormat=True
		 Align=0
		 AlignDecPosition=-10000
		 VAlign=2
		 Adjusted=False
		 LineWrap=0
		 ForceWrap=False
		 Spacing.Line=0
		 bFill=False
		 Raster=0
		 BkColor=RGB(0,0,0)
		 BkColor3=LL.Color.White
		 BkColor2=LL.Color.White
		 BkColor.Alpha=50
		 FgColor=RGB(0,0,0)
		 SpaceOptimization=False
		 Link.URL=
		 WithText=False
		 [Frame]
		  {
		  Default=False
		  Layout=1
		  [Left]
		   {
		   Spacing=1000
		   Line=False
		   }
		  [Top]
		   {
		   Spacing=500
		   Line=False
		   }
		  [Right]
		   {
		   Spacing=1000
		   Line=False
		   }
		  [Bottom]
		   {
		   Spacing=500
		   Line=False
		   }
		  }
		 [Font]
		  {
		  Default=False
		  FaceName="Verdana"
		  GdiCharSet=0
		  Size=8.0
		  Width=0
		  Bold=True
		  Italic=False
		  Underline=False
		  Strikeout=False
		  Color=LL.Color.Black
		  PitchAndFamily=34
		  OutPrecision=3
		  }
		 Direction=0
		 BarWidth=0
		 [BarWidth]
		  {
		  Align=0
		  }
		 BarRatio=0
		 ExportAsPicture=False
		 Condition=True
		 }
		[Column]
		 {
		 Identifier=
		 OutputFormatter=
		 Text="Totalbetrag inklusive" + FStr$(MWSTProz,"--&.&&") + " % MwSt."
		 Width=150000
		 Height=10000
		 FixedHeight=0
		 bIsotropic=True
		 PlainTextFormat=True
		 Align=0
		 AlignDecPosition=-10000
		 VAlign=2
		 Adjusted=False
		 LineWrap=0
		 ForceWrap=False
		 Spacing.Line=0
		 bFill=False
		 Raster=0
		 BkColor=RGB(0,0,0)
		 BkColor3=LL.Color.White
		 BkColor2=LL.Color.White
		 BkColor.Alpha=50
		 FgColor=RGB(0,0,0)
		 SpaceOptimization=False
		 Link.URL=
		 WithText=False
		 [Frame]
		  {
		  Default=False
		  Layout=1
		  [Left]
		   {
		   Spacing=1000
		   Line=False
		   }
		  [Top]
		   {
		   Spacing=500
		   Line=False
		   }
		  [Right]
		   {
		   Spacing=1000
		   Line=False
		   }
		  [Bottom]
		   {
		   Spacing=500
		   Line=False
		   }
		  }
		 [Font]
		  {
		  Default=False
		  FaceName="Verdana"
		  GdiCharSet=0
		  Size=8.0
		  Width=0
		  Bold=True
		  Italic=False
		  Underline=False
		  Strikeout=False
		  Color=LL.Color.Black
		  PitchAndFamily=34
		  OutPrecision=3
		  }
		 Direction=0
		 BarWidth=0
		 [BarWidth]
		  {
		  Align=0
		  }
		 BarRatio=0
		 ExportAsPicture=False
		 Condition=True
		 }
		[Column]
		 {
		 Identifier=
		 OutputFormatter=
		 Text=FStr$(BetragInk, "---,---,---,--&.&&", 1)
		 Width=30000
		 Height=10000
		 FixedHeight=0
		 bIsotropic=True
		 PlainTextFormat=True
		 Align=2
		 AlignDecPosition=-10000
		 VAlign=2
		 Adjusted=False
		 LineWrap=0
		 ForceWrap=False
		 Spacing.Line=0
		 bFill=False
		 Raster=0
		 BkColor=RGB(0,0,0)
		 BkColor3=LL.Color.White
		 BkColor2=LL.Color.White
		 BkColor.Alpha=50
		 FgColor=RGB(0,0,0)
		 SpaceOptimization=False
		 Link.URL=
		 WithText=False
		 [Frame]
		  {
		  Default=False
		  Layout=1
		  [Left]
		   {
		   Spacing=1000
		   Line=False
		   }
		  [Top]
		   {
		   Spacing=500
		   Line=False
		   }
		  [Right]
		   {
		   Spacing=1000
		   Line=False
		   }
		  [Bottom]
		   {
		   Spacing=500
		   Line=False
		   }
		  }
		 [Font]
		  {
		  Default=False
		  FaceName="Verdana"
		  GdiCharSet=0
		  Size=8.0
		  Width=0
		  Bold=True
		  Italic=False
		  Underline=False
		  Strikeout=False
		  Color=LL.Color.Black
		  PitchAndFamily=34
		  OutPrecision=3
		  }
		 Direction=0
		 BarWidth=0
		 [BarWidth]
		  {
		  Align=0
		  }
		 BarRatio=0
		 ExportAsPicture=False
		 Condition=True
		 }
		}
	   [Options]
		{
		Description=Zeilendefinition  3
		[LFont]
		 {
		 Default=True
		 }
		LCondition=Page()=1
		DisplayInDesigner=True
		IgnoreEmpty=True
		PDFLevel=0
		PDFText=
		[ReservedSpace]
		 {
		 Left=0
		 Top=0
		 Right=0
		 Bottom=0
		 }
		}
	   }
	  }
	 [Options]
	  {
	  }
	 }
	[GroupHeader]
	 {
	 [Lines]
	  {
	  [Line]
	   {
	   [Columns]
		{
		}
	   [Options]
		{
		Description=
		[LFont]
		 {
		 Default=True
		 }
		LCondition=True
		DisplayInDesigner=True
		IgnoreEmpty=True
		PDFLevel=1
		PDFText=
		[ReservedSpace]
		 {
		 Left=0
		 Top=1000
		 Right=0
		 Bottom=0
		 }
		GroupCondition=
		ResetSums=
		OnNewPage=False
		PrintRightAfterHeader=False
		}
	   }
	  }
	 [Options]
	  {
	  }
	 }
	[GroupFooter]
	 {
	 [Lines]
	  {
	  [Line]
	   {
	   [Columns]
		{
		}
	   [Options]
		{
		Description=
		[LFont]
		 {
		 Default=True
		 }
		LCondition=True
		DisplayInDesigner=True
		IgnoreEmpty=True
		PDFLevel=0
		PDFText=
		[ReservedSpace]
		 {
		 Left=0
		 Top=0
		 Right=0
		 Bottom=1000
		 }
		GroupCondition=
		ResetSums=
		TriggerNewPage=False
		}
	   }
	  }
	 [Options]
	  {
	  }
	 }
	}
   }
  }
[Object]
 ObjectID=1
 ObjectName=Text
 Locked=FALSE
 LinkID=7
 LinkToID=0
 LinkMode=32
 LinkTest=-21936
 LayerID=0
 GroupID=0
 Identifier=
 Condition=True
 UserLocked=False
 WrapBefore=False
 ExportAsPicture=False
 Position/Left=9800
 Position/Top=77500
 Position/Width=34840
 Position/Height=5100
 Direction=0
 bFill=False
 BkColor=RGB(255,255,255)
 Frame/Layout=0
 Frame/Left/Line=False
 Frame/Top/Line=False
 Frame/Right/Line=False
 Frame/Bottom/Line=False
 PDFLevel=0
 PDFText=
 bPageWrap=False
 bBottomAligned=False
 [@Lines]
  {
  [Lines]
   {
   [Line]
	{
	[Font]
	 {
	 Default=False
	 FaceName="Garamond"
	 GdiCharSet=0
	 Size=14.0
	 Width=0
	 Bold=True
	 Italic=False
	 Underline=False
	 Strikeout=False
	 Color=LL.Color.Black
	 PitchAndFamily=18
	 OutPrecision=3
	 }
	Align=0
	Adjusted=False
	Uneraseable=False
	LineWrap=0
	PageWrapAllowed=False
	ForceWrap=False
	SpaceOptimization=True
	Spacing.Paragraph=0
	Spacing.Line=0
	OutputFormatter=
	Condition=True
	Text="Rechnung-Nr."
	Tab=0
	TabAlign=0
	}
   }
  }
[Object]
 ObjectID=1
 ObjectName=Text
 Locked=FALSE
 LinkID=8
 LinkToID=0
 LinkMode=32
 LinkTest=-8578
 LayerID=0
 GroupID=0
 Identifier=
 Condition=True
 UserLocked=False
 WrapBefore=False
 ExportAsPicture=False
 Position/Left=46300
 Position/Top=77500
 Position/Width=44400
 Position/Height=4600
 Direction=0
 bFill=False
 BkColor=RGB(255,255,255)
 Frame/Layout=0
 Frame/Left/Line=False
 Frame/Top/Line=False
 Frame/Right/Line=False
 Frame/Bottom/Line=False
 PDFLevel=0
 PDFText=
 bPageWrap=False
 bBottomAligned=False
 [@Lines]
  {
  [Lines]
   {
   [Line]
	{
	[Font]
	 {
	 Default=False
	 FaceName="Garamond"
	 GdiCharSet=0
	 Size=14.0
	 Width=0
	 Bold=True
	 Italic=False
	 Underline=False
	 Strikeout=False
	 Color=LL.Color.Black
	 PitchAndFamily=18
	 OutPrecision=3
	 }
	Align=0
	Adjusted=False
	Uneraseable=False
	LineWrap=0
	PageWrapAllowed=False
	ForceWrap=False
	SpaceOptimization=True
	Spacing.Paragraph=0
	Spacing.Line=0
	OutputFormatter=
	Condition=True
	Text=FStr$(RENr,"######")
	Tab=0
	TabAlign=0
	}
   }
  }
[Object]
 ObjectID=1
 ObjectName=Text
 Locked=FALSE
 LinkID=9
 LinkToID=0
 LinkMode=32
 LinkTest=-22216
 LayerID=0
 GroupID=0
 Identifier=
 Condition=True
 UserLocked=False
 WrapBefore=False
 ExportAsPicture=False
 Position/Left=118800
 Position/Top=49300
 Position/Width=87900
 Position/Height=23500
 Direction=0
 bFill=False
 BkColor=RGB(255,255,255)
 Frame/Layout=0
 Frame/Left/Line=False
 Frame/Top/Line=False
 Frame/Right/Line=False
 Frame/Bottom/Line=False
 PDFLevel=0
 PDFText=
 bPageWrap=False
 bBottomAligned=False
 [@Lines]
  {
  [Lines]
   {
   [Line]
	{
	[Font]
	 {
	 Default=False
	 FaceName="Verdana"
	 GdiCharSet=0
	 Size=9.0
	 Width=0
	 Bold=False
	 Italic=False
	 Underline=False
	 Strikeout=False
	 Color=LL.Color.Black
	 PitchAndFamily=34
	 OutPrecision=3
	 }
	Align=0
	Adjusted=False
	Uneraseable=False
	LineWrap=0
	PageWrapAllowed=False
	ForceWrap=False
	SpaceOptimization=True
	Spacing.Paragraph=0
	Spacing.Line=0
	OutputFormatter=
	Condition=True
	Text=R_Name1
	Tab=0
	TabAlign=0
	}
   [Line]
	{
	[Font]
	 {
	 Default=False
	 FaceName="Verdana"
	 GdiCharSet=0
	 Size=9.0
	 Width=0
	 Bold=False
	 Italic=False
	 Underline=False
	 Strikeout=False
	 Color=LL.Color.Black
	 PitchAndFamily=34
	 OutPrecision=3
	 }
	Align=0
	Adjusted=False
	Uneraseable=False
	LineWrap=0
	PageWrapAllowed=False
	ForceWrap=False
	SpaceOptimization=True
	Spacing.Paragraph=0
	Spacing.Line=0
	OutputFormatter=
	Condition=True
	Text=R_Name2
	Tab=0
	TabAlign=0
	}
   [Line]
	{
	[Font]
	 {
	 Default=False
	 FaceName="Verdana"
	 GdiCharSet=0
	 Size=9.0
	 Width=0
	 Bold=False
	 Italic=False
	 Underline=False
	 Strikeout=False
	 Color=LL.Color.Black
	 PitchAndFamily=34
	 OutPrecision=3
	 }
	Align=0
	Adjusted=False
	Uneraseable=False
	LineWrap=0
	PageWrapAllowed=False
	ForceWrap=False
	SpaceOptimization=True
	Spacing.Paragraph=0
	Spacing.Line=0
	OutputFormatter=
	Condition=True
	Text=R_Name3
	Tab=0
	TabAlign=0
	}
   [Line]
	{
	[Font]
	 {
	 Default=False
	 FaceName="Verdana"
	 GdiCharSet=0
	 Size=9.0
	 Width=0
	 Bold=False
	 Italic=False
	 Underline=False
	 Strikeout=False
	 Color=LL.Color.Black
	 PitchAndFamily=34
	 OutPrecision=3
	 }
	Align=0
	Adjusted=False
	Uneraseable=False
	LineWrap=0
	PageWrapAllowed=False
	ForceWrap=False
	SpaceOptimization=True
	Spacing.Paragraph=0
	Spacing.Line=0
	OutputFormatter=
	Condition=True
	Text=cond(R_Abteilung ="", "Buchhaltung", R_Abteilung)
	Tab=0
	TabAlign=0
	}
   [Line]
	{
	[Font]
	 {
	 Default=False
	 FaceName="Verdana"
	 GdiCharSet=0
	 Size=9.0
	 Width=0
	 Bold=False
	 Italic=False
	 Underline=False
	 Strikeout=False
	 Color=LL.Color.Black
	 PitchAndFamily=34
	 OutPrecision=3
	 }
	Align=0
	Adjusted=False
	Uneraseable=False
	LineWrap=0
	PageWrapAllowed=False
	ForceWrap=False
	SpaceOptimization=True
	Spacing.Paragraph=0
	Spacing.Line=0
	OutputFormatter=
	Condition=True
	Text=cond(R_ZHD="", "", "z. Hd. " + R_ZHD)
	Tab=0
	TabAlign=0
	}
   [Line]
	{
	[Font]
	 {
	 Default=False
	 FaceName="Verdana"
	 GdiCharSet=0
	 Size=9.0
	 Width=0
	 Bold=False
	 Italic=False
	 Underline=False
	 Strikeout=False
	 Color=LL.Color.Black
	 PitchAndFamily=34
	 OutPrecision=3
	 }
	Align=0
	Adjusted=False
	Uneraseable=False
	LineWrap=0
	PageWrapAllowed=False
	ForceWrap=False
	SpaceOptimization=True
	Spacing.Paragraph=0
	Spacing.Line=0
	OutputFormatter=
	Condition=True
	Text=cond(R_Postfach = "", "", "Postfach " + R_Postfach)
	Tab=0
	TabAlign=0
	}
   [Line]
	{
	[Font]
	 {
	 Default=False
	 FaceName="Verdana"
	 GdiCharSet=0
	 Size=9.0
	 Width=0
	 Bold=False
	 Italic=False
	 Underline=False
	 Strikeout=False
	 Color=LL.Color.Black
	 PitchAndFamily=34
	 OutPrecision=3
	 }
	Align=0
	Adjusted=False
	Uneraseable=False
	LineWrap=0
	PageWrapAllowed=False
	ForceWrap=False
	SpaceOptimization=True
	Spacing.Paragraph=0
	Spacing.Line=0
	OutputFormatter=
	Condition=True
	Text=R_Strasse
	Tab=0
	TabAlign=0
	}
   [Line]
	{
	[Font]
	 {
	 Default=False
	 FaceName="Verdana"
	 GdiCharSet=0
	 Size=9.0
	 Width=0
	 Bold=False
	 Italic=False
	 Underline=False
	 Strikeout=False
	 Color=LL.Color.Black
	 PitchAndFamily=34
	 OutPrecision=3
	 }
	Align=0
	Adjusted=False
	Uneraseable=False
	LineWrap=0
	PageWrapAllowed=False
	ForceWrap=False
	SpaceOptimization=True
	Spacing.Paragraph=0
	Spacing.Line=0
	OutputFormatter=
	Condition=True
	Text=PLZOrt
	Tab=0
	TabAlign=0
	}
   }
  }
[Object]
 ObjectID=1
 ObjectName=Text
 Locked=FALSE
 LinkID=11
 LinkToID=0
 LinkMode=32
 LinkTest=-17128
 LayerID=0
 GroupID=0
 Identifier=
 Condition=True
 UserLocked=False
 WrapBefore=False
 ExportAsPicture=False
 Position/Left=118800
 Position/Top=75500
 Position/Width=75800
 Position/Height=8300
 Direction=0
 bFill=False
 BkColor=RGB(255,255,255)
 Frame/Layout=0
 Frame/Left/Line=False
 Frame/Top/Line=False
 Frame/Right/Line=False
 Frame/Bottom/Line=False
 PDFLevel=0
 PDFText=
 bPageWrap=False
 bBottomAligned=False
 [@Lines]
  {
  [Lines]
   {
   [Line]
	{
	[Font]
	 {
	 Default=False
	 FaceName="Verdana"
	 GdiCharSet=0
	 Size=9.0
	 Width=0
	 Bold=False
	 Italic=False
	 Underline=False
	 Strikeout=False
	 Color=LL.Color.Black
	 PitchAndFamily=34
	 OutPrecision=3
	 }
	Align=0
	Adjusted=False
	Uneraseable=False
	LineWrap=0
	PageWrapAllowed=False
	ForceWrap=False
	SpaceOptimization=True
	Spacing.Paragraph=0
	Spacing.Line=0
	OutputFormatter=
	Condition=True
	Text=strOPCopy
	Tab=0
	TabAlign=0
	}
   }
  }
[Object]
 ObjectID=1
 ObjectName=Text
 Locked=FALSE
 LinkID=71
 LinkToID=0
 LinkMode=32
 LinkTest=-12807
 LayerID=0
 GroupID=0
 Identifier=
 Condition=True
 UserLocked=False
 WrapBefore=False
 ExportAsPicture=False
 Position/Left=38200
 Position/Top=49300
 Position/Width=34500
 Position/Height=16800
 Direction=0
 bFill=False
 BkColor=RGB(255,255,255)
 Frame/Layout=0
 Frame/Left/Line=False
 Frame/Top/Line=False
 Frame/Right/Line=False
 Frame/Bottom/Line=False
 PDFLevel=0
 PDFText=
 bPageWrap=False
 bBottomAligned=False
 [@Lines]
  {
  [Lines]
   {
   [Line]
	{
	[Font]
	 {
	 Default=False
	 FaceName="Verdana"
	 GdiCharSet=0
	 Size=9.0
	 Width=0
	 Bold=False
	 Italic=False
	 Underline=False
	 Strikeout=False
	 Color=LL.Color.Black
	 PitchAndFamily=34
	 OutPrecision=3
	 }
	Align=0
	Adjusted=False
	Uneraseable=False
	LineWrap=0
	PageWrapAllowed=False
	ForceWrap=False
	SpaceOptimization=True
	Spacing.Paragraph=0
	Spacing.Line=0
	OutputFormatter=
	Condition=True
	Text="1089/76"
	Tab=0
	TabAlign=0
	}
   [Line]
	{
	[Font]
	 {
	 Default=False
	 FaceName="Verdana"
	 GdiCharSet=0
	 Size=9.0
	 Width=0
	 Bold=False
	 Italic=False
	 Underline=False
	 Strikeout=False
	 Color=LL.Color.Black
	 PitchAndFamily=34
	 OutPrecision=3
	 }
	Align=0
	Adjusted=False
	Uneraseable=False
	LineWrap=0
	PageWrapAllowed=False
	ForceWrap=False
	SpaceOptimization=True
	Spacing.Paragraph=0
	Spacing.Line=0
	OutputFormatter=
	Condition=True
	Text=MWSTNr
	Tab=0
	TabAlign=0
	}
   [Line]
	{
	[Font]
	 {
	 Default=False
	 FaceName="Verdana"
	 GdiCharSet=0
	 Size=9.0
	 Width=0
	 Bold=False
	 Italic=False
	 Underline=False
	 Strikeout=False
	 Color=LL.Color.Black
	 PitchAndFamily=34
	 OutPrecision=3
	 }
	Align=0
	Adjusted=False
	Uneraseable=False
	LineWrap=0
	PageWrapAllowed=False
	ForceWrap=False
	SpaceOptimization=True
	Spacing.Paragraph=0
	Spacing.Line=0
	OutputFormatter=
	Condition=True
	Text=Fak_Dat
	Tab=0
	TabAlign=0
	}
   [Line]
	{
	[Font]
	 {
	 Default=False
	 FaceName="Verdana"
	 GdiCharSet=0
	 Size=9.0
	 Width=0
	 Bold=False
	 Italic=False
	 Underline=False
	 Strikeout=False
	 Color=LL.Color.Black
	 PitchAndFamily=34
	 OutPrecision=3
	 }
	Align=0
	Adjusted=False
	Uneraseable=False
	LineWrap=0
	PageWrapAllowed=False
	ForceWrap=False
	SpaceOptimization=True
	Spacing.Paragraph=0
	Spacing.Line=0
	OutputFormatter=
	Condition=True
	Text=FStr$(Page(),"#####")
	Tab=0
	TabAlign=0
	}
   }
  }
[Object]
 ObjectID=1
 ObjectName=Text
 Locked=FALSE
 LinkID=73
 LinkToID=0
 LinkMode=32
 LinkTest=-27730
 LayerID=0
 GroupID=0
 Identifier=
 Condition=True
 UserLocked=False
 WrapBefore=False
 ExportAsPicture=False
 Position/Left=9800
 Position/Top=49300
 Position/Width=27100
 Position/Height=16900
 Direction=0
 bFill=False
 BkColor=RGB(255,255,255)
 Frame/Layout=0
 Frame/Left/Line=False
 Frame/Top/Line=False
 Frame/Right/Line=False
 Frame/Bottom/Line=False
 PDFLevel=0
 PDFText=
 bPageWrap=False
 bBottomAligned=False
 [@Lines]
  {
  [Lines]
   {
   [Line]
	{
	[Font]
	 {
	 Default=False
	 FaceName="Verdana"
	 GdiCharSet=0
	 Size=9.0
	 Width=0
	 Bold=False
	 Italic=False
	 Underline=False
	 Strikeout=False
	 Color=LL.Color.Black
	 PitchAndFamily=34
	 OutPrecision=3
	 }
	Align=0
	Adjusted=False
	Uneraseable=False
	LineWrap=0
	PageWrapAllowed=False
	ForceWrap=False
	SpaceOptimization=True
	Spacing.Paragraph=0
	Spacing.Line=0
	OutputFormatter=
	Condition=True
	Text="Hr.Reg.Nr."
	Tab=0
	TabAlign=0
	}
   [Line]
	{
	[Font]
	 {
	 Default=False
	 FaceName="Verdana"
	 GdiCharSet=0
	 Size=9.0
	 Width=0
	 Bold=False
	 Italic=False
	 Underline=False
	 Strikeout=False
	 Color=LL.Color.Black
	 PitchAndFamily=34
	 OutPrecision=3
	 }
	Align=0
	Adjusted=False
	Uneraseable=False
	LineWrap=0
	PageWrapAllowed=False
	ForceWrap=False
	SpaceOptimization=True
	Spacing.Paragraph=0
	Spacing.Line=0
	OutputFormatter=
	Condition=True
	Text="MWST-Nr."
	Tab=0
	TabAlign=0
	}
   [Line]
	{
	[Font]
	 {
	 Default=False
	 FaceName="Verdana"
	 GdiCharSet=0
	 Size=9.0
	 Width=0
	 Bold=False
	 Italic=False
	 Underline=False
	 Strikeout=False
	 Color=LL.Color.Black
	 PitchAndFamily=34
	 OutPrecision=3
	 }
	Align=0
	Adjusted=False
	Uneraseable=False
	LineWrap=0
	PageWrapAllowed=False
	ForceWrap=False
	SpaceOptimization=True
	Spacing.Paragraph=0
	Spacing.Line=0
	OutputFormatter=
	Condition=True
	Text="Fakturadatum"
	Tab=0
	TabAlign=0
	}
   [Line]
	{
	[Font]
	 {
	 Default=False
	 FaceName="Verdana"
	 GdiCharSet=0
	 Size=9.0
	 Width=0
	 Bold=False
	 Italic=False
	 Underline=False
	 Strikeout=False
	 Color=LL.Color.Black
	 PitchAndFamily=34
	 OutPrecision=3
	 }
	Align=0
	Adjusted=False
	Uneraseable=False
	LineWrap=0
	PageWrapAllowed=False
	ForceWrap=False
	SpaceOptimization=True
	Spacing.Paragraph=0
	Spacing.Line=0
	OutputFormatter=
	Condition=True
	Text="Seite"
	Tab=0
	TabAlign=0
	}
   }
  }
[Object]
 ObjectID=1
 ObjectName=Text
 Locked=FALSE
 LinkID=75
 LinkToID=0
 LinkMode=32
 LinkTest=-6470
 LayerID=0
 GroupID=0
 Identifier=
 Condition=True
 UserLocked=False
 WrapBefore=False
 ExportAsPicture=False
 Position/Left=9800
 Position/Top=70900
 Position/Width=75800
 Position/Height=4600
 Direction=0
 bFill=False
 BkColor=RGB(255,255,255)
 Frame/Layout=0
 Frame/Left/Line=False
 Frame/Top/Line=False
 Frame/Right/Line=False
 Frame/Bottom/Line=False
 PDFLevel=0
 PDFText=
 bPageWrap=False
 bBottomAligned=False
 [@Lines]
  {
  [Lines]
   {
   [Line]
	{
	[Font]
	 {
	 Default=False
	 FaceName="Verdana"
	 GdiCharSet=0
	 Size=9.0
	 Width=0
	 Bold=False
	 Italic=False
	 Underline=False
	 Strikeout=False
	 Color=LL.Color.Black
	 PitchAndFamily=34
	 OutPrecision=3
	 }
	Align=0
	Adjusted=False
	Uneraseable=False
	LineWrap=0
	PageWrapAllowed=False
	ForceWrap=False
	SpaceOptimization=True
	Spacing.Paragraph=0
	Spacing.Line=0
	OutputFormatter=
	Condition=True
	Text=MDOrt + ", " + Date$(Now(),"%d. %M %y")
	Tab=0
	TabAlign=0
	}
   }
  }
[Object]
 ObjectID=1
 ObjectName=Text
 Locked=FALSE
 LinkID=25
 LinkToID=0
 LinkMode=32
 LinkTest=-16344
 LayerID=0
 GroupID=0
 Identifier=
 Condition=True
 UserLocked=False
 WrapBefore=False
 ExportAsPicture=False
 Position/Left=8500
 Position/Top=160700
 Position/Width=30700
 Position/Height=3870
 Direction=0
 bFill=False
 BkColor=RGB(255,255,255)
 Frame/Layout=0
 Frame/Left/Line=False
 Frame/Top/Line=False
 Frame/Right/Line=False
 Frame/Bottom/Line=False
 PDFLevel=0
 PDFText=
 bPageWrap=False
 bBottomAligned=False
 [@Lines]
  {
  [Lines]
   {
   [Line]
	{
	[Font]
	 {
	 Default=False
	 FaceName="Verdana"
	 GdiCharSet=0
	 Size=9.0
	 Width=0
	 Bold=False
	 Italic=False
	 Underline=False
	 Strikeout=False
	 Color=LL.Color.Black
	 PitchAndFamily=34
	 OutPrecision=3
	 }
	Align=0
	Adjusted=False
	Uneraseable=False
	LineWrap=0
	PageWrapAllowed=False
	ForceWrap=False
	SpaceOptimization=True
	Spacing.Paragraph=0
	Spacing.Line=0
	OutputFormatter=
	Condition=True
	Text="Bankverbindung:"
	Tab=0
	TabAlign=0
	}
   }
  }
[Object]
 ObjectID=1
 ObjectName=Text
 Locked=FALSE
 LinkID=27
 LinkToID=0
 LinkMode=32
 LinkTest=-16730
 LayerID=0
 GroupID=0
 Identifier=
 Condition=True
 UserLocked=False
 WrapBefore=False
 ExportAsPicture=False
 Position/Left=43200
 Position/Top=160700
 Position/Width=119000
 Position/Height=21600
 Direction=0
 bFill=False
 BkColor=RGB(255,255,255)
 Frame/Layout=0
 Frame/Left/Line=False
 Frame/Top/Line=False
 Frame/Right/Line=False
 Frame/Bottom/Line=False
 PDFLevel=0
 PDFText=
 bPageWrap=False
 bBottomAligned=False
 [@Lines]
  {
  [Lines]
   {
   [Line]
	{
	[Font]
	 {
	 Default=False
	 FaceName="Verdana"
	 GdiCharSet=0
	 Size=9.0
	 Width=0
	 Bold=False
	 Italic=False
	 Underline=False
	 Strikeout=False
	 Color=LL.Color.Black
	 PitchAndFamily=34
	 OutPrecision=3
	 }
	Align=0
	Adjusted=False
	Uneraseable=False
	LineWrap=0
	PageWrapAllowed=False
	ForceWrap=False
	SpaceOptimization=True
	Spacing.Paragraph=0
	Spacing.Line=0
	OutputFormatter=
	Condition=True
	Text="Clearingnummer: 78117 "
	Tab=0
	TabAlign=0
	}
   [Line]
	{
	[Font]
	 {
	 Default=False
	 FaceName="Verdana"
	 GdiCharSet=0
	 Size=9.0
	 Width=0
	 Bold=False
	 Italic=False
	 Underline=False
	 Strikeout=False
	 Color=LL.Color.Black
	 PitchAndFamily=34
	 OutPrecision=3
	 }
	Align=0
	Adjusted=False
	Uneraseable=False
	LineWrap=0
	PageWrapAllowed=False
	ForceWrap=False
	SpaceOptimization=True
	Spacing.Paragraph=0
	Spacing.Line=0
	OutputFormatter=
	Condition=True
	Text=ESRBankname
	Tab=0
	TabAlign=0
	}
   [Line]
	{
	[Font]
	 {
	 Default=False
	 FaceName="Verdana"
	 GdiCharSet=0
	 Size=9.0
	 Width=0
	 Bold=False
	 Italic=False
	 Underline=False
	 Strikeout=False
	 Color=LL.Color.Black
	 PitchAndFamily=34
	 OutPrecision=3
	 }
	Align=0
	Adjusted=False
	Uneraseable=False
	LineWrap=0
	PageWrapAllowed=False
	ForceWrap=False
	SpaceOptimization=True
	Spacing.Paragraph=0
	Spacing.Line=0
	OutputFormatter=
	Condition=True
	Text=ESRBankAdresse
	Tab=0
	TabAlign=0
	}
   [Line]
	{
	[Font]
	 {
	 Default=False
	 FaceName="Verdana"
	 GdiCharSet=0
	 Size=9.0
	 Width=0
	 Bold=False
	 Italic=False
	 Underline=False
	 Strikeout=False
	 Color=LL.Color.Black
	 PitchAndFamily=34
	 OutPrecision=3
	 }
	Align=0
	Adjusted=False
	Uneraseable=True
	LineWrap=0
	PageWrapAllowed=False
	ForceWrap=False
	SpaceOptimization=True
	Spacing.Paragraph=0
	Spacing.Line=0
	OutputFormatter=
	Condition=True
	Text="Swift: KBSGCH22"
	Tab=0
	TabAlign=0
	}
   [Line]
	{
	[Font]
	 {
	 Default=False
	 FaceName="Verdana"
	 GdiCharSet=0
	 Size=9.0
	 Width=0
	 Bold=False
	 Italic=False
	 Underline=False
	 Strikeout=False
	 Color=LL.Color.Black
	 PitchAndFamily=34
	 OutPrecision=3
	 }
	Align=0
	Adjusted=False
	Uneraseable=False
	LineWrap=0
	PageWrapAllowed=False
	ForceWrap=False
	SpaceOptimization=True
	Spacing.Paragraph=0
	Spacing.Line=0
	OutputFormatter=
	Condition=True
	Text="Kontonummer: " + dtakontonr
	Tab=0
	TabAlign=0
	}
   [Line]
	{
	[Font]
	 {
	 Default=False
	 FaceName="Verdana"
	 GdiCharSet=0
	 Size=9.0
	 Width=0
	 Bold=False
	 Italic=False
	 Underline=False
	 Strikeout=False
	 Color=LL.Color.Black
	 PitchAndFamily=34
	 OutPrecision=3
	 }
	Align=0
	Adjusted=False
	Uneraseable=False
	LineWrap=0
	PageWrapAllowed=False
	ForceWrap=False
	SpaceOptimization=True
	Spacing.Paragraph=0
	Spacing.Line=0
	OutputFormatter=
	Condition=True
	Text="IBAN: " + ibandta
	Tab=0
	TabAlign=0
	}
   }
  }
[Object]
 ObjectID=1
 ObjectName=Text
 Locked=FALSE
 LinkID=28
 LinkToID=0
 LinkMode=32
 LinkTest=-6675
 LayerID=0
 GroupID=0
 Identifier=
 Condition=True
 UserLocked=False
 WrapBefore=False
 ExportAsPicture=False
 Position/Left=6800
 Position/Top=200800
 Position/Width=50300
 Position/Height=11200
 Direction=0
 bFill=False
 BkColor=RGB(255,255,255)
 Frame/Layout=0
 Frame/Left/Line=False
 Frame/Top/Line=False
 Frame/Right/Line=False
 Frame/Bottom/Line=False
 PDFLevel=0
 PDFText=
 bPageWrap=False
 bBottomAligned=False
 [@Lines]
  {
  [Lines]
   {
   [Line]
	{
	[Font]
	 {
	 Default=False
	 FaceName="Verdana"
	 GdiCharSet=0
	 Size=9.0
	 Width=0
	 Bold=False
	 Italic=False
	 Underline=False
	 Strikeout=False
	 Color=LL.Color.Black
	 PitchAndFamily=34
	 OutPrecision=3
	 }
	Align=0
	Adjusted=False
	Uneraseable=False
	LineWrap=0
	PageWrapAllowed=False
	ForceWrap=False
	SpaceOptimization=True
	Spacing.Paragraph=0
	Spacing.Line=0
	OutputFormatter=
	Condition=True
	Text=ESRBankName
	Tab=0
	TabAlign=0
	}
   [Line]
	{
	[Font]
	 {
	 Default=False
	 FaceName="Verdana"
	 GdiCharSet=0
	 Size=9.0
	 Width=0
	 Bold=False
	 Italic=False
	 Underline=False
	 Strikeout=False
	 Color=LL.Color.Black
	 PitchAndFamily=34
	 OutPrecision=3
	 }
	Align=0
	Adjusted=False
	Uneraseable=False
	LineWrap=0
	PageWrapAllowed=False
	ForceWrap=False
	SpaceOptimization=True
	Spacing.Paragraph=0
	Spacing.Line=0
	OutputFormatter=
	Condition=True
	Text=ESRBankAdresse
	Tab=0
	TabAlign=0
	}
   }
  }
[Object]
 ObjectID=1
 ObjectName=Text
 Locked=FALSE
 LinkID=29
 LinkToID=0
 LinkMode=32
 LinkTest=-31179
 LayerID=0
 GroupID=0
 Identifier=
 Condition=True
 UserLocked=False
 WrapBefore=False
 ExportAsPicture=False
 Position/Left=6800
 Position/Top=215000
 Position/Width=50300
 Position/Height=11200
 Direction=0
 bFill=False
 BkColor=RGB(255,255,255)
 Frame/Layout=0
 Frame/Left/Line=False
 Frame/Top/Line=False
 Frame/Right/Line=False
 Frame/Bottom/Line=False
 PDFLevel=0
 PDFText=
 bPageWrap=False
 bBottomAligned=False
 [@Lines]
  {
  [Lines]
   {
   [Line]
	{
	[Font]
	 {
	 Default=False
	 FaceName="Verdana"
	 GdiCharSet=0
	 Size=9.0
	 Width=0
	 Bold=False
	 Italic=False
	 Underline=False
	 Strikeout=False
	 Color=LL.Color.Black
	 PitchAndFamily=34
	 OutPrecision=3
	 }
	Align=0
	Adjusted=False
	Uneraseable=False
	LineWrap=0
	PageWrapAllowed=False
	ForceWrap=False
	SpaceOptimization=True
	Spacing.Paragraph=0
	Spacing.Line=0
	OutputFormatter=
	Condition=True
	Text=MDName
	Tab=0
	TabAlign=0
	}
   [Line]
	{
	[Font]
	 {
	 Default=False
	 FaceName="Verdana"
	 GdiCharSet=0
	 Size=9.0
	 Width=0
	 Bold=False
	 Italic=False
	 Underline=False
	 Strikeout=False
	 Color=LL.Color.Black
	 PitchAndFamily=34
	 OutPrecision=3
	 }
	Align=0
	Adjusted=False
	Uneraseable=False
	LineWrap=0
	PageWrapAllowed=False
	ForceWrap=False
	SpaceOptimization=True
	Spacing.Paragraph=0
	Spacing.Line=0
	OutputFormatter=
	Condition=True
	Text=MDStrasse
	Tab=0
	TabAlign=0
	}
   [Line]
	{
	[Font]
	 {
	 Default=False
	 FaceName="Verdana"
	 GdiCharSet=0
	 Size=9.0
	 Width=0
	 Bold=False
	 Italic=False
	 Underline=False
	 Strikeout=False
	 Color=LL.Color.Black
	 PitchAndFamily=34
	 OutPrecision=3
	 }
	Align=0
	Adjusted=False
	Uneraseable=False
	LineWrap=0
	PageWrapAllowed=False
	ForceWrap=False
	SpaceOptimization=True
	Spacing.Paragraph=0
	Spacing.Line=0
	OutputFormatter=
	Condition=True
	Text=MDPLZ + " " + MDOrt
	Tab=0
	TabAlign=0
	}
   }
  }
[Object]
 ObjectID=1
 ObjectName=Text
 Locked=FALSE
 LinkID=31
 LinkToID=0
 LinkMode=32
 LinkTest=-24377
 LayerID=0
 GroupID=0
 Identifier=
 Condition=True
 UserLocked=False
 WrapBefore=False
 ExportAsPicture=False
 Position/Left=6800
 Position/Top=260500
 Position/Width=61400
 Position/Height=11200
 Direction=0
 bFill=False
 BkColor=RGB(255,255,255)
 Frame/Layout=0
 Frame/Left/Line=False
 Frame/Top/Line=False
 Frame/Right/Line=False
 Frame/Bottom/Line=False
 PDFLevel=0
 PDFText=
 bPageWrap=False
 bBottomAligned=False
 [@Lines]
  {
  [Lines]
   {
   [Line]
	{
	[Font]
	 {
	 Default=False
	 FaceName="Verdana"
	 GdiCharSet=0
	 Size=9.0
	 Width=0
	 Bold=False
	 Italic=False
	 Underline=False
	 Strikeout=False
	 Color=LL.Color.Black
	 PitchAndFamily=34
	 OutPrecision=3
	 }
	Align=0
	Adjusted=False
	Uneraseable=False
	LineWrap=0
	PageWrapAllowed=False
	ForceWrap=False
	SpaceOptimization=True
	Spacing.Paragraph=0
	Spacing.Line=0
	OutputFormatter=
	Condition=True
	Text=R_Name1
	Tab=0
	TabAlign=0
	}
   [Line]
	{
	[Font]
	 {
	 Default=False
	 FaceName="Verdana"
	 GdiCharSet=0
	 Size=9.0
	 Width=0
	 Bold=False
	 Italic=False
	 Underline=False
	 Strikeout=False
	 Color=LL.Color.Black
	 PitchAndFamily=34
	 OutPrecision=3
	 }
	Align=0
	Adjusted=False
	Uneraseable=False
	LineWrap=0
	PageWrapAllowed=False
	ForceWrap=False
	SpaceOptimization=True
	Spacing.Paragraph=0
	Spacing.Line=0
	OutputFormatter=
	Condition=True
	Text=R_Strasse
	Tab=0
	TabAlign=0
	}
   [Line]
	{
	[Font]
	 {
	 Default=False
	 FaceName="Verdana"
	 GdiCharSet=0
	 Size=9.0
	 Width=0
	 Bold=False
	 Italic=False
	 Underline=False
	 Strikeout=False
	 Color=LL.Color.Black
	 PitchAndFamily=34
	 OutPrecision=3
	 }
	Align=0
	Adjusted=False
	Uneraseable=False
	LineWrap=0
	PageWrapAllowed=False
	ForceWrap=False
	SpaceOptimization=True
	Spacing.Paragraph=0
	Spacing.Line=0
	OutputFormatter=
	Condition=True
	Text=PLZOrt
	Tab=0
	TabAlign=0
	}
   }
  }
[Object]
 ObjectID=1
 ObjectName=Text
 Locked=FALSE
 LinkID=34
 LinkToID=0
 LinkMode=32
 LinkTest=-1189
 LayerID=0
 GroupID=0
 Identifier=RefFoot (41.50mm, 277.50mm, 203.60mm, 282.60mm)
 Condition=True
 UserLocked=False
 WrapBefore=False
 ExportAsPicture=False
 Position/Left=41500
 Position/Top=277500
 Position/Width=162100
 Position/Height=5100
 Direction=0
 bFill=False
 BkColor=RGB(255,255,255)
 Frame/Layout=0
 Frame/Left/Line=False
 Frame/Top/Line=False
 Frame/Right/Line=False
 Frame/Bottom/Line=False
 PDFLevel=0
 PDFText=
 bPageWrap=False
 bBottomAligned=False
 [@Lines]
  {
  [Lines]
   {
   [Line]
	{
	[Font]
	 {
	 Default=False
	 FaceName="OCR-B-10 BT"
	 GdiCharSet=2
	 Size=12
	 Width=0
	 Bold=False
	 Italic=False
	 Underline=False
	 Strikeout=False
	 Color=RGB(0,0,0)
	 PitchAndFamily=0
	 OutPrecision=0
	 }
	Align=2
	Adjusted=False
	Uneraseable=False
	LineWrap=0
	PageWrapAllowed=False
	ForceWrap=False
	SpaceOptimization=True
	Spacing.Paragraph=0
	Spacing.Line=0
	OutputFormatter=
	Condition=True
	Text=RefFootNr
	Tab=0
	TabAlign=0
	}
   }
  }
[Object]
 ObjectID=1
 ObjectName=Text
 Locked=FALSE
 LinkID=36
 LinkToID=0
 LinkMode=32
 LinkTest=-1330
 LayerID=0
 GroupID=0
 Identifier=
 Condition=True
 UserLocked=False
 WrapBefore=False
 ExportAsPicture=False
 Position/Left=67000
 Position/Top=200800
 Position/Width=50300
 Position/Height=11200
 Direction=0
 bFill=False
 BkColor=RGB(255,255,255)
 Frame/Layout=0
 Frame/Left/Line=False
 Frame/Top/Line=False
 Frame/Right/Line=False
 Frame/Bottom/Line=False
 PDFLevel=0
 PDFText=
 bPageWrap=False
 bBottomAligned=False
 [@Lines]
  {
  [Lines]
   {
   [Line]
	{
	[Font]
	 {
	 Default=False
	 FaceName="Verdana"
	 GdiCharSet=0
	 Size=9.0
	 Width=0
	 Bold=False
	 Italic=False
	 Underline=False
	 Strikeout=False
	 Color=LL.Color.Black
	 PitchAndFamily=34
	 OutPrecision=3
	 }
	Align=0
	Adjusted=False
	Uneraseable=False
	LineWrap=0
	PageWrapAllowed=False
	ForceWrap=False
	SpaceOptimization=True
	Spacing.Paragraph=0
	Spacing.Line=0
	OutputFormatter=
	Condition=True
	Text=ESRBankName
	Tab=0
	TabAlign=0
	}
   [Line]
	{
	[Font]
	 {
	 Default=False
	 FaceName="Verdana"
	 GdiCharSet=0
	 Size=9.0
	 Width=0
	 Bold=False
	 Italic=False
	 Underline=False
	 Strikeout=False
	 Color=LL.Color.Black
	 PitchAndFamily=34
	 OutPrecision=3
	 }
	Align=0
	Adjusted=False
	Uneraseable=False
	LineWrap=0
	PageWrapAllowed=False
	ForceWrap=False
	SpaceOptimization=True
	Spacing.Paragraph=0
	Spacing.Line=0
	OutputFormatter=
	Condition=True
	Text=ESRBankAdresse
	Tab=0
	TabAlign=0
	}
   }
  }
[Object]
 ObjectID=1
 ObjectName=Text
 Locked=FALSE
 LinkID=39
 LinkToID=0
 LinkMode=32
 LinkTest=-2419
 LayerID=0
 GroupID=0
 Identifier=
 Condition=True
 UserLocked=False
 WrapBefore=False
 ExportAsPicture=False
 Position/Left=67200
 Position/Top=215000
 Position/Width=50300
 Position/Height=11200
 Direction=0
 bFill=False
 BkColor=RGB(255,255,255)
 Frame/Layout=0
 Frame/Left/Line=False
 Frame/Top/Line=False
 Frame/Right/Line=False
 Frame/Bottom/Line=False
 PDFLevel=0
 PDFText=
 bPageWrap=False
 bBottomAligned=False
 [@Lines]
  {
  [Lines]
   {
   [Line]
	{
	[Font]
	 {
	 Default=False
	 FaceName="Verdana"
	 GdiCharSet=0
	 Size=9.0
	 Width=0
	 Bold=False
	 Italic=False
	 Underline=False
	 Strikeout=False
	 Color=LL.Color.Black
	 PitchAndFamily=34
	 OutPrecision=3
	 }
	Align=0
	Adjusted=False
	Uneraseable=False
	LineWrap=0
	PageWrapAllowed=False
	ForceWrap=False
	SpaceOptimization=True
	Spacing.Paragraph=0
	Spacing.Line=0
	OutputFormatter=
	Condition=True
	Text=MDName
	Tab=0
	TabAlign=0
	}
   [Line]
	{
	[Font]
	 {
	 Default=False
	 FaceName="Verdana"
	 GdiCharSet=0
	 Size=9.0
	 Width=0
	 Bold=False
	 Italic=False
	 Underline=False
	 Strikeout=False
	 Color=LL.Color.Black
	 PitchAndFamily=34
	 OutPrecision=3
	 }
	Align=0
	Adjusted=False
	Uneraseable=False
	LineWrap=0
	PageWrapAllowed=False
	ForceWrap=False
	SpaceOptimization=True
	Spacing.Paragraph=0
	Spacing.Line=0
	OutputFormatter=
	Condition=True
	Text=MDStrasse
	Tab=0
	TabAlign=0
	}
   [Line]
	{
	[Font]
	 {
	 Default=False
	 FaceName="Verdana"
	 GdiCharSet=0
	 Size=9.0
	 Width=0
	 Bold=False
	 Italic=False
	 Underline=False
	 Strikeout=False
	 Color=LL.Color.Black
	 PitchAndFamily=34
	 OutPrecision=3
	 }
	Align=0
	Adjusted=False
	Uneraseable=False
	LineWrap=0
	PageWrapAllowed=False
	ForceWrap=False
	SpaceOptimization=True
	Spacing.Paragraph=0
	Spacing.Line=0
	OutputFormatter=
	Condition=True
	Text=MDPLZ + " " + MDOrt
	Tab=0
	TabAlign=0
	}
   }
  }
[Object]
 ObjectID=1
 ObjectName=Text
 Locked=FALSE
 LinkID=40
 LinkToID=0
 LinkMode=32
 LinkTest=-78
 LayerID=0
 GroupID=0
 Identifier=
 Condition=True
 UserLocked=False
 WrapBefore=False
 ExportAsPicture=False
 Position/Left=131400
 Position/Top=242300
 Position/Width=73200
 Position/Height=21000
 Direction=0
 bFill=False
 BkColor=RGB(255,255,255)
 Frame/Layout=0
 Frame/Left/Line=False
 Frame/Top/Line=False
 Frame/Right/Line=False
 Frame/Bottom/Line=False
 PDFLevel=0
 PDFText=
 bPageWrap=False
 bBottomAligned=False
 [@Lines]
  {
  [Lines]
   {
   [Line]
	{
	[Font]
	 {
	 Default=False
	 FaceName="Verdana"
	 GdiCharSet=0
	 Size=9.0
	 Width=0
	 Bold=False
	 Italic=False
	 Underline=False
	 Strikeout=False
	 Color=LL.Color.Black
	 PitchAndFamily=34
	 OutPrecision=3
	 }
	Align=0
	Adjusted=False
	Uneraseable=False
	LineWrap=1
	PageWrapAllowed=False
	ForceWrap=False
	SpaceOptimization=True
	Spacing.Paragraph=0
	Spacing.Line=0
	OutputFormatter=
	Condition=True
	Text=R_Name1
	Tab=0
	TabAlign=0
	}
   [Line]
	{
	[Font]
	 {
	 Default=False
	 FaceName="Verdana"
	 GdiCharSet=0
	 Size=9.0
	 Width=0
	 Bold=False
	 Italic=False
	 Underline=False
	 Strikeout=False
	 Color=LL.Color.Black
	 PitchAndFamily=34
	 OutPrecision=3
	 }
	Align=0
	Adjusted=False
	Uneraseable=False
	LineWrap=1
	PageWrapAllowed=False
	ForceWrap=False
	SpaceOptimization=True
	Spacing.Paragraph=0
	Spacing.Line=0
	OutputFormatter=
	Condition=True
	Text=R_Strasse
	Tab=0
	TabAlign=0
	}
   [Line]
	{
	[Font]
	 {
	 Default=False
	 FaceName="Verdana"
	 GdiCharSet=0
	 Size=9.0
	 Width=0
	 Bold=False
	 Italic=False
	 Underline=False
	 Strikeout=False
	 Color=LL.Color.Black
	 PitchAndFamily=34
	 OutPrecision=3
	 }
	Align=0
	Adjusted=False
	Uneraseable=False
	LineWrap=1
	PageWrapAllowed=False
	ForceWrap=False
	SpaceOptimization=True
	Spacing.Paragraph=0
	Spacing.Line=0
	OutputFormatter=
	Condition=True
	Text=PLZOrt
	Tab=0
	TabAlign=0
	}
   }
  }
[Object]
 ObjectID=1
 ObjectName=Text
 Locked=FALSE
 LinkID=41
 LinkToID=0
 LinkMode=32
 LinkTest=-6924
 LayerID=0
 GroupID=0
 Identifier=
 Condition=True
 UserLocked=False
 WrapBefore=False
 ExportAsPicture=False
 Position/Left=6800
 Position/Top=252900
 Position/Width=61500
 Position/Height=6400
 Direction=0
 bFill=False
 BkColor=RGB(255,255,255)
 Frame/Layout=0
 Frame/Left/Line=False
 Frame/Top/Line=False
 Frame/Right/Line=False
 Frame/Bottom/Line=False
 PDFLevel=0
 PDFText=
 bPageWrap=False
 bBottomAligned=False
 [@Lines]
  {
  [Lines]
   {
   [Line]
	{
	[Font]
	 {
	 Default=False
	 FaceName="Verdana"
	 GdiCharSet=0
	 Size=8.0
	 Width=0
	 Bold=False
	 Italic=False
	 Underline=False
	 Strikeout=False
	 Color=LL.Color.Black
	 PitchAndFamily=34
	 OutPrecision=3
	 }
	Align=0
	Adjusted=False
	Uneraseable=False
	LineWrap=1
	PageWrapAllowed=False
	ForceWrap=False
	SpaceOptimization=True
	Spacing.Paragraph=0
	Spacing.Line=0
	OutputFormatter=
	Condition=True
	Text=RefNr
	Tab=0
	TabAlign=0
	}
   }
  }
[Object]
 ObjectID=1
 ObjectName=Text
 Locked=FALSE
 LinkID=43
 LinkToID=0
 LinkMode=32
 LinkTest=-16329
 LayerID=0
 GroupID=0
 Identifier=
 Condition=True
 UserLocked=False
 WrapBefore=False
 ExportAsPicture=False
 Position/Left=131300
 Position/Top=225200
 Position/Width=73600
 Position/Height=5100
 Direction=0
 bFill=False
 BkColor=RGB(255,255,255)
 Frame/Layout=0
 Frame/Left/Line=False
 Frame/Top/Line=False
 Frame/Right/Line=False
 Frame/Bottom/Line=False
 PDFLevel=0
 PDFText=
 bPageWrap=False
 bBottomAligned=False
 [@Lines]
  {
  [Lines]
   {
   [Line]
	{
	[Font]
	 {
	 Default=False
	 FaceName="Verdana"
	 GdiCharSet=0
	 Size=8.0
	 Width=0
	 Bold=False
	 Italic=False
	 Underline=False
	 Strikeout=False
	 Color=LL.Color.Black
	 PitchAndFamily=34
	 OutPrecision=3
	 }
	Align=0
	Adjusted=False
	Uneraseable=False
	LineWrap=0
	PageWrapAllowed=False
	ForceWrap=False
	SpaceOptimization=True
	Spacing.Paragraph=0
	Spacing.Line=0
	OutputFormatter=
	Condition=True
	Text=RefNr
	Tab=0
	TabAlign=0
	}
   }
  }
[Object]
 ObjectID=1
 ObjectName=Text
 Locked=FALSE
 LinkID=45
 LinkToID=0
 LinkMode=32
 LinkTest=-20015
 LayerID=0
 GroupID=0
 Identifier=
 Condition=True
 UserLocked=False
 WrapBefore=False
 ExportAsPicture=False
 Position/Left=27500
 Position/Top=234400
 Position/Width=15600
 Position/Height=4300
 Direction=0
 bFill=False
 BkColor=RGB(255,255,255)
 Frame/Layout=0
 Frame/Left/Line=False
 Frame/Top/Line=False
 Frame/Right/Line=False
 Frame/Bottom/Line=False
 PDFLevel=0
 PDFText=
 bPageWrap=False
 bBottomAligned=False
 [@Lines]
  {
  [Lines]
   {
   [Line]
	{
	[Font]
	 {
	 Default=False
	 FaceName="Verdana"
	 GdiCharSet=0
	 Size=9.0
	 Width=0
	 Bold=False
	 Italic=False
	 Underline=False
	 Strikeout=False
	 Color=LL.Color.Black
	 PitchAndFamily=34
	 OutPrecision=3
	 }
	Align=0
	Adjusted=False
	Uneraseable=False
	LineWrap=0
	PageWrapAllowed=False
	ForceWrap=False
	SpaceOptimization=True
	Spacing.Paragraph=0
	Spacing.Line=0
	OutputFormatter=
	Condition=True
	Text=KontoNr
	Tab=0
	TabAlign=0
	}
   }
  }
[Object]
 ObjectID=1
 ObjectName=Text
 Locked=FALSE
 LinkID=49
 LinkToID=0
 LinkMode=32
 LinkTest=-29198
 LayerID=0
 GroupID=0
 Identifier=
 Condition=True
 UserLocked=False
 WrapBefore=False
 ExportAsPicture=False
 Position/Left=89500
 Position/Top=234400
 Position/Width=15600
 Position/Height=4300
 Direction=0
 bFill=False
 BkColor=RGB(255,255,255)
 Frame/Layout=0
 Frame/Left/Line=False
 Frame/Top/Line=False
 Frame/Right/Line=False
 Frame/Bottom/Line=False
 PDFLevel=0
 PDFText=
 bPageWrap=False
 bBottomAligned=False
 [@Lines]
  {
  [Lines]
   {
   [Line]
	{
	[Font]
	 {
	 Default=False
	 FaceName="Verdana"
	 GdiCharSet=0
	 Size=9.0
	 Width=0
	 Bold=False
	 Italic=False
	 Underline=False
	 Strikeout=False
	 Color=LL.Color.Black
	 PitchAndFamily=34
	 OutPrecision=3
	 }
	Align=0
	Adjusted=False
	Uneraseable=False
	LineWrap=0
	PageWrapAllowed=False
	ForceWrap=False
	SpaceOptimization=True
	Spacing.Paragraph=0
	Spacing.Line=0
	OutputFormatter=
	Condition=True
	Text=KontoNr
	Tab=0
	TabAlign=0
	}
   }
  }
[Object]
 ObjectID=1
 ObjectName=Text
 Locked=FALSE
 LinkID=50
 LinkToID=0
 LinkMode=32
 LinkTest=-12260
 LayerID=0
 GroupID=0
 Identifier=Rp1
 Condition=True
 UserLocked=False
 WrapBefore=False
 ExportAsPicture=False
 Position/Left=111200
 Position/Top=242300
 Position/Width=11400
 Position/Height=3800
 Direction=0
 bFill=False
 BkColor=RGB(255,255,255)
 Frame/Layout=0
 Frame/Left/Line=False
 Frame/Top/Line=False
 Frame/Right/Line=False
 Frame/Bottom/Line=False
 PDFLevel=0
 PDFText=
 bPageWrap=False
 bBottomAligned=True
 [@Lines]
  {
  [Lines]
   {
   [Line]
	{
	[Font]
	 {
	 Default=False
	 FaceName="Verdana"
	 GdiCharSet=0
	 Size=9.0
	 Width=0
	 Bold=False
	 Italic=False
	 Underline=False
	 Strikeout=False
	 Color=LL.Color.Black
	 PitchAndFamily=34
	 OutPrecision=3
	 }
	Align=0
	Adjusted=False
	Uneraseable=True
	LineWrap=1
	PageWrapAllowed=False
	ForceWrap=False
	SpaceOptimization=True
	Spacing.Paragraph=0
	Spacing.Line=0
	OutputFormatter=
	Condition=True
	Text=BtrRp
	Tab=0
	TabAlign=0
	}
   }
  }
[Object]
 ObjectID=1
 ObjectName=Text
 Locked=FALSE
 LinkID=51
 LinkToID=0
 LinkMode=32
 LinkTest=-7904
 LayerID=0
 GroupID=0
 Identifier=Fr1
 Condition=True
 UserLocked=False
 WrapBefore=False
 ExportAsPicture=False
 Position/Left=78800
 Position/Top=242300
 Position/Width=22700
 Position/Height=3800
 Direction=0
 bFill=False
 BkColor=RGB(255,255,255)
 Frame/Layout=0
 Frame/Left/Line=False
 Frame/Top/Line=False
 Frame/Right/Line=False
 Frame/Bottom/Line=False
 PDFLevel=0
 PDFText=
 bPageWrap=False
 bBottomAligned=True
 [@Lines]
  {
  [Lines]
   {
   [Line]
	{
	[Font]
	 {
	 Default=False
	 FaceName="Verdana"
	 GdiCharSet=0
	 Size=9.0
	 Width=0
	 Bold=False
	 Italic=False
	 Underline=False
	 Strikeout=False
	 Color=LL.Color.Black
	 PitchAndFamily=34
	 OutPrecision=3
	 }
	Align=2
	Adjusted=False
	Uneraseable=True
	LineWrap=1
	PageWrapAllowed=False
	ForceWrap=False
	SpaceOptimization=True
	Spacing.Paragraph=0
	Spacing.Line=0
	OutputFormatter=
	Condition=True
	Text=left$(fstr$(BtrFr, "------------", 1), 10)
	Tab=0
	TabAlign=0
	}
   }
  }
[Object]
 ObjectID=1
 ObjectName=Text
 Locked=FALSE
 LinkID=52
 LinkToID=0
 LinkMode=32
 LinkTest=-18944
 LayerID=0
 GroupID=0
 Identifier=Rp1
 Condition=True
 UserLocked=False
 WrapBefore=False
 ExportAsPicture=False
 Position/Left=51000
 Position/Top=242300
 Position/Width=11400
 Position/Height=3800
 Direction=0
 bFill=False
 BkColor=RGB(255,255,255)
 Frame/Layout=0
 Frame/Left/Line=False
 Frame/Top/Line=False
 Frame/Right/Line=False
 Frame/Bottom/Line=False
 PDFLevel=0
 PDFText=
 bPageWrap=False
 bBottomAligned=True
 [@Lines]
  {
  [Lines]
   {
   [Line]
	{
	[Font]
	 {
	 Default=False
	 FaceName="Verdana"
	 GdiCharSet=0
	 Size=9.0
	 Width=0
	 Bold=False
	 Italic=False
	 Underline=False
	 Strikeout=False
	 Color=LL.Color.Black
	 PitchAndFamily=34
	 OutPrecision=3
	 }
	Align=0
	Adjusted=False
	Uneraseable=True
	LineWrap=1
	PageWrapAllowed=False
	ForceWrap=False
	SpaceOptimization=True
	Spacing.Paragraph=0
	Spacing.Line=0
	OutputFormatter=
	Condition=True
	Text=BtrRp
	Tab=0
	TabAlign=0
	}
   }
  }
[Object]
 ObjectID=1
 ObjectName=Text
 Locked=FALSE
 LinkID=53
 LinkToID=0
 LinkMode=32
 LinkTest=-29888
 LayerID=0
 GroupID=0
 Identifier=Fr1
 Condition=True
 UserLocked=False
 WrapBefore=False
 ExportAsPicture=False
 Position/Left=17200
 Position/Top=242300
 Position/Width=22700
 Position/Height=3800
 Direction=0
 bFill=False
 BkColor=RGB(255,255,255)
 Frame/Layout=0
 Frame/Left/Line=False
 Frame/Top/Line=False
 Frame/Right/Line=False
 Frame/Bottom/Line=False
 PDFLevel=0
 PDFText=
 bPageWrap=False
 bBottomAligned=True
 [@Lines]
  {
  [Lines]
   {
   [Line]
	{
	[Font]
	 {
	 Default=False
	 FaceName="Verdana"
	 GdiCharSet=0
	 Size=9.0
	 Width=0
	 Bold=False
	 Italic=False
	 Underline=False
	 Strikeout=False
	 Color=LL.Color.Black
	 PitchAndFamily=34
	 OutPrecision=3
	 }
	Align=2
	Adjusted=False
	Uneraseable=True
	LineWrap=1
	PageWrapAllowed=False
	ForceWrap=False
	SpaceOptimization=True
	Spacing.Paragraph=0
	Spacing.Line=0
	OutputFormatter=
	Condition=True
	Text=left$(fstr$(BtrFr, "------------", 1), 10)
	Tab=0
	TabAlign=0
	}
   }
  }
[Object]
 ObjectID=5
 ObjectName=Zeichnung
 Locked=FALSE
 LinkID=2
 LinkToID=0
 LinkMode=32
 LinkTest=-26667
 LayerID=0
 GroupID=0
 Identifier=
 Condition=True
 UserLocked=False
 WrapBefore=False
 Position/Left=164000
 Position/Top=7220
 Position/Width=40000
 Position/Height=11530
 Direction=0
 Frame/Layout=0
 Frame/Left/Line=False
 Frame/Top/Line=False
 Frame/Right/Line=False
 Frame/Bottom/Line=False
 PDFLevel=0
 PDFText=
 Mode=0
 Filename=Logo sw.jpg
 bRelPath=True
 OriginalSize=False
 bIsotropic=True
 Alignment=0
[Object]
 ObjectID=1
 ObjectName=Text
 Locked=FALSE
 LinkID=5
 LinkToID=0
 LinkMode=32
 LinkTest=-32746
 LayerID=0
 GroupID=0
 Identifier=
 Condition=True
 UserLocked=False
 WrapBefore=False
 ExportAsPicture=False
 Position/Left=13100
 Position/Top=183660
 Position/Width=190900
 Position/Height=3490
 Direction=0
 bFill=False
 BkColor=RGB(255,255,255)
 Frame/Layout=0
 Frame/Left/Line=False
 Frame/Top/Line=False
 Frame/Right/Line=False
 Frame/Bottom/Line=False
 PDFLevel=0
 PDFText=
 bPageWrap=False
 bBottomAligned=False
 [@Lines]
  {
  [Lines]
   {
   [Line]
	{
	[Font]
	 {
	 Default=False
	 FaceName="Verdana"
	 GdiCharSet=0
	 Size=7.5
	 Width=0
	 Bold=False
	 Italic=False
	 Underline=False
	 Strikeout=False
	 Color=LL.Color.Black
	 PitchAndFamily=34
	 OutPrecision=3
	 }
	Align=2
	Adjusted=False
	Uneraseable=True
	LineWrap=0
	PageWrapAllowed=False
	ForceWrap=False
	SpaceOptimization=True
	Spacing.Paragraph=0
	Spacing.Line=0
	OutputFormatter=
	Condition=True
	Text=MDName +", " +if(mdname2="","",MDName2+", ")+mdstrasse + ", " + MDLand + "-" + MDPLZ + " " + MDort+", "+"Tel "+mdtelefon + ", "   +MDeMail+", "+ MDHomepage
	Tab=0
	TabAlign=0
	}
   }
  }
[Object]
 ObjectID=3
 ObjectName=Linie
 Locked=FALSE
 LinkID=12
 LinkToID=0
 LinkMode=32
 LinkTest=-1877
 LayerID=0
 GroupID=0
 Identifier=
 Condition=True
 UserLocked=False
 WrapBefore=False
 ExportAsPicture=False
 Position/Left=194000
 Position/Top=181860
 Position/Width=10000
 Position/Height=0
 Direction=0
 Frame/Layout=0
 Frame/Left/Line=False
 Frame/Top/Line=False
 Frame/Right/Line=False
 Frame/Bottom/Line=False
 PDFLevel=0
 PDFText=
 FgColor=RGB(0,0,0)
 LineType=0
 Width=1000
 LineDirection=2
[Object]
 ObjectID=1
 ObjectName=Text
 Locked=FALSE
 LinkID=4
 LinkToID=0
 LinkMode=32
 LinkTest=-26986
 LayerID=0
 GroupID=0
 Identifier=
 Condition=True
 UserLocked=False
 WrapBefore=False
 ExportAsPicture=False
 Position/Left=8500
 Position/Top=149500
 Position/Width=190600
 Position/Height=11360
 Direction=0
 bFill=False
 BkColor=RGB(255,255,255)
 Frame/Layout=0
 Frame/Left/Line=False
 Frame/Top/Line=False
 Frame/Right/Line=False
 Frame/Bottom/Line=False
 PDFLevel=0
 PDFText=
 bPageWrap=False
 bBottomAligned=False
 [@Lines]
  {
  [Lines]
   {
   [Line]
	{
	[Font]
	 {
	 Default=False
	 FaceName="Verdana"
	 GdiCharSet=0
	 Size=9.0
	 Width=0
	 Bold=False
	 Italic=False
	 Underline=False
	 Strikeout=False
	 Color=LL.Color.Black
	 PitchAndFamily=34
	 OutPrecision=3
	 }
	Align=0
	Adjusted=False
	Uneraseable=False
	LineWrap=0
	PageWrapAllowed=False
	ForceWrap=False
	SpaceOptimization=True
	Spacing.Paragraph=0
	Spacing.Line=0
	OutputFormatter=
	Condition=True
	Text=cond(page()=1,cond(zahlkond ="","Zahlungskondition: Zahlbar innert 10 Tagen rein netto.", "Zahlungskondition: Zahlbar innert " +zahlkond + " rein netto.") ,"")
	Tab=0
	TabAlign=0
	}
   [Line]
	{
	[Font]
	 {
	 Default=False
	 FaceName="Verdana"
	 GdiCharSet=0
	 Size=9.0
	 Width=0
	 Bold=False
	 Italic=False
	 Underline=False
	 Strikeout=False
	 Color=LL.Color.Black
	 PitchAndFamily=34
	 OutPrecision=3
	 }
	Align=0
	Adjusted=False
	Uneraseable=False
	LineWrap=0
	PageWrapAllowed=False
	ForceWrap=False
	SpaceOptimization=True
	Spacing.Paragraph=0
	Spacing.Line=0
	OutputFormatter=
	Condition=True
	Text=cond(page()=1,"Bitte prfen Sie die Rechnung, Beanstandungen knnen wir nur bis 10 Tage ab Rechungsdatum akzeptieren.","")
	Tab=0
	TabAlign=0
	}
   [Line]
	{
	[Font]
	 {
	 Default=False
	 FaceName="Verdana"
	 GdiCharSet=0
	 Size=9.0
	 Width=0
	 Bold=False
	 Italic=False
	 Underline=False
	 Strikeout=False
	 Color=LL.Color.Black
	 PitchAndFamily=34
	 OutPrecision=3
	 }
	Align=0
	Adjusted=False
	Uneraseable=False
	LineWrap=0
	PageWrapAllowed=False
	ForceWrap=False
	SpaceOptimization=True
	Spacing.Paragraph=0
	Spacing.Line=0
	OutputFormatter=
	Condition=True
	Text=cond(page()=1,"Besten Dank fr Ihren Auftrag.","")
	Tab=0
	TabAlign=0
	}
   }
  }
[UserVariables]
[Parameters]
 [@Parameters]
  {
  [Parameters]
   {
   LL.ProjectDescription=Individuelle Rechnungen
   }
  }
[UsedIdentifiers]
 Variables=BetragEx;BetragInk;BtrFr;BtrRp;Currency;DTAKontoNr;ESRBankAdresse;ESRBankname;Fak_Dat;IBANDTA;IndBetragEx;KontoNr;MDeMail;MDHomepage;MDLand;MDName;MDName2;MDOrt;MDPLZ;MDStrasse;MDTelefon;MWST1;MwStNr;MWSTProz;PLZOrt;R_Abteilung;R_Name1;R_Name2;R_Name3;R_Postfach;R_Strasse;R_ZHD;RE_HeadText;RE_Text;RefFootNr;RefNr;RENr;strOPCopy
