[List description]
[Description]
 Text=Liste der Kassenabrechnung
 FileVersion=8
 Units=SCM-Units
 Metric=3
 TextQuote.Start=1
 TextQuote.End=1
 RepresentationCode.CondStart=171
 RepresentationCode.CondSep=166
 RepresentationCode.CondEnd=187
 RepresentationCode.Tab=247
 RepresentationCode.Ret=182
 RepresentationCode.PhantomSpace=2
 RepresentationCode.LockNextChar=3
 RepresentationCode.ExprSep=164
 LCID=1024
 Created=<unknown>
 CreatedByApp=<unknown>
 CreatedByDLL=<unknown>
 CreatedByUser=<unknown>
 LastModified=<unknown>
 LastModifiedByApp=<unknown>
 LastModifiedByDLL=<unknown>
 LastModifiedByUser=<unknown>
 CreatedByCallFrom=<unknown>
[Layout]
 P1.Template=
 P2.Template=
 xOffset=0
 yOffset=0
 xSize=209990
 ySize=296990
 P1.xOffset=0
 P1.yOffset=0
 P1.xSize=209990
 P1.ySize=296990
 P2.xOffset=0
 P2.yOffset=0
 P2.xSize=209990
 P2.ySize=296990
 P1.nPaperFormat=9
 P1.xPaperSize=210020
 P1.yPaperSize=297010
 P1.ForcePaperFormat=FALSE
 P2.nPaperFormat=9
 P2.xPaperSize=210020
 P2.yPaperSize=297010
 P2.ForcePaperFormat=FALSE
 xGrid=1000
 yGrid=1000
 GridShow=TRUE
 GridSnap=FALSE
 PhysicalPage=TRUE
 P1.PhysicalPage=TRUE
 P2.PhysicalPage=TRUE
 Orientation=1
 P1.Orientation=1
 P2.Orientation=1
 EnhancedExpressions=TRUE
 EnhancedOldExpressions=FALSE
 Decimals=2
 DefFont={(0,0,0),10.000000,-13,0,0,0,400,0,0,0,0,3,2,1,34,Arial}
 HelpLines.Horizontal=
 HelpLines.Vertical=
 PDF.MaxOutlineDepth=2
 DefaultSize.Objecttype1=(0,0,26050,6920)
 DefaultSize.Objecttype3=(0,0,4200,1800)
 DefaultSize.Objecttype6=(0,0,195470,255170)
 ObjectCount=7
[UserSection]

[SumVariables]
 Sum1=@GTBetrag;F;BetragInk
 Sum2=@SBetrag;T;BetragInk
 Sum3=@TBetrag;F;BetragInk
[Layer]
 Name=Basis
 Condition=
 WorkspaceColor=(0,0,0)
 Visible=TRUE
 LayerID=0
[Layer]
 Name=Erste Seite
 Condition=Page() = 1
 WorkspaceColor=(0,128,64)
 Visible=TRUE
 LayerID=1
[Layer]
 Name=Folgeseiten
 Condition=Page() <> 1
 WorkspaceColor=(0,0,255)
 Visible=TRUE
 LayerID=2
[ProjectTemplates]
 [@ProjectTemplates]
  {
  [ProjectTemplates]
   {
   }
  }
[Object]
 ObjectID=1
 ObjectName=Text
 Locked=FALSE
 LinkID=1
 LinkToID=0
 LinkMode=32
 LinkTest=-7328
 LayerID=0
 GroupID=0
 Identifier=
 Condition=True
 UserLocked=False
 WrapBefore=False
 ExportAsPicture=False
 Position/Left=7200
 Position/Top=7800
 Position/Width=66110
 Position/Height=5200
 Direction=0
 bFill=0
 BkColor=RGB(255,255,255)
 Frame/Layout=0
 Frame/Left/Line=False
 Frame/Top/Line=False
 Frame/Right/Line=False
 Frame/Bottom/Line=False
 bPageBreak=False
 bBottomAligned=False
 [@Lines]
  {
  [Lines]
   {
   [Line]
	{
	[Font]
	 {
	 Default=False
	 FaceName="Arial"
	 GdiCharSet=0
	 Size=12.0
	 Width=0
	 Bold=True
	 Italic=True
	 Underline=False
	 Strikeout=False
	 Color=LL.Color.Black
	 PitchAndFamily=34
	 OutPrecision=3
	 }
	Align=0
	Adjusted=False
	Uneraseable=False
	LineWrap=0
	PageWrapAllowed=False
	ForceWrap=False
	SpaceOptimization=True
	Spacing.Paragraph=0
	Spacing.Line=0
	OutputFormatter=
	Condition=True
	Text="Kassenabrechnung " + SelFiliale
	Tab=0
	TabAlign=0
	}
   }
  }
[Object]
 ObjectID=6
 ObjectName=Tabelle
 Locked=FALSE
 LinkID=9
 LinkToID=0
 LinkMode=32
 LinkTest=-16477
 LayerID=0
 GroupID=0
 Identifier=
 Condition=True
 UserLocked=False
 WrapBefore=False
 Position/Left=7200
 Position/Top=30500
 Position/Width=195470
 Position/Height=255170
 Direction=0
 bFooterOnBottom=False
 bFillBottom=False
 DefaultFont/Default=True
 DefaultFont/FaceName="Arial"
 DefaultFont/GdiCharSet=0
 DefaultFont/Size=10.0
 DefaultFont/Width=0
 DefaultFont/Bold=False
 DefaultFont/Italic=False
 DefaultFont/Underline=False
 DefaultFont/Strikeout=False
 DefaultFont/Color=LL.Color.Black
 DefaultFont/PitchAndFamily=34
 DefaultFont/OutPrecision=3
 FgColor=RGB(64,64,64)
 bFill=0
 Raster=1
 BkColor=RGB(255,255,255)
 BkColor3=LL.Color.White
 BkColor2=LL.Color.White
 BkColor.Alpha=50
 ColumnCount=1
 ColumnCount.Distance=0
 [@Tables]
  {
  [Tables]
   {
   [Table]
	{
	TableType=List
	TableID=
	RelationID=
	Identifier=
	[GroupHeaderLines]
	 {
	 bConcatDataLines=True
	 }
	[GroupFooterLines]
	 {
	 bAlsoOnEmptyGroup=False
	 }
	[DataLines]
	 {
	 bKeepTogether=True
	 bSuppress=False
	 bForceSumCalculation=False
	 }
	ZebraPattern=0
	[ZebraPattern]
	 {
	 Pattern=6
	 Color=RGB(0,0,0)
	 Color3=LL.Color.White
	 Color2=LL.Color.White
	 Color.Alpha=50
	 }
	[FooterLines]
	 {
	 bKeepTogether=False
	 }
	PageBreakCondition=False
	[DefaultFrame]
	 {
	 Layout=1
	 [Left]
	  {
	  Line=True
	  [Line]
	   {
	   Color=LL.Color.Black
	   LineType=0
	   }
	  LineWidth=0
	  }
	 [Top]
	  {
	  Line=True
	  [Line]
	   {
	   Color=LL.Color.Black
	   LineType=0
	   }
	  LineWidth=0
	  }
	 [Right]
	  {
	  Line=True
	  [Line]
	   {
	   Color=LL.Color.Black
	   LineType=0
	   }
	  LineWidth=0
	  }
	 [Bottom]
	  {
	  Line=True
	  [Line]
	   {
	   Color=LL.Color.Black
	   LineType=0
	   }
	  LineWidth=0
	  }
	 }
	ColumnCount=0
	ColumnCount.Distance=0
	ColumnBreakCondition=False
	ColumnBreakBefore=False
	[Body]
	 {
	 [Lines]
	  {
	  [Line]
	   {
	   [Columns]
		{
		[Column]
		 {
		 Identifier=
		 OutputFormatter=
		 Text=FStr$(BelegNr,"########", 1)
		 Width=15000
		 Height=10000
		 FixedHeight=0
		 bIsotropic=True
		 PlainTextFormat=True
		 Align=2
		 AlignDecPosition=-10000
		 VAlign=1
		 Adjusted=False
		 LineWrap=0
		 ForceWrap=False
		 Spacing.Line=0
		 bFill=1
		 Raster=if(betragink > 0, 1, 0)
		 BkColor=LL.Color.Thistle
		 BkColor3=LL.Color.White
		 BkColor2=LL.Color.White
		 BkColor.Alpha=50
		 FgColor=RGB(0,0,0)
		 SpaceOptimization=False
		 Link.URL=
		 WithText=False
		 [Frame]
		  {
		  Default=False
		  Layout=1
		  [Left]
		   {
		   Spacing=1000
		   Line=True
		   [Line]
			{
			Color=RGB(64,64,64)
			LineType=0
			}
		   LineWidth=0
		   }
		  [Top]
		   {
		   Spacing=500
		   Line=False
		   }
		  [Right]
		   {
		   Spacing=1000
		   Line=False
		   }
		  [Bottom]
		   {
		   Spacing=500
		   Line=False
		   }
		  }
		 [Font]
		  {
		  Default=False
		  FaceName="Arial"
		  GdiCharSet=0
		  Size=8.0
		  Width=0
		  Bold=False
		  Italic=False
		  Underline=False
		  Strikeout=False
		  Color=LL.Color.Black
		  PitchAndFamily=34
		  OutPrecision=3
		  }
		 Direction=0
		 BarWidth=0
		 [BarWidth]
		  {
		  Align=0
		  }
		 BarRatio=0
		 ExportAsPicture=False
		 Condition=True
		 }
		[Column]
		 {
		 Identifier=
		 OutputFormatter=
		 Text=date$(OutDate)
		 Width=15000
		 Height=10000
		 FixedHeight=0
		 bIsotropic=True
		 PlainTextFormat=True
		 Align=0
		 AlignDecPosition=-10000
		 VAlign=1
		 Adjusted=False
		 LineWrap=0
		 ForceWrap=False
		 Spacing.Line=0
		 bFill=1
		 Raster=if(betragink > 0, 1, 0)
		 BkColor=LL.Color.Thistle
		 BkColor3=LL.Color.White
		 BkColor2=LL.Color.White
		 BkColor.Alpha=50
		 FgColor=RGB(0,0,0)
		 SpaceOptimization=False
		 Link.URL=
		 WithText=False
		 [Frame]
		  {
		  Default=False
		  Layout=1
		  [Left]
		   {
		   Spacing=1000
		   Line=True
		   [Line]
			{
			Color=RGB(64,64,64)
			LineType=0
			}
		   LineWidth=0
		   }
		  [Top]
		   {
		   Spacing=500
		   Line=False
		   }
		  [Right]
		   {
		   Spacing=1000
		   Line=False
		   }
		  [Bottom]
		   {
		   Spacing=500
		   Line=False
		   }
		  }
		 [Font]
		  {
		  Default=False
		  FaceName="Arial"
		  GdiCharSet=0
		  Size=8.0
		  Width=0
		  Bold=False
		  Italic=False
		  Underline=False
		  Strikeout=False
		  Color=LL.Color.Black
		  PitchAndFamily=34
		  OutPrecision=3
		  }
		 Direction=0
		 BarWidth=0
		 [BarWidth]
		  {
		  Align=0
		  }
		 BarRatio=0
		 ExportAsPicture=False
		 Condition=True
		 }
		[Column]
		 {
		 Identifier=
		 OutputFormatter=
		 Text=fstr$(BetragInk, "---,---,---,---,---,--&.&&", 1)
		 Width=20000
		 Height=10000
		 FixedHeight=0
		 bIsotropic=True
		 PlainTextFormat=True
		 Align=2
		 AlignDecPosition=-10000
		 VAlign=0
		 Adjusted=False
		 LineWrap=0
		 ForceWrap=False
		 Spacing.Line=0
		 bFill=1
		 Raster=if(betragink > 0, 1, 0)
		 BkColor=LL.Color.Thistle
		 BkColor3=LL.Color.White
		 BkColor2=LL.Color.White
		 BkColor.Alpha=50
		 FgColor=RGB(0,0,0)
		 SpaceOptimization=False
		 Link.URL=
		 WithText=False
		 [Frame]
		  {
		  Default=False
		  Layout=1
		  [Left]
		   {
		   Spacing=1000
		   Line=True
		   [Line]
			{
			Color=RGB(64,64,64)
			LineType=0
			}
		   LineWidth=0
		   }
		  [Top]
		   {
		   Spacing=500
		   Line=False
		   }
		  [Right]
		   {
		   Spacing=1000
		   Line=False
		   }
		  [Bottom]
		   {
		   Spacing=500
		   Line=False
		   }
		  }
		 [Font]
		  {
		  Default=False
		  FaceName="Arial"
		  GdiCharSet=0
		  Size=8.0
		  Width=0
		  Bold=False
		  Italic=False
		  Underline=False
		  Strikeout=False
		  Color=LL.Color.Black
		  PitchAndFamily=34
		  OutPrecision=3
		  }
		 Direction=0
		 BarWidth=0
		 [BarWidth]
		  {
		  Align=0
		  }
		 BarRatio=0
		 ExportAsPicture=False
		 Condition=True
		 }
		[Column]
		 {
		 Identifier=
		 OutputFormatter=
		 Text=Fstr$(SKonto, "########", 1)
		 Width=15000
		 Height=10000
		 FixedHeight=0
		 bIsotropic=True
		 PlainTextFormat=True
		 Align=0
		 AlignDecPosition=-10000
		 VAlign=1
		 Adjusted=False
		 LineWrap=0
		 ForceWrap=False
		 Spacing.Line=0
		 bFill=1
		 Raster=if(betragink > 0, 1, 0)
		 BkColor=LL.Color.Thistle
		 BkColor3=LL.Color.White
		 BkColor2=LL.Color.White
		 BkColor.Alpha=50
		 FgColor=RGB(0,0,0)
		 SpaceOptimization=False
		 Link.URL=
		 WithText=False
		 [Frame]
		  {
		  Default=False
		  Layout=1
		  [Left]
		   {
		   Spacing=1000
		   Line=True
		   [Line]
			{
			Color=RGB(64,64,64)
			LineType=0
			}
		   LineWidth=0
		   }
		  [Top]
		   {
		   Spacing=500
		   Line=False
		   }
		  [Right]
		   {
		   Spacing=1000
		   Line=False
		   }
		  [Bottom]
		   {
		   Spacing=500
		   Line=False
		   }
		  }
		 [Font]
		  {
		  Default=False
		  FaceName="Arial"
		  GdiCharSet=0
		  Size=8.0
		  Width=0
		  Bold=False
		  Italic=False
		  Underline=False
		  Strikeout=False
		  Color=LL.Color.Black
		  PitchAndFamily=34
		  OutPrecision=3
		  }
		 Direction=0
		 BarWidth=0
		 [BarWidth]
		  {
		  Align=0
		  }
		 BarRatio=0
		 ExportAsPicture=False
		 Condition=True
		 }
		[Column]
		 {
		 Identifier=
		 OutputFormatter=
		 Text=Fstr$(HKonto, "########", 1)
		 Width=15000
		 Height=10000
		 FixedHeight=0
		 bIsotropic=True
		 PlainTextFormat=True
		 Align=0
		 AlignDecPosition=-10000
		 VAlign=1
		 Adjusted=False
		 LineWrap=0
		 ForceWrap=False
		 Spacing.Line=0
		 bFill=1
		 Raster=if(betragink > 0, 1, 0)
		 BkColor=LL.Color.Thistle
		 BkColor3=LL.Color.White
		 BkColor2=LL.Color.White
		 BkColor.Alpha=50
		 FgColor=RGB(0,0,0)
		 SpaceOptimization=False
		 Link.URL=
		 WithText=False
		 [Frame]
		  {
		  Default=False
		  Layout=1
		  [Left]
		   {
		   Spacing=1000
		   Line=True
		   [Line]
			{
			Color=RGB(64,64,64)
			LineType=0
			}
		   LineWidth=0
		   }
		  [Top]
		   {
		   Spacing=500
		   Line=False
		   }
		  [Right]
		   {
		   Spacing=1000
		   Line=False
		   }
		  [Bottom]
		   {
		   Spacing=500
		   Line=False
		   }
		  }
		 [Font]
		  {
		  Default=False
		  FaceName="Arial"
		  GdiCharSet=0
		  Size=8.0
		  Width=0
		  Bold=False
		  Italic=False
		  Underline=False
		  Strikeout=False
		  Color=LL.Color.Black
		  PitchAndFamily=34
		  OutPrecision=3
		  }
		 Direction=0
		 BarWidth=0
		 [BarWidth]
		  {
		  Align=0
		  }
		 BarRatio=0
		 ExportAsPicture=False
		 Condition=True
		 }
		[Column]
		 {
		 Identifier=
		 OutputFormatter=
		 Text=Bemerk_1
		 Width=20000
		 Height=10000
		 FixedHeight=0
		 bIsotropic=True
		 PlainTextFormat=True
		 Align=0
		 AlignDecPosition=-10000
		 VAlign=1
		 Adjusted=False
		 LineWrap=0
		 ForceWrap=False
		 Spacing.Line=0
		 bFill=1
		 Raster=if(betragink > 0, 1, 0)
		 BkColor=LL.Color.Thistle
		 BkColor3=LL.Color.White
		 BkColor2=LL.Color.White
		 BkColor.Alpha=50
		 FgColor=RGB(0,0,0)
		 SpaceOptimization=False
		 Link.URL=
		 WithText=False
		 [Frame]
		  {
		  Default=False
		  Layout=1
		  [Left]
		   {
		   Spacing=1000
		   Line=True
		   [Line]
			{
			Color=RGB(64,64,64)
			LineType=0
			}
		   LineWidth=0
		   }
		  [Top]
		   {
		   Spacing=500
		   Line=False
		   }
		  [Right]
		   {
		   Spacing=1000
		   Line=False
		   }
		  [Bottom]
		   {
		   Spacing=500
		   Line=False
		   }
		  }
		 [Font]
		  {
		  Default=False
		  FaceName="Arial"
		  GdiCharSet=0
		  Size=8.0
		  Width=0
		  Bold=False
		  Italic=False
		  Underline=False
		  Strikeout=False
		  Color=LL.Color.Black
		  PitchAndFamily=34
		  OutPrecision=3
		  }
		 Direction=0
		 BarWidth=0
		 [BarWidth]
		  {
		  Align=0
		  }
		 BarRatio=0
		 ExportAsPicture=False
		 Condition=True
		 }
		[Column]
		 {
		 Identifier=
		 OutputFormatter=
		 Text=Bemerk_2
		 Width=20000
		 Height=10000
		 FixedHeight=0
		 bIsotropic=True
		 PlainTextFormat=True
		 Align=0
		 AlignDecPosition=-10000
		 VAlign=1
		 Adjusted=False
		 LineWrap=0
		 ForceWrap=False
		 Spacing.Line=0
		 bFill=1
		 Raster=if(betragink > 0, 1, 0)
		 BkColor=LL.Color.Thistle
		 BkColor3=LL.Color.White
		 BkColor2=LL.Color.White
		 BkColor.Alpha=50
		 FgColor=RGB(0,0,0)
		 SpaceOptimization=False
		 Link.URL=
		 WithText=False
		 [Frame]
		  {
		  Default=False
		  Layout=1
		  [Left]
		   {
		   Spacing=1000
		   Line=True
		   [Line]
			{
			Color=RGB(64,64,64)
			LineType=0
			}
		   LineWidth=0
		   }
		  [Top]
		   {
		   Spacing=500
		   Line=False
		   }
		  [Right]
		   {
		   Spacing=1000
		   Line=False
		   }
		  [Bottom]
		   {
		   Spacing=500
		   Line=False
		   }
		  }
		 [Font]
		  {
		  Default=False
		  FaceName="Arial"
		  GdiCharSet=0
		  Size=8.0
		  Width=0
		  Bold=False
		  Italic=False
		  Underline=False
		  Strikeout=False
		  Color=LL.Color.Black
		  PitchAndFamily=34
		  OutPrecision=3
		  }
		 Direction=0
		 BarWidth=0
		 [BarWidth]
		  {
		  Align=0
		  }
		 BarRatio=0
		 ExportAsPicture=False
		 Condition=True
		 }
		[Column]
		 {
		 Identifier=Bemerk_3
		 OutputFormatter=
		 Text=Bemerk_2
		 Width=20000
		 Height=10000
		 FixedHeight=0
		 bIsotropic=True
		 PlainTextFormat=True
		 Align=0
		 AlignDecPosition=-10000
		 VAlign=1
		 Adjusted=False
		 LineWrap=0
		 ForceWrap=False
		 Spacing.Line=0
		 bFill=1
		 Raster=if(betragink > 0, 1, 0)
		 BkColor=LL.Color.Thistle
		 BkColor3=LL.Color.White
		 BkColor2=LL.Color.White
		 BkColor.Alpha=50
		 FgColor=RGB(0,0,0)
		 SpaceOptimization=False
		 Link.URL=
		 WithText=False
		 [Frame]
		  {
		  Default=False
		  Layout=1
		  [Left]
		   {
		   Spacing=1000
		   Line=True
		   [Line]
			{
			Color=RGB(64,64,64)
			LineType=0
			}
		   LineWidth=0
		   }
		  [Top]
		   {
		   Spacing=500
		   Line=False
		   }
		  [Right]
		   {
		   Spacing=1000
		   Line=False
		   }
		  [Bottom]
		   {
		   Spacing=500
		   Line=False
		   }
		  }
		 [Font]
		  {
		  Default=False
		  FaceName="Arial"
		  GdiCharSet=0
		  Size=8.0
		  Width=0
		  Bold=False
		  Italic=False
		  Underline=False
		  Strikeout=False
		  Color=LL.Color.Black
		  PitchAndFamily=34
		  OutPrecision=3
		  }
		 Direction=0
		 BarWidth=0
		 [BarWidth]
		  {
		  Align=0
		  }
		 BarRatio=0
		 ExportAsPicture=False
		 Condition=True
		 }
		[Column]
		 {
		 Identifier=
		 OutputFormatter=
		 Text=Anrede + " " + Vorname + " " + Nachname
		 Width=30000
		 Height=10000
		 FixedHeight=0
		 bIsotropic=True
		 PlainTextFormat=True
		 Align=0
		 AlignDecPosition=-10000
		 VAlign=1
		 Adjusted=False
		 LineWrap=0
		 ForceWrap=False
		 Spacing.Line=0
		 bFill=1
		 Raster=if(betragink > 0, 1, 0)
		 BkColor=LL.Color.Thistle
		 BkColor3=LL.Color.White
		 BkColor2=LL.Color.White
		 BkColor.Alpha=50
		 FgColor=RGB(0,0,0)
		 SpaceOptimization=False
		 Link.URL=
		 WithText=False
		 [Frame]
		  {
		  Default=False
		  Layout=1
		  [Left]
		   {
		   Spacing=1000
		   Line=True
		   [Line]
			{
			Color=RGB(64,64,64)
			LineType=0
			}
		   LineWidth=0
		   }
		  [Top]
		   {
		   Spacing=500
		   Line=False
		   }
		  [Right]
		   {
		   Spacing=1000
		   Line=True
		   [Line]
			{
			Color=RGB(64,64,64)
			LineType=0
			}
		   LineWidth=0
		   }
		  [Bottom]
		   {
		   Spacing=500
		   Line=False
		   }
		  }
		 [Font]
		  {
		  Default=False
		  FaceName="Arial"
		  GdiCharSet=0
		  Size=8.0
		  Width=0
		  Bold=False
		  Italic=False
		  Underline=False
		  Strikeout=False
		  Color=LL.Color.Black
		  PitchAndFamily=34
		  OutPrecision=3
		  }
		 Direction=0
		 BarWidth=0
		 [BarWidth]
		  {
		  Align=0
		  }
		 BarRatio=0
		 ExportAsPicture=False
		 Condition=True
		 }
		[Column]
		 {
		 Identifier=
		 OutputFormatter=
		 Text=Filiale
		 Width=20000
		 Height=10000
		 FixedHeight=0
		 bIsotropic=True
		 PlainTextFormat=True
		 Align=0
		 AlignDecPosition=-10000
		 VAlign=1
		 Adjusted=False
		 LineWrap=0
		 ForceWrap=False
		 Spacing.Line=0
		 bFill=1
		 Raster=if(betragink > 0, 1, 0)
		 BkColor=LL.Color.Thistle
		 BkColor3=LL.Color.White
		 BkColor2=LL.Color.White
		 BkColor.Alpha=50
		 FgColor=RGB(0,0,0)
		 SpaceOptimization=False
		 Link.URL=
		 WithText=False
		 [Frame]
		  {
		  Default=False
		  Layout=1
		  [Left]
		   {
		   Spacing=1000
		   Line=True
		   [Line]
			{
			Color=RGB(64,64,64)
			LineType=0
			}
		   LineWidth=0
		   }
		  [Top]
		   {
		   Spacing=500
		   Line=False
		   }
		  [Right]
		   {
		   Spacing=1000
		   Line=True
		   [Line]
			{
			Color=RGB(64,64,64)
			LineType=0
			}
		   LineWidth=0
		   }
		  [Bottom]
		   {
		   Spacing=500
		   Line=False
		   }
		  }
		 [Font]
		  {
		  Default=False
		  FaceName="Arial"
		  GdiCharSet=0
		  Size=8.0
		  Width=0
		  Bold=False
		  Italic=False
		  Underline=False
		  Strikeout=False
		  Color=LL.Color.Black
		  PitchAndFamily=34
		  OutPrecision=3
		  }
		 Direction=0
		 BarWidth=0
		 [BarWidth]
		  {
		  Align=0
		  }
		 BarRatio=0
		 ExportAsPicture=False
		 Condition=True
		 }
		}
	   [Options]
		{
		Description=Detailzeile
		[LFont]
		 {
		 Default=False
		 FaceName="Arial"
		 GdiCharSet=0
		 Size=10.0
		 Width=0
		 Bold=False
		 Italic=False
		 Underline=False
		 Strikeout=False
		 Color=LL.Color.Black
		 PitchAndFamily=34
		 OutPrecision=3
		 }
		LCondition=True
		DisplayInDesigner=True
		IgnoreEmpty=True
		[ReservedSpace]
		 {
		 Left=0
		 Top=0
		 Right=0
		 Bottom=0
		 }
		}
	   }
	  }
	 [Options]
	  {
	  }
	 }
	[Header]
	 {
	 [Lines]
	  {
	  [Line]
	   {
	   [Columns]
		{
		[Column]
		 {
		 Identifier=
		 OutputFormatter=
		 Text="Belegnr."
		 Width=15000
		 Height=10000
		 FixedHeight=0
		 bIsotropic=True
		 PlainTextFormat=True
		 Align=2
		 AlignDecPosition=-10000
		 VAlign=1
		 Adjusted=False
		 LineWrap=0
		 ForceWrap=False
		 Spacing.Line=0
		 bFill=0
		 Raster=0
		 BkColor=RGB(0,0,0)
		 BkColor3=LL.Color.White
		 BkColor2=LL.Color.White
		 BkColor.Alpha=50
		 FgColor=RGB(0,0,0)
		 SpaceOptimization=False
		 Link.URL=
		 WithText=False
		 [Frame]
		  {
		  Default=False
		  Layout=1
		  [Left]
		   {
		   Spacing=1000
		   Line=True
		   [Line]
			{
			Color=RGB(64,64,64)
			LineType=0
			}
		   LineWidth=0
		   }
		  [Top]
		   {
		   Spacing=500
		   Line=False
		   }
		  [Right]
		   {
		   Spacing=1000
		   Line=False
		   }
		  [Bottom]
		   {
		   Spacing=500
		   Line=True
		   [Line]
			{
			Color=RGB(64,64,64)
			LineType=0
			}
		   LineWidth=500
		   }
		  }
		 [Font]
		  {
		  Default=False
		  FaceName="Arial"
		  GdiCharSet=0
		  Size=8.0
		  Width=0
		  Bold=True
		  Italic=True
		  Underline=False
		  Strikeout=False
		  Color=LL.Color.Black
		  PitchAndFamily=34
		  OutPrecision=3
		  }
		 Direction=0
		 BarWidth=0
		 [BarWidth]
		  {
		  Align=0
		  }
		 BarRatio=0
		 ExportAsPicture=False
		 Condition=True
		 }
		[Column]
		 {
		 Identifier=
		 OutputFormatter=
		 Text="Datum"
		 Width=15000
		 Height=10000
		 FixedHeight=0
		 bIsotropic=True
		 PlainTextFormat=True
		 Align=0
		 AlignDecPosition=-10000
		 VAlign=1
		 Adjusted=False
		 LineWrap=0
		 ForceWrap=False
		 Spacing.Line=0
		 bFill=0
		 Raster=0
		 BkColor=RGB(0,0,0)
		 BkColor3=LL.Color.White
		 BkColor2=LL.Color.White
		 BkColor.Alpha=50
		 FgColor=RGB(0,0,0)
		 SpaceOptimization=False
		 Link.URL=
		 WithText=False
		 [Frame]
		  {
		  Default=False
		  Layout=1
		  [Left]
		   {
		   Spacing=1000
		   Line=True
		   [Line]
			{
			Color=RGB(64,64,64)
			LineType=0
			}
		   LineWidth=0
		   }
		  [Top]
		   {
		   Spacing=500
		   Line=False
		   }
		  [Right]
		   {
		   Spacing=1000
		   Line=False
		   }
		  [Bottom]
		   {
		   Spacing=500
		   Line=True
		   [Line]
			{
			Color=RGB(64,64,64)
			LineType=0
			}
		   LineWidth=500
		   }
		  }
		 [Font]
		  {
		  Default=False
		  FaceName="Arial"
		  GdiCharSet=0
		  Size=8.0
		  Width=0
		  Bold=True
		  Italic=True
		  Underline=False
		  Strikeout=False
		  Color=LL.Color.Black
		  PitchAndFamily=34
		  OutPrecision=3
		  }
		 Direction=0
		 BarWidth=0
		 [BarWidth]
		  {
		  Align=0
		  }
		 BarRatio=0
		 ExportAsPicture=False
		 Condition=True
		 }
		[Column]
		 {
		 Identifier=
		 OutputFormatter=
		 Text="Betrag"
		 Width=20000
		 Height=10000
		 FixedHeight=0
		 bIsotropic=True
		 PlainTextFormat=True
		 Align=0
		 AlignDecPosition=-10000
		 VAlign=1
		 Adjusted=False
		 LineWrap=0
		 ForceWrap=False
		 Spacing.Line=0
		 bFill=0
		 Raster=0
		 BkColor=RGB(0,0,0)
		 BkColor3=LL.Color.White
		 BkColor2=LL.Color.White
		 BkColor.Alpha=50
		 FgColor=RGB(0,0,0)
		 SpaceOptimization=False
		 Link.URL=
		 WithText=False
		 [Frame]
		  {
		  Default=False
		  Layout=1
		  [Left]
		   {
		   Spacing=1000
		   Line=True
		   [Line]
			{
			Color=RGB(64,64,64)
			LineType=0
			}
		   LineWidth=0
		   }
		  [Top]
		   {
		   Spacing=500
		   Line=False
		   }
		  [Right]
		   {
		   Spacing=1000
		   Line=False
		   }
		  [Bottom]
		   {
		   Spacing=500
		   Line=True
		   [Line]
			{
			Color=RGB(64,64,64)
			LineType=0
			}
		   LineWidth=500
		   }
		  }
		 [Font]
		  {
		  Default=False
		  FaceName="Arial"
		  GdiCharSet=0
		  Size=8.0
		  Width=0
		  Bold=True
		  Italic=True
		  Underline=False
		  Strikeout=False
		  Color=LL.Color.Black
		  PitchAndFamily=34
		  OutPrecision=3
		  }
		 Direction=0
		 BarWidth=0
		 [BarWidth]
		  {
		  Align=0
		  }
		 BarRatio=0
		 ExportAsPicture=False
		 Condition=True
		 }
		[Column]
		 {
		 Identifier=
		 OutputFormatter=
		 Text="SKonto"
		 Width=15000
		 Height=10000
		 FixedHeight=0
		 bIsotropic=True
		 PlainTextFormat=True
		 Align=0
		 AlignDecPosition=-10000
		 VAlign=1
		 Adjusted=False
		 LineWrap=0
		 ForceWrap=False
		 Spacing.Line=0
		 bFill=0
		 Raster=0
		 BkColor=RGB(0,0,0)
		 BkColor3=LL.Color.White
		 BkColor2=LL.Color.White
		 BkColor.Alpha=50
		 FgColor=RGB(0,0,0)
		 SpaceOptimization=False
		 Link.URL=
		 WithText=False
		 [Frame]
		  {
		  Default=False
		  Layout=1
		  [Left]
		   {
		   Spacing=1000
		   Line=True
		   [Line]
			{
			Color=RGB(64,64,64)
			LineType=0
			}
		   LineWidth=0
		   }
		  [Top]
		   {
		   Spacing=500
		   Line=False
		   }
		  [Right]
		   {
		   Spacing=1000
		   Line=False
		   }
		  [Bottom]
		   {
		   Spacing=500
		   Line=True
		   [Line]
			{
			Color=RGB(64,64,64)
			LineType=0
			}
		   LineWidth=500
		   }
		  }
		 [Font]
		  {
		  Default=False
		  FaceName="Arial"
		  GdiCharSet=0
		  Size=8.0
		  Width=0
		  Bold=True
		  Italic=True
		  Underline=False
		  Strikeout=False
		  Color=LL.Color.Black
		  PitchAndFamily=34
		  OutPrecision=3
		  }
		 Direction=0
		 BarWidth=0
		 [BarWidth]
		  {
		  Align=0
		  }
		 BarRatio=0
		 ExportAsPicture=False
		 Condition=True
		 }
		[Column]
		 {
		 Identifier=
		 OutputFormatter=
		 Text="HKonto"
		 Width=15000
		 Height=10000
		 FixedHeight=0
		 bIsotropic=True
		 PlainTextFormat=True
		 Align=2
		 AlignDecPosition=-10000
		 VAlign=1
		 Adjusted=False
		 LineWrap=0
		 ForceWrap=False
		 Spacing.Line=0
		 bFill=0
		 Raster=0
		 BkColor=RGB(0,0,0)
		 BkColor3=LL.Color.White
		 BkColor2=LL.Color.White
		 BkColor.Alpha=50
		 FgColor=RGB(0,0,0)
		 SpaceOptimization=False
		 Link.URL=
		 WithText=False
		 [Frame]
		  {
		  Default=False
		  Layout=1
		  [Left]
		   {
		   Spacing=1000
		   Line=True
		   [Line]
			{
			Color=RGB(64,64,64)
			LineType=0
			}
		   LineWidth=0
		   }
		  [Top]
		   {
		   Spacing=500
		   Line=False
		   }
		  [Right]
		   {
		   Spacing=1000
		   Line=False
		   }
		  [Bottom]
		   {
		   Spacing=500
		   Line=True
		   [Line]
			{
			Color=RGB(64,64,64)
			LineType=0
			}
		   LineWidth=500
		   }
		  }
		 [Font]
		  {
		  Default=False
		  FaceName="Arial"
		  GdiCharSet=0
		  Size=8.0
		  Width=0
		  Bold=True
		  Italic=True
		  Underline=False
		  Strikeout=False
		  Color=LL.Color.Black
		  PitchAndFamily=34
		  OutPrecision=3
		  }
		 Direction=0
		 BarWidth=0
		 [BarWidth]
		  {
		  Align=0
		  }
		 BarRatio=0
		 ExportAsPicture=False
		 Condition=True
		 }
		[Column]
		 {
		 Identifier=
		 OutputFormatter=
		 Text="1. Bemerkung"
		 Width=20000
		 Height=10000
		 FixedHeight=0
		 bIsotropic=True
		 PlainTextFormat=True
		 Align=0
		 AlignDecPosition=-10000
		 VAlign=0
		 Adjusted=False
		 LineWrap=0
		 ForceWrap=False
		 Spacing.Line=0
		 bFill=0
		 Raster=0
		 BkColor=RGB(0,0,0)
		 BkColor3=LL.Color.White
		 BkColor2=LL.Color.White
		 BkColor.Alpha=50
		 FgColor=RGB(0,0,0)
		 SpaceOptimization=False
		 Link.URL=
		 WithText=False
		 [Frame]
		  {
		  Default=False
		  Layout=1
		  [Left]
		   {
		   Spacing=1000
		   Line=True
		   [Line]
			{
			Color=RGB(64,64,64)
			LineType=0
			}
		   LineWidth=0
		   }
		  [Top]
		   {
		   Spacing=500
		   Line=False
		   }
		  [Right]
		   {
		   Spacing=1000
		   Line=False
		   }
		  [Bottom]
		   {
		   Spacing=500
		   Line=True
		   [Line]
			{
			Color=RGB(64,64,64)
			LineType=0
			}
		   LineWidth=500
		   }
		  }
		 [Font]
		  {
		  Default=False
		  FaceName="Arial"
		  GdiCharSet=0
		  Size=8.0
		  Width=0
		  Bold=True
		  Italic=True
		  Underline=False
		  Strikeout=False
		  Color=LL.Color.Black
		  PitchAndFamily=34
		  OutPrecision=3
		  }
		 Direction=0
		 BarWidth=0
		 [BarWidth]
		  {
		  Align=0
		  }
		 BarRatio=0
		 ExportAsPicture=False
		 Condition=True
		 }
		[Column]
		 {
		 Identifier=
		 OutputFormatter=
		 Text="2. Bemerkung"
		 Width=20000
		 Height=10000
		 FixedHeight=0
		 bIsotropic=True
		 PlainTextFormat=True
		 Align=0
		 AlignDecPosition=-10000
		 VAlign=0
		 Adjusted=False
		 LineWrap=0
		 ForceWrap=False
		 Spacing.Line=0
		 bFill=0
		 Raster=0
		 BkColor=RGB(0,0,0)
		 BkColor3=LL.Color.White
		 BkColor2=LL.Color.White
		 BkColor.Alpha=50
		 FgColor=RGB(0,0,0)
		 SpaceOptimization=False
		 Link.URL=
		 WithText=False
		 [Frame]
		  {
		  Default=False
		  Layout=1
		  [Left]
		   {
		   Spacing=1000
		   Line=True
		   [Line]
			{
			Color=RGB(64,64,64)
			LineType=0
			}
		   LineWidth=0
		   }
		  [Top]
		   {
		   Spacing=500
		   Line=False
		   }
		  [Right]
		   {
		   Spacing=1000
		   Line=False
		   }
		  [Bottom]
		   {
		   Spacing=500
		   Line=True
		   [Line]
			{
			Color=RGB(64,64,64)
			LineType=0
			}
		   LineWidth=500
		   }
		  }
		 [Font]
		  {
		  Default=False
		  FaceName="Arial"
		  GdiCharSet=0
		  Size=8.0
		  Width=0
		  Bold=True
		  Italic=True
		  Underline=False
		  Strikeout=False
		  Color=LL.Color.Black
		  PitchAndFamily=34
		  OutPrecision=3
		  }
		 Direction=0
		 BarWidth=0
		 [BarWidth]
		  {
		  Align=0
		  }
		 BarRatio=0
		 ExportAsPicture=False
		 Condition=True
		 }
		[Column]
		 {
		 Identifier=
		 OutputFormatter=
		 Text="3. Bemerkung"
		 Width=20000
		 Height=10000
		 FixedHeight=0
		 bIsotropic=True
		 PlainTextFormat=True
		 Align=0
		 AlignDecPosition=-10000
		 VAlign=0
		 Adjusted=False
		 LineWrap=0
		 ForceWrap=False
		 Spacing.Line=0
		 bFill=0
		 Raster=0
		 BkColor=RGB(0,0,0)
		 BkColor3=LL.Color.White
		 BkColor2=LL.Color.White
		 BkColor.Alpha=50
		 FgColor=RGB(0,0,0)
		 SpaceOptimization=False
		 Link.URL=
		 WithText=False
		 [Frame]
		  {
		  Default=False
		  Layout=1
		  [Left]
		   {
		   Spacing=1000
		   Line=True
		   [Line]
			{
			Color=RGB(64,64,64)
			LineType=0
			}
		   LineWidth=0
		   }
		  [Top]
		   {
		   Spacing=500
		   Line=False
		   }
		  [Right]
		   {
		   Spacing=1000
		   Line=False
		   }
		  [Bottom]
		   {
		   Spacing=500
		   Line=True
		   [Line]
			{
			Color=RGB(64,64,64)
			LineType=0
			}
		   LineWidth=500
		   }
		  }
		 [Font]
		  {
		  Default=False
		  FaceName="Arial"
		  GdiCharSet=0
		  Size=8.0
		  Width=0
		  Bold=True
		  Italic=True
		  Underline=False
		  Strikeout=False
		  Color=LL.Color.Black
		  PitchAndFamily=34
		  OutPrecision=3
		  }
		 Direction=0
		 BarWidth=0
		 [BarWidth]
		  {
		  Align=0
		  }
		 BarRatio=0
		 ExportAsPicture=False
		 Condition=True
		 }
		[Column]
		 {
		 Identifier=
		 OutputFormatter=
		 Text="Benutzer"
		 Width=30000
		 Height=10000
		 FixedHeight=0
		 bIsotropic=True
		 PlainTextFormat=True
		 Align=0
		 AlignDecPosition=-10000
		 VAlign=0
		 Adjusted=False
		 LineWrap=0
		 ForceWrap=False
		 Spacing.Line=0
		 bFill=0
		 Raster=0
		 BkColor=RGB(0,0,0)
		 BkColor3=LL.Color.White
		 BkColor2=LL.Color.White
		 BkColor.Alpha=50
		 FgColor=RGB(0,0,0)
		 SpaceOptimization=False
		 Link.URL=
		 WithText=False
		 [Frame]
		  {
		  Default=False
		  Layout=1
		  [Left]
		   {
		   Spacing=1000
		   Line=True
		   [Line]
			{
			Color=RGB(64,64,64)
			LineType=0
			}
		   LineWidth=0
		   }
		  [Top]
		   {
		   Spacing=500
		   Line=False
		   }
		  [Right]
		   {
		   Spacing=1000
		   Line=False
		   }
		  [Bottom]
		   {
		   Spacing=500
		   Line=True
		   [Line]
			{
			Color=RGB(64,64,64)
			LineType=0
			}
		   LineWidth=500
		   }
		  }
		 [Font]
		  {
		  Default=False
		  FaceName="Arial"
		  GdiCharSet=0
		  Size=8.0
		  Width=0
		  Bold=True
		  Italic=True
		  Underline=False
		  Strikeout=False
		  Color=LL.Color.Black
		  PitchAndFamily=34
		  OutPrecision=3
		  }
		 Direction=0
		 BarWidth=0
		 [BarWidth]
		  {
		  Align=0
		  }
		 BarRatio=0
		 ExportAsPicture=False
		 Condition=True
		 }
		[Column]
		 {
		 Identifier=
		 OutputFormatter=
		 Text="Filiale"
		 Width=20000
		 Height=10000
		 FixedHeight=0
		 bIsotropic=True
		 PlainTextFormat=True
		 Align=0
		 AlignDecPosition=-10000
		 VAlign=0
		 Adjusted=False
		 LineWrap=0
		 ForceWrap=False
		 Spacing.Line=0
		 bFill=0
		 Raster=0
		 BkColor=RGB(0,0,0)
		 BkColor3=LL.Color.White
		 BkColor2=LL.Color.White
		 BkColor.Alpha=50
		 FgColor=RGB(0,0,0)
		 SpaceOptimization=False
		 Link.URL=
		 WithText=False
		 [Frame]
		  {
		  Default=False
		  Layout=1
		  [Left]
		   {
		   Spacing=1000
		   Line=True
		   [Line]
			{
			Color=RGB(64,64,64)
			LineType=0
			}
		   LineWidth=0
		   }
		  [Top]
		   {
		   Spacing=500
		   Line=False
		   }
		  [Right]
		   {
		   Spacing=1000
		   Line=True
		   [Line]
			{
			Color=RGB(64,64,64)
			LineType=0
			}
		   LineWidth=0
		   }
		  [Bottom]
		   {
		   Spacing=500
		   Line=True
		   [Line]
			{
			Color=RGB(64,64,64)
			LineType=0
			}
		   LineWidth=500
		   }
		  }
		 [Font]
		  {
		  Default=False
		  FaceName="Arial"
		  GdiCharSet=0
		  Size=8.0
		  Width=0
		  Bold=True
		  Italic=True
		  Underline=False
		  Strikeout=False
		  Color=LL.Color.Black
		  PitchAndFamily=34
		  OutPrecision=3
		  }
		 Direction=0
		 BarWidth=0
		 [BarWidth]
		  {
		  Align=0
		  }
		 BarRatio=0
		 ExportAsPicture=False
		 Condition=True
		 }
		}
	   [Options]
		{
		Description=Zeilendefinition  1
		[LFont]
		 {
		 Default=True
		 }
		LCondition=True
		DisplayInDesigner=True
		IgnoreEmpty=True
		[ReservedSpace]
		 {
		 Left=0
		 Top=0
		 Right=0
		 Bottom=0
		 }
		}
	   }
	  }
	 [Options]
	  {
	  }
	 }
	[Footer]
	 {
	 [Lines]
	  {
	  [Line]
	   {
	   [Columns]
		{
		[Column]
		 {
		 Identifier=
		 OutputFormatter=
		 Text="[" + FStr$(LL.FCountPrintedDataThisPage - 1,"######")  + "] Seitentotal"
		 Width=30000
		 Height=10000
		 FixedHeight=0
		 bIsotropic=True
		 PlainTextFormat=True
		 Align=2
		 AlignDecPosition=-10000
		 VAlign=1
		 Adjusted=True
		 LineWrap=0
		 ForceWrap=False
		 Spacing.Line=0
		 bFill=0
		 Raster=0
		 BkColor=RGB(0,0,0)
		 BkColor3=LL.Color.White
		 BkColor2=LL.Color.White
		 BkColor.Alpha=50
		 FgColor=RGB(0,0,0)
		 SpaceOptimization=False
		 Link.URL=
		 WithText=False
		 [Frame]
		  {
		  Default=False
		  Layout=1
		  [Left]
		   {
		   Spacing=1000
		   Line=True
		   [Line]
			{
			Color=RGB(64,64,64)
			LineType=0
			}
		   LineWidth=0
		   }
		  [Top]
		   {
		   Spacing=500
		   Line=True
		   [Line]
			{
			Color=RGB(64,64,64)
			LineType=0
			}
		   LineWidth=500
		   }
		  [Right]
		   {
		   Spacing=1000
		   Line=False
		   }
		  [Bottom]
		   {
		   Spacing=500
		   Line=True
		   [Line]
			{
			Color=RGB(64,64,64)
			LineType=0
			}
		   LineWidth=0
		   }
		  }
		 [Font]
		  {
		  Default=False
		  FaceName="Arial"
		  GdiCharSet=0
		  Size=8
		  Width=0
		  Bold=False
		  Italic=False
		  Underline=False
		  Strikeout=False
		  Color=RGB(0,0,0)
		  PitchAndFamily=34
		  OutPrecision=3
		  }
		 Direction=0
		 BarWidth=0
		 [BarWidth]
		  {
		  Align=0
		  }
		 BarRatio=0
		 ExportAsPicture=False
		 Condition=True
		 }
		[Column]
		 {
		 Identifier=
		 OutputFormatter=
		 Text=fstr$(@SBetrag, "---,---,---,---,---,---,--&.&&", 1)
		 Width=20000
		 Height=10000
		 FixedHeight=0
		 bIsotropic=True
		 PlainTextFormat=True
		 Align=2
		 AlignDecPosition=-10000
		 VAlign=1
		 Adjusted=True
		 LineWrap=0
		 ForceWrap=False
		 Spacing.Line=0
		 bFill=0
		 Raster=0
		 BkColor=RGB(0,0,0)
		 BkColor3=LL.Color.White
		 BkColor2=LL.Color.White
		 BkColor.Alpha=50
		 FgColor=RGB(0,0,0)
		 SpaceOptimization=False
		 Link.URL=
		 WithText=False
		 [Frame]
		  {
		  Default=False
		  Layout=1
		  [Left]
		   {
		   Spacing=1000
		   Line=False
		   }
		  [Top]
		   {
		   Spacing=500
		   Line=True
		   [Line]
			{
			Color=RGB(64,64,64)
			LineType=0
			}
		   LineWidth=500
		   }
		  [Right]
		   {
		   Spacing=1000
		   Line=False
		   }
		  [Bottom]
		   {
		   Spacing=500
		   Line=True
		   [Line]
			{
			Color=RGB(64,64,64)
			LineType=0
			}
		   LineWidth=0
		   }
		  }
		 [Font]
		  {
		  Default=False
		  FaceName="Arial"
		  GdiCharSet=0
		  Size=8
		  Width=0
		  Bold=False
		  Italic=False
		  Underline=False
		  Strikeout=False
		  Color=RGB(0,0,0)
		  PitchAndFamily=34
		  OutPrecision=3
		  }
		 Direction=0
		 BarWidth=0
		 [BarWidth]
		  {
		  Align=0
		  }
		 BarRatio=0
		 ExportAsPicture=False
		 Condition=True
		 }
		[Column]
		 {
		 Identifier=
		 OutputFormatter=
		 Text=" "
		 Width=15000
		 Height=10000
		 FixedHeight=0
		 bIsotropic=True
		 PlainTextFormat=True
		 Align=0
		 AlignDecPosition=-10000
		 VAlign=0
		 Adjusted=False
		 LineWrap=0
		 ForceWrap=False
		 Spacing.Line=0
		 bFill=0
		 Raster=1
		 BkColor=RGB(255,255,0)
		 BkColor3=LL.Color.White
		 BkColor2=LL.Color.White
		 BkColor.Alpha=50
		 FgColor=RGB(0,0,0)
		 SpaceOptimization=False
		 Link.URL=
		 WithText=False
		 [Frame]
		  {
		  Default=False
		  Layout=1
		  [Left]
		   {
		   Spacing=1000
		   Line=False
		   }
		  [Top]
		   {
		   Spacing=500
		   Line=True
		   [Line]
			{
			Color=RGB(64,64,64)
			LineType=0
			}
		   LineWidth=500
		   }
		  [Right]
		   {
		   Spacing=1000
		   Line=False
		   }
		  [Bottom]
		   {
		   Spacing=500
		   Line=True
		   [Line]
			{
			Color=RGB(64,64,64)
			LineType=0
			}
		   LineWidth=0
		   }
		  }
		 [Font]
		  {
		  Default=False
		  FaceName="Arial"
		  GdiCharSet=0
		  Size=8
		  Width=0
		  Bold=True
		  Italic=False
		  Underline=False
		  Strikeout=False
		  Color=RGB(0,0,0)
		  PitchAndFamily=34
		  OutPrecision=3
		  }
		 Direction=0
		 BarWidth=0
		 [BarWidth]
		  {
		  Align=0
		  }
		 BarRatio=0
		 ExportAsPicture=False
		 Condition=True
		 }
		[Column]
		 {
		 Identifier=
		 OutputFormatter=
		 Text=" "
		 Width=15000
		 Height=10000
		 FixedHeight=0
		 bIsotropic=True
		 PlainTextFormat=True
		 Align=0
		 AlignDecPosition=-10000
		 VAlign=0
		 Adjusted=False
		 LineWrap=0
		 ForceWrap=False
		 Spacing.Line=0
		 bFill=0
		 Raster=1
		 BkColor=RGB(255,255,0)
		 BkColor3=LL.Color.White
		 BkColor2=LL.Color.White
		 BkColor.Alpha=50
		 FgColor=RGB(0,0,0)
		 SpaceOptimization=False
		 Link.URL=
		 WithText=False
		 [Frame]
		  {
		  Default=False
		  Layout=1
		  [Left]
		   {
		   Spacing=1000
		   Line=False
		   }
		  [Top]
		   {
		   Spacing=500
		   Line=True
		   [Line]
			{
			Color=RGB(64,64,64)
			LineType=0
			}
		   LineWidth=500
		   }
		  [Right]
		   {
		   Spacing=1000
		   Line=False
		   }
		  [Bottom]
		   {
		   Spacing=500
		   Line=True
		   [Line]
			{
			Color=RGB(64,64,64)
			LineType=0
			}
		   LineWidth=0
		   }
		  }
		 [Font]
		  {
		  Default=False
		  FaceName="Arial"
		  GdiCharSet=0
		  Size=8
		  Width=0
		  Bold=True
		  Italic=False
		  Underline=False
		  Strikeout=False
		  Color=RGB(0,0,0)
		  PitchAndFamily=34
		  OutPrecision=3
		  }
		 Direction=0
		 BarWidth=0
		 [BarWidth]
		  {
		  Align=0
		  }
		 BarRatio=0
		 ExportAsPicture=False
		 Condition=True
		 }
		[Column]
		 {
		 Identifier=
		 OutputFormatter=
		 Text=" "
		 Width=20000
		 Height=10000
		 FixedHeight=0
		 bIsotropic=True
		 PlainTextFormat=True
		 Align=0
		 AlignDecPosition=-10000
		 VAlign=0
		 Adjusted=False
		 LineWrap=0
		 ForceWrap=False
		 Spacing.Line=0
		 bFill=0
		 Raster=1
		 BkColor=RGB(255,255,0)
		 BkColor3=LL.Color.White
		 BkColor2=LL.Color.White
		 BkColor.Alpha=50
		 FgColor=RGB(0,0,0)
		 SpaceOptimization=False
		 Link.URL=
		 WithText=False
		 [Frame]
		  {
		  Default=False
		  Layout=1
		  [Left]
		   {
		   Spacing=1000
		   Line=False
		   }
		  [Top]
		   {
		   Spacing=500
		   Line=True
		   [Line]
			{
			Color=RGB(64,64,64)
			LineType=0
			}
		   LineWidth=500
		   }
		  [Right]
		   {
		   Spacing=1000
		   Line=False
		   }
		  [Bottom]
		   {
		   Spacing=500
		   Line=True
		   [Line]
			{
			Color=RGB(64,64,64)
			LineType=0
			}
		   LineWidth=0
		   }
		  }
		 [Font]
		  {
		  Default=False
		  FaceName="Arial"
		  GdiCharSet=0
		  Size=8
		  Width=0
		  Bold=True
		  Italic=False
		  Underline=False
		  Strikeout=False
		  Color=RGB(0,0,0)
		  PitchAndFamily=34
		  OutPrecision=3
		  }
		 Direction=0
		 BarWidth=0
		 [BarWidth]
		  {
		  Align=0
		  }
		 BarRatio=0
		 ExportAsPicture=False
		 Condition=True
		 }
		[Column]
		 {
		 Identifier=
		 OutputFormatter=
		 Text=" "
		 Width=20000
		 Height=10000
		 FixedHeight=0
		 bIsotropic=True
		 PlainTextFormat=True
		 Align=0
		 AlignDecPosition=-10000
		 VAlign=0
		 Adjusted=False
		 LineWrap=0
		 ForceWrap=False
		 Spacing.Line=0
		 bFill=0
		 Raster=1
		 BkColor=RGB(255,255,0)
		 BkColor3=LL.Color.White
		 BkColor2=LL.Color.White
		 BkColor.Alpha=50
		 FgColor=RGB(0,0,0)
		 SpaceOptimization=False
		 Link.URL=
		 WithText=False
		 [Frame]
		  {
		  Default=False
		  Layout=1
		  [Left]
		   {
		   Spacing=1000
		   Line=False
		   }
		  [Top]
		   {
		   Spacing=500
		   Line=True
		   [Line]
			{
			Color=RGB(64,64,64)
			LineType=0
			}
		   LineWidth=500
		   }
		  [Right]
		   {
		   Spacing=1000
		   Line=False
		   }
		  [Bottom]
		   {
		   Spacing=500
		   Line=True
		   [Line]
			{
			Color=RGB(64,64,64)
			LineType=0
			}
		   LineWidth=0
		   }
		  }
		 [Font]
		  {
		  Default=False
		  FaceName="Arial"
		  GdiCharSet=0
		  Size=8
		  Width=0
		  Bold=True
		  Italic=False
		  Underline=False
		  Strikeout=False
		  Color=RGB(0,0,0)
		  PitchAndFamily=34
		  OutPrecision=3
		  }
		 Direction=0
		 BarWidth=0
		 [BarWidth]
		  {
		  Align=0
		  }
		 BarRatio=0
		 ExportAsPicture=False
		 Condition=True
		 }
		[Column]
		 {
		 Identifier=
		 OutputFormatter=
		 Text=" "
		 Width=20000
		 Height=10000
		 FixedHeight=0
		 bIsotropic=True
		 PlainTextFormat=True
		 Align=0
		 AlignDecPosition=-10000
		 VAlign=0
		 Adjusted=False
		 LineWrap=0
		 ForceWrap=False
		 Spacing.Line=0
		 bFill=0
		 Raster=1
		 BkColor=RGB(255,255,0)
		 BkColor3=LL.Color.White
		 BkColor2=LL.Color.White
		 BkColor.Alpha=50
		 FgColor=RGB(0,0,0)
		 SpaceOptimization=False
		 Link.URL=
		 WithText=False
		 [Frame]
		  {
		  Default=False
		  Layout=1
		  [Left]
		   {
		   Spacing=1000
		   Line=False
		   }
		  [Top]
		   {
		   Spacing=500
		   Line=True
		   [Line]
			{
			Color=RGB(64,64,64)
			LineType=0
			}
		   LineWidth=500
		   }
		  [Right]
		   {
		   Spacing=1000
		   Line=False
		   }
		  [Bottom]
		   {
		   Spacing=500
		   Line=True
		   [Line]
			{
			Color=RGB(64,64,64)
			LineType=0
			}
		   LineWidth=0
		   }
		  }
		 [Font]
		  {
		  Default=False
		  FaceName="Arial"
		  GdiCharSet=0
		  Size=8
		  Width=0
		  Bold=True
		  Italic=False
		  Underline=False
		  Strikeout=False
		  Color=RGB(0,0,0)
		  PitchAndFamily=34
		  OutPrecision=3
		  }
		 Direction=0
		 BarWidth=0
		 [BarWidth]
		  {
		  Align=0
		  }
		 BarRatio=0
		 ExportAsPicture=False
		 Condition=True
		 }
		[Column]
		 {
		 Identifier=
		 OutputFormatter=
		 Text=" "
		 Width=30000
		 Height=10000
		 FixedHeight=0
		 bIsotropic=True
		 PlainTextFormat=True
		 Align=0
		 AlignDecPosition=-10000
		 VAlign=0
		 Adjusted=False
		 LineWrap=0
		 ForceWrap=False
		 Spacing.Line=0
		 bFill=0
		 Raster=1
		 BkColor=RGB(255,255,0)
		 BkColor3=LL.Color.White
		 BkColor2=LL.Color.White
		 BkColor.Alpha=50
		 FgColor=RGB(0,0,0)
		 SpaceOptimization=False
		 Link.URL=
		 WithText=False
		 [Frame]
		  {
		  Default=False
		  Layout=1
		  [Left]
		   {
		   Spacing=1000
		   Line=False
		   }
		  [Top]
		   {
		   Spacing=500
		   Line=True
		   [Line]
			{
			Color=RGB(64,64,64)
			LineType=0
			}
		   LineWidth=500
		   }
		  [Right]
		   {
		   Spacing=1000
		   Line=False
		   }
		  [Bottom]
		   {
		   Spacing=500
		   Line=True
		   [Line]
			{
			Color=RGB(64,64,64)
			LineType=0
			}
		   LineWidth=0
		   }
		  }
		 [Font]
		  {
		  Default=False
		  FaceName="Arial"
		  GdiCharSet=0
		  Size=8
		  Width=0
		  Bold=True
		  Italic=False
		  Underline=False
		  Strikeout=False
		  Color=RGB(0,0,0)
		  PitchAndFamily=34
		  OutPrecision=3
		  }
		 Direction=0
		 BarWidth=0
		 [BarWidth]
		  {
		  Align=0
		  }
		 BarRatio=0
		 ExportAsPicture=False
		 Condition=True
		 }
		[Column]
		 {
		 Identifier=
		 OutputFormatter=
		 Text=" "
		 Width=20000
		 Height=10000
		 FixedHeight=0
		 bIsotropic=True
		 PlainTextFormat=True
		 Align=0
		 AlignDecPosition=-10000
		 VAlign=0
		 Adjusted=False
		 LineWrap=0
		 ForceWrap=False
		 Spacing.Line=0
		 bFill=0
		 Raster=1
		 BkColor=RGB(255,255,0)
		 BkColor3=LL.Color.White
		 BkColor2=LL.Color.White
		 BkColor.Alpha=50
		 FgColor=RGB(0,0,0)
		 SpaceOptimization=False
		 Link.URL=
		 WithText=False
		 [Frame]
		  {
		  Default=False
		  Layout=1
		  [Left]
		   {
		   Spacing=1000
		   Line=False
		   }
		  [Top]
		   {
		   Spacing=500
		   Line=True
		   [Line]
			{
			Color=RGB(64,64,64)
			LineType=0
			}
		   LineWidth=500
		   }
		  [Right]
		   {
		   Spacing=1000
		   Line=True
		   [Line]
			{
			Color=RGB(64,64,64)
			LineType=0
			}
		   LineWidth=0
		   }
		  [Bottom]
		   {
		   Spacing=500
		   Line=True
		   [Line]
			{
			Color=RGB(64,64,64)
			LineType=0
			}
		   LineWidth=0
		   }
		  }
		 [Font]
		  {
		  Default=False
		  FaceName="Arial"
		  GdiCharSet=0
		  Size=8
		  Width=0
		  Bold=True
		  Italic=False
		  Underline=False
		  Strikeout=False
		  Color=RGB(0,0,0)
		  PitchAndFamily=34
		  OutPrecision=3
		  }
		 Direction=0
		 BarWidth=0
		 [BarWidth]
		  {
		  Align=0
		  }
		 BarRatio=0
		 ExportAsPicture=False
		 Condition=True
		 }
		}
	   [Options]
		{
		Description=Seitentotal
		[LFont]
		 {
		 Default=True
		 }
		LCondition=True
		DisplayInDesigner=True
		IgnoreEmpty=True
		[ReservedSpace]
		 {
		 Left=0
		 Top=0
		 Right=0
		 Bottom=0
		 }
		}
	   }
	  [Line]
	   {
	   [Columns]
		{
		[Column]
		 {
		 Identifier=
		 OutputFormatter=
		 Text="[" + FStr$(LL.CountData,"######")  + "] Totalbetrag" 
		 Width=30000
		 Height=10000
		 FixedHeight=0
		 bIsotropic=True
		 PlainTextFormat=True
		 Align=2
		 AlignDecPosition=-10000
		 VAlign=1
		 Adjusted=True
		 LineWrap=0
		 ForceWrap=False
		 Spacing.Line=0
		 bFill=0
		 Raster=0
		 BkColor=RGB(0,0,0)
		 BkColor3=LL.Color.White
		 BkColor2=LL.Color.White
		 BkColor.Alpha=50
		 FgColor=RGB(0,0,0)
		 SpaceOptimization=False
		 Link.URL=
		 WithText=False
		 [Frame]
		  {
		  Default=False
		  Layout=1
		  [Left]
		   {
		   Spacing=1000
		   Line=True
		   [Line]
			{
			Color=RGB(64,64,64)
			LineType=0
			}
		   LineWidth=0
		   }
		  [Top]
		   {
		   Spacing=500
		   Line=True
		   [Line]
			{
			Color=RGB(64,64,64)
			LineType=0
			}
		   LineWidth=0
		   }
		  [Right]
		   {
		   Spacing=1000
		   Line=False
		   }
		  [Bottom]
		   {
		   Spacing=500
		   Line=True
		   [Line]
			{
			Color=RGB(64,64,64)
			LineType=0
			}
		   LineWidth=200
		   }
		  }
		 [Font]
		  {
		  Default=False
		  FaceName="Arial"
		  GdiCharSet=0
		  Size=8
		  Width=0
		  Bold=False
		  Italic=False
		  Underline=False
		  Strikeout=False
		  Color=RGB(0,0,0)
		  PitchAndFamily=34
		  OutPrecision=3
		  }
		 Direction=0
		 BarWidth=0
		 [BarWidth]
		  {
		  Align=0
		  }
		 BarRatio=0
		 ExportAsPicture=False
		 Condition=True
		 }
		[Column]
		 {
		 Identifier=
		 OutputFormatter=
		 Text=fstr$(@TBetrag, "---,---,---,---,---,---,--&.&&", 1)
		 Width=20000
		 Height=10000
		 FixedHeight=0
		 bIsotropic=True
		 PlainTextFormat=True
		 Align=2
		 AlignDecPosition=-10000
		 VAlign=1
		 Adjusted=True
		 LineWrap=0
		 ForceWrap=False
		 Spacing.Line=0
		 bFill=0
		 Raster=0
		 BkColor=RGB(0,0,0)
		 BkColor3=LL.Color.White
		 BkColor2=LL.Color.White
		 BkColor.Alpha=50
		 FgColor=RGB(0,0,0)
		 SpaceOptimization=False
		 Link.URL=
		 WithText=False
		 [Frame]
		  {
		  Default=False
		  Layout=1
		  [Left]
		   {
		   Spacing=1000
		   Line=False
		   }
		  [Top]
		   {
		   Spacing=500
		   Line=True
		   [Line]
			{
			Color=RGB(64,64,64)
			LineType=0
			}
		   LineWidth=0
		   }
		  [Right]
		   {
		   Spacing=1000
		   Line=False
		   }
		  [Bottom]
		   {
		   Spacing=500
		   Line=True
		   [Line]
			{
			Color=RGB(64,64,64)
			LineType=0
			}
		   LineWidth=200
		   }
		  }
		 [Font]
		  {
		  Default=False
		  FaceName="Arial"
		  GdiCharSet=0
		  Size=8
		  Width=0
		  Bold=False
		  Italic=False
		  Underline=False
		  Strikeout=False
		  Color=RGB(0,0,0)
		  PitchAndFamily=34
		  OutPrecision=3
		  }
		 Direction=0
		 BarWidth=0
		 [BarWidth]
		  {
		  Align=0
		  }
		 BarRatio=0
		 ExportAsPicture=False
		 Condition=True
		 }
		[Column]
		 {
		 Identifier=
		 OutputFormatter=
		 Text=" "
		 Width=15000
		 Height=10000
		 FixedHeight=0
		 bIsotropic=True
		 PlainTextFormat=True
		 Align=0
		 AlignDecPosition=-10000
		 VAlign=0
		 Adjusted=False
		 LineWrap=0
		 ForceWrap=False
		 Spacing.Line=0
		 bFill=0
		 Raster=1
		 BkColor=RGB(255,255,0)
		 BkColor3=LL.Color.White
		 BkColor2=LL.Color.White
		 BkColor.Alpha=50
		 FgColor=RGB(0,0,0)
		 SpaceOptimization=False
		 Link.URL=
		 WithText=False
		 [Frame]
		  {
		  Default=False
		  Layout=1
		  [Left]
		   {
		   Spacing=1000
		   Line=False
		   }
		  [Top]
		   {
		   Spacing=500
		   Line=True
		   [Line]
			{
			Color=RGB(64,64,64)
			LineType=0
			}
		   LineWidth=0
		   }
		  [Right]
		   {
		   Spacing=1000
		   Line=False
		   }
		  [Bottom]
		   {
		   Spacing=500
		   Line=True
		   [Line]
			{
			Color=RGB(64,64,64)
			LineType=0
			}
		   LineWidth=200
		   }
		  }
		 [Font]
		  {
		  Default=False
		  FaceName="Arial"
		  GdiCharSet=0
		  Size=8
		  Width=0
		  Bold=True
		  Italic=False
		  Underline=False
		  Strikeout=False
		  Color=RGB(0,0,0)
		  PitchAndFamily=34
		  OutPrecision=3
		  }
		 Direction=0
		 BarWidth=0
		 [BarWidth]
		  {
		  Align=0
		  }
		 BarRatio=0
		 ExportAsPicture=False
		 Condition=True
		 }
		[Column]
		 {
		 Identifier=
		 OutputFormatter=
		 Text=" "
		 Width=15000
		 Height=10000
		 FixedHeight=0
		 bIsotropic=True
		 PlainTextFormat=True
		 Align=0
		 AlignDecPosition=-10000
		 VAlign=0
		 Adjusted=False
		 LineWrap=0
		 ForceWrap=False
		 Spacing.Line=0
		 bFill=0
		 Raster=1
		 BkColor=RGB(255,255,0)
		 BkColor3=LL.Color.White
		 BkColor2=LL.Color.White
		 BkColor.Alpha=50
		 FgColor=RGB(0,0,0)
		 SpaceOptimization=False
		 Link.URL=
		 WithText=False
		 [Frame]
		  {
		  Default=False
		  Layout=1
		  [Left]
		   {
		   Spacing=1000
		   Line=False
		   }
		  [Top]
		   {
		   Spacing=500
		   Line=True
		   [Line]
			{
			Color=RGB(64,64,64)
			LineType=0
			}
		   LineWidth=0
		   }
		  [Right]
		   {
		   Spacing=1000
		   Line=False
		   }
		  [Bottom]
		   {
		   Spacing=500
		   Line=True
		   [Line]
			{
			Color=RGB(64,64,64)
			LineType=0
			}
		   LineWidth=200
		   }
		  }
		 [Font]
		  {
		  Default=False
		  FaceName="Arial"
		  GdiCharSet=0
		  Size=8
		  Width=0
		  Bold=True
		  Italic=False
		  Underline=False
		  Strikeout=False
		  Color=RGB(0,0,0)
		  PitchAndFamily=34
		  OutPrecision=3
		  }
		 Direction=0
		 BarWidth=0
		 [BarWidth]
		  {
		  Align=0
		  }
		 BarRatio=0
		 ExportAsPicture=False
		 Condition=True
		 }
		[Column]
		 {
		 Identifier=
		 OutputFormatter=
		 Text=" "
		 Width=20000
		 Height=10000
		 FixedHeight=0
		 bIsotropic=True
		 PlainTextFormat=True
		 Align=0
		 AlignDecPosition=-10000
		 VAlign=0
		 Adjusted=False
		 LineWrap=0
		 ForceWrap=False
		 Spacing.Line=0
		 bFill=0
		 Raster=1
		 BkColor=RGB(255,255,0)
		 BkColor3=LL.Color.White
		 BkColor2=LL.Color.White
		 BkColor.Alpha=50
		 FgColor=RGB(0,0,0)
		 SpaceOptimization=False
		 Link.URL=
		 WithText=False
		 [Frame]
		  {
		  Default=False
		  Layout=1
		  [Left]
		   {
		   Spacing=1000
		   Line=False
		   }
		  [Top]
		   {
		   Spacing=500
		   Line=True
		   [Line]
			{
			Color=RGB(64,64,64)
			LineType=0
			}
		   LineWidth=0
		   }
		  [Right]
		   {
		   Spacing=1000
		   Line=False
		   }
		  [Bottom]
		   {
		   Spacing=500
		   Line=True
		   [Line]
			{
			Color=RGB(64,64,64)
			LineType=0
			}
		   LineWidth=200
		   }
		  }
		 [Font]
		  {
		  Default=False
		  FaceName="Arial"
		  GdiCharSet=0
		  Size=8
		  Width=0
		  Bold=True
		  Italic=False
		  Underline=False
		  Strikeout=False
		  Color=RGB(0,0,0)
		  PitchAndFamily=34
		  OutPrecision=3
		  }
		 Direction=0
		 BarWidth=0
		 [BarWidth]
		  {
		  Align=0
		  }
		 BarRatio=0
		 ExportAsPicture=False
		 Condition=True
		 }
		[Column]
		 {
		 Identifier=
		 OutputFormatter=
		 Text=" "
		 Width=20000
		 Height=10000
		 FixedHeight=0
		 bIsotropic=True
		 PlainTextFormat=True
		 Align=0
		 AlignDecPosition=-10000
		 VAlign=0
		 Adjusted=False
		 LineWrap=0
		 ForceWrap=False
		 Spacing.Line=0
		 bFill=0
		 Raster=1
		 BkColor=RGB(255,255,0)
		 BkColor3=LL.Color.White
		 BkColor2=LL.Color.White
		 BkColor.Alpha=50
		 FgColor=RGB(0,0,0)
		 SpaceOptimization=False
		 Link.URL=
		 WithText=False
		 [Frame]
		  {
		  Default=False
		  Layout=1
		  [Left]
		   {
		   Spacing=1000
		   Line=False
		   }
		  [Top]
		   {
		   Spacing=500
		   Line=True
		   [Line]
			{
			Color=RGB(64,64,64)
			LineType=0
			}
		   LineWidth=0
		   }
		  [Right]
		   {
		   Spacing=1000
		   Line=False
		   }
		  [Bottom]
		   {
		   Spacing=500
		   Line=True
		   [Line]
			{
			Color=RGB(64,64,64)
			LineType=0
			}
		   LineWidth=200
		   }
		  }
		 [Font]
		  {
		  Default=False
		  FaceName="Arial"
		  GdiCharSet=0
		  Size=8
		  Width=0
		  Bold=True
		  Italic=False
		  Underline=False
		  Strikeout=False
		  Color=RGB(0,0,0)
		  PitchAndFamily=34
		  OutPrecision=3
		  }
		 Direction=0
		 BarWidth=0
		 [BarWidth]
		  {
		  Align=0
		  }
		 BarRatio=0
		 ExportAsPicture=False
		 Condition=True
		 }
		[Column]
		 {
		 Identifier=
		 OutputFormatter=
		 Text=" "
		 Width=20000
		 Height=10000
		 FixedHeight=0
		 bIsotropic=True
		 PlainTextFormat=True
		 Align=0
		 AlignDecPosition=-10000
		 VAlign=0
		 Adjusted=False
		 LineWrap=0
		 ForceWrap=False
		 Spacing.Line=0
		 bFill=0
		 Raster=1
		 BkColor=RGB(255,255,0)
		 BkColor3=LL.Color.White
		 BkColor2=LL.Color.White
		 BkColor.Alpha=50
		 FgColor=RGB(0,0,0)
		 SpaceOptimization=False
		 Link.URL=
		 WithText=False
		 [Frame]
		  {
		  Default=False
		  Layout=1
		  [Left]
		   {
		   Spacing=1000
		   Line=False
		   }
		  [Top]
		   {
		   Spacing=500
		   Line=True
		   [Line]
			{
			Color=RGB(64,64,64)
			LineType=0
			}
		   LineWidth=0
		   }
		  [Right]
		   {
		   Spacing=1000
		   Line=False
		   }
		  [Bottom]
		   {
		   Spacing=500
		   Line=True
		   [Line]
			{
			Color=RGB(64,64,64)
			LineType=0
			}
		   LineWidth=200
		   }
		  }
		 [Font]
		  {
		  Default=False
		  FaceName="Arial"
		  GdiCharSet=0
		  Size=8
		  Width=0
		  Bold=True
		  Italic=False
		  Underline=False
		  Strikeout=False
		  Color=RGB(0,0,0)
		  PitchAndFamily=34
		  OutPrecision=3
		  }
		 Direction=0
		 BarWidth=0
		 [BarWidth]
		  {
		  Align=0
		  }
		 BarRatio=0
		 ExportAsPicture=False
		 Condition=True
		 }
		[Column]
		 {
		 Identifier=
		 OutputFormatter=
		 Text=" "
		 Width=30000
		 Height=10000
		 FixedHeight=0
		 bIsotropic=True
		 PlainTextFormat=True
		 Align=0
		 AlignDecPosition=-10000
		 VAlign=0
		 Adjusted=False
		 LineWrap=0
		 ForceWrap=False
		 Spacing.Line=0
		 bFill=0
		 Raster=1
		 BkColor=RGB(255,255,0)
		 BkColor3=LL.Color.White
		 BkColor2=LL.Color.White
		 BkColor.Alpha=50
		 FgColor=RGB(0,0,0)
		 SpaceOptimization=False
		 Link.URL=
		 WithText=False
		 [Frame]
		  {
		  Default=False
		  Layout=1
		  [Left]
		   {
		   Spacing=1000
		   Line=False
		   }
		  [Top]
		   {
		   Spacing=500
		   Line=True
		   [Line]
			{
			Color=RGB(64,64,64)
			LineType=0
			}
		   LineWidth=0
		   }
		  [Right]
		   {
		   Spacing=1000
		   Line=False
		   }
		  [Bottom]
		   {
		   Spacing=500
		   Line=True
		   [Line]
			{
			Color=RGB(64,64,64)
			LineType=0
			}
		   LineWidth=200
		   }
		  }
		 [Font]
		  {
		  Default=False
		  FaceName="Arial"
		  GdiCharSet=0
		  Size=8
		  Width=0
		  Bold=True
		  Italic=False
		  Underline=False
		  Strikeout=False
		  Color=RGB(0,0,0)
		  PitchAndFamily=34
		  OutPrecision=3
		  }
		 Direction=0
		 BarWidth=0
		 [BarWidth]
		  {
		  Align=0
		  }
		 BarRatio=0
		 ExportAsPicture=False
		 Condition=True
		 }
		[Column]
		 {
		 Identifier=
		 OutputFormatter=
		 Text=" "
		 Width=20000
		 Height=10000
		 FixedHeight=0
		 bIsotropic=True
		 PlainTextFormat=True
		 Align=0
		 AlignDecPosition=-10000
		 VAlign=0
		 Adjusted=False
		 LineWrap=0
		 ForceWrap=False
		 Spacing.Line=0
		 bFill=0
		 Raster=1
		 BkColor=RGB(255,255,0)
		 BkColor3=LL.Color.White
		 BkColor2=LL.Color.White
		 BkColor.Alpha=50
		 FgColor=RGB(0,0,0)
		 SpaceOptimization=False
		 Link.URL=
		 WithText=False
		 [Frame]
		  {
		  Default=False
		  Layout=1
		  [Left]
		   {
		   Spacing=1000
		   Line=False
		   }
		  [Top]
		   {
		   Spacing=500
		   Line=True
		   [Line]
			{
			Color=RGB(64,64,64)
			LineType=0
			}
		   LineWidth=0
		   }
		  [Right]
		   {
		   Spacing=1000
		   Line=True
		   [Line]
			{
			Color=RGB(64,64,64)
			LineType=0
			}
		   LineWidth=0
		   }
		  [Bottom]
		   {
		   Spacing=500
		   Line=True
		   [Line]
			{
			Color=RGB(64,64,64)
			LineType=0
			}
		   LineWidth=200
		   }
		  }
		 [Font]
		  {
		  Default=False
		  FaceName="Arial"
		  GdiCharSet=0
		  Size=8
		  Width=0
		  Bold=True
		  Italic=False
		  Underline=False
		  Strikeout=False
		  Color=RGB(0,0,0)
		  PitchAndFamily=34
		  OutPrecision=3
		  }
		 Direction=0
		 BarWidth=0
		 [BarWidth]
		  {
		  Align=0
		  }
		 BarRatio=0
		 ExportAsPicture=False
		 Condition=True
		 }
		}
	   [Options]
		{
		Description=Total der Liste
		[LFont]
		 {
		 Default=True
		 }
		LCondition=Lastpage ()
		DisplayInDesigner=True
		IgnoreEmpty=True
		[ReservedSpace]
		 {
		 Left=0
		 Top=0
		 Right=0
		 Bottom=0
		 }
		}
	   }
	  }
	 [Options]
	  {
	  }
	 }
	[GroupHeader]
	 {
	 [Lines]
	  {
	  [Line]
	   {
	   [Columns]
		{
		}
	   [Options]
		{
		Description=
		[LFont]
		 {
		 Default=True
		 }
		LCondition=True
		DisplayInDesigner=True
		IgnoreEmpty=True
		[ReservedSpace]
		 {
		 Left=0
		 Top=1000
		 Right=0
		 Bottom=0
		 }
		GroupCondition=
		ResetSums=
		OnNewPage=False
		PrintRightAfterHeader=False
		PDFLevel=1
		PDFText=
		}
	   }
	  }
	 [Options]
	  {
	  }
	 }
	[GroupFooter]
	 {
	 [Lines]
	  {
	  [Line]
	   {
	   [Columns]
		{
		[Column]
		 {
		 Identifier=
		 OutputFormatter=
		 Text="Kassenstand"
		 Width=30000
		 Height=10000
		 FixedHeight=0
		 bIsotropic=True
		 PlainTextFormat=True
		 Align=0
		 AlignDecPosition=-10000
		 VAlign=0
		 Adjusted=False
		 LineWrap=0
		 ForceWrap=False
		 Spacing.Line=0
		 bFill=1
		 Raster=1
		 BkColor=LL.Color.Yellow
		 BkColor3=LL.Color.White
		 BkColor2=LL.Color.White
		 BkColor.Alpha=50
		 FgColor=RGB(0,0,0)
		 SpaceOptimization=False
		 Link.URL=
		 WithText=False
		 [Frame]
		  {
		  Default=False
		  Layout=1
		  [Left]
		   {
		   Spacing=1000
		   Line=True
		   [Line]
			{
			Color=RGB(64,64,64)
			LineType=0
			}
		   LineWidth=0
		   }
		  [Top]
		   {
		   Spacing=500
		   Line=True
		   [Line]
			{
			Color=RGB(64,64,64)
			LineType=0
			}
		   LineWidth=300
		   }
		  [Right]
		   {
		   Spacing=1000
		   Line=False
		   }
		  [Bottom]
		   {
		   Spacing=500
		   Line=True
		   [Line]
			{
			Color=RGB(64,64,64)
			LineType=0
			}
		   LineWidth=300
		   }
		  }
		 [Font]
		  {
		  Default=False
		  FaceName="Arial"
		  GdiCharSet=0
		  Size=8
		  Width=0
		  Bold=True
		  Italic=False
		  Underline=False
		  Strikeout=False
		  Color=RGB(0,0,0)
		  PitchAndFamily=34
		  OutPrecision=3
		  }
		 Direction=0
		 BarWidth=0
		 [BarWidth]
		  {
		  Align=0
		  }
		 BarRatio=0
		 ExportAsPicture=False
		 Condition=True
		 }
		[Column]
		 {
		 Identifier=fstr$(@GTBetrag, "---,---,---,---,--&.&&", 1)
		 OutputFormatter=
		 Text=fstr$(@GTBetrag, "---,---,---,---,--&.&&", 1)
		 Width=20000
		 Height=10000
		 FixedHeight=0
		 bIsotropic=True
		 PlainTextFormat=True
		 Align=2
		 AlignDecPosition=-10000
		 VAlign=0
		 Adjusted=False
		 LineWrap=1
		 ForceWrap=False
		 Spacing.Line=0
		 bFill=1
		 Raster=1
		 BkColor=LL.Color.Yellow
		 BkColor3=LL.Color.White
		 BkColor2=LL.Color.White
		 BkColor.Alpha=50
		 FgColor=RGB(0,0,0)
		 SpaceOptimization=False
		 Link.URL=
		 WithText=False
		 [Frame]
		  {
		  Default=False
		  Layout=1
		  [Left]
		   {
		   Spacing=1000
		   Line=False
		   }
		  [Top]
		   {
		   Spacing=500
		   Line=True
		   [Line]
			{
			Color=RGB(64,64,64)
			LineType=0
			}
		   LineWidth=300
		   }
		  [Right]
		   {
		   Spacing=1000
		   Line=True
		   [Line]
			{
			Color=RGB(64,64,64)
			LineType=0
			}
		   LineWidth=0
		   }
		  [Bottom]
		   {
		   Spacing=500
		   Line=True
		   [Line]
			{
			Color=RGB(64,64,64)
			LineType=0
			}
		   LineWidth=300
		   }
		  }
		 [Font]
		  {
		  Default=False
		  FaceName="Arial"
		  GdiCharSet=0
		  Size=8
		  Width=0
		  Bold=True
		  Italic=False
		  Underline=False
		  Strikeout=False
		  Color=RGB(0,0,0)
		  PitchAndFamily=34
		  OutPrecision=3
		  }
		 Direction=0
		 BarWidth=0
		 [BarWidth]
		  {
		  Align=0
		  }
		 BarRatio=0
		 ExportAsPicture=False
		 Condition=True
		 }
		[Column]
		 {
		 Identifier=
		 OutputFormatter=
		 Text=" "
		 Width=15000
		 Height=10000
		 FixedHeight=0
		 bIsotropic=True
		 PlainTextFormat=True
		 Align=0
		 AlignDecPosition=-10000
		 VAlign=0
		 Adjusted=False
		 LineWrap=0
		 ForceWrap=False
		 Spacing.Line=0
		 bFill=1
		 Raster=1
		 BkColor=LL.Color.Yellow
		 BkColor3=LL.Color.White
		 BkColor2=LL.Color.White
		 BkColor.Alpha=50
		 FgColor=RGB(0,0,0)
		 SpaceOptimization=False
		 Link.URL=
		 WithText=False
		 [Frame]
		  {
		  Default=False
		  Layout=1
		  [Left]
		   {
		   Spacing=1000
		   Line=False
		   }
		  [Top]
		   {
		   Spacing=500
		   Line=True
		   [Line]
			{
			Color=RGB(64,64,64)
			LineType=0
			}
		   LineWidth=300
		   }
		  [Right]
		   {
		   Spacing=1000
		   Line=False
		   }
		  [Bottom]
		   {
		   Spacing=500
		   Line=True
		   [Line]
			{
			Color=RGB(64,64,64)
			LineType=0
			}
		   LineWidth=300
		   }
		  }
		 [Font]
		  {
		  Default=False
		  FaceName="Arial"
		  GdiCharSet=0
		  Size=8
		  Width=0
		  Bold=True
		  Italic=False
		  Underline=False
		  Strikeout=False
		  Color=RGB(0,0,0)
		  PitchAndFamily=34
		  OutPrecision=3
		  }
		 Direction=0
		 BarWidth=0
		 [BarWidth]
		  {
		  Align=0
		  }
		 BarRatio=0
		 ExportAsPicture=False
		 Condition=True
		 }
		[Column]
		 {
		 Identifier=
		 OutputFormatter=
		 Text=" "
		 Width=15000
		 Height=10000
		 FixedHeight=0
		 bIsotropic=True
		 PlainTextFormat=True
		 Align=0
		 AlignDecPosition=-10000
		 VAlign=0
		 Adjusted=False
		 LineWrap=0
		 ForceWrap=False
		 Spacing.Line=0
		 bFill=1
		 Raster=1
		 BkColor=LL.Color.Yellow
		 BkColor3=LL.Color.White
		 BkColor2=LL.Color.White
		 BkColor.Alpha=50
		 FgColor=RGB(0,0,0)
		 SpaceOptimization=False
		 Link.URL=
		 WithText=False
		 [Frame]
		  {
		  Default=False
		  Layout=1
		  [Left]
		   {
		   Spacing=1000
		   Line=False
		   }
		  [Top]
		   {
		   Spacing=500
		   Line=True
		   [Line]
			{
			Color=RGB(64,64,64)
			LineType=0
			}
		   LineWidth=300
		   }
		  [Right]
		   {
		   Spacing=1000
		   Line=False
		   }
		  [Bottom]
		   {
		   Spacing=500
		   Line=True
		   [Line]
			{
			Color=RGB(64,64,64)
			LineType=0
			}
		   LineWidth=300
		   }
		  }
		 [Font]
		  {
		  Default=False
		  FaceName="Arial"
		  GdiCharSet=0
		  Size=8
		  Width=0
		  Bold=True
		  Italic=False
		  Underline=False
		  Strikeout=False
		  Color=RGB(0,0,0)
		  PitchAndFamily=34
		  OutPrecision=3
		  }
		 Direction=0
		 BarWidth=0
		 [BarWidth]
		  {
		  Align=0
		  }
		 BarRatio=0
		 ExportAsPicture=False
		 Condition=True
		 }
		[Column]
		 {
		 Identifier=
		 OutputFormatter=
		 Text=" "
		 Width=20000
		 Height=10000
		 FixedHeight=0
		 bIsotropic=True
		 PlainTextFormat=True
		 Align=0
		 AlignDecPosition=-10000
		 VAlign=0
		 Adjusted=False
		 LineWrap=0
		 ForceWrap=False
		 Spacing.Line=0
		 bFill=1
		 Raster=1
		 BkColor=LL.Color.Yellow
		 BkColor3=LL.Color.White
		 BkColor2=LL.Color.White
		 BkColor.Alpha=50
		 FgColor=RGB(0,0,0)
		 SpaceOptimization=False
		 Link.URL=
		 WithText=False
		 [Frame]
		  {
		  Default=False
		  Layout=1
		  [Left]
		   {
		   Spacing=1000
		   Line=False
		   }
		  [Top]
		   {
		   Spacing=500
		   Line=True
		   [Line]
			{
			Color=RGB(64,64,64)
			LineType=0
			}
		   LineWidth=300
		   }
		  [Right]
		   {
		   Spacing=1000
		   Line=False
		   }
		  [Bottom]
		   {
		   Spacing=500
		   Line=True
		   [Line]
			{
			Color=RGB(64,64,64)
			LineType=0
			}
		   LineWidth=300
		   }
		  }
		 [Font]
		  {
		  Default=False
		  FaceName="Arial"
		  GdiCharSet=0
		  Size=8
		  Width=0
		  Bold=True
		  Italic=False
		  Underline=False
		  Strikeout=False
		  Color=RGB(0,0,0)
		  PitchAndFamily=34
		  OutPrecision=3
		  }
		 Direction=0
		 BarWidth=0
		 [BarWidth]
		  {
		  Align=0
		  }
		 BarRatio=0
		 ExportAsPicture=False
		 Condition=True
		 }
		[Column]
		 {
		 Identifier=
		 OutputFormatter=
		 Text=" "
		 Width=20000
		 Height=10000
		 FixedHeight=0
		 bIsotropic=True
		 PlainTextFormat=True
		 Align=0
		 AlignDecPosition=-10000
		 VAlign=0
		 Adjusted=False
		 LineWrap=0
		 ForceWrap=False
		 Spacing.Line=0
		 bFill=1
		 Raster=1
		 BkColor=LL.Color.Yellow
		 BkColor3=LL.Color.White
		 BkColor2=LL.Color.White
		 BkColor.Alpha=50
		 FgColor=RGB(0,0,0)
		 SpaceOptimization=False
		 Link.URL=
		 WithText=False
		 [Frame]
		  {
		  Default=False
		  Layout=1
		  [Left]
		   {
		   Spacing=1000
		   Line=False
		   }
		  [Top]
		   {
		   Spacing=500
		   Line=True
		   [Line]
			{
			Color=RGB(64,64,64)
			LineType=0
			}
		   LineWidth=300
		   }
		  [Right]
		   {
		   Spacing=1000
		   Line=False
		   }
		  [Bottom]
		   {
		   Spacing=500
		   Line=True
		   [Line]
			{
			Color=RGB(64,64,64)
			LineType=0
			}
		   LineWidth=300
		   }
		  }
		 [Font]
		  {
		  Default=False
		  FaceName="Arial"
		  GdiCharSet=0
		  Size=8
		  Width=0
		  Bold=True
		  Italic=False
		  Underline=False
		  Strikeout=False
		  Color=RGB(0,0,0)
		  PitchAndFamily=34
		  OutPrecision=3
		  }
		 Direction=0
		 BarWidth=0
		 [BarWidth]
		  {
		  Align=0
		  }
		 BarRatio=0
		 ExportAsPicture=False
		 Condition=True
		 }
		[Column]
		 {
		 Identifier=
		 OutputFormatter=
		 Text=" "
		 Width=20000
		 Height=10000
		 FixedHeight=0
		 bIsotropic=True
		 PlainTextFormat=True
		 Align=0
		 AlignDecPosition=-10000
		 VAlign=0
		 Adjusted=False
		 LineWrap=0
		 ForceWrap=False
		 Spacing.Line=0
		 bFill=1
		 Raster=1
		 BkColor=LL.Color.Yellow
		 BkColor3=LL.Color.White
		 BkColor2=LL.Color.White
		 BkColor.Alpha=50
		 FgColor=RGB(0,0,0)
		 SpaceOptimization=False
		 Link.URL=
		 WithText=False
		 [Frame]
		  {
		  Default=False
		  Layout=1
		  [Left]
		   {
		   Spacing=1000
		   Line=False
		   }
		  [Top]
		   {
		   Spacing=500
		   Line=True
		   [Line]
			{
			Color=RGB(64,64,64)
			LineType=0
			}
		   LineWidth=300
		   }
		  [Right]
		   {
		   Spacing=1000
		   Line=False
		   }
		  [Bottom]
		   {
		   Spacing=500
		   Line=True
		   [Line]
			{
			Color=RGB(64,64,64)
			LineType=0
			}
		   LineWidth=300
		   }
		  }
		 [Font]
		  {
		  Default=False
		  FaceName="Arial"
		  GdiCharSet=0
		  Size=8
		  Width=0
		  Bold=True
		  Italic=False
		  Underline=False
		  Strikeout=False
		  Color=RGB(0,0,0)
		  PitchAndFamily=34
		  OutPrecision=3
		  }
		 Direction=0
		 BarWidth=0
		 [BarWidth]
		  {
		  Align=0
		  }
		 BarRatio=0
		 ExportAsPicture=False
		 Condition=True
		 }
		[Column]
		 {
		 Identifier=
		 OutputFormatter=
		 Text=" "
		 Width=30000
		 Height=10000
		 FixedHeight=0
		 bIsotropic=True
		 PlainTextFormat=True
		 Align=0
		 AlignDecPosition=-10000
		 VAlign=0
		 Adjusted=False
		 LineWrap=0
		 ForceWrap=False
		 Spacing.Line=0
		 bFill=1
		 Raster=1
		 BkColor=LL.Color.Yellow
		 BkColor3=LL.Color.White
		 BkColor2=LL.Color.White
		 BkColor.Alpha=50
		 FgColor=RGB(0,0,0)
		 SpaceOptimization=False
		 Link.URL=
		 WithText=False
		 [Frame]
		  {
		  Default=False
		  Layout=1
		  [Left]
		   {
		   Spacing=1000
		   Line=False
		   }
		  [Top]
		   {
		   Spacing=500
		   Line=True
		   [Line]
			{
			Color=RGB(64,64,64)
			LineType=0
			}
		   LineWidth=300
		   }
		  [Right]
		   {
		   Spacing=1000
		   Line=False
		   }
		  [Bottom]
		   {
		   Spacing=500
		   Line=True
		   [Line]
			{
			Color=RGB(64,64,64)
			LineType=0
			}
		   LineWidth=300
		   }
		  }
		 [Font]
		  {
		  Default=False
		  FaceName="Arial"
		  GdiCharSet=0
		  Size=8
		  Width=0
		  Bold=True
		  Italic=False
		  Underline=False
		  Strikeout=False
		  Color=RGB(0,0,0)
		  PitchAndFamily=34
		  OutPrecision=3
		  }
		 Direction=0
		 BarWidth=0
		 [BarWidth]
		  {
		  Align=0
		  }
		 BarRatio=0
		 ExportAsPicture=False
		 Condition=True
		 }
		[Column]
		 {
		 Identifier=
		 OutputFormatter=
		 Text=" "
		 Width=20000
		 Height=10000
		 FixedHeight=0
		 bIsotropic=True
		 PlainTextFormat=True
		 Align=0
		 AlignDecPosition=-10000
		 VAlign=0
		 Adjusted=False
		 LineWrap=0
		 ForceWrap=False
		 Spacing.Line=0
		 bFill=1
		 Raster=1
		 BkColor=LL.Color.Yellow
		 BkColor3=LL.Color.White
		 BkColor2=LL.Color.White
		 BkColor.Alpha=50
		 FgColor=RGB(0,0,0)
		 SpaceOptimization=False
		 Link.URL=
		 WithText=False
		 [Frame]
		  {
		  Default=False
		  Layout=1
		  [Left]
		   {
		   Spacing=1000
		   Line=False
		   }
		  [Top]
		   {
		   Spacing=500
		   Line=True
		   [Line]
			{
			Color=RGB(64,64,64)
			LineType=0
			}
		   LineWidth=300
		   }
		  [Right]
		   {
		   Spacing=1000
		   Line=True
		   [Line]
			{
			Color=RGB(64,64,64)
			LineType=0
			}
		   LineWidth=0
		   }
		  [Bottom]
		   {
		   Spacing=500
		   Line=True
		   [Line]
			{
			Color=RGB(64,64,64)
			LineType=0
			}
		   LineWidth=300
		   }
		  }
		 [Font]
		  {
		  Default=False
		  FaceName="Arial"
		  GdiCharSet=0
		  Size=8
		  Width=0
		  Bold=True
		  Italic=False
		  Underline=False
		  Strikeout=False
		  Color=RGB(0,0,0)
		  PitchAndFamily=34
		  OutPrecision=3
		  }
		 Direction=0
		 BarWidth=0
		 [BarWidth]
		  {
		  Align=0
		  }
		 BarRatio=0
		 ExportAsPicture=False
		 Condition=True
		 }
		}
	   [Options]
		{
		Description=Gruppentotal
		[LFont]
		 {
		 Default=True
		 }
		LCondition=True
		DisplayInDesigner=True
		IgnoreEmpty=True
		[ReservedSpace]
		 {
		 Left=0
		 Top=0
		 Right=0
		 Bottom=0
		 }
		GroupCondition=Filiale
		ResetSums=@GTBetrag;@GTBezahlt;@GTOffen
		TriggerNewPage=False
		}
	   }
	  }
	 [Options]
	  {
	  }
	 }
	}
   }
  }
[Object]
 ObjectID=1
 ObjectName=Text
 Locked=FALSE
 LinkID=14
 LinkToID=0
 LinkMode=32
 LinkTest=-11743
 LayerID=0
 GroupID=0
 Identifier=
 Condition=True
 UserLocked=False
 WrapBefore=False
 ExportAsPicture=False
 Position/Left=35470
 Position/Top=14100
 Position/Width=28760
 Position/Height=6920
 Direction=0
 bFill=0
 BkColor=RGB(255,255,255)
 Frame/Layout=0
 Frame/Left/Line=False
 Frame/Top/Line=False
 Frame/Right/Line=False
 Frame/Bottom/Line=False
 bPageBreak=False
 bBottomAligned=False
 [@Lines]
  {
  [Lines]
   {
   [Line]
	{
	[Font]
	 {
	 Default=False
	 FaceName="Arial"
	 GdiCharSet=0
	 Size=8
	 Width=0
	 Bold=False
	 Italic=False
	 Underline=False
	 Strikeout=False
	 Color=RGB(0,0,0)
	 PitchAndFamily=34
	 OutPrecision=3
	 }
	Align=0
	Adjusted=False
	Uneraseable=True
	LineWrap=1
	PageWrapAllowed=False
	ForceWrap=False
	SpaceOptimization=True
	Spacing.Paragraph=0
	Spacing.Line=0
	OutputFormatter=
	Condition=True
	Text=fstr$(MDKassaBetrag, "---,---,---,---,--&.&&", 1)
	Tab=0
	TabAlign=0
	}
   [Line]
	{
	[Font]
	 {
	 Default=False
	 FaceName="Arial"
	 GdiCharSet=0
	 Size=8
	 Width=0
	 Bold=False
	 Italic=False
	 Underline=False
	 Strikeout=False
	 Color=RGB(0,0,0)
	 PitchAndFamily=34
	 OutPrecision=3
	 }
	Align=0
	Adjusted=False
	Uneraseable=True
	LineWrap=1
	PageWrapAllowed=False
	ForceWrap=False
	SpaceOptimization=True
	Spacing.Paragraph=0
	Spacing.Line=0
	OutputFormatter=
	Condition=True
	Text= selmonth + " / " + selyear
	Tab=0
	TabAlign=0
	}
   }
  }
[Object]
 ObjectID=1
 ObjectName=Text
 Locked=FALSE
 LinkID=19
 LinkToID=0
 LinkMode=32
 LinkTest=-18403
 LayerID=0
 GroupID=0
 Identifier=
 Condition=True
 UserLocked=False
 WrapBefore=False
 ExportAsPicture=False
 Position/Left=7200
 Position/Top=14100
 Position/Width=26050
 Position/Height=6920
 Direction=0
 bFill=0
 BkColor=RGB(255,255,255)
 Frame/Layout=0
 Frame/Left/Line=False
 Frame/Top/Line=False
 Frame/Right/Line=False
 Frame/Bottom/Line=False
 bPageBreak=False
 bBottomAligned=False
 [@Lines]
  {
  [Lines]
   {
   [Line]
	{
	[Font]
	 {
	 Default=False
	 FaceName="Arial"
	 GdiCharSet=0
	 Size=8
	 Width=0
	 Bold=True
	 Italic=False
	 Underline=False
	 Strikeout=False
	 Color=RGB(0,0,0)
	 PitchAndFamily=34
	 OutPrecision=3
	 }
	Align=0
	Adjusted=False
	Uneraseable=False
	LineWrap=0
	PageWrapAllowed=False
	ForceWrap=False
	SpaceOptimization=True
	Spacing.Paragraph=0
	Spacing.Line=0
	OutputFormatter=
	Condition=True
	Text="1. Saldobetrag:"
	Tab=0
	TabAlign=0
	}
   [Line]
	{
	[Font]
	 {
	 Default=False
	 FaceName="Arial"
	 GdiCharSet=0
	 Size=8
	 Width=0
	 Bold=True
	 Italic=False
	 Underline=False
	 Strikeout=False
	 Color=RGB(0,0,0)
	 PitchAndFamily=34
	 OutPrecision=3
	 }
	Align=0
	Adjusted=False
	Uneraseable=False
	LineWrap=0
	PageWrapAllowed=False
	ForceWrap=False
	SpaceOptimization=True
	Spacing.Paragraph=0
	Spacing.Line=0
	OutputFormatter=
	Condition=True
	Text="Filterbedingung:"
	Tab=0
	TabAlign=0
	}
   }
  }
[Object]
 ObjectID=1
 ObjectName=Text
 Locked=FALSE
 LinkID=57
 LinkToID=0
 LinkMode=32
 LinkTest=-21131
 LayerID=0
 GroupID=0
 Identifier=
 Condition=True
 UserLocked=False
 WrapBefore=False
 ExportAsPicture=False
 Position/Left=76900
 Position/Top=7800
 Position/Width=59900
 Position/Height=14600
 Direction=0
 bFill=0
 BkColor=RGB(255,255,255)
 Frame/Layout=0
 Frame/Left/Line=False
 Frame/Top/Line=False
 Frame/Right/Line=False
 Frame/Bottom/Line=False
 bPageBreak=False
 bBottomAligned=False
 [@Lines]
  {
  [Lines]
   {
   [Line]
	{
	[Font]
	 {
	 Default=False
	 FaceName="Arial"
	 GdiCharSet=0
	 Size=8
	 Width=0
	 Bold=False
	 Italic=False
	 Underline=False
	 Strikeout=False
	 Color=RGB(0,0,0)
	 PitchAndFamily=34
	 OutPrecision=3
	 }
	Align=0
	Adjusted=False
	Uneraseable=False
	LineWrap=0
	PageWrapAllowed=False
	ForceWrap=False
	SpaceOptimization=True
	Spacing.Paragraph=0
	Spacing.Line=0
	OutputFormatter=
	Condition=True
	Text=MDName
	Tab=0
	TabAlign=0
	}
   [Line]
	{
	[Font]
	 {
	 Default=False
	 FaceName="Arial"
	 GdiCharSet=0
	 Size=8
	 Width=0
	 Bold=False
	 Italic=False
	 Underline=False
	 Strikeout=False
	 Color=RGB(0,0,0)
	 PitchAndFamily=34
	 OutPrecision=3
	 }
	Align=0
	Adjusted=False
	Uneraseable=False
	LineWrap=0
	PageWrapAllowed=False
	ForceWrap=False
	SpaceOptimization=True
	Spacing.Paragraph=0
	Spacing.Line=0
	OutputFormatter=
	Condition=True
	Text=MDName2
	Tab=0
	TabAlign=0
	}
   [Line]
	{
	[Font]
	 {
	 Default=False
	 FaceName="Arial"
	 GdiCharSet=0
	 Size=8
	 Width=0
	 Bold=False
	 Italic=False
	 Underline=False
	 Strikeout=False
	 Color=RGB(0,0,0)
	 PitchAndFamily=34
	 OutPrecision=3
	 }
	Align=0
	Adjusted=False
	Uneraseable=False
	LineWrap=0
	PageWrapAllowed=False
	ForceWrap=False
	SpaceOptimization=True
	Spacing.Paragraph=0
	Spacing.Line=0
	OutputFormatter=
	Condition=True
	Text=MDName3
	Tab=0
	TabAlign=0
	}
   [Line]
	{
	[Font]
	 {
	 Default=False
	 FaceName="Arial"
	 GdiCharSet=0
	 Size=8
	 Width=0
	 Bold=False
	 Italic=False
	 Underline=False
	 Strikeout=False
	 Color=RGB(0,0,0)
	 PitchAndFamily=34
	 OutPrecision=3
	 }
	Align=0
	Adjusted=False
	Uneraseable=False
	LineWrap=0
	PageWrapAllowed=False
	ForceWrap=False
	SpaceOptimization=True
	Spacing.Paragraph=0
	Spacing.Line=0
	OutputFormatter=
	Condition=True
	Text=MDStrasse 
	Tab=0
	TabAlign=0
	}
   [Line]
	{
	[Font]
	 {
	 Default=False
	 FaceName="Arial"
	 GdiCharSet=0
	 Size=8
	 Width=0
	 Bold=False
	 Italic=False
	 Underline=False
	 Strikeout=False
	 Color=RGB(0,0,0)
	 PitchAndFamily=34
	 OutPrecision=3
	 }
	Align=0
	Adjusted=False
	Uneraseable=False
	LineWrap=0
	PageWrapAllowed=False
	ForceWrap=False
	SpaceOptimization=True
	Spacing.Paragraph=0
	Spacing.Line=0
	OutputFormatter=
	Condition=True
	Text=MDPLZ + " " + MDOrt
	Tab=0
	TabAlign=0
	}
   }
  }
[Object]
 ObjectID=1
 ObjectName=Text
 Locked=FALSE
 LinkID=59
 LinkToID=0
 LinkMode=32
 LinkTest=-27716
 LayerID=0
 GroupID=0
 Identifier=
 Condition=True
 UserLocked=False
 WrapBefore=False
 ExportAsPicture=False
 Position/Left=170700
 Position/Top=7800
 Position/Width=35000
 Position/Height=10010
 Direction=0
 bFill=0
 BkColor=RGB(255,255,255)
 Frame/Layout=0
 Frame/Left/Line=False
 Frame/Top/Line=False
 Frame/Right/Line=False
 Frame/Bottom/Line=False
 bPageBreak=False
 bBottomAligned=False
 [@Lines]
  {
  [Lines]
   {
   [Line]
	{
	[Font]
	 {
	 Default=False
	 FaceName="Arial"
	 GdiCharSet=0
	 Size=8
	 Width=0
	 Bold=False
	 Italic=False
	 Underline=False
	 Strikeout=False
	 Color=RGB(0,0,0)
	 PitchAndFamily=34
	 OutPrecision=3
	 }
	Align=0
	Adjusted=False
	Uneraseable=False
	LineWrap=0
	PageWrapAllowed=False
	ForceWrap=False
	SpaceOptimization=True
	Spacing.Paragraph=0
	Spacing.Line=0
	OutputFormatter=
	Condition=True
	Text=Date$(Now(),"%DD, %d.%m.%y  um %02H:%02i")
	Tab=0
	TabAlign=0
	}
   [Line]
	{
	[Font]
	 {
	 Default=False
	 FaceName="Arial"
	 GdiCharSet=0
	 Size=8
	 Width=0
	 Bold=False
	 Italic=False
	 Underline=False
	 Strikeout=False
	 Color=RGB(0,0,0)
	 PitchAndFamily=34
	 OutPrecision=3
	 }
	Align=0
	Adjusted=False
	Uneraseable=False
	LineWrap=0
	PageWrapAllowed=False
	ForceWrap=False
	SpaceOptimization=True
	Spacing.Paragraph=0
	Spacing.Line=0
	OutputFormatter=
	Condition=True
	Text=Page$() + " von " + TotalPages$()
	Tab=0
	TabAlign=0
	}
   [Line]
	{
	[Font]
	 {
	 Default=False
	 FaceName="Arial"
	 GdiCharSet=0
	 Size=8
	 Width=0
	 Bold=False
	 Italic=False
	 Underline=False
	 Strikeout=False
	 Color=RGB(0,0,0)
	 PitchAndFamily=34
	 OutPrecision=3
	 }
	Align=0
	Adjusted=False
	Uneraseable=False
	LineWrap=0
	PageWrapAllowed=False
	ForceWrap=False
	SpaceOptimization=True
	Spacing.Paragraph=0
	Spacing.Line=0
	OutputFormatter=
	Condition=True
	Text=Left$(AutorFName,1) + ". " + AutorLName
	Tab=0
	TabAlign=0
	}
   }
  }
[Object]
 ObjectID=1
 ObjectName=Text
 Locked=FALSE
 LinkID=61
 LinkToID=0
 LinkMode=32
 LinkTest=-750
 LayerID=0
 GroupID=0
 Identifier=
 Condition=True
 UserLocked=False
 WrapBefore=False
 ExportAsPicture=False
 Position/Left=155700
 Position/Top=7800
 Position/Width=13800
 Position/Height=9800
 Direction=0
 bFill=0
 BkColor=RGB(255,255,255)
 Frame/Layout=0
 Frame/Left/Line=False
 Frame/Top/Line=False
 Frame/Right/Line=False
 Frame/Bottom/Line=False
 bPageBreak=False
 bBottomAligned=False
 [@Lines]
  {
  [Lines]
   {
   [Line]
	{
	[Font]
	 {
	 Default=False
	 FaceName="Arial"
	 GdiCharSet=0
	 Size=8
	 Width=0
	 Bold=True
	 Italic=False
	 Underline=False
	 Strikeout=False
	 Color=RGB(0,0,0)
	 PitchAndFamily=34
	 OutPrecision=3
	 }
	Align=0
	Adjusted=False
	Uneraseable=False
	LineWrap=0
	PageWrapAllowed=False
	ForceWrap=False
	SpaceOptimization=True
	Spacing.Paragraph=0
	Spacing.Line=0
	OutputFormatter=
	Condition=True
	Text="Datum:"
	Tab=0
	TabAlign=0
	}
   [Line]
	{
	[Font]
	 {
	 Default=False
	 FaceName="Arial"
	 GdiCharSet=0
	 Size=8
	 Width=0
	 Bold=True
	 Italic=False
	 Underline=False
	 Strikeout=False
	 Color=RGB(0,0,0)
	 PitchAndFamily=34
	 OutPrecision=3
	 }
	Align=0
	Adjusted=False
	Uneraseable=False
	LineWrap=0
	PageWrapAllowed=False
	ForceWrap=False
	SpaceOptimization=True
	Spacing.Paragraph=0
	Spacing.Line=0
	OutputFormatter=
	Condition=True
	Text="Seite:"
	Tab=0
	TabAlign=0
	}
   [Line]
	{
	[Font]
	 {
	 Default=False
	 FaceName="Arial"
	 GdiCharSet=0
	 Size=8
	 Width=0
	 Bold=True
	 Italic=False
	 Underline=False
	 Strikeout=False
	 Color=RGB(0,0,0)
	 PitchAndFamily=34
	 OutPrecision=3
	 }
	Align=0
	Adjusted=False
	Uneraseable=False
	LineWrap=0
	PageWrapAllowed=False
	ForceWrap=False
	SpaceOptimization=True
	Spacing.Paragraph=0
	Spacing.Line=0
	OutputFormatter=
	Condition=True
	Text="Benutzer:"
	Tab=0
	TabAlign=0
	}
   }
  }
[UserVariables]
[Parameters]
 [@Parameters]
  {
  [Parameters]
   {
   LL.ProjectDescription=Liste der Kassenabrechnung
   }
  }
[UsedIdentifiers]
 Variables=AutorFName;AutorLName;MDKassaBetrag;MDName;MDName2;MDName3;MDOrt;MDPLZ;MDStrasse;SelFiliale;SelMonth;SelYear
 Fields=Anrede;BelegNr;Bemerk_1;Bemerk_2;BetragInk;Filiale;HKonto;Nachname;OutDate;SKonto;Vorname
