[List description]
[Description]
 Text=Liste der Rechnungsadressen
 FileVersion=7
 Units=SCM-Units
 Metric=0
 TextQuote.Start=1
 TextQuote.End=1
 RepresentationCode.CondStart=171
 RepresentationCode.CondSep=166
 RepresentationCode.CondEnd=187
 RepresentationCode.Tab=247
 RepresentationCode.Ret=182
 RepresentationCode.PhantomSpace=2
 RepresentationCode.LockNextChar=3
 RepresentationCode.ExprSep=164
 LCID=7
 Created=<unknown>
 CreatedByApp=<unknown>
 CreatedByDLL=<unknown>
 CreatedByUser=<unknown>
 LastModified=<unknown>
 LastModifiedByApp=<unknown>
 LastModifiedByDLL=<unknown>
 LastModifiedByUser=<unknown>
 CreatedByCallFrom=<unknown>
[Layout]
 P1.Template=
 P2.Template=
 xOffset=0
 yOffset=0
 xSize=297000
 ySize=210000
 P1.xOffset=0
 P1.yOffset=0
 P1.xSize=297000
 P1.ySize=210000
 P2.xOffset=0
 P2.yOffset=0
 P2.xSize=297000
 P2.ySize=210000
 P1.nPaperFormat=9
 P1.xPaperSize=297000
 P1.yPaperSize=210000
 P1.ForcePaperFormat=FALSE
 P2.nPaperFormat=9
 P2.xPaperSize=297000
 P2.yPaperSize=210000
 P2.ForcePaperFormat=FALSE
 xGrid=1000
 yGrid=1000
 GridShow=TRUE
 GridSnap=FALSE
 PhysicalPage=TRUE
 P1.PhysicalPage=TRUE
 P2.PhysicalPage=TRUE
 Orientation=2
 P1.Orientation=2
 P2.Orientation=2
 EnhancedExpressions=TRUE
 EnhancedOldExpressions=FALSE
 Decimals=2
 DefFont={(0,0,0),10.000000,-13,0,0,0,400,0,0,0,0,3,2,1,34,Arial}
 HelpLines.Horizontal=
 HelpLines.Vertical=
 PDF.MaxOutlineDepth=2
 ObjectCount=6
[UserSection]

[SumVariables]
[Layer]
 Name=Basis
 Condition=
 WorkspaceColor=(0,0,0)
 Visible=TRUE
 LayerID=0
[Layer]
 Name=Erste Seite
 Condition=Page() = 1
 WorkspaceColor=(0,128,64)
 Visible=TRUE
 LayerID=1
[Layer]
 Name=Folgeseiten
 Condition=Page() <> 1
 WorkspaceColor=(0,0,255)
 Visible=TRUE
 LayerID=2
[Object]
 ObjectID=1
 ObjectName=Text
 Locked=FALSE
 LinkID=1
 LinkToID=0
 LinkMode=32
 LinkTest=-27306
 LayerID=0
 GroupID=0
 Identifier=
 Condition=True
 UserLocked=False
 WrapBefore=False
 Position/Left=7100
 Position/Top=9800
 Position/Width=61400
 Position/Height=5100
 Direction=0
 bFill=False
 BkColor=RGB(255,255,255)
 Frame/Layout=0
 Frame/Left/Line=False
 Frame/Top/Line=False
 Frame/Right/Line=False
 Frame/Bottom/Line=False
 bPageWrap=False
 bBottomAligned=False
 [@Lines]
  {
  [Lines]
   {
   [Line]
	{
	[Font]
	 {
	 Default=False
	 FaceName="Arial"
	 GdiCharSet=0
	 Size=12
	 Width=0
	 Bold=True
	 Italic=True
	 Underline=False
	 Strikeout=False
	 Color=RGB(0,0,0)
	 PitchAndFamily=34
	 OutPrecision=3
	 }
	Align=0
	Adjusted=False
	Uneraseable=True
	LineWrap=1
	PageWrapAllowed=False
	SpaceOptimization=True
	Spacing.Paragraph=0
	Spacing.Line=0
	OutputFormatter=
	Condition=True
	Text="Liste der Rechnungadressen"
	Tab=0
	TabAlign=0
	}
   }
  }
[Object]
 ObjectID=6
 ObjectName=Tabelle
 Locked=FALSE
 LinkID=9
 LinkToID=0
 LinkMode=32
 LinkTest=-26815
 LayerID=0
 GroupID=0
 Identifier=
 Condition=True
 UserLocked=False
 WrapBefore=False
 Position/Left=7100
 Position/Top=27200
 Position/Width=282100
 Position/Height=171100
 Direction=0
 bFooterOnBottom=False
 bFillBottom=False
 DefaultFont=default
 FgColor=RGB(64,64,64)
 bFill=False
 Raster=1
 BkColor=RGB(255,255,255)
 BkColor2=LL.Color.White
 BkColor3=LL.Color.White
 BkColor.Alpha=50
 [@Tables]
  {
  [Tables]
   {
   [Table]
	{
	TableType=List
	TableID=
	RelationID=
	Identifier=
	[GroupHeaderLines]
	 {
	 bConcatDataLines=True
	 }
	[GroupFooterLines]
	 {
	 bAlsoOnEmptyGroup=False
	 }
	[DataLines]
	 {
	 bKeepTogether=True
	 bSuppress=False
	 bForceSumCalculation=False
	 }
	ZebraPattern=False
	[ZebraPattern]
	 {
	 Pattern=6
	 Color=RGB(0,0,0)
	 Color2=LL.Color.White
	 Color3=LL.Color.White
	 Color.Alpha=50
	 }
	[FooterLines]
	 {
	 bKeepTogether=False
	 }
	PageBreakCondition=False
	[DefaultFrame]
	 {
	 Layout=1
	 [Left]
	  {
	  Line=True
	  [Line]
	   {
	   Color=LL.Color.Black
	   LineType=0
	   }
	  LineWidth=0
	  }
	 [Top]
	  {
	  Line=True
	  [Line]
	   {
	   Color=LL.Color.Black
	   LineType=0
	   }
	  LineWidth=0
	  }
	 [Right]
	  {
	  Line=True
	  [Line]
	   {
	   Color=LL.Color.Black
	   LineType=0
	   }
	  LineWidth=0
	  }
	 [Bottom]
	  {
	  Line=True
	  [Line]
	   {
	   Color=LL.Color.Black
	   LineType=0
	   }
	  LineWidth=0
	  }
	 }
	[Body]
	 {
	 [Options]
	  {
	  }
	 [Lines]
	  {
	  [Line]
	   {
	   LineID=0
	   [Columns]
		{
		Columns=7
		[Column]
		 {
		 Width=10000
		 Height=10000
		 bIsotropic=True
		 PlainTextFormat=True
		 Align=2
		 AlignDecPosition=-10000
		 VAlign=1
		 Adjusted=False
		 LineWrap=0
		 bFill=True
		 Raster=1
		 BkColor=RGB(255,255,128)
		 BkColor2=LL.Color.White
		 BkColor3=LL.Color.White
		 BkColor.Alpha=50
		 FgColor=RGB(0,0,0)
		 SpaceOptimization=False
		 Link.URL=
		 WithText=False
		 [Frame]
		  {
		  Default=False
		  Layout=1
		  [Left]
		   {
		   Spacing=1000
		   Line=True
		   [Line]
			{
			Color=RGB(64,64,64)
			LineType=0
			}
		   LineWidth=0
		   }
		  [Top]
		   {
		   Spacing=500
		   Line=False
		   }
		  [Right]
		   {
		   Spacing=1000
		   Line=False
		   }
		  [Bottom]
		   {
		   Spacing=500
		   Line=False
		   }
		  }
		 [Font]
		  {
		  Default=False
		  FaceName="Arial"
		  GdiCharSet=0
		  Size=7
		  Width=0
		  Bold=False
		  Italic=False
		  Underline=False
		  Strikeout=False
		  Color=RGB(0,0,0)
		  PitchAndFamily=34
		  OutPrecision=3
		  }
		 OutputFormatter=
		 Direction=0
		 BarWidth=0
		 [BarWidth]
		  {
		  Align=0
		  }
		 BarRatio=0
		 Condition=True
		 Text=fstr$(RecNr, "########", 1)
		 }
		[Column]
		 {
		 Width=50000
		 Height=10000
		 bIsotropic=True
		 PlainTextFormat=True
		 Align=0
		 AlignDecPosition=-10000
		 VAlign=1
		 Adjusted=False
		 LineWrap=0
		 bFill=True
		 Raster=1
		 BkColor=RGB(255,255,128)
		 BkColor2=LL.Color.White
		 BkColor3=LL.Color.White
		 BkColor.Alpha=50
		 FgColor=RGB(0,0,0)
		 SpaceOptimization=False
		 Link.URL=
		 WithText=False
		 [Frame]
		  {
		  Default=False
		  Layout=1
		  [Left]
		   {
		   Spacing=1000
		   Line=True
		   [Line]
			{
			Color=RGB(64,64,64)
			LineType=0
			}
		   LineWidth=0
		   }
		  [Top]
		   {
		   Spacing=500
		   Line=False
		   }
		  [Right]
		   {
		   Spacing=1000
		   Line=False
		   }
		  [Bottom]
		   {
		   Spacing=500
		   Line=False
		   }
		  }
		 [Font]
		  {
		  Default=False
		  FaceName="Arial"
		  GdiCharSet=0
		  Size=7
		  Width=0
		  Bold=False
		  Italic=False
		  Underline=False
		  Strikeout=False
		  Color=RGB(0,0,0)
		  PitchAndFamily=34
		  OutPrecision=3
		  }
		 OutputFormatter=
		 Direction=0
		 BarWidth=0
		 [BarWidth]
		  {
		  Align=0
		  }
		 BarRatio=0
		 Condition=True
		 Text=Firma1
		 }
		[Column]
		 {
		 Width=40000
		 Height=10000
		 bIsotropic=True
		 PlainTextFormat=True
		 Align=0
		 AlignDecPosition=-10000
		 VAlign=1
		 Adjusted=False
		 LineWrap=0
		 bFill=True
		 Raster=1
		 BkColor=RGB(255,255,128)
		 BkColor2=LL.Color.White
		 BkColor3=LL.Color.White
		 BkColor.Alpha=50
		 FgColor=RGB(0,0,0)
		 SpaceOptimization=False
		 Link.URL=
		 WithText=False
		 [Frame]
		  {
		  Default=False
		  Layout=1
		  [Left]
		   {
		   Spacing=1000
		   Line=True
		   [Line]
			{
			Color=RGB(64,64,64)
			LineType=0
			}
		   LineWidth=0
		   }
		  [Top]
		   {
		   Spacing=500
		   Line=False
		   }
		  [Right]
		   {
		   Spacing=1000
		   Line=False
		   }
		  [Bottom]
		   {
		   Spacing=500
		   Line=False
		   }
		  }
		 [Font]
		  {
		  Default=False
		  FaceName="Arial"
		  GdiCharSet=0
		  Size=7
		  Width=0
		  Bold=False
		  Italic=False
		  Underline=False
		  Strikeout=False
		  Color=RGB(0,0,0)
		  PitchAndFamily=34
		  OutPrecision=3
		  }
		 OutputFormatter=
		 Direction=0
		 BarWidth=0
		 [BarWidth]
		  {
		  Align=0
		  }
		 BarRatio=0
		 Condition=True
		 Text=REAbteilung
		 }
		[Column]
		 {
		 Width=40000
		 Height=10000
		 bIsotropic=True
		 PlainTextFormat=True
		 Align=0
		 AlignDecPosition=-10000
		 VAlign=1
		 Adjusted=False
		 LineWrap=0
		 bFill=True
		 Raster=1
		 BkColor=RGB(255,255,128)
		 BkColor2=LL.Color.White
		 BkColor3=LL.Color.White
		 BkColor.Alpha=50
		 FgColor=RGB(0,0,0)
		 SpaceOptimization=False
		 Link.URL=
		 WithText=False
		 [Frame]
		  {
		  Default=False
		  Layout=1
		  [Left]
		   {
		   Spacing=1000
		   Line=True
		   [Line]
			{
			Color=RGB(64,64,64)
			LineType=0
			}
		   LineWidth=0
		   }
		  [Top]
		   {
		   Spacing=500
		   Line=False
		   }
		  [Right]
		   {
		   Spacing=1000
		   Line=False
		   }
		  [Bottom]
		   {
		   Spacing=500
		   Line=False
		   }
		  }
		 [Font]
		  {
		  Default=False
		  FaceName="Arial"
		  GdiCharSet=0
		  Size=7
		  Width=0
		  Bold=False
		  Italic=False
		  Underline=False
		  Strikeout=False
		  Color=RGB(0,0,0)
		  PitchAndFamily=34
		  OutPrecision=3
		  }
		 OutputFormatter=
		 Direction=0
		 BarWidth=0
		 [BarWidth]
		  {
		  Align=0
		  }
		 BarRatio=0
		 Condition=True
		 Text=REZhd
		 }
		[Column]
		 {
		 Width=40000
		 Height=10000
		 bIsotropic=True
		 PlainTextFormat=True
		 Align=0
		 AlignDecPosition=-10000
		 VAlign=1
		 Adjusted=False
		 LineWrap=0
		 bFill=True
		 Raster=1
		 BkColor=RGB(255,255,128)
		 BkColor2=LL.Color.White
		 BkColor3=LL.Color.White
		 BkColor.Alpha=50
		 FgColor=RGB(0,0,0)
		 SpaceOptimization=False
		 Link.URL=
		 WithText=False
		 [Frame]
		  {
		  Default=False
		  Layout=1
		  [Left]
		   {
		   Spacing=1000
		   Line=True
		   [Line]
			{
			Color=RGB(64,64,64)
			LineType=0
			}
		   LineWidth=0
		   }
		  [Top]
		   {
		   Spacing=500
		   Line=False
		   }
		  [Right]
		   {
		   Spacing=1000
		   Line=False
		   }
		  [Bottom]
		   {
		   Spacing=500
		   Line=False
		   }
		  }
		 [Font]
		  {
		  Default=False
		  FaceName="Arial"
		  GdiCharSet=0
		  Size=7
		  Width=0
		  Bold=False
		  Italic=False
		  Underline=False
		  Strikeout=False
		  Color=RGB(0,0,0)
		  PitchAndFamily=34
		  OutPrecision=3
		  }
		 OutputFormatter=
		 Direction=0
		 BarWidth=0
		 [BarWidth]
		  {
		  Align=0
		  }
		 BarRatio=0
		 Condition=True
		 Text=REPostfach
		 }
		[Column]
		 {
		 Width=60000
		 Height=10000
		 bIsotropic=True
		 PlainTextFormat=True
		 Align=0
		 AlignDecPosition=-10000
		 VAlign=1
		 Adjusted=False
		 LineWrap=0
		 bFill=True
		 Raster=1
		 BkColor=RGB(255,255,128)
		 BkColor2=LL.Color.White
		 BkColor3=LL.Color.White
		 BkColor.Alpha=50
		 FgColor=RGB(0,0,0)
		 SpaceOptimization=False
		 Link.URL=
		 WithText=False
		 [Frame]
		  {
		  Default=False
		  Layout=1
		  [Left]
		   {
		   Spacing=1000
		   Line=True
		   [Line]
			{
			Color=RGB(64,64,64)
			LineType=0
			}
		   LineWidth=0
		   }
		  [Top]
		   {
		   Spacing=500
		   Line=False
		   }
		  [Right]
		   {
		   Spacing=1000
		   Line=False
		   }
		  [Bottom]
		   {
		   Spacing=500
		   Line=False
		   }
		  }
		 [Font]
		  {
		  Default=False
		  FaceName="Arial"
		  GdiCharSet=0
		  Size=7
		  Width=0
		  Bold=False
		  Italic=False
		  Underline=False
		  Strikeout=False
		  Color=RGB(0,0,0)
		  PitchAndFamily=34
		  OutPrecision=3
		  }
		 OutputFormatter=
		 Direction=0
		 BarWidth=0
		 [BarWidth]
		  {
		  Align=0
		  }
		 BarRatio=0
		 Condition=True
		 Text=upper$(RELand) + "-" + REPLZ + " " + REOrt
		 }
		[Column]
		 {
		 Width=20000
		 Height=10000
		 bIsotropic=True
		 PlainTextFormat=True
		 Align=2
		 AlignDecPosition=-10000
		 VAlign=1
		 Adjusted=False
		 LineWrap=0
		 bFill=True
		 Raster=1
		 BkColor=RGB(255,255,128)
		 BkColor2=LL.Color.White
		 BkColor3=LL.Color.White
		 BkColor.Alpha=50
		 FgColor=RGB(0,0,0)
		 SpaceOptimization=False
		 Link.URL=
		 WithText=False
		 [Frame]
		  {
		  Default=False
		  Layout=1
		  [Left]
		   {
		   Spacing=1000
		   Line=True
		   [Line]
			{
			Color=RGB(64,64,64)
			LineType=0
			}
		   LineWidth=0
		   }
		  [Top]
		   {
		   Spacing=500
		   Line=False
		   }
		  [Right]
		   {
		   Spacing=1000
		   Line=True
		   [Line]
			{
			Color=RGB(64,64,64)
			LineType=0
			}
		   LineWidth=0
		   }
		  [Bottom]
		   {
		   Spacing=500
		   Line=False
		   }
		  }
		 [Font]
		  {
		  Default=False
		  FaceName="Arial"
		  GdiCharSet=0
		  Size=7
		  Width=0
		  Bold=False
		  Italic=False
		  Underline=False
		  Strikeout=False
		  Color=RGB(0,0,0)
		  PitchAndFamily=34
		  OutPrecision=3
		  }
		 OutputFormatter=
		 Direction=0
		 BarWidth=0
		 [BarWidth]
		  {
		  Align=0
		  }
		 BarRatio=0
		 Condition=True
		 Text=if(ActiveRec, "Ja", "Nein")
		 }
		}
	   [Options]
		{
		[Frame0]
		 {
		 SpaceOut=0
		 }
		[Frame1]
		 {
		 SpaceOut=0
		 }
		[Frame2]
		 {
		 SpaceOut=0
		 }
		[Frame3]
		 {
		 SpaceOut=0
		 }
		LFont={(0,0,0),10.000000,-13,0,0,0,400,0,0,0,0,3,2,1,34,Arial}
		LCondition=
		IgnoreEmpty=TRUE
		Description=1. Datenzeile
		DisplayInDesigner=TRUE
		}
	   }
	  [Line]
	   {
	   LineID=1
	   [Columns]
		{
		Columns=2
		[Column]
		 {
		 Width=10000
		 Height=10000
		 bIsotropic=True
		 PlainTextFormat=True
		 Align=0
		 AlignDecPosition=-10000
		 VAlign=1
		 Adjusted=False
		 LineWrap=0
		 bFill=False
		 Raster=1
		 BkColor=RGB(255,255,128)
		 BkColor2=LL.Color.White
		 BkColor3=LL.Color.White
		 BkColor.Alpha=50
		 FgColor=RGB(0,0,0)
		 SpaceOptimization=False
		 Link.URL=
		 WithText=False
		 [Frame]
		  {
		  Default=False
		  Layout=1
		  [Left]
		   {
		   Spacing=1000
		   Line=True
		   [Line]
			{
			Color=RGB(64,64,64)
			LineType=0
			}
		   LineWidth=0
		   }
		  [Top]
		   {
		   Spacing=500
		   Line=False
		   }
		  [Right]
		   {
		   Spacing=1000
		   Line=False
		   }
		  [Bottom]
		   {
		   Spacing=500
		   Line=False
		   }
		  }
		 [Font]
		  {
		  Default=False
		  FaceName="Arial"
		  GdiCharSet=0
		  Size=7
		  Width=0
		  Bold=False
		  Italic=False
		  Underline=False
		  Strikeout=False
		  Color=RGB(0,0,0)
		  PitchAndFamily=34
		  OutPrecision=3
		  }
		 OutputFormatter=
		 Direction=0
		 BarWidth=0
		 [BarWidth]
		  {
		  Align=0
		  }
		 BarRatio=0
		 Condition=True
		 Text=""
		 }
		[Column]
		 {
		 Width=250000
		 Height=10000
		 bIsotropic=True
		 PlainTextFormat=True
		 Align=0
		 AlignDecPosition=-10000
		 VAlign=1
		 Adjusted=False
		 LineWrap=0
		 bFill=False
		 Raster=0
		 BkColor=RGB(255,255,128)
		 BkColor2=LL.Color.White
		 BkColor3=LL.Color.White
		 BkColor.Alpha=50
		 FgColor=RGB(0,0,0)
		 SpaceOptimization=False
		 Link.URL=
		 WithText=False
		 [Frame]
		  {
		  Default=False
		  Layout=1
		  [Left]
		   {
		   Spacing=1000
		   Line=True
		   [Line]
			{
			Color=RGB(64,64,64)
			LineType=0
			}
		   LineWidth=0
		   }
		  [Top]
		   {
		   Spacing=500
		   Line=False
		   }
		  [Right]
		   {
		   Spacing=1000
		   Line=True
		   [Line]
			{
			Color=RGB(64,64,64)
			LineType=0
			}
		   LineWidth=0
		   }
		  [Bottom]
		   {
		   Spacing=500
		   Line=False
		   }
		  }
		 [Font]
		  {
		  Default=False
		  FaceName="Arial"
		  GdiCharSet=0
		  Size=7
		  Width=0
		  Bold=False
		  Italic=False
		  Underline=False
		  Strikeout=False
		  Color=RGB(0,0,0)
		  PitchAndFamily=34
		  OutPrecision=3
		  }
		 OutputFormatter=
		 Direction=0
		 BarWidth=0
		 [BarWidth]
		  {
		  Align=0
		  }
		 BarRatio=0
		 Condition=True
		 Text=REFirma2
		 }
		}
	   [Options]
		{
		[Frame0]
		 {
		 SpaceOut=0
		 }
		[Frame1]
		 {
		 SpaceOut=0
		 }
		[Frame2]
		 {
		 SpaceOut=0
		 }
		[Frame3]
		 {
		 SpaceOut=0
		 }
		LFont={(0,0,0),10.000000,-13,0,0,0,400,0,0,0,0,3,2,1,34,Arial}
		LCondition=REFirma2 <> ""
		IgnoreEmpty=TRUE
		Description=2. Datenzeile
		DisplayInDesigner=TRUE
		}
	   }
	  [Line]
	   {
	   LineID=2
	   [Columns]
		{
		Columns=2
		[Column]
		 {
		 Width=10000
		 Height=10000
		 bIsotropic=True
		 PlainTextFormat=True
		 Align=0
		 AlignDecPosition=-10000
		 VAlign=1
		 Adjusted=False
		 LineWrap=0
		 bFill=False
		 Raster=1
		 BkColor=RGB(255,255,128)
		 BkColor2=LL.Color.White
		 BkColor3=LL.Color.White
		 BkColor.Alpha=50
		 FgColor=RGB(0,0,0)
		 SpaceOptimization=False
		 Link.URL=
		 WithText=False
		 [Frame]
		  {
		  Default=False
		  Layout=1
		  [Left]
		   {
		   Spacing=1000
		   Line=True
		   [Line]
			{
			Color=RGB(64,64,64)
			LineType=0
			}
		   LineWidth=0
		   }
		  [Top]
		   {
		   Spacing=500
		   Line=False
		   }
		  [Right]
		   {
		   Spacing=1000
		   Line=False
		   }
		  [Bottom]
		   {
		   Spacing=500
		   Line=False
		   }
		  }
		 [Font]
		  {
		  Default=False
		  FaceName="Arial"
		  GdiCharSet=0
		  Size=7
		  Width=0
		  Bold=False
		  Italic=False
		  Underline=False
		  Strikeout=False
		  Color=RGB(0,0,0)
		  PitchAndFamily=34
		  OutPrecision=3
		  }
		 OutputFormatter=
		 Direction=0
		 BarWidth=0
		 [BarWidth]
		  {
		  Align=0
		  }
		 BarRatio=0
		 Condition=True
		 Text=""
		 }
		[Column]
		 {
		 Width=250000
		 Height=10000
		 bIsotropic=True
		 PlainTextFormat=True
		 Align=0
		 AlignDecPosition=-10000
		 VAlign=1
		 Adjusted=False
		 LineWrap=0
		 bFill=False
		 Raster=0
		 BkColor=RGB(255,255,128)
		 BkColor2=LL.Color.White
		 BkColor3=LL.Color.White
		 BkColor.Alpha=50
		 FgColor=RGB(0,0,0)
		 SpaceOptimization=False
		 Link.URL=
		 WithText=False
		 [Frame]
		  {
		  Default=False
		  Layout=1
		  [Left]
		   {
		   Spacing=1000
		   Line=True
		   [Line]
			{
			Color=RGB(64,64,64)
			LineType=0
			}
		   LineWidth=0
		   }
		  [Top]
		   {
		   Spacing=500
		   Line=False
		   }
		  [Right]
		   {
		   Spacing=1000
		   Line=True
		   [Line]
			{
			Color=RGB(64,64,64)
			LineType=0
			}
		   LineWidth=0
		   }
		  [Bottom]
		   {
		   Spacing=500
		   Line=False
		   }
		  }
		 [Font]
		  {
		  Default=False
		  FaceName="Arial"
		  GdiCharSet=0
		  Size=7
		  Width=0
		  Bold=False
		  Italic=False
		  Underline=False
		  Strikeout=False
		  Color=RGB(0,0,0)
		  PitchAndFamily=34
		  OutPrecision=3
		  }
		 OutputFormatter=
		 Direction=0
		 BarWidth=0
		 [BarWidth]
		  {
		  Align=0
		  }
		 BarRatio=0
		 Condition=True
		 Text=REFirma3
		 }
		}
	   [Options]
		{
		[Frame0]
		 {
		 SpaceOut=0
		 }
		[Frame1]
		 {
		 SpaceOut=0
		 }
		[Frame2]
		 {
		 SpaceOut=0
		 }
		[Frame3]
		 {
		 SpaceOut=0
		 }
		LFont={(0,0,0),10.000000,-13,0,0,0,400,0,0,0,0,3,2,1,34,Arial}
		LCondition=REFirma3 <> ""
		IgnoreEmpty=TRUE
		Description=3. Datenzeile
		DisplayInDesigner=TRUE
		}
	   }
	  }
	 }
	[Header]
	 {
	 [Options]
	  {
	  }
	 [Lines]
	  {
	  [Line]
	   {
	   LineID=0
	   [Columns]
		{
		Columns=7
		[Column]
		 {
		 Width=10000
		 Height=10000
		 bIsotropic=True
		 PlainTextFormat=True
		 Align=2
		 AlignDecPosition=-10000
		 VAlign=1
		 Adjusted=False
		 LineWrap=0
		 bFill=False
		 Raster=0
		 BkColor=RGB(0,0,0)
		 BkColor2=LL.Color.White
		 BkColor3=LL.Color.White
		 BkColor.Alpha=50
		 FgColor=RGB(0,0,0)
		 SpaceOptimization=False
		 Link.URL=
		 WithText=False
		 [Frame]
		  {
		  Default=False
		  Layout=1
		  [Left]
		   {
		   Spacing=1000
		   Line=True
		   [Line]
			{
			Color=RGB(64,64,64)
			LineType=0
			}
		   LineWidth=0
		   }
		  [Top]
		   {
		   Spacing=500
		   Line=False
		   }
		  [Right]
		   {
		   Spacing=1000
		   Line=False
		   }
		  [Bottom]
		   {
		   Spacing=500
		   Line=False
		   }
		  }
		 [Font]
		  {
		  Default=False
		  FaceName="Arial"
		  GdiCharSet=0
		  Size=9
		  Width=0
		  Bold=True
		  Italic=True
		  Underline=False
		  Strikeout=False
		  Color=RGB(0,0,0)
		  PitchAndFamily=34
		  OutPrecision=3
		  }
		 OutputFormatter=
		 Direction=0
		 BarWidth=0
		 [BarWidth]
		  {
		  Align=0
		  }
		 BarRatio=0
		 Condition=True
		 Text="Nr"
		 }
		[Column]
		 {
		 Width=50000
		 Height=10000
		 bIsotropic=True
		 PlainTextFormat=True
		 Align=0
		 AlignDecPosition=-10000
		 VAlign=1
		 Adjusted=False
		 LineWrap=0
		 bFill=False
		 Raster=0
		 BkColor=RGB(0,0,0)
		 BkColor2=LL.Color.White
		 BkColor3=LL.Color.White
		 BkColor.Alpha=50
		 FgColor=RGB(0,0,0)
		 SpaceOptimization=False
		 Link.URL=
		 WithText=False
		 [Frame]
		  {
		  Default=False
		  Layout=1
		  [Left]
		   {
		   Spacing=1000
		   Line=False
		   }
		  [Top]
		   {
		   Spacing=500
		   Line=False
		   }
		  [Right]
		   {
		   Spacing=1000
		   Line=False
		   }
		  [Bottom]
		   {
		   Spacing=500
		   Line=False
		   }
		  }
		 [Font]
		  {
		  Default=False
		  FaceName="Arial"
		  GdiCharSet=0
		  Size=9
		  Width=0
		  Bold=True
		  Italic=True
		  Underline=False
		  Strikeout=False
		  Color=RGB(0,0,0)
		  PitchAndFamily=34
		  OutPrecision=3
		  }
		 OutputFormatter=
		 Direction=0
		 BarWidth=0
		 [BarWidth]
		  {
		  Align=0
		  }
		 BarRatio=0
		 Condition=True
		 Text="Firmenname"
		 }
		[Column]
		 {
		 Width=40000
		 Height=10000
		 bIsotropic=True
		 PlainTextFormat=True
		 Align=0
		 AlignDecPosition=-10000
		 VAlign=1
		 Adjusted=False
		 LineWrap=0
		 bFill=False
		 Raster=0
		 BkColor=RGB(0,0,0)
		 BkColor2=LL.Color.White
		 BkColor3=LL.Color.White
		 BkColor.Alpha=50
		 FgColor=RGB(0,0,0)
		 SpaceOptimization=False
		 Link.URL=
		 WithText=False
		 [Frame]
		  {
		  Default=False
		  Layout=1
		  [Left]
		   {
		   Spacing=1000
		   Line=False
		   }
		  [Top]
		   {
		   Spacing=500
		   Line=False
		   }
		  [Right]
		   {
		   Spacing=1000
		   Line=False
		   }
		  [Bottom]
		   {
		   Spacing=500
		   Line=False
		   }
		  }
		 [Font]
		  {
		  Default=False
		  FaceName="Arial"
		  GdiCharSet=0
		  Size=9
		  Width=0
		  Bold=True
		  Italic=True
		  Underline=False
		  Strikeout=False
		  Color=RGB(0,0,0)
		  PitchAndFamily=34
		  OutPrecision=3
		  }
		 OutputFormatter=
		 Direction=0
		 BarWidth=0
		 [BarWidth]
		  {
		  Align=0
		  }
		 BarRatio=0
		 Condition=True
		 Text="Abteilung"
		 }
		[Column]
		 {
		 Width=40000
		 Height=10000
		 bIsotropic=True
		 PlainTextFormat=True
		 Align=0
		 AlignDecPosition=-10000
		 VAlign=1
		 Adjusted=False
		 LineWrap=0
		 bFill=False
		 Raster=0
		 BkColor=RGB(0,0,0)
		 BkColor2=LL.Color.White
		 BkColor3=LL.Color.White
		 BkColor.Alpha=50
		 FgColor=RGB(0,0,0)
		 SpaceOptimization=False
		 Link.URL=
		 WithText=False
		 [Frame]
		  {
		  Default=False
		  Layout=1
		  [Left]
		   {
		   Spacing=1000
		   Line=False
		   }
		  [Top]
		   {
		   Spacing=500
		   Line=False
		   }
		  [Right]
		   {
		   Spacing=1000
		   Line=False
		   }
		  [Bottom]
		   {
		   Spacing=500
		   Line=False
		   }
		  }
		 [Font]
		  {
		  Default=False
		  FaceName="Arial"
		  GdiCharSet=0
		  Size=9
		  Width=0
		  Bold=True
		  Italic=True
		  Underline=False
		  Strikeout=False
		  Color=RGB(0,0,0)
		  PitchAndFamily=34
		  OutPrecision=3
		  }
		 OutputFormatter=
		 Direction=0
		 BarWidth=0
		 [BarWidth]
		  {
		  Align=0
		  }
		 BarRatio=0
		 Condition=True
		 Text="ZHD"
		 }
		[Column]
		 {
		 Width=40000
		 Height=10000
		 bIsotropic=True
		 PlainTextFormat=True
		 Align=0
		 AlignDecPosition=-10000
		 VAlign=1
		 Adjusted=False
		 LineWrap=0
		 bFill=False
		 Raster=0
		 BkColor=RGB(0,0,0)
		 BkColor2=LL.Color.White
		 BkColor3=LL.Color.White
		 BkColor.Alpha=50
		 FgColor=RGB(0,0,0)
		 SpaceOptimization=False
		 Link.URL=
		 WithText=False
		 [Frame]
		  {
		  Default=False
		  Layout=1
		  [Left]
		   {
		   Spacing=1000
		   Line=False
		   }
		  [Top]
		   {
		   Spacing=500
		   Line=False
		   }
		  [Right]
		   {
		   Spacing=1000
		   Line=False
		   }
		  [Bottom]
		   {
		   Spacing=500
		   Line=False
		   }
		  }
		 [Font]
		  {
		  Default=False
		  FaceName="Arial"
		  GdiCharSet=0
		  Size=9
		  Width=0
		  Bold=True
		  Italic=True
		  Underline=False
		  Strikeout=False
		  Color=RGB(0,0,0)
		  PitchAndFamily=34
		  OutPrecision=3
		  }
		 OutputFormatter=
		 Direction=0
		 BarWidth=0
		 [BarWidth]
		  {
		  Align=0
		  }
		 BarRatio=0
		 Condition=True
		 Text="Postfach"
		 }
		[Column]
		 {
		 Width=60000
		 Height=10000
		 bIsotropic=True
		 PlainTextFormat=True
		 Align=0
		 AlignDecPosition=-10000
		 VAlign=1
		 Adjusted=False
		 LineWrap=0
		 bFill=False
		 Raster=0
		 BkColor=RGB(0,0,0)
		 BkColor2=LL.Color.White
		 BkColor3=LL.Color.White
		 BkColor.Alpha=50
		 FgColor=RGB(0,0,0)
		 SpaceOptimization=False
		 Link.URL=
		 WithText=False
		 [Frame]
		  {
		  Default=False
		  Layout=1
		  [Left]
		   {
		   Spacing=1000
		   Line=False
		   }
		  [Top]
		   {
		   Spacing=500
		   Line=False
		   }
		  [Right]
		   {
		   Spacing=1000
		   Line=False
		   }
		  [Bottom]
		   {
		   Spacing=500
		   Line=False
		   }
		  }
		 [Font]
		  {
		  Default=False
		  FaceName="Arial"
		  GdiCharSet=0
		  Size=9
		  Width=0
		  Bold=True
		  Italic=True
		  Underline=False
		  Strikeout=False
		  Color=RGB(0,0,0)
		  PitchAndFamily=34
		  OutPrecision=3
		  }
		 OutputFormatter=
		 Direction=0
		 BarWidth=0
		 [BarWidth]
		  {
		  Align=0
		  }
		 BarRatio=0
		 Condition=True
		 Text="Adresse"
		 }
		[Column]
		 {
		 Width=20000
		 Height=10000
		 bIsotropic=True
		 PlainTextFormat=True
		 Align=2
		 AlignDecPosition=-10000
		 VAlign=1
		 Adjusted=False
		 LineWrap=0
		 bFill=False
		 Raster=0
		 BkColor=RGB(192,192,192)
		 BkColor2=LL.Color.White
		 BkColor3=LL.Color.White
		 BkColor.Alpha=50
		 FgColor=RGB(0,0,0)
		 SpaceOptimization=False
		 Link.URL=
		 WithText=False
		 [Frame]
		  {
		  Default=False
		  Layout=1
		  [Left]
		   {
		   Spacing=1000
		   Line=False
		   }
		  [Top]
		   {
		   Spacing=500
		   Line=False
		   }
		  [Right]
		   {
		   Spacing=1000
		   Line=True
		   [Line]
			{
			Color=RGB(64,64,64)
			LineType=0
			}
		   LineWidth=0
		   }
		  [Bottom]
		   {
		   Spacing=500
		   Line=False
		   }
		  }
		 [Font]
		  {
		  Default=False
		  FaceName="Arial"
		  GdiCharSet=0
		  Size=9
		  Width=0
		  Bold=True
		  Italic=True
		  Underline=False
		  Strikeout=False
		  Color=RGB(0,0,0)
		  PitchAndFamily=34
		  OutPrecision=3
		  }
		 OutputFormatter=
		 Direction=0
		 BarWidth=0
		 [BarWidth]
		  {
		  Align=0
		  }
		 BarRatio=0
		 Condition=True
		 Text="Aktiv"
		 }
		}
	   [Options]
		{
		[Frame0]
		 {
		 SpaceOut=0
		 }
		[Frame1]
		 {
		 SpaceOut=0
		 }
		[Frame2]
		 {
		 SpaceOut=0
		 }
		[Frame3]
		 {
		 SpaceOut=0
		 }
		LFont=default
		LCondition=
		IgnoreEmpty=TRUE
		Description=ErsteZeile
		DisplayInDesigner=TRUE
		}
	   }
	  [Line]
	   {
	   LineID=1
	   [Columns]
		{
		Columns=2
		[Column]
		 {
		 Width=10000
		 Height=10000
		 bIsotropic=True
		 PlainTextFormat=True
		 Align=0
		 AlignDecPosition=-10000
		 VAlign=1
		 Adjusted=False
		 LineWrap=0
		 bFill=False
		 Raster=1
		 BkColor=RGB(255,255,128)
		 BkColor2=LL.Color.White
		 BkColor3=LL.Color.White
		 BkColor.Alpha=50
		 FgColor=RGB(0,0,0)
		 SpaceOptimization=False
		 Link.URL=
		 WithText=False
		 [Frame]
		  {
		  Default=False
		  Layout=1
		  [Left]
		   {
		   Spacing=1000
		   Line=True
		   [Line]
			{
			Color=RGB(64,64,64)
			LineType=0
			}
		   LineWidth=0
		   }
		  [Top]
		   {
		   Spacing=500
		   Line=False
		   }
		  [Right]
		   {
		   Spacing=1000
		   Line=False
		   }
		  [Bottom]
		   {
		   Spacing=500
		   Line=True
		   [Line]
			{
			Color=RGB(64,64,64)
			LineType=0
			}
		   LineWidth=500
		   }
		  }
		 [Font]
		  {
		  Default=False
		  FaceName="Arial"
		  GdiCharSet=0
		  Size=7
		  Width=0
		  Bold=False
		  Italic=False
		  Underline=False
		  Strikeout=False
		  Color=RGB(0,0,0)
		  PitchAndFamily=34
		  OutPrecision=3
		  }
		 OutputFormatter=
		 Direction=0
		 BarWidth=0
		 [BarWidth]
		  {
		  Align=0
		  }
		 BarRatio=0
		 Condition=True
		 Text=""
		 }
		[Column]
		 {
		 Width=250000
		 Height=10000
		 bIsotropic=True
		 PlainTextFormat=True
		 Align=0
		 AlignDecPosition=-10000
		 VAlign=1
		 Adjusted=False
		 LineWrap=0
		 bFill=False
		 Raster=0
		 BkColor=RGB(0,0,0)
		 BkColor2=LL.Color.White
		 BkColor3=LL.Color.White
		 BkColor.Alpha=50
		 FgColor=RGB(0,0,0)
		 SpaceOptimization=False
		 Link.URL=
		 WithText=False
		 [Frame]
		  {
		  Default=False
		  Layout=1
		  [Left]
		   {
		   Spacing=1000
		   Line=False
		   }
		  [Top]
		   {
		   Spacing=500
		   Line=False
		   }
		  [Right]
		   {
		   Spacing=1000
		   Line=True
		   [Line]
			{
			Color=RGB(64,64,64)
			LineType=0
			}
		   LineWidth=0
		   }
		  [Bottom]
		   {
		   Spacing=500
		   Line=True
		   [Line]
			{
			Color=RGB(64,64,64)
			LineType=0
			}
		   LineWidth=500
		   }
		  }
		 [Font]
		  {
		  Default=False
		  FaceName="Arial"
		  GdiCharSet=0
		  Size=9
		  Width=0
		  Bold=True
		  Italic=True
		  Underline=False
		  Strikeout=False
		  Color=RGB(0,0,0)
		  PitchAndFamily=34
		  OutPrecision=3
		  }
		 OutputFormatter=
		 Direction=0
		 BarWidth=0
		 [BarWidth]
		  {
		  Align=0
		  }
		 BarRatio=0
		 Condition=True
		 Text="Zusatzname"
		 }
		}
	   [Options]
		{
		[Frame0]
		 {
		 SpaceOut=0
		 }
		[Frame1]
		 {
		 SpaceOut=0
		 }
		[Frame2]
		 {
		 SpaceOut=0
		 }
		[Frame3]
		 {
		 SpaceOut=0
		 }
		LFont=default
		LCondition=
		IgnoreEmpty=TRUE
		Description=2. Zeile
		DisplayInDesigner=TRUE
		}
	   }
	  }
	 }
	[Footer]
	 {
	 [Options]
	  {
	  }
	 [Lines]
	  {
	  [Line]
	   {
	   LineID=0
	   [Columns]
		{
		Columns=7
		[Column]
		 {
		 Width=10000
		 Height=10000
		 bIsotropic=True
		 PlainTextFormat=True
		 Align=2
		 AlignDecPosition=-10000
		 VAlign=1
		 Adjusted=False
		 LineWrap=0
		 bFill=False
		 Raster=1
		 BkColor=RGB(255,255,128)
		 BkColor2=LL.Color.White
		 BkColor3=LL.Color.White
		 BkColor.Alpha=50
		 FgColor=RGB(0,0,0)
		 SpaceOptimization=False
		 Link.URL=
		 WithText=False
		 [Frame]
		  {
		  Default=False
		  Layout=1
		  [Left]
		   {
		   Spacing=1000
		   Line=True
		   [Line]
			{
			Color=RGB(64,64,64)
			LineType=0
			}
		   LineWidth=0
		   }
		  [Top]
		   {
		   Spacing=500
		   Line=True
		   [Line]
			{
			Color=RGB(64,64,64)
			LineType=0
			}
		   LineWidth=500
		   }
		  [Right]
		   {
		   Spacing=1000
		   Line=False
		   }
		  [Bottom]
		   {
		   Spacing=500
		   Line=True
		   [Line]
			{
			Color=RGB(64,64,64)
			LineType=0
			}
		   LineWidth=100
		   }
		  }
		 [Font]
		  {
		  Default=False
		  FaceName="Arial"
		  GdiCharSet=0
		  Size=8
		  Width=0
		  Bold=True
		  Italic=False
		  Underline=False
		  Strikeout=False
		  Color=RGB(0,0,0)
		  PitchAndFamily=34
		  OutPrecision=3
		  }
		 OutputFormatter=
		 Direction=0
		 BarWidth=0
		 [BarWidth]
		  {
		  Align=0
		  }
		 BarRatio=0
		 Condition=True
		 Text=fstr$(LL.CountDataThisPage, "####", 1) 
		 }
		[Column]
		 {
		 Width=50000
		 Height=10000
		 bIsotropic=True
		 PlainTextFormat=True
		 Align=0
		 AlignDecPosition=-10000
		 VAlign=1
		 Adjusted=False
		 LineWrap=0
		 bFill=False
		 Raster=0
		 BkColor=RGB(0,0,0)
		 BkColor2=LL.Color.White
		 BkColor3=LL.Color.White
		 BkColor.Alpha=50
		 FgColor=RGB(0,0,0)
		 SpaceOptimization=False
		 Link.URL=
		 WithText=False
		 [Frame]
		  {
		  Default=False
		  Layout=1
		  [Left]
		   {
		   Spacing=1000
		   Line=True
		   [Line]
			{
			Color=RGB(64,64,64)
			LineType=0
			}
		   LineWidth=0
		   }
		  [Top]
		   {
		   Spacing=500
		   Line=True
		   [Line]
			{
			Color=RGB(64,64,64)
			LineType=0
			}
		   LineWidth=500
		   }
		  [Right]
		   {
		   Spacing=1000
		   Line=False
		   }
		  [Bottom]
		   {
		   Spacing=500
		   Line=True
		   [Line]
			{
			Color=RGB(64,64,64)
			LineType=0
			}
		   LineWidth=100
		   }
		  }
		 [Font]
		  {
		  Default=False
		  FaceName="Arial"
		  GdiCharSet=0
		  Size=8
		  Width=0
		  Bold=True
		  Italic=False
		  Underline=False
		  Strikeout=False
		  Color=RGB(0,0,0)
		  PitchAndFamily=34
		  OutPrecision=3
		  }
		 OutputFormatter=
		 Direction=0
		 BarWidth=0
		 [BarWidth]
		  {
		  Align=0
		  }
		 BarRatio=0
		 Condition=True
		 Text="Seitentotal Datensätze"
		 }
		[Column]
		 {
		 Width=40000
		 Height=10000
		 bIsotropic=True
		 PlainTextFormat=True
		 Align=0
		 AlignDecPosition=-10000
		 VAlign=1
		 Adjusted=False
		 LineWrap=0
		 bFill=False
		 Raster=0
		 BkColor=RGB(0,0,0)
		 BkColor2=LL.Color.White
		 BkColor3=LL.Color.White
		 BkColor.Alpha=50
		 FgColor=RGB(0,0,0)
		 SpaceOptimization=False
		 Link.URL=
		 WithText=False
		 [Frame]
		  {
		  Default=False
		  Layout=1
		  [Left]
		   {
		   Spacing=1000
		   Line=False
		   }
		  [Top]
		   {
		   Spacing=500
		   Line=True
		   [Line]
			{
			Color=RGB(64,64,64)
			LineType=0
			}
		   LineWidth=500
		   }
		  [Right]
		   {
		   Spacing=1000
		   Line=False
		   }
		  [Bottom]
		   {
		   Spacing=500
		   Line=True
		   [Line]
			{
			Color=RGB(64,64,64)
			LineType=0
			}
		   LineWidth=100
		   }
		  }
		 [Font]
		  {
		  Default=False
		  FaceName="Arial"
		  GdiCharSet=0
		  Size=9
		  Width=0
		  Bold=True
		  Italic=True
		  Underline=False
		  Strikeout=False
		  Color=RGB(0,0,0)
		  PitchAndFamily=34
		  OutPrecision=3
		  }
		 OutputFormatter=
		 Direction=0
		 BarWidth=0
		 [BarWidth]
		  {
		  Align=0
		  }
		 BarRatio=0
		 Condition=True
		 Text=""
		 }
		[Column]
		 {
		 Width=40000
		 Height=10000
		 bIsotropic=True
		 PlainTextFormat=True
		 Align=0
		 AlignDecPosition=-10000
		 VAlign=1
		 Adjusted=False
		 LineWrap=0
		 bFill=False
		 Raster=0
		 BkColor=RGB(0,0,0)
		 BkColor2=LL.Color.White
		 BkColor3=LL.Color.White
		 BkColor.Alpha=50
		 FgColor=RGB(0,0,0)
		 SpaceOptimization=False
		 Link.URL=
		 WithText=False
		 [Frame]
		  {
		  Default=False
		  Layout=1
		  [Left]
		   {
		   Spacing=1000
		   Line=False
		   }
		  [Top]
		   {
		   Spacing=500
		   Line=True
		   [Line]
			{
			Color=RGB(64,64,64)
			LineType=0
			}
		   LineWidth=500
		   }
		  [Right]
		   {
		   Spacing=1000
		   Line=False
		   }
		  [Bottom]
		   {
		   Spacing=500
		   Line=True
		   [Line]
			{
			Color=RGB(64,64,64)
			LineType=0
			}
		   LineWidth=100
		   }
		  }
		 [Font]
		  {
		  Default=False
		  FaceName="Arial"
		  GdiCharSet=0
		  Size=9
		  Width=0
		  Bold=True
		  Italic=True
		  Underline=False
		  Strikeout=False
		  Color=RGB(0,0,0)
		  PitchAndFamily=34
		  OutPrecision=3
		  }
		 OutputFormatter=
		 Direction=0
		 BarWidth=0
		 [BarWidth]
		  {
		  Align=0
		  }
		 BarRatio=0
		 Condition=True
		 Text=""
		 }
		[Column]
		 {
		 Width=40000
		 Height=10000
		 bIsotropic=True
		 PlainTextFormat=True
		 Align=0
		 AlignDecPosition=-10000
		 VAlign=1
		 Adjusted=False
		 LineWrap=0
		 bFill=False
		 Raster=0
		 BkColor=RGB(0,0,0)
		 BkColor2=LL.Color.White
		 BkColor3=LL.Color.White
		 BkColor.Alpha=50
		 FgColor=RGB(0,0,0)
		 SpaceOptimization=False
		 Link.URL=
		 WithText=False
		 [Frame]
		  {
		  Default=False
		  Layout=1
		  [Left]
		   {
		   Spacing=1000
		   Line=False
		   }
		  [Top]
		   {
		   Spacing=500
		   Line=True
		   [Line]
			{
			Color=RGB(64,64,64)
			LineType=0
			}
		   LineWidth=500
		   }
		  [Right]
		   {
		   Spacing=1000
		   Line=False
		   }
		  [Bottom]
		   {
		   Spacing=500
		   Line=True
		   [Line]
			{
			Color=RGB(64,64,64)
			LineType=0
			}
		   LineWidth=100
		   }
		  }
		 [Font]
		  {
		  Default=False
		  FaceName="Arial"
		  GdiCharSet=0
		  Size=9
		  Width=0
		  Bold=True
		  Italic=True
		  Underline=False
		  Strikeout=False
		  Color=RGB(0,0,0)
		  PitchAndFamily=34
		  OutPrecision=3
		  }
		 OutputFormatter=
		 Direction=0
		 BarWidth=0
		 [BarWidth]
		  {
		  Align=0
		  }
		 BarRatio=0
		 Condition=True
		 Text=""
		 }
		[Column]
		 {
		 Width=60000
		 Height=10000
		 bIsotropic=True
		 PlainTextFormat=True
		 Align=0
		 AlignDecPosition=-10000
		 VAlign=1
		 Adjusted=False
		 LineWrap=0
		 bFill=False
		 Raster=0
		 BkColor=RGB(0,0,0)
		 BkColor2=LL.Color.White
		 BkColor3=LL.Color.White
		 BkColor.Alpha=50
		 FgColor=RGB(0,0,0)
		 SpaceOptimization=False
		 Link.URL=
		 WithText=False
		 [Frame]
		  {
		  Default=False
		  Layout=1
		  [Left]
		   {
		   Spacing=1000
		   Line=False
		   }
		  [Top]
		   {
		   Spacing=500
		   Line=True
		   [Line]
			{
			Color=RGB(64,64,64)
			LineType=0
			}
		   LineWidth=500
		   }
		  [Right]
		   {
		   Spacing=1000
		   Line=False
		   }
		  [Bottom]
		   {
		   Spacing=500
		   Line=True
		   [Line]
			{
			Color=RGB(64,64,64)
			LineType=0
			}
		   LineWidth=100
		   }
		  }
		 [Font]
		  {
		  Default=False
		  FaceName="Arial"
		  GdiCharSet=0
		  Size=9
		  Width=0
		  Bold=True
		  Italic=True
		  Underline=False
		  Strikeout=False
		  Color=RGB(0,0,0)
		  PitchAndFamily=34
		  OutPrecision=3
		  }
		 OutputFormatter=
		 Direction=0
		 BarWidth=0
		 [BarWidth]
		  {
		  Align=0
		  }
		 BarRatio=0
		 Condition=True
		 Text=""
		 }
		[Column]
		 {
		 Width=20000
		 Height=10000
		 bIsotropic=True
		 PlainTextFormat=True
		 Align=2
		 AlignDecPosition=-10000
		 VAlign=1
		 Adjusted=False
		 LineWrap=0
		 bFill=False
		 Raster=0
		 BkColor=RGB(192,192,192)
		 BkColor2=LL.Color.White
		 BkColor3=LL.Color.White
		 BkColor.Alpha=50
		 FgColor=RGB(0,0,0)
		 SpaceOptimization=False
		 Link.URL=
		 WithText=False
		 [Frame]
		  {
		  Default=False
		  Layout=1
		  [Left]
		   {
		   Spacing=1000
		   Line=False
		   }
		  [Top]
		   {
		   Spacing=500
		   Line=True
		   [Line]
			{
			Color=RGB(64,64,64)
			LineType=0
			}
		   LineWidth=500
		   }
		  [Right]
		   {
		   Spacing=1000
		   Line=True
		   [Line]
			{
			Color=RGB(64,64,64)
			LineType=0
			}
		   LineWidth=0
		   }
		  [Bottom]
		   {
		   Spacing=500
		   Line=True
		   [Line]
			{
			Color=RGB(64,64,64)
			LineType=0
			}
		   LineWidth=100
		   }
		  }
		 [Font]
		  {
		  Default=False
		  FaceName="Arial"
		  GdiCharSet=0
		  Size=9
		  Width=0
		  Bold=True
		  Italic=True
		  Underline=False
		  Strikeout=False
		  Color=RGB(0,0,0)
		  PitchAndFamily=34
		  OutPrecision=3
		  }
		 OutputFormatter=
		 Direction=0
		 BarWidth=0
		 [BarWidth]
		  {
		  Align=0
		  }
		 BarRatio=0
		 Condition=True
		 Text=""
		 }
		}
	   [Options]
		{
		[Frame0]
		 {
		 SpaceOut=0
		 }
		[Frame1]
		 {
		 SpaceOut=0
		 }
		[Frame2]
		 {
		 SpaceOut=0
		 }
		[Frame3]
		 {
		 SpaceOut=0
		 }
		LFont=default
		LCondition=
		IgnoreEmpty=TRUE
		Description=Seitentotal
		DisplayInDesigner=TRUE
		}
	   }
	  [Line]
	   {
	   LineID=1
	   [Columns]
		{
		Columns=7
		[Column]
		 {
		 Width=10000
		 Height=10000
		 bIsotropic=True
		 PlainTextFormat=True
		 Align=2
		 AlignDecPosition=-10000
		 VAlign=1
		 Adjusted=False
		 LineWrap=0
		 bFill=False
		 Raster=1
		 BkColor=RGB(255,255,128)
		 BkColor2=LL.Color.White
		 BkColor3=LL.Color.White
		 BkColor.Alpha=50
		 FgColor=RGB(0,0,0)
		 SpaceOptimization=False
		 Link.URL=
		 WithText=False
		 [Frame]
		  {
		  Default=False
		  Layout=1
		  [Left]
		   {
		   Spacing=1000
		   Line=True
		   [Line]
			{
			Color=RGB(64,64,64)
			LineType=0
			}
		   LineWidth=0
		   }
		  [Top]
		   {
		   Spacing=500
		   Line=False
		   }
		  [Right]
		   {
		   Spacing=1000
		   Line=False
		   }
		  [Bottom]
		   {
		   Spacing=500
		   Line=True
		   [Line]
			{
			Color=RGB(64,64,64)
			LineType=0
			}
		   LineWidth=500
		   }
		  }
		 [Font]
		  {
		  Default=False
		  FaceName="Arial"
		  GdiCharSet=0
		  Size=8
		  Width=0
		  Bold=True
		  Italic=False
		  Underline=False
		  Strikeout=False
		  Color=RGB(0,0,0)
		  PitchAndFamily=34
		  OutPrecision=3
		  }
		 OutputFormatter=
		 Direction=0
		 BarWidth=0
		 [BarWidth]
		  {
		  Align=0
		  }
		 BarRatio=0
		 Condition=True
		 Text=fstr$(LL.CountPrintedData, "####", 1) 
		 }
		[Column]
		 {
		 Width=50000
		 Height=10000
		 bIsotropic=True
		 PlainTextFormat=True
		 Align=0
		 AlignDecPosition=-10000
		 VAlign=1
		 Adjusted=False
		 LineWrap=0
		 bFill=False
		 Raster=0
		 BkColor=RGB(0,0,0)
		 BkColor2=LL.Color.White
		 BkColor3=LL.Color.White
		 BkColor.Alpha=50
		 FgColor=RGB(0,0,0)
		 SpaceOptimization=False
		 Link.URL=
		 WithText=False
		 [Frame]
		  {
		  Default=False
		  Layout=1
		  [Left]
		   {
		   Spacing=1000
		   Line=True
		   [Line]
			{
			Color=RGB(64,64,64)
			LineType=0
			}
		   LineWidth=0
		   }
		  [Top]
		   {
		   Spacing=500
		   Line=False
		   }
		  [Right]
		   {
		   Spacing=1000
		   Line=False
		   }
		  [Bottom]
		   {
		   Spacing=500
		   Line=True
		   [Line]
			{
			Color=RGB(64,64,64)
			LineType=0
			}
		   LineWidth=500
		   }
		  }
		 [Font]
		  {
		  Default=False
		  FaceName="Arial"
		  GdiCharSet=0
		  Size=8
		  Width=0
		  Bold=True
		  Italic=False
		  Underline=False
		  Strikeout=False
		  Color=RGB(0,0,0)
		  PitchAndFamily=34
		  OutPrecision=3
		  }
		 OutputFormatter=
		 Direction=0
		 BarWidth=0
		 [BarWidth]
		  {
		  Align=0
		  }
		 BarRatio=0
		 Condition=True
		 Text="Total der Datensätze"
		 }
		[Column]
		 {
		 Width=40000
		 Height=10000
		 bIsotropic=True
		 PlainTextFormat=True
		 Align=0
		 AlignDecPosition=-10000
		 VAlign=1
		 Adjusted=False
		 LineWrap=0
		 bFill=False
		 Raster=0
		 BkColor=RGB(0,0,0)
		 BkColor2=LL.Color.White
		 BkColor3=LL.Color.White
		 BkColor.Alpha=50
		 FgColor=RGB(0,0,0)
		 SpaceOptimization=False
		 Link.URL=
		 WithText=False
		 [Frame]
		  {
		  Default=False
		  Layout=1
		  [Left]
		   {
		   Spacing=1000
		   Line=False
		   }
		  [Top]
		   {
		   Spacing=500
		   Line=False
		   }
		  [Right]
		   {
		   Spacing=1000
		   Line=False
		   }
		  [Bottom]
		   {
		   Spacing=500
		   Line=True
		   [Line]
			{
			Color=RGB(64,64,64)
			LineType=0
			}
		   LineWidth=500
		   }
		  }
		 [Font]
		  {
		  Default=False
		  FaceName="Arial"
		  GdiCharSet=0
		  Size=9
		  Width=0
		  Bold=True
		  Italic=True
		  Underline=False
		  Strikeout=False
		  Color=RGB(0,0,0)
		  PitchAndFamily=34
		  OutPrecision=3
		  }
		 OutputFormatter=
		 Direction=0
		 BarWidth=0
		 [BarWidth]
		  {
		  Align=0
		  }
		 BarRatio=0
		 Condition=True
		 Text=""
		 }
		[Column]
		 {
		 Width=40000
		 Height=10000
		 bIsotropic=True
		 PlainTextFormat=True
		 Align=0
		 AlignDecPosition=-10000
		 VAlign=1
		 Adjusted=False
		 LineWrap=0
		 bFill=False
		 Raster=0
		 BkColor=RGB(0,0,0)
		 BkColor2=LL.Color.White
		 BkColor3=LL.Color.White
		 BkColor.Alpha=50
		 FgColor=RGB(0,0,0)
		 SpaceOptimization=False
		 Link.URL=
		 WithText=False
		 [Frame]
		  {
		  Default=False
		  Layout=1
		  [Left]
		   {
		   Spacing=1000
		   Line=False
		   }
		  [Top]
		   {
		   Spacing=500
		   Line=False
		   }
		  [Right]
		   {
		   Spacing=1000
		   Line=False
		   }
		  [Bottom]
		   {
		   Spacing=500
		   Line=True
		   [Line]
			{
			Color=RGB(64,64,64)
			LineType=0
			}
		   LineWidth=500
		   }
		  }
		 [Font]
		  {
		  Default=False
		  FaceName="Arial"
		  GdiCharSet=0
		  Size=9
		  Width=0
		  Bold=True
		  Italic=True
		  Underline=False
		  Strikeout=False
		  Color=RGB(0,0,0)
		  PitchAndFamily=34
		  OutPrecision=3
		  }
		 OutputFormatter=
		 Direction=0
		 BarWidth=0
		 [BarWidth]
		  {
		  Align=0
		  }
		 BarRatio=0
		 Condition=True
		 Text=""
		 }
		[Column]
		 {
		 Width=40000
		 Height=10000
		 bIsotropic=True
		 PlainTextFormat=True
		 Align=0
		 AlignDecPosition=-10000
		 VAlign=1
		 Adjusted=False
		 LineWrap=0
		 bFill=False
		 Raster=0
		 BkColor=RGB(0,0,0)
		 BkColor2=LL.Color.White
		 BkColor3=LL.Color.White
		 BkColor.Alpha=50
		 FgColor=RGB(0,0,0)
		 SpaceOptimization=False
		 Link.URL=
		 WithText=False
		 [Frame]
		  {
		  Default=False
		  Layout=1
		  [Left]
		   {
		   Spacing=1000
		   Line=False
		   }
		  [Top]
		   {
		   Spacing=500
		   Line=False
		   }
		  [Right]
		   {
		   Spacing=1000
		   Line=False
		   }
		  [Bottom]
		   {
		   Spacing=500
		   Line=True
		   [Line]
			{
			Color=RGB(64,64,64)
			LineType=0
			}
		   LineWidth=500
		   }
		  }
		 [Font]
		  {
		  Default=False
		  FaceName="Arial"
		  GdiCharSet=0
		  Size=9
		  Width=0
		  Bold=True
		  Italic=True
		  Underline=False
		  Strikeout=False
		  Color=RGB(0,0,0)
		  PitchAndFamily=34
		  OutPrecision=3
		  }
		 OutputFormatter=
		 Direction=0
		 BarWidth=0
		 [BarWidth]
		  {
		  Align=0
		  }
		 BarRatio=0
		 Condition=True
		 Text=""
		 }
		[Column]
		 {
		 Width=60000
		 Height=10000
		 bIsotropic=True
		 PlainTextFormat=True
		 Align=0
		 AlignDecPosition=-10000
		 VAlign=1
		 Adjusted=False
		 LineWrap=0
		 bFill=False
		 Raster=0
		 BkColor=RGB(0,0,0)
		 BkColor2=LL.Color.White
		 BkColor3=LL.Color.White
		 BkColor.Alpha=50
		 FgColor=RGB(0,0,0)
		 SpaceOptimization=False
		 Link.URL=
		 WithText=False
		 [Frame]
		  {
		  Default=False
		  Layout=1
		  [Left]
		   {
		   Spacing=1000
		   Line=False
		   }
		  [Top]
		   {
		   Spacing=500
		   Line=False
		   }
		  [Right]
		   {
		   Spacing=1000
		   Line=False
		   }
		  [Bottom]
		   {
		   Spacing=500
		   Line=True
		   [Line]
			{
			Color=RGB(64,64,64)
			LineType=0
			}
		   LineWidth=500
		   }
		  }
		 [Font]
		  {
		  Default=False
		  FaceName="Arial"
		  GdiCharSet=0
		  Size=9
		  Width=0
		  Bold=True
		  Italic=True
		  Underline=False
		  Strikeout=False
		  Color=RGB(0,0,0)
		  PitchAndFamily=34
		  OutPrecision=3
		  }
		 OutputFormatter=
		 Direction=0
		 BarWidth=0
		 [BarWidth]
		  {
		  Align=0
		  }
		 BarRatio=0
		 Condition=True
		 Text=""
		 }
		[Column]
		 {
		 Width=20000
		 Height=10000
		 bIsotropic=True
		 PlainTextFormat=True
		 Align=2
		 AlignDecPosition=-10000
		 VAlign=1
		 Adjusted=False
		 LineWrap=0
		 bFill=False
		 Raster=0
		 BkColor=RGB(192,192,192)
		 BkColor2=LL.Color.White
		 BkColor3=LL.Color.White
		 BkColor.Alpha=50
		 FgColor=RGB(0,0,0)
		 SpaceOptimization=False
		 Link.URL=
		 WithText=False
		 [Frame]
		  {
		  Default=False
		  Layout=1
		  [Left]
		   {
		   Spacing=1000
		   Line=False
		   }
		  [Top]
		   {
		   Spacing=500
		   Line=False
		   }
		  [Right]
		   {
		   Spacing=1000
		   Line=True
		   [Line]
			{
			Color=RGB(64,64,64)
			LineType=0
			}
		   LineWidth=0
		   }
		  [Bottom]
		   {
		   Spacing=500
		   Line=True
		   [Line]
			{
			Color=RGB(64,64,64)
			LineType=0
			}
		   LineWidth=500
		   }
		  }
		 [Font]
		  {
		  Default=False
		  FaceName="Arial"
		  GdiCharSet=0
		  Size=9
		  Width=0
		  Bold=True
		  Italic=True
		  Underline=False
		  Strikeout=False
		  Color=RGB(0,0,0)
		  PitchAndFamily=34
		  OutPrecision=3
		  }
		 OutputFormatter=
		 Direction=0
		 BarWidth=0
		 [BarWidth]
		  {
		  Align=0
		  }
		 BarRatio=0
		 Condition=True
		 Text=""
		 }
		}
	   [Options]
		{
		[Frame0]
		 {
		 SpaceOut=0
		 }
		[Frame1]
		 {
		 SpaceOut=0
		 }
		[Frame2]
		 {
		 SpaceOut=0
		 }
		[Frame3]
		 {
		 SpaceOut=0
		 }
		LFont=default
		LCondition=
		IgnoreEmpty=TRUE
		Description=Total der Seite
		DisplayInDesigner=TRUE
		}
	   }
	  }
	 }
	[GroupHeader]
	 {
	 }
	[GroupFooter]
	 {
	 }
	}
   }
  }
[Object]
 ObjectID=1
 ObjectName=Text
 Locked=FALSE
 LinkID=36
 LinkToID=0
 LinkMode=32
 LinkTest=-4544
 LayerID=0
 GroupID=0
 Identifier=
 Condition=True
 UserLocked=False
 WrapBefore=False
 Position/Left=110900
 Position/Top=9800
 Position/Width=59900
 Position/Height=14600
 Direction=0
 bFill=False
 BkColor=RGB(255,255,255)
 Frame/Layout=0
 Frame/Left/Line=False
 Frame/Top/Line=False
 Frame/Right/Line=False
 Frame/Bottom/Line=False
 bPageWrap=False
 bBottomAligned=False
 [@Lines]
  {
  [Lines]
   {
   [Line]
	{
	[Font]
	 {
	 Default=False
	 FaceName="Arial"
	 GdiCharSet=0
	 Size=8
	 Width=0
	 Bold=False
	 Italic=False
	 Underline=False
	 Strikeout=False
	 Color=RGB(0,0,0)
	 PitchAndFamily=34
	 OutPrecision=3
	 }
	Align=0
	Adjusted=False
	Uneraseable=False
	LineWrap=0
	PageWrapAllowed=False
	SpaceOptimization=True
	Spacing.Paragraph=0
	Spacing.Line=0
	OutputFormatter=
	Condition=True
	Text=MDName
	Tab=0
	TabAlign=0
	}
   [Line]
	{
	[Font]
	 {
	 Default=False
	 FaceName="Arial"
	 GdiCharSet=0
	 Size=8
	 Width=0
	 Bold=False
	 Italic=False
	 Underline=False
	 Strikeout=False
	 Color=RGB(0,0,0)
	 PitchAndFamily=34
	 OutPrecision=3
	 }
	Align=0
	Adjusted=False
	Uneraseable=False
	LineWrap=0
	PageWrapAllowed=False
	SpaceOptimization=True
	Spacing.Paragraph=0
	Spacing.Line=0
	OutputFormatter=
	Condition=True
	Text=MDName2
	Tab=0
	TabAlign=0
	}
   [Line]
	{
	[Font]
	 {
	 Default=False
	 FaceName="Arial"
	 GdiCharSet=0
	 Size=8
	 Width=0
	 Bold=False
	 Italic=False
	 Underline=False
	 Strikeout=False
	 Color=RGB(0,0,0)
	 PitchAndFamily=34
	 OutPrecision=3
	 }
	Align=0
	Adjusted=False
	Uneraseable=False
	LineWrap=0
	PageWrapAllowed=False
	SpaceOptimization=True
	Spacing.Paragraph=0
	Spacing.Line=0
	OutputFormatter=
	Condition=True
	Text=MDName3
	Tab=0
	TabAlign=0
	}
   [Line]
	{
	[Font]
	 {
	 Default=False
	 FaceName="Arial"
	 GdiCharSet=0
	 Size=8
	 Width=0
	 Bold=False
	 Italic=False
	 Underline=False
	 Strikeout=False
	 Color=RGB(0,0,0)
	 PitchAndFamily=34
	 OutPrecision=3
	 }
	Align=0
	Adjusted=False
	Uneraseable=False
	LineWrap=0
	PageWrapAllowed=False
	SpaceOptimization=True
	Spacing.Paragraph=0
	Spacing.Line=0
	OutputFormatter=
	Condition=True
	Text=MDStrasse 
	Tab=0
	TabAlign=0
	}
   [Line]
	{
	[Font]
	 {
	 Default=False
	 FaceName="Arial"
	 GdiCharSet=0
	 Size=8
	 Width=0
	 Bold=False
	 Italic=False
	 Underline=False
	 Strikeout=False
	 Color=RGB(0,0,0)
	 PitchAndFamily=34
	 OutPrecision=3
	 }
	Align=0
	Adjusted=False
	Uneraseable=False
	LineWrap=0
	PageWrapAllowed=False
	SpaceOptimization=True
	Spacing.Paragraph=0
	Spacing.Line=0
	OutputFormatter=
	Condition=True
	Text=MDPLZ + " " + MDOrt
	Tab=0
	TabAlign=0
	}
   }
  }
[Object]
 ObjectID=1
 ObjectName=Text
 Locked=FALSE
 LinkID=37
 LinkToID=0
 LinkMode=32
 LinkTest=-7317
 LayerID=0
 GroupID=0
 Identifier=
 Condition=True
 UserLocked=False
 WrapBefore=False
 Position/Left=254900
 Position/Top=9800
 Position/Width=35000
 Position/Height=9400
 Direction=0
 bFill=False
 BkColor=RGB(255,255,255)
 Frame/Layout=0
 Frame/Left/Line=False
 Frame/Top/Line=False
 Frame/Right/Line=False
 Frame/Bottom/Line=False
 bPageWrap=False
 bBottomAligned=False
 [@Lines]
  {
  [Lines]
   {
   [Line]
	{
	[Font]
	 {
	 Default=False
	 FaceName="Arial"
	 GdiCharSet=0
	 Size=8
	 Width=0
	 Bold=False
	 Italic=False
	 Underline=False
	 Strikeout=False
	 Color=RGB(0,0,0)
	 PitchAndFamily=34
	 OutPrecision=3
	 }
	Align=0
	Adjusted=False
	Uneraseable=False
	LineWrap=0
	PageWrapAllowed=False
	SpaceOptimization=True
	Spacing.Paragraph=0
	Spacing.Line=0
	OutputFormatter=
	Condition=True
	Text=Date$(Now(),"%DD, %d.%m.%y  um %02H:%02i")
	Tab=0
	TabAlign=0
	}
   [Line]
	{
	[Font]
	 {
	 Default=False
	 FaceName="Arial"
	 GdiCharSet=0
	 Size=8
	 Width=0
	 Bold=False
	 Italic=False
	 Underline=False
	 Strikeout=False
	 Color=RGB(0,0,0)
	 PitchAndFamily=34
	 OutPrecision=3
	 }
	Align=0
	Adjusted=False
	Uneraseable=False
	LineWrap=0
	PageWrapAllowed=False
	SpaceOptimization=True
	Spacing.Paragraph=0
	Spacing.Line=0
	OutputFormatter=
	Condition=True
	Text=Page$() + " von " + TotalPages$ ()
	Tab=0
	TabAlign=0
	}
   [Line]
	{
	[Font]
	 {
	 Default=False
	 FaceName="Arial"
	 GdiCharSet=0
	 Size=8
	 Width=0
	 Bold=False
	 Italic=False
	 Underline=False
	 Strikeout=False
	 Color=RGB(0,0,0)
	 PitchAndFamily=34
	 OutPrecision=3
	 }
	Align=0
	Adjusted=False
	Uneraseable=False
	LineWrap=0
	PageWrapAllowed=False
	SpaceOptimization=True
	Spacing.Paragraph=0
	Spacing.Line=0
	OutputFormatter=
	Condition=True
	Text=Left$(AutorFName,1) + ". " + AutorLName
	Tab=0
	TabAlign=0
	}
   }
  }
[Object]
 ObjectID=1
 ObjectName=Text
 Locked=FALSE
 LinkID=38
 LinkToID=0
 LinkMode=32
 LinkTest=-32107
 LayerID=0
 GroupID=0
 Identifier=
 Condition=True
 UserLocked=False
 WrapBefore=False
 Position/Left=239900
 Position/Top=9800
 Position/Width=13800
 Position/Height=9200
 Direction=0
 bFill=False
 BkColor=RGB(255,255,255)
 Frame/Layout=0
 Frame/Left/Line=False
 Frame/Top/Line=False
 Frame/Right/Line=False
 Frame/Bottom/Line=False
 bPageWrap=False
 bBottomAligned=False
 [@Lines]
  {
  [Lines]
   {
   [Line]
	{
	[Font]
	 {
	 Default=False
	 FaceName="Arial"
	 GdiCharSet=0
	 Size=8
	 Width=0
	 Bold=True
	 Italic=False
	 Underline=False
	 Strikeout=False
	 Color=RGB(0,0,0)
	 PitchAndFamily=34
	 OutPrecision=3
	 }
	Align=0
	Adjusted=False
	Uneraseable=False
	LineWrap=0
	PageWrapAllowed=False
	SpaceOptimization=True
	Spacing.Paragraph=0
	Spacing.Line=0
	OutputFormatter=
	Condition=True
	Text="Datum:"
	Tab=0
	TabAlign=0
	}
   [Line]
	{
	[Font]
	 {
	 Default=False
	 FaceName="Arial"
	 GdiCharSet=0
	 Size=8
	 Width=0
	 Bold=True
	 Italic=False
	 Underline=False
	 Strikeout=False
	 Color=RGB(0,0,0)
	 PitchAndFamily=34
	 OutPrecision=3
	 }
	Align=0
	Adjusted=False
	Uneraseable=False
	LineWrap=0
	PageWrapAllowed=False
	SpaceOptimization=True
	Spacing.Paragraph=0
	Spacing.Line=0
	OutputFormatter=
	Condition=True
	Text="Seite:"
	Tab=0
	TabAlign=0
	}
   [Line]
	{
	[Font]
	 {
	 Default=False
	 FaceName="Arial"
	 GdiCharSet=0
	 Size=8
	 Width=0
	 Bold=True
	 Italic=False
	 Underline=False
	 Strikeout=False
	 Color=RGB(0,0,0)
	 PitchAndFamily=34
	 OutPrecision=3
	 }
	Align=0
	Adjusted=False
	Uneraseable=False
	LineWrap=0
	PageWrapAllowed=False
	SpaceOptimization=True
	Spacing.Paragraph=0
	Spacing.Line=0
	OutputFormatter=
	Condition=True
	Text="Benutzer:"
	Tab=0
	TabAlign=0
	}
   }
  }
[Object]
 ObjectID=1
 ObjectName=Text
 Locked=FALSE
 LinkID=8
 LinkToID=0
 LinkMode=32
 LinkTest=-24475
 LayerID=0
 GroupID=0
 Identifier=
 Condition=True
 UserLocked=False
 WrapBefore=False
 Position/Left=7100
 Position/Top=20300
 Position/Width=102400
 Position/Height=3000
 Direction=0
 bFill=False
 BkColor=RGB(255,255,255)
 Frame/Layout=0
 Frame/Left/Line=False
 Frame/Top/Line=False
 Frame/Right/Line=False
 Frame/Bottom/Line=False
 bPageWrap=False
 bBottomAligned=False
 [@Lines]
  {
  [Lines]
   {
   [Line]
	{
	[Font]
	 {
	 Default=False
	 FaceName="Arial"
	 GdiCharSet=0
	 Size=8
	 Width=0
	 Bold=True
	 Italic=False
	 Underline=False
	 Strikeout=False
	 Color=RGB(0,0,0)
	 PitchAndFamily=34
	 OutPrecision=3
	 }
	Align=0
	Adjusted=False
	Uneraseable=False
	LineWrap=0
	PageWrapAllowed=False
	SpaceOptimization=True
	Spacing.Paragraph=0
	Spacing.Line=0
	OutputFormatter=
	Condition=True
	Text=Firma1
	Tab=0
	TabAlign=0
	}
   }
  }
[UserVariables]
[Parameters]
 [@Parameters]
  {
  [Parameters]
   {
   LL.ProjectDescription=Liste der Rechnungsadressen
   }
  }
[UsedIdentifiers]
 Variables=AutorFName;AutorLName;Firma1;MDName;MDName2;MDName3;MDOrt;MDPLZ;MDStrasse
 Fields=ActiveRec;REAbteilung;RecNr;REFirma2;REFirma3;RELand;REOrt;REPLZ;REPostfach;REZhd
