[List description]
[Description]
 Text=Stundenliste nach Kundendaten
 FileVersion=5
 Units=SCM-Units
 Metric=0
 TextQuote.Start=1
 TextQuote.End=1
 RepresentationCode.CondStart=171
 RepresentationCode.CondSep=166
 RepresentationCode.CondEnd=187
 RepresentationCode.Tab=247
 RepresentationCode.Ret=182
 RepresentationCode.PhantomSpace=2
 RepresentationCode.LockNextChar=3
 RepresentationCode.ExprSep=164
 LCID=7
 Created=<unknown>
 CreatedByApp=<unknown>
 CreatedByDLL=<unknown>
 CreatedByUser=<unknown>
 LastModified=<unknown>
 LastModifiedByApp=<unknown>
 LastModifiedByDLL=<unknown>
 LastModifiedByUser=<unknown>
[Layout]
 P1.Template=
 P2.Template=
 xOffset=0
 yOffset=0
 xSize=210000
 ySize=297000
 P1.xOffset=0
 P1.yOffset=0
 P1.xSize=210000
 P1.ySize=297000
 P2.xOffset=0
 P2.yOffset=0
 P2.xSize=210000
 P2.ySize=297000
 P1.nPaperFormat=9
 P1.xPaperSize=210000
 P1.yPaperSize=297000
 P1.ForcePaperFormat=FALSE
 P2.nPaperFormat=9
 P2.xPaperSize=210000
 P2.yPaperSize=297000
 P2.ForcePaperFormat=FALSE
 xGrid=1000
 yGrid=1000
 GridShow=TRUE
 GridSnap=FALSE
 PhysicalPage=TRUE
 P1.PhysicalPage=TRUE
 P2.PhysicalPage=TRUE
 Orientation=1
 P1.Orientation=1
 P2.Orientation=1
 EnhancedExpressions=TRUE
 EnhancedOldExpressions=FALSE
 Decimals=2
 DefFont={(0,0,0),10,-13,0,0,0,400,0,0,0,0,3,2,1,34,Arial}
 HelpLines.Horizontal=
 HelpLines.Vertical=
 PDF.MaxOutlineDepth=2
 ObjectCount=8
[UserSection]

[SumVariables]
 Sum1=@GAnzahl;F;K_Anzahl
 Sum2=@SAnzahl;T;K_Anzahl
 Sum3=@TAnzahl;F;K_Anzahl
[Layer]
 Name=Basis
 Condition=
 WorkspaceColor=(0,0,0)
 Visible=TRUE
 LayerID=0
[Layer]
 Name=Erste Seite
 Condition=Page() = 1
 WorkspaceColor=(0,128,64)
 Visible=TRUE
 LayerID=1
[Layer]
 Name=Folgeseiten
 Condition=Page() <> 1
 WorkspaceColor=(0,0,255)
 Visible=TRUE
 LayerID=2
[Object]
 ObjectID=1
 ObjectName=Text
 Locked=FALSE
 LinkID=1
 LinkToID=0
 LinkMode=32
 LinkTest=-22353
 LayerID=0
 GroupID=0
 Identifier=
 Condition=True
 UserLocked=False
 WrapBefore=False
 Position/Left=7300
 Position/Top=9900
 Position/Width=62600
 Position/Height=12600
 Direction=0
 bFill=False
 BkColor=RGB(255,255,255)
 bFrame=False
 Color=RGB(0,0,0)
 Width=0
 Distance=0
 bPageWrap=False
 bBottomAligned=False
 [@Lines]
  {
  [Lines]
   {
   [Line]
	{
	[Font]
	 {
	 Default=False
	 Name=Arial
	 GdiCharSet=0
	 Size=12
	 Width=0
	 Bold=True
	 Italic=True
	 Underline=False
	 Strikeout=False
	 Color=RGB(0,0,0)
	 PitchAndFamily=34
	 OutPrecision=3
	 }
	Align=0
	Adjusted=False
	Uneraseable=True
	LineWrap=True
	PageWrapAllowed=False
	SpaceOptimization=True
	Spacing.Paragraph=0
	Spacing.Line=0
	Text="Liste der geleisteten Stunden bei den Kunden"
	Tab=0
	TabAlign=0
	}
   }
  }
[Object]
 ObjectID=1
 ObjectName=Text
 Locked=FALSE
 LinkID=3
 LinkToID=0
 LinkMode=32
 LinkTest=-17801
 LayerID=0
 GroupID=0
 Identifier=
 Condition=True
 UserLocked=False
 WrapBefore=False
 Position/Left=167300
 Position/Top=9900
 Position/Width=36800
 Position/Height=9800
 Direction=0
 bFill=False
 BkColor=RGB(255,255,255)
 bFrame=False
 Color=RGB(0,0,0)
 Width=0
 Distance=0
 bPageWrap=False
 bBottomAligned=False
 [@Lines]
  {
  [Lines]
   {
   [Line]
	{
	[Font]
	 {
	 Default=False
	 Name=Arial
	 GdiCharSet=0
	 Size=8
	 Width=0
	 Bold=False
	 Italic=False
	 Underline=False
	 Strikeout=False
	 Color=RGB(0,0,0)
	 PitchAndFamily=34
	 OutPrecision=3
	 }
	Align=0
	Adjusted=False
	Uneraseable=False
	LineWrap=False
	PageWrapAllowed=False
	SpaceOptimization=True
	Spacing.Paragraph=0
	Spacing.Line=0
	Text=Date$(Now(),"%DD, %d.%m.%y  um %02H:%02i")
	Tab=0
	TabAlign=0
	}
   [Line]
	{
	[Font]
	 {
	 Default=False
	 Name=Arial
	 GdiCharSet=0
	 Size=8
	 Width=0
	 Bold=False
	 Italic=False
	 Underline=False
	 Strikeout=False
	 Color=RGB(0,0,0)
	 PitchAndFamily=34
	 OutPrecision=3
	 }
	Align=0
	Adjusted=False
	Uneraseable=False
	LineWrap=False
	PageWrapAllowed=False
	SpaceOptimization=True
	Spacing.Paragraph=0
	Spacing.Line=0
	Text=FStr$(Page (),"#####")
	Tab=0
	TabAlign=0
	}
   [Line]
	{
	[Font]
	 {
	 Default=False
	 Name=Arial
	 GdiCharSet=0
	 Size=8
	 Width=0
	 Bold=False
	 Italic=False
	 Underline=False
	 Strikeout=False
	 Color=RGB(0,0,0)
	 PitchAndFamily=34
	 OutPrecision=3
	 }
	Align=0
	Adjusted=False
	Uneraseable=False
	LineWrap=False
	PageWrapAllowed=False
	SpaceOptimization=True
	Spacing.Paragraph=0
	Spacing.Line=0
	Text=Left$(AutorFName,1) + ". " + AutorLName
	Tab=0
	TabAlign=0
	}
   }
  }
[Object]
 ObjectID=6
 ObjectName=Tabelle
 Locked=FALSE
 LinkID=9
 LinkToID=0
 LinkMode=32
 LinkTest=-536
 LayerID=0
 GroupID=0
 Identifier=
 Condition=True
 UserLocked=False
 WrapBefore=False
 Position/Left=7300
 Position/Top=49800
 Position/Width=191400
 Position/Height=234200
 Direction=0
 bFill=False
 BkColor=RGB(255,255,255)
 FgColor=RGB(64,64,64)
 bFooterOnBottom=False
 bFillBottom=False
 PageBreakCondition=False
 DefaultFont=default
 GroupHeaderLines/bConcatDataLines=True
 GroupFooterLines/bAlsoOnEmptyGroup=False
 DataLines/bKeepTogether=True
 DataLines/bSuppress=False
 DataLines/bForceSumCalculation=False
 ZebraPattern=False
 ZebraPattern/Color=RGB(0,0,0)
 ZebraPattern/Pattern=6
 FooterLines/bKeepTogether=False
 [@Lines]
  {
  [Lines]
   {
   [Body]
	{
	[Options]
	 {
	 }
	[Lines]
	 {
	 [Line]
	  {
	  LineID=0
	  [Columns]
	   {
	   Columns=4
	   [Column]
		{
		Width=80000
		Height=10000
		bIsotropic=True
		PlainTextFormat=True
		Align=0
		AlignDecPosition=-10000
		VAlign=1
		Adjusted=False
		LineWrap=False
		bFill=False
		BkColor=RGB(255,255,128)
		Raster=0
		FgColor=RGB(0,0,0)
		SpaceOptimization=False
		Link.URL=
		WithText=False
		[Frame]
		 {
		 [Left]
		  {
		  Spacing=1000
		  Line=True
		  [Line]
		   {
		   Color=RGB(64,64,64)
		   LineType=0
		   }
		  LineWidth=0
		  }
		 [Top]
		  {
		  Spacing=500
		  Line=False
		  [Line]
		   {
		   Color=RGB(64,64,64)
		   LineType=0
		   }
		  LineWidth=0
		  }
		 [Right]
		  {
		  Spacing=1000
		  Line=False
		  [Line]
		   {
		   Color=RGB(64,64,64)
		   LineType=0
		   }
		  LineWidth=0
		  }
		 [Bottom]
		  {
		  Spacing=500
		  Line=False
		  [Line]
		   {
		   Color=RGB(64,64,64)
		   LineType=0
		   }
		  LineWidth=0
		  }
		 }
		[Font]
		 {
		 Default=False
		 Name=Arial
		 GdiCharSet=0
		 Size=8
		 Width=0
		 Bold=False
		 Italic=False
		 Underline=False
		 Strikeout=False
		 Color=RGB(0,0,0)
		 PitchAndFamily=34
		 OutPrecision=3
		 }
		Text=Firma1
		}
	   [Column]
		{
		Width=50000
		Height=10000
		bIsotropic=True
		PlainTextFormat=True
		Align=0
		AlignDecPosition=-10000
		VAlign=0
		Adjusted=False
		LineWrap=False
		bFill=False
		BkColor=RGB(0,0,0)
		Raster=0
		FgColor=RGB(0,0,0)
		SpaceOptimization=False
		Link.URL=
		WithText=False
		[Frame]
		 {
		 [Left]
		  {
		  Spacing=1000
		  Line=True
		  [Line]
		   {
		   Color=RGB(64,64,64)
		   LineType=0
		   }
		  LineWidth=0
		  }
		 [Top]
		  {
		  Spacing=500
		  Line=False
		  [Line]
		   {
		   Color=RGB(64,64,64)
		   LineType=0
		   }
		  LineWidth=0
		  }
		 [Right]
		  {
		  Spacing=1000
		  Line=False
		  [Line]
		   {
		   Color=RGB(64,64,64)
		   LineType=0
		   }
		  LineWidth=0
		  }
		 [Bottom]
		  {
		  Spacing=500
		  Line=False
		  [Line]
		   {
		   Color=RGB(64,64,64)
		   LineType=0
		   }
		  LineWidth=0
		  }
		 }
		[Font]
		 {
		 Default=False
		 Name=Arial
		 GdiCharSet=0
		 Size=8
		 Width=0
		 Bold=False
		 Italic=False
		 Underline=False
		 Strikeout=False
		 Color=RGB(0,0,0)
		 PitchAndFamily=34
		 OutPrecision=3
		 }
		Text=KDPLZ + " " + KDOrt
		}
	   [Column]
		{
		Width=20000
		Height=10000
		bIsotropic=True
		PlainTextFormat=True
		Align=2
		AlignDecPosition=-10000
		VAlign=0
		Adjusted=False
		LineWrap=False
		bFill=False
		BkColor=RGB(0,0,0)
		Raster=0
		FgColor=RGB(0,0,0)
		SpaceOptimization=False
		Link.URL=
		WithText=False
		[Frame]
		 {
		 [Left]
		  {
		  Spacing=1000
		  Line=True
		  [Line]
		   {
		   Color=RGB(64,64,64)
		   LineType=0
		   }
		  LineWidth=0
		  }
		 [Top]
		  {
		  Spacing=500
		  Line=False
		  [Line]
		   {
		   Color=RGB(64,64,64)
		   LineType=0
		   }
		  LineWidth=0
		  }
		 [Right]
		  {
		  Spacing=1000
		  Line=False
		  [Line]
		   {
		   Color=RGB(64,64,64)
		   LineType=0
		   }
		  LineWidth=0
		  }
		 [Bottom]
		  {
		  Spacing=500
		  Line=False
		  [Line]
		   {
		   Color=RGB(64,64,64)
		   LineType=0
		   }
		  LineWidth=0
		  }
		 }
		[Font]
		 {
		 Default=False
		 Name=Arial
		 GdiCharSet=0
		 Size=8
		 Width=0
		 Bold=False
		 Italic=False
		 Underline=False
		 Strikeout=False
		 Color=RGB(0,0,0)
		 PitchAndFamily=34
		 OutPrecision=3
		 }
		Text=fstr$(RPNr,"########", 1)
		}
	   [Column]
		{
		Width=30000
		Height=10000
		bIsotropic=True
		PlainTextFormat=True
		Align=2
		AlignDecPosition=-10000
		VAlign=0
		Adjusted=False
		LineWrap=False
		bFill=False
		BkColor=RGB(0,0,0)
		Raster=0
		FgColor=RGB(0,0,0)
		SpaceOptimization=False
		Link.URL=
		WithText=False
		[Frame]
		 {
		 [Left]
		  {
		  Spacing=1000
		  Line=True
		  [Line]
		   {
		   Color=RGB(64,64,64)
		   LineType=0
		   }
		  LineWidth=0
		  }
		 [Top]
		  {
		  Spacing=500
		  Line=False
		  [Line]
		   {
		   Color=RGB(64,64,64)
		   LineType=0
		   }
		  LineWidth=0
		  }
		 [Right]
		  {
		  Spacing=1000
		  Line=True
		  [Line]
		   {
		   Color=RGB(64,64,64)
		   LineType=0
		   }
		  LineWidth=0
		  }
		 [Bottom]
		  {
		  Spacing=500
		  Line=False
		  [Line]
		   {
		   Color=RGB(64,64,64)
		   LineType=0
		   }
		  LineWidth=0
		  }
		 }
		[Font]
		 {
		 Default=False
		 Name=Arial
		 GdiCharSet=0
		 Size=8
		 Width=0
		 Bold=False
		 Italic=False
		 Underline=False
		 Strikeout=False
		 Color=RGB(0,0,0)
		 PitchAndFamily=34
		 OutPrecision=3
		 }
		Text=fStr$(K_Anzahl, "---,---,---,---,---,--&.&&", 1)
		}
	   }
	  [Options]
	   {
	   [Frame0]
		{
		SpaceOut=0
		}
	   [Frame1]
		{
		SpaceOut=0
		}
	   [Frame2]
		{
		SpaceOut=0
		}
	   [Frame3]
		{
		SpaceOut=0
		}
	   LFont={(0,0,0),10,-13,0,0,0,400,0,0,0,0,3,2,1,34,Arial}
	   LCondition=
	   IgnoreEmpty=TRUE
	   Description=Details
	   }
	  }
	 }
	}
   [Header]
	{
	[Options]
	 {
	 }
	[Lines]
	 {
	 [Line]
	  {
	  LineID=0
	  [Columns]
	   {
	   Columns=4
	   [Column]
		{
		Width=80000
		Height=10000
		bIsotropic=True
		PlainTextFormat=True
		Align=0
		AlignDecPosition=-10000
		VAlign=1
		Adjusted=False
		LineWrap=False
		bFill=False
		BkColor=RGB(0,0,0)
		Raster=0
		FgColor=RGB(0,0,0)
		SpaceOptimization=False
		Link.URL=
		WithText=False
		[Frame]
		 {
		 [Left]
		  {
		  Spacing=1000
		  Line=True
		  [Line]
		   {
		   Color=RGB(64,64,64)
		   LineType=0
		   }
		  LineWidth=0
		  }
		 [Top]
		  {
		  Spacing=500
		  Line=False
		  [Line]
		   {
		   Color=RGB(64,64,64)
		   LineType=0
		   }
		  LineWidth=0
		  }
		 [Right]
		  {
		  Spacing=1000
		  Line=False
		  [Line]
		   {
		   Color=RGB(64,64,64)
		   LineType=0
		   }
		  LineWidth=0
		  }
		 [Bottom]
		  {
		  Spacing=500
		  Line=True
		  [Line]
		   {
		   Color=RGB(64,64,64)
		   LineType=0
		   }
		  LineWidth=500
		  }
		 }
		[Font]
		 {
		 Default=False
		 Name=Arial
		 GdiCharSet=0
		 Size=10
		 Width=0
		 Bold=True
		 Italic=True
		 Underline=False
		 Strikeout=False
		 Color=RGB(0,0,0)
		 PitchAndFamily=34
		 OutPrecision=3
		 }
		Text="Firmenname"
		}
	   [Column]
		{
		Width=50000
		Height=10000
		bIsotropic=True
		PlainTextFormat=True
		Align=0
		AlignDecPosition=-10000
		VAlign=0
		Adjusted=False
		LineWrap=False
		bFill=False
		BkColor=RGB(0,0,0)
		Raster=0
		FgColor=RGB(0,0,0)
		SpaceOptimization=False
		Link.URL=
		WithText=False
		[Frame]
		 {
		 [Left]
		  {
		  Spacing=1000
		  Line=True
		  [Line]
		   {
		   Color=RGB(64,64,64)
		   LineType=0
		   }
		  LineWidth=0
		  }
		 [Top]
		  {
		  Spacing=500
		  Line=False
		  [Line]
		   {
		   Color=RGB(64,64,64)
		   LineType=0
		   }
		  LineWidth=0
		  }
		 [Right]
		  {
		  Spacing=1000
		  Line=False
		  [Line]
		   {
		   Color=RGB(64,64,64)
		   LineType=0
		   }
		  LineWidth=0
		  }
		 [Bottom]
		  {
		  Spacing=500
		  Line=True
		  [Line]
		   {
		   Color=RGB(64,64,64)
		   LineType=0
		   }
		  LineWidth=500
		  }
		 }
		[Font]
		 {
		 Default=False
		 Name=Arial
		 GdiCharSet=0
		 Size=10
		 Width=0
		 Bold=True
		 Italic=True
		 Underline=False
		 Strikeout=False
		 Color=RGB(0,0,0)
		 PitchAndFamily=34
		 OutPrecision=3
		 }
		Text="PLZ, Ort"
		}
	   [Column]
		{
		Width=20000
		Height=10000
		bIsotropic=True
		PlainTextFormat=True
		Align=2
		AlignDecPosition=-10000
		VAlign=0
		Adjusted=False
		LineWrap=False
		bFill=False
		BkColor=RGB(0,0,0)
		Raster=0
		FgColor=RGB(0,0,0)
		SpaceOptimization=False
		Link.URL=
		WithText=False
		[Frame]
		 {
		 [Left]
		  {
		  Spacing=1000
		  Line=True
		  [Line]
		   {
		   Color=RGB(64,64,64)
		   LineType=0
		   }
		  LineWidth=0
		  }
		 [Top]
		  {
		  Spacing=500
		  Line=False
		  [Line]
		   {
		   Color=RGB(64,64,64)
		   LineType=0
		   }
		  LineWidth=0
		  }
		 [Right]
		  {
		  Spacing=1000
		  Line=False
		  [Line]
		   {
		   Color=RGB(64,64,64)
		   LineType=0
		   }
		  LineWidth=0
		  }
		 [Bottom]
		  {
		  Spacing=500
		  Line=True
		  [Line]
		   {
		   Color=RGB(64,64,64)
		   LineType=0
		   }
		  LineWidth=500
		  }
		 }
		[Font]
		 {
		 Default=False
		 Name=Arial
		 GdiCharSet=0
		 Size=10
		 Width=0
		 Bold=True
		 Italic=True
		 Underline=False
		 Strikeout=False
		 Color=RGB(0,0,0)
		 PitchAndFamily=34
		 OutPrecision=3
		 }
		Text="Rapport Nr"
		}
	   [Column]
		{
		Width=30000
		Height=10000
		bIsotropic=True
		PlainTextFormat=True
		Align=2
		AlignDecPosition=-10000
		VAlign=0
		Adjusted=False
		LineWrap=False
		bFill=False
		BkColor=RGB(0,0,0)
		Raster=0
		FgColor=RGB(0,0,0)
		SpaceOptimization=False
		Link.URL=
		WithText=False
		[Frame]
		 {
		 [Left]
		  {
		  Spacing=1000
		  Line=True
		  [Line]
		   {
		   Color=RGB(64,64,64)
		   LineType=0
		   }
		  LineWidth=0
		  }
		 [Top]
		  {
		  Spacing=500
		  Line=False
		  [Line]
		   {
		   Color=RGB(64,64,64)
		   LineType=0
		   }
		  LineWidth=0
		  }
		 [Right]
		  {
		  Spacing=1000
		  Line=True
		  [Line]
		   {
		   Color=RGB(64,64,64)
		   LineType=0
		   }
		  LineWidth=0
		  }
		 [Bottom]
		  {
		  Spacing=500
		  Line=True
		  [Line]
		   {
		   Color=RGB(64,64,64)
		   LineType=0
		   }
		  LineWidth=500
		  }
		 }
		[Font]
		 {
		 Default=False
		 Name=Arial
		 GdiCharSet=0
		 Size=10
		 Width=0
		 Bold=True
		 Italic=True
		 Underline=False
		 Strikeout=False
		 Color=RGB(0,0,0)
		 PitchAndFamily=34
		 OutPrecision=3
		 }
		Text="KD-Std"
		}
	   }
	  [Options]
	   {
	   [Frame0]
		{
		SpaceOut=0
		}
	   [Frame1]
		{
		SpaceOut=0
		}
	   [Frame2]
		{
		SpaceOut=0
		}
	   [Frame3]
		{
		SpaceOut=0
		}
	   LFont=default
	   LCondition=
	   IgnoreEmpty=TRUE
	   Description=Zeilendefinition  1
	   }
	  }
	 }
	}
   [Footer]
	{
	[Options]
	 {
	 }
	[Lines]
	 {
	 [Line]
	  {
	  LineID=0
	  [Columns]
	   {
	   Columns=1
	   [Column]
		{
		Width=180000
		Height=10000
		bIsotropic=True
		PlainTextFormat=True
		Align=0
		AlignDecPosition=-10000
		VAlign=1
		Adjusted=False
		LineWrap=False
		bFill=False
		BkColor=RGB(0,0,0)
		Raster=0
		FgColor=RGB(0,0,0)
		SpaceOptimization=False
		Link.URL=
		WithText=False
		[Frame]
		 {
		 [Left]
		  {
		  Spacing=1000
		  Line=True
		  [Line]
		   {
		   Color=RGB(64,64,64)
		   LineType=0
		   }
		  LineWidth=0
		  }
		 [Top]
		  {
		  Spacing=500
		  Line=True
		  [Line]
		   {
		   Color=RGB(64,64,64)
		   LineType=0
		   }
		  LineWidth=500
		  }
		 [Right]
		  {
		  Spacing=1000
		  Line=True
		  [Line]
		   {
		   Color=RGB(64,64,64)
		   LineType=0
		   }
		  LineWidth=0
		  }
		 [Bottom]
		  {
		  Spacing=500
		  Line=False
		  [Line]
		   {
		   Color=RGB(64,64,64)
		   LineType=0
		   }
		  LineWidth=0
		  }
		 }
		[Font]
		 {
		 Default=False
		 Name=Arial
		 GdiCharSet=0
		 Size=8
		 Width=0
		 Bold=False
		 Italic=False
		 Underline=False
		 Strikeout=False
		 Color=RGB(0,0,0)
		 PitchAndFamily=34
		 OutPrecision=3
		 }
		Text="[" + FStr$(LL.FCountPrintedDataThisPage-1,"###")  + "] Einträge gefunden"
		}
	   }
	  [Options]
	   {
	   [Frame0]
		{
		SpaceOut=0
		}
	   [Frame1]
		{
		SpaceOut=0
		}
	   [Frame2]
		{
		SpaceOut=0
		}
	   [Frame3]
		{
		SpaceOut=0
		}
	   LFont=default
	   LCondition=
	   IgnoreEmpty=TRUE
	   Description=Anzahlrec
	   }
	  }
	 [Line]
	  {
	  LineID=1
	  [Columns]
	   {
	   Columns=2
	   [Column]
		{
		Width=150000
		Height=10000
		bIsotropic=True
		PlainTextFormat=True
		Align=0
		AlignDecPosition=-10000
		VAlign=1
		Adjusted=False
		LineWrap=False
		bFill=False
		BkColor=RGB(0,0,0)
		Raster=0
		FgColor=RGB(0,0,0)
		SpaceOptimization=False
		Link.URL=
		WithText=False
		[Frame]
		 {
		 [Left]
		  {
		  Spacing=1000
		  Line=True
		  [Line]
		   {
		   Color=RGB(64,64,64)
		   LineType=0
		   }
		  LineWidth=0
		  }
		 [Top]
		  {
		  Spacing=500
		  Line=True
		  [Line]
		   {
		   Color=RGB(64,64,64)
		   LineType=0
		   }
		  LineWidth=300
		  }
		 [Right]
		  {
		  Spacing=1000
		  Line=False
		  [Line]
		   {
		   Color=RGB(64,64,64)
		   LineType=0
		   }
		  LineWidth=0
		  }
		 [Bottom]
		  {
		  Spacing=500
		  Line=True
		  [Line]
		   {
		   Color=RGB(64,64,64)
		   LineType=0
		   }
		  LineWidth=0
		  }
		 }
		[Font]
		 {
		 Default=False
		 Name=Arial
		 GdiCharSet=0
		 Size=8
		 Width=0
		 Bold=False
		 Italic=False
		 Underline=False
		 Strikeout=False
		 Color=RGB(0,0,0)
		 PitchAndFamily=34
		 OutPrecision=3
		 }
		Text="Totalstunden auf dieser Seite"
		}
	   [Column]
		{
		Width=30000
		Height=10000
		bIsotropic=True
		PlainTextFormat=True
		Align=2
		AlignDecPosition=-10000
		VAlign=1
		Adjusted=False
		LineWrap=False
		bFill=False
		BkColor=RGB(0,0,0)
		Raster=0
		FgColor=RGB(0,0,0)
		SpaceOptimization=False
		Link.URL=
		WithText=False
		[Frame]
		 {
		 [Left]
		  {
		  Spacing=1000
		  Line=False
		  [Line]
		   {
		   Color=RGB(64,64,64)
		   LineType=0
		   }
		  LineWidth=0
		  }
		 [Top]
		  {
		  Spacing=500
		  Line=True
		  [Line]
		   {
		   Color=RGB(64,64,64)
		   LineType=0
		   }
		  LineWidth=300
		  }
		 [Right]
		  {
		  Spacing=1000
		  Line=True
		  [Line]
		   {
		   Color=RGB(64,64,64)
		   LineType=0
		   }
		  LineWidth=0
		  }
		 [Bottom]
		  {
		  Spacing=500
		  Line=True
		  [Line]
		   {
		   Color=RGB(64,64,64)
		   LineType=0
		   }
		  LineWidth=0
		  }
		 }
		[Font]
		 {
		 Default=False
		 Name=Arial
		 GdiCharSet=0
		 Size=8
		 Width=0
		 Bold=False
		 Italic=False
		 Underline=False
		 Strikeout=False
		 Color=RGB(0,0,0)
		 PitchAndFamily=34
		 OutPrecision=3
		 }
		Text=fStr$(@SAnzahl, "---,---,---,---,---,--&.&&", 1)
		}
	   }
	  [Options]
	   {
	   [Frame0]
		{
		SpaceOut=0
		}
	   [Frame1]
		{
		SpaceOut=0
		}
	   [Frame2]
		{
		SpaceOut=0
		}
	   [Frame3]
		{
		SpaceOut=0
		}
	   LFont=default
	   LCondition=
	   IgnoreEmpty=TRUE
	   Description=Seitentotal
	   }
	  }
	 [Line]
	  {
	  LineID=2
	  [Columns]
	   {
	   Columns=2
	   [Column]
		{
		Width=150000
		Height=10000
		bIsotropic=True
		PlainTextFormat=True
		Align=0
		AlignDecPosition=-10000
		VAlign=1
		Adjusted=False
		LineWrap=False
		bFill=False
		BkColor=RGB(0,0,0)
		Raster=0
		FgColor=RGB(0,0,0)
		SpaceOptimization=False
		Link.URL=
		WithText=False
		[Frame]
		 {
		 [Left]
		  {
		  Spacing=1000
		  Line=True
		  [Line]
		   {
		   Color=RGB(64,64,64)
		   LineType=0
		   }
		  LineWidth=0
		  }
		 [Top]
		  {
		  Spacing=500
		  Line=True
		  [Line]
		   {
		   Color=RGB(64,64,64)
		   LineType=0
		   }
		  LineWidth=300
		  }
		 [Right]
		  {
		  Spacing=1000
		  Line=False
		  [Line]
		   {
		   Color=RGB(64,64,64)
		   LineType=0
		   }
		  LineWidth=0
		  }
		 [Bottom]
		  {
		  Spacing=500
		  Line=True
		  [Line]
		   {
		   Color=RGB(64,64,64)
		   LineType=0
		   }
		  LineWidth=0
		  }
		 }
		[Font]
		 {
		 Default=False
		 Name=Arial
		 GdiCharSet=0
		 Size=8
		 Width=0
		 Bold=False
		 Italic=False
		 Underline=False
		 Strikeout=False
		 Color=RGB(0,0,0)
		 PitchAndFamily=34
		 OutPrecision=3
		 }
		Text="Total"
		}
	   [Column]
		{
		Width=30000
		Height=10000
		bIsotropic=True
		PlainTextFormat=True
		Align=2
		AlignDecPosition=-10000
		VAlign=1
		Adjusted=False
		LineWrap=False
		bFill=False
		BkColor=RGB(0,0,0)
		Raster=0
		FgColor=RGB(0,0,0)
		SpaceOptimization=False
		Link.URL=
		WithText=False
		[Frame]
		 {
		 [Left]
		  {
		  Spacing=1000
		  Line=False
		  [Line]
		   {
		   Color=RGB(64,64,64)
		   LineType=0
		   }
		  LineWidth=0
		  }
		 [Top]
		  {
		  Spacing=500
		  Line=True
		  [Line]
		   {
		   Color=RGB(64,64,64)
		   LineType=0
		   }
		  LineWidth=300
		  }
		 [Right]
		  {
		  Spacing=1000
		  Line=True
		  [Line]
		   {
		   Color=RGB(64,64,64)
		   LineType=0
		   }
		  LineWidth=0
		  }
		 [Bottom]
		  {
		  Spacing=500
		  Line=True
		  [Line]
		   {
		   Color=RGB(64,64,64)
		   LineType=0
		   }
		  LineWidth=0
		  }
		 }
		[Font]
		 {
		 Default=False
		 Name=Arial
		 GdiCharSet=0
		 Size=8
		 Width=0
		 Bold=False
		 Italic=False
		 Underline=False
		 Strikeout=False
		 Color=RGB(0,0,0)
		 PitchAndFamily=34
		 OutPrecision=3
		 }
		Text=fStr$(@tAnzahl, "---,---,---,---,---,--&.&&", 1)
		}
	   }
	  [Options]
	   {
	   [Frame0]
		{
		SpaceOut=0
		}
	   [Frame1]
		{
		SpaceOut=0
		}
	   [Frame2]
		{
		SpaceOut=0
		}
	   [Frame3]
		{
		SpaceOut=0
		}
	   LFont=default
	   LCondition=Lastpage ()
	   IgnoreEmpty=TRUE
	   Description=Listentotal
	   }
	  }
	 }
	}
   [GroupHeader]
	{
	[Options]
	 {
	 }
	[Lines]
	 {
	 [Line]
	  {
	  LineID=0
	  [Columns]
	   {
	   Columns=5
	   [Column]
		{
		Width=0
		Height=10000
		bIsotropic=True
		PlainTextFormat=True
		Align=0
		AlignDecPosition=-10000
		VAlign=0
		Adjusted=False
		LineWrap=False
		bFill=False
		BkColor=RGB(0,0,0)
		Raster=0
		FgColor=RGB(0,0,0)
		SpaceOptimization=False
		Link.URL=
		WithText=False
		[Frame]
		 {
		 [Left]
		  {
		  Spacing=1000
		  Line=True
		  [Line]
		   {
		   Color=RGB(64,64,64)
		   LineType=0
		   }
		  LineWidth=0
		  }
		 [Top]
		  {
		  Spacing=0
		  Line=False
		  [Line]
		   {
		   Color=RGB(64,64,64)
		   LineType=0
		   }
		  LineWidth=0
		  }
		 [Right]
		  {
		  Spacing=1000
		  Line=False
		  [Line]
		   {
		   Color=RGB(64,64,64)
		   LineType=0
		   }
		  LineWidth=0
		  }
		 [Bottom]
		  {
		  Spacing=0
		  Line=False
		  [Line]
		   {
		   Color=RGB(64,64,64)
		   LineType=0
		   }
		  LineWidth=0
		  }
		 }
		[Font]
		 {
		 Default=False
		 Name=Arial
		 GdiCharSet=0
		 Size=8
		 Width=0
		 Bold=False
		 Italic=False
		 Underline=False
		 Strikeout=False
		 Color=RGB(0,0,0)
		 PitchAndFamily=34
		 OutPrecision=3
		 }
		Text=FStr$(KDNr,"######")
		}
	   [Column]
		{
		Width=80000
		Height=10000
		bIsotropic=True
		PlainTextFormat=True
		Align=0
		AlignDecPosition=-10000
		VAlign=0
		Adjusted=False
		LineWrap=False
		bFill=False
		BkColor=RGB(255,255,128)
		Raster=0
		FgColor=RGB(0,0,0)
		SpaceOptimization=False
		Link.URL=
		WithText=False
		[Frame]
		 {
		 [Left]
		  {
		  Spacing=1000
		  Line=True
		  [Line]
		   {
		   Color=RGB(64,64,64)
		   LineType=0
		   }
		  LineWidth=0
		  }
		 [Top]
		  {
		  Spacing=0
		  Line=False
		  [Line]
		   {
		   Color=RGB(64,64,64)
		   LineType=0
		   }
		  LineWidth=0
		  }
		 [Right]
		  {
		  Spacing=1000
		  Line=False
		  [Line]
		   {
		   Color=RGB(64,64,64)
		   LineType=0
		   }
		  LineWidth=0
		  }
		 [Bottom]
		  {
		  Spacing=0
		  Line=False
		  [Line]
		   {
		   Color=RGB(64,64,64)
		   LineType=0
		   }
		  LineWidth=0
		  }
		 }
		[Font]
		 {
		 Default=False
		 Name=Arial
		 GdiCharSet=0
		 Size=8
		 Width=0
		 Bold=False
		 Italic=False
		 Underline=False
		 Strikeout=False
		 Color=RGB(0,0,0)
		 PitchAndFamily=34
		 OutPrecision=3
		 }
		Text=""
		}
	   [Column]
		{
		Width=50000
		Height=10000
		bIsotropic=True
		PlainTextFormat=True
		Align=0
		AlignDecPosition=-10000
		VAlign=0
		Adjusted=False
		LineWrap=False
		bFill=False
		BkColor=RGB(0,0,0)
		Raster=0
		FgColor=RGB(0,0,0)
		SpaceOptimization=False
		Link.URL=
		WithText=False
		[Frame]
		 {
		 [Left]
		  {
		  Spacing=1000
		  Line=True
		  [Line]
		   {
		   Color=RGB(64,64,64)
		   LineType=0
		   }
		  LineWidth=0
		  }
		 [Top]
		  {
		  Spacing=0
		  Line=False
		  [Line]
		   {
		   Color=RGB(64,64,64)
		   LineType=0
		   }
		  LineWidth=0
		  }
		 [Right]
		  {
		  Spacing=1000
		  Line=False
		  [Line]
		   {
		   Color=RGB(64,64,64)
		   LineType=0
		   }
		  LineWidth=0
		  }
		 [Bottom]
		  {
		  Spacing=0
		  Line=False
		  [Line]
		   {
		   Color=RGB(64,64,64)
		   LineType=0
		   }
		  LineWidth=0
		  }
		 }
		[Font]
		 {
		 Default=False
		 Name=Arial
		 GdiCharSet=0
		 Size=8
		 Width=0
		 Bold=False
		 Italic=False
		 Underline=False
		 Strikeout=False
		 Color=RGB(0,0,0)
		 PitchAndFamily=34
		 OutPrecision=3
		 }
		Text=""
		}
	   [Column]
		{
		Width=20000
		Height=10000
		bIsotropic=True
		PlainTextFormat=True
		Align=0
		AlignDecPosition=-10000
		VAlign=0
		Adjusted=False
		LineWrap=False
		bFill=False
		BkColor=RGB(0,0,0)
		Raster=0
		FgColor=RGB(0,0,0)
		SpaceOptimization=False
		Link.URL=
		WithText=False
		[Frame]
		 {
		 [Left]
		  {
		  Spacing=1000
		  Line=True
		  [Line]
		   {
		   Color=RGB(64,64,64)
		   LineType=0
		   }
		  LineWidth=0
		  }
		 [Top]
		  {
		  Spacing=0
		  Line=False
		  [Line]
		   {
		   Color=RGB(64,64,64)
		   LineType=0
		   }
		  LineWidth=0
		  }
		 [Right]
		  {
		  Spacing=1000
		  Line=False
		  [Line]
		   {
		   Color=RGB(64,64,64)
		   LineType=0
		   }
		  LineWidth=0
		  }
		 [Bottom]
		  {
		  Spacing=0
		  Line=False
		  [Line]
		   {
		   Color=RGB(64,64,64)
		   LineType=0
		   }
		  LineWidth=0
		  }
		 }
		[Font]
		 {
		 Default=False
		 Name=Arial
		 GdiCharSet=0
		 Size=8
		 Width=0
		 Bold=False
		 Italic=False
		 Underline=False
		 Strikeout=False
		 Color=RGB(0,0,0)
		 PitchAndFamily=34
		 OutPrecision=3
		 }
		Text=""
		}
	   [Column]
		{
		Width=30000
		Height=10000
		bIsotropic=True
		PlainTextFormat=True
		Align=0
		AlignDecPosition=-10000
		VAlign=0
		Adjusted=False
		LineWrap=False
		bFill=False
		BkColor=RGB(0,0,0)
		Raster=0
		FgColor=RGB(0,0,0)
		SpaceOptimization=False
		Link.URL=
		WithText=False
		[Frame]
		 {
		 [Left]
		  {
		  Spacing=1000
		  Line=True
		  [Line]
		   {
		   Color=RGB(64,64,64)
		   LineType=0
		   }
		  LineWidth=0
		  }
		 [Top]
		  {
		  Spacing=0
		  Line=False
		  [Line]
		   {
		   Color=RGB(64,64,64)
		   LineType=0
		   }
		  LineWidth=0
		  }
		 [Right]
		  {
		  Spacing=1000
		  Line=True
		  [Line]
		   {
		   Color=RGB(64,64,64)
		   LineType=0
		   }
		  LineWidth=0
		  }
		 [Bottom]
		  {
		  Spacing=0
		  Line=False
		  [Line]
		   {
		   Color=RGB(64,64,64)
		   LineType=0
		   }
		  LineWidth=0
		  }
		 }
		[Font]
		 {
		 Default=False
		 Name=Arial
		 GdiCharSet=0
		 Size=8
		 Width=0
		 Bold=False
		 Italic=False
		 Underline=False
		 Strikeout=False
		 Color=RGB(0,0,0)
		 PitchAndFamily=34
		 OutPrecision=3
		 }
		Text=""
		}
	   }
	  [Options]
	   {
	   [Frame0]
		{
		SpaceOut=0
		}
	   [Frame1]
		{
		SpaceOut=0
		}
	   [Frame2]
		{
		SpaceOut=0
		}
	   [Frame3]
		{
		SpaceOut=0
		}
	   LFont=default
	   LCondition=
	   IgnoreEmpty=TRUE
	   Description=Zeilendefinition  1
	   OnNewPage=FALSE
	   PrintRightAfterHeader=FALSE
	   GroupCondition=FStr$(KDNr,"######")
	   }
	  }
	 }
	}
   [GroupFooter]
	{
	[Options]
	 {
	 }
	[Lines]
	 {
	 [Line]
	  {
	  LineID=0
	  [Columns]
	   {
	   Columns=4
	   [Column]
		{
		Width=80000
		Height=10000
		bIsotropic=True
		PlainTextFormat=True
		Align=0
		AlignDecPosition=-10000
		VAlign=0
		Adjusted=False
		LineWrap=False
		bFill=True
		BkColor=RGB(255,255,128)
		Raster=12
		FgColor=RGB(0,0,0)
		SpaceOptimization=False
		Link.URL=
		WithText=False
		[Frame]
		 {
		 [Left]
		  {
		  Spacing=1000
		  Line=True
		  [Line]
		   {
		   Color=RGB(64,64,64)
		   LineType=0
		   }
		  LineWidth=0
		  }
		 [Top]
		  {
		  Spacing=500
		  Line=False
		  [Line]
		   {
		   Color=RGB(64,64,64)
		   LineType=0
		   }
		  LineWidth=0
		  }
		 [Right]
		  {
		  Spacing=1000
		  Line=False
		  [Line]
		   {
		   Color=RGB(64,64,64)
		   LineType=0
		   }
		  LineWidth=0
		  }
		 [Bottom]
		  {
		  Spacing=500
		  Line=False
		  [Line]
		   {
		   Color=RGB(64,64,64)
		   LineType=0
		   }
		  LineWidth=0
		  }
		 }
		[Font]
		 {
		 Default=False
		 Name=Arial
		 GdiCharSet=0
		 Size=8
		 Width=0
		 Bold=True
		 Italic=False
		 Underline=False
		 Strikeout=False
		 Color=RGB(0,0,0)
		 PitchAndFamily=34
		 OutPrecision=3
		 }
		Text="Totalbetrag von" + " " + Firma1
		}
	   [Column]
		{
		Width=50000
		Height=10000
		bIsotropic=True
		PlainTextFormat=True
		Align=0
		AlignDecPosition=-10000
		VAlign=0
		Adjusted=False
		LineWrap=False
		bFill=True
		BkColor=RGB(255,255,128)
		Raster=12
		FgColor=RGB(0,0,0)
		SpaceOptimization=False
		Link.URL=
		WithText=False
		[Frame]
		 {
		 [Left]
		  {
		  Spacing=1000
		  Line=True
		  [Line]
		   {
		   Color=RGB(64,64,64)
		   LineType=0
		   }
		  LineWidth=0
		  }
		 [Top]
		  {
		  Spacing=0
		  Line=False
		  [Line]
		   {
		   Color=RGB(64,64,64)
		   LineType=0
		   }
		  LineWidth=0
		  }
		 [Right]
		  {
		  Spacing=1000
		  Line=False
		  [Line]
		   {
		   Color=RGB(64,64,64)
		   LineType=0
		   }
		  LineWidth=0
		  }
		 [Bottom]
		  {
		  Spacing=0
		  Line=False
		  [Line]
		   {
		   Color=RGB(64,64,64)
		   LineType=0
		   }
		  LineWidth=0
		  }
		 }
		[Font]
		 {
		 Default=False
		 Name=Arial
		 GdiCharSet=0
		 Size=8
		 Width=0
		 Bold=True
		 Italic=False
		 Underline=False
		 Strikeout=False
		 Color=RGB(0,0,0)
		 PitchAndFamily=34
		 OutPrecision=3
		 }
		Text=""
		}
	   [Column]
		{
		Width=20000
		Height=10000
		bIsotropic=True
		PlainTextFormat=True
		Align=0
		AlignDecPosition=-10000
		VAlign=0
		Adjusted=False
		LineWrap=False
		bFill=True
		BkColor=RGB(255,255,128)
		Raster=12
		FgColor=RGB(0,0,0)
		SpaceOptimization=False
		Link.URL=
		WithText=False
		[Frame]
		 {
		 [Left]
		  {
		  Spacing=1000
		  Line=True
		  [Line]
		   {
		   Color=RGB(64,64,64)
		   LineType=0
		   }
		  LineWidth=0
		  }
		 [Top]
		  {
		  Spacing=0
		  Line=False
		  [Line]
		   {
		   Color=RGB(64,64,64)
		   LineType=0
		   }
		  LineWidth=0
		  }
		 [Right]
		  {
		  Spacing=1000
		  Line=False
		  [Line]
		   {
		   Color=RGB(64,64,64)
		   LineType=0
		   }
		  LineWidth=0
		  }
		 [Bottom]
		  {
		  Spacing=0
		  Line=False
		  [Line]
		   {
		   Color=RGB(64,64,64)
		   LineType=0
		   }
		  LineWidth=0
		  }
		 }
		[Font]
		 {
		 Default=False
		 Name=Arial
		 GdiCharSet=0
		 Size=8
		 Width=0
		 Bold=True
		 Italic=False
		 Underline=False
		 Strikeout=False
		 Color=RGB(0,0,0)
		 PitchAndFamily=34
		 OutPrecision=3
		 }
		Text=""
		}
	   [Column]
		{
		Width=30000
		Height=10000
		bIsotropic=True
		PlainTextFormat=True
		Align=2
		AlignDecPosition=-10000
		VAlign=0
		Adjusted=False
		LineWrap=False
		bFill=True
		BkColor=RGB(255,255,128)
		Raster=12
		FgColor=RGB(0,0,0)
		SpaceOptimization=False
		Link.URL=
		WithText=False
		[Frame]
		 {
		 [Left]
		  {
		  Spacing=1000
		  Line=True
		  [Line]
		   {
		   Color=RGB(64,64,64)
		   LineType=0
		   }
		  LineWidth=0
		  }
		 [Top]
		  {
		  Spacing=500
		  Line=False
		  [Line]
		   {
		   Color=RGB(64,64,64)
		   LineType=0
		   }
		  LineWidth=0
		  }
		 [Right]
		  {
		  Spacing=1000
		  Line=True
		  [Line]
		   {
		   Color=RGB(64,64,64)
		   LineType=0
		   }
		  LineWidth=0
		  }
		 [Bottom]
		  {
		  Spacing=500
		  Line=False
		  [Line]
		   {
		   Color=RGB(64,64,64)
		   LineType=0
		   }
		  LineWidth=0
		  }
		 }
		[Font]
		 {
		 Default=False
		 Name=Arial
		 GdiCharSet=0
		 Size=8
		 Width=0
		 Bold=True
		 Italic=False
		 Underline=False
		 Strikeout=False
		 Color=RGB(0,0,0)
		 PitchAndFamily=34
		 OutPrecision=3
		 }
		Text=fStr$(@GAnzahl, "#####,##&.##")
		}
	   }
	  [Options]
	   {
	   [Frame0]
		{
		SpaceOut=0
		}
	   [Frame1]
		{
		SpaceOut=0
		}
	   [Frame2]
		{
		SpaceOut=0
		}
	   [Frame3]
		{
		SpaceOut=0
		}
	   LFont=default
	   LCondition=
	   IgnoreEmpty=TRUE
	   Description=Zeilendefinition  1
	   ResetSums=@GAnzahl;@GBetrag;
	   TriggerNewPage=FALSE
	   GroupCondition=FStr$(KDNr,"######")
	   }
	  }
	 }
	}
   }
  }
[Object]
 ObjectID=1
 ObjectName=Text
 Locked=FALSE
 LinkID=15
 LinkToID=0
 LinkMode=32
 LinkTest=-19469
 LayerID=0
 GroupID=0
 Identifier=
 Condition=True
 UserLocked=False
 WrapBefore=False
 Position/Left=79900
 Position/Top=9900
 Position/Width=69000
 Position/Height=12600
 Direction=0
 bFill=False
 BkColor=RGB(255,255,255)
 bFrame=False
 Color=RGB(0,0,0)
 Width=0
 Distance=0
 bPageWrap=False
 bBottomAligned=False
 [@Lines]
  {
  [Lines]
   {
   [Line]
	{
	[Font]
	 {
	 Default=False
	 Name=Arial
	 GdiCharSet=0
	 Size=8
	 Width=0
	 Bold=False
	 Italic=False
	 Underline=False
	 Strikeout=False
	 Color=RGB(0,0,0)
	 PitchAndFamily=34
	 OutPrecision=3
	 }
	Align=0
	Adjusted=False
	Uneraseable=False
	LineWrap=False
	PageWrapAllowed=False
	SpaceOptimization=True
	Spacing.Paragraph=0
	Spacing.Line=0
	Text=MDName
	Tab=0
	TabAlign=0
	}
   [Line]
	{
	[Font]
	 {
	 Default=False
	 Name=Arial
	 GdiCharSet=0
	 Size=8
	 Width=0
	 Bold=False
	 Italic=False
	 Underline=False
	 Strikeout=False
	 Color=RGB(0,0,0)
	 PitchAndFamily=34
	 OutPrecision=3
	 }
	Align=0
	Adjusted=False
	Uneraseable=False
	LineWrap=False
	PageWrapAllowed=False
	SpaceOptimization=True
	Spacing.Paragraph=0
	Spacing.Line=0
	Text=MDName2
	Tab=0
	TabAlign=0
	}
   [Line]
	{
	[Font]
	 {
	 Default=False
	 Name=Arial
	 GdiCharSet=0
	 Size=8
	 Width=0
	 Bold=False
	 Italic=False
	 Underline=False
	 Strikeout=False
	 Color=RGB(0,0,0)
	 PitchAndFamily=34
	 OutPrecision=3
	 }
	Align=0
	Adjusted=False
	Uneraseable=False
	LineWrap=False
	PageWrapAllowed=False
	SpaceOptimization=True
	Spacing.Paragraph=0
	Spacing.Line=0
	Text=MDStrasse
	Tab=0
	TabAlign=0
	}
   [Line]
	{
	[Font]
	 {
	 Default=False
	 Name=Arial
	 GdiCharSet=0
	 Size=8
	 Width=0
	 Bold=False
	 Italic=False
	 Underline=False
	 Strikeout=False
	 Color=RGB(0,0,0)
	 PitchAndFamily=34
	 OutPrecision=3
	 }
	Align=0
	Adjusted=False
	Uneraseable=False
	LineWrap=False
	PageWrapAllowed=False
	SpaceOptimization=True
	Spacing.Paragraph=0
	Spacing.Line=0
	Text=MDPLZ + " " + MDOrt
	Tab=0
	TabAlign=0
	}
   }
  }
[Object]
 ObjectID=1
 ObjectName=Text
 Locked=FALSE
 LinkID=8
 LinkToID=0
 LinkMode=32
 LinkTest=-28455
 LayerID=0
 GroupID=0
 Identifier=
 Condition=True
 UserLocked=False
 WrapBefore=False
 Position/Left=151000
 Position/Top=9900
 Position/Width=15600
 Position/Height=9800
 Direction=0
 bFill=False
 BkColor=RGB(255,255,255)
 bFrame=False
 Color=RGB(0,0,0)
 Width=0
 Distance=0
 bPageWrap=False
 bBottomAligned=False
 [@Lines]
  {
  [Lines]
   {
   [Line]
	{
	[Font]
	 {
	 Default=False
	 Name=Arial
	 GdiCharSet=0
	 Size=8
	 Width=0
	 Bold=True
	 Italic=False
	 Underline=False
	 Strikeout=False
	 Color=RGB(0,0,0)
	 PitchAndFamily=34
	 OutPrecision=3
	 }
	Align=0
	Adjusted=False
	Uneraseable=False
	LineWrap=False
	PageWrapAllowed=False
	SpaceOptimization=True
	Spacing.Paragraph=0
	Spacing.Line=0
	Text="Datum:"
	Tab=0
	TabAlign=0
	}
   [Line]
	{
	[Font]
	 {
	 Default=False
	 Name=Arial
	 GdiCharSet=0
	 Size=8
	 Width=0
	 Bold=True
	 Italic=False
	 Underline=False
	 Strikeout=False
	 Color=RGB(0,0,0)
	 PitchAndFamily=34
	 OutPrecision=3
	 }
	Align=0
	Adjusted=False
	Uneraseable=False
	LineWrap=False
	PageWrapAllowed=False
	SpaceOptimization=True
	Spacing.Paragraph=0
	Spacing.Line=0
	Text="Seite:"
	Tab=0
	TabAlign=0
	}
   [Line]
	{
	[Font]
	 {
	 Default=False
	 Name=Arial
	 GdiCharSet=0
	 Size=8
	 Width=0
	 Bold=True
	 Italic=False
	 Underline=False
	 Strikeout=False
	 Color=RGB(0,0,0)
	 PitchAndFamily=34
	 OutPrecision=3
	 }
	Align=0
	Adjusted=False
	Uneraseable=False
	LineWrap=False
	PageWrapAllowed=False
	SpaceOptimization=True
	Spacing.Paragraph=0
	Spacing.Line=0
	Text="Benutzer:"
	Tab=0
	TabAlign=0
	}
   }
  }
[Object]
 ObjectID=1
 ObjectName=Text
 Locked=FALSE
 LinkID=48
 LinkToID=0
 LinkMode=32
 LinkTest=-3746
 LayerID=0
 GroupID=0
 Identifier=
 Condition=True
 UserLocked=False
 WrapBefore=False
 Position/Left=7300
 Position/Top=24400
 Position/Width=80200
 Position/Height=4100
 Direction=0
 bFill=False
 BkColor=RGB(255,255,255)
 bFrame=False
 Color=RGB(0,0,0)
 Width=0
 Distance=0
 bPageWrap=False
 bBottomAligned=False
 [@Lines]
  {
  [Lines]
   {
   [Line]
	{
	[Font]
	 {
	 Default=False
	 Name=Arial
	 GdiCharSet=0
	 Size=8
	 Width=0
	 Bold=False
	 Italic=False
	 Underline=False
	 Strikeout=False
	 Color=RGB(0,0,0)
	 PitchAndFamily=34
	 OutPrecision=3
	 }
	Align=0
	Adjusted=False
	Uneraseable=False
	LineWrap=False
	PageWrapAllowed=False
	SpaceOptimization=True
	Spacing.Paragraph=0
	Spacing.Line=0
	Text=SortBez
	Tab=0
	TabAlign=0
	}
   }
  }
[Object]
 ObjectID=1
 ObjectName=Text
 Locked=FALSE
 LinkID=59
 LinkToID=0
 LinkMode=32
 LinkTest=-7603
 LayerID=0
 GroupID=0
 Identifier=
 Condition=True
 UserLocked=False
 WrapBefore=False
 Position/Left=33500
 Position/Top=29300
 Position/Width=108500
 Position/Height=17600
 Direction=0
 bFill=False
 BkColor=RGB(255,255,255)
 bFrame=False
 Color=RGB(0,0,0)
 Width=0
 Distance=0
 bPageWrap=False
 bBottomAligned=False
 [@Lines]
  {
  [Lines]
   {
   [Line]
	{
	[Font]
	 {
	 Default=False
	 Name=Arial
	 GdiCharSet=0
	 Size=8
	 Width=0
	 Bold=False
	 Italic=False
	 Underline=False
	 Strikeout=False
	 Color=RGB(0,0,0)
	 PitchAndFamily=34
	 OutPrecision=3
	 }
	Align=0
	Adjusted=False
	Uneraseable=True
	LineWrap=True
	PageWrapAllowed=False
	SpaceOptimization=True
	Spacing.Paragraph=0
	Spacing.Line=0
	Text=cond(FilterBez = "", "Keine Filterbedingung vorhanden...", FilterBez)
	Tab=0
	TabAlign=0
	}
   }
  }
[Object]
 ObjectID=1
 ObjectName=Text
 Locked=FALSE
 LinkID=61
 LinkToID=0
 LinkMode=32
 LinkTest=-14076
 LayerID=0
 GroupID=0
 Identifier=
 Condition=True
 UserLocked=False
 WrapBefore=False
 Position/Left=7300
 Position/Top=29300
 Position/Width=24000
 Position/Height=4100
 Direction=0
 bFill=False
 BkColor=RGB(255,255,255)
 bFrame=False
 Color=RGB(0,0,0)
 Width=0
 Distance=0
 bPageWrap=False
 bBottomAligned=False
 [@Lines]
  {
  [Lines]
   {
   [Line]
	{
	[Font]
	 {
	 Default=False
	 Name=Arial
	 GdiCharSet=0
	 Size=8
	 Width=0
	 Bold=True
	 Italic=False
	 Underline=False
	 Strikeout=False
	 Color=RGB(0,0,0)
	 PitchAndFamily=34
	 OutPrecision=3
	 }
	Align=0
	Adjusted=False
	Uneraseable=False
	LineWrap=False
	PageWrapAllowed=False
	SpaceOptimization=True
	Spacing.Paragraph=0
	Spacing.Line=0
	Text="Filterbedingung:"
	Tab=0
	TabAlign=0
	}
   }
  }
[UserVariables]
[Parameters]
 [@Parameters]
  {
  [Parameters]
   {
   }
  }
