[List description]
[Description]
 Text=Kundenstammblatt
 FileVersion=4
 Units=SCM-Units
 Metric=0
 TextQuote.Start=1
 TextQuote.End=1
 RepresentationCode.CondStart=171
 RepresentationCode.CondSep=166
 RepresentationCode.CondEnd=187
 RepresentationCode.Tab=247
 RepresentationCode.Ret=182
 RepresentationCode.PhantomSpace=2
 RepresentationCode.LockNextChar=3
 RepresentationCode.ExprSep=164
 LCID=7
 Created=<unknown>
 CreatedByApp=<unknown>
 CreatedByDLL=<unknown>
 CreatedByUser=<unknown>
 LastModified=<unknown>
 LastModifiedByApp=<unknown>
 LastModifiedByDLL=<unknown>
 LastModifiedByUser=<unknown>
[Layout]
 P1.Template=
 P2.Template=
 xOffset=0
 yOffset=0
 xSize=210000
 ySize=297000
 P1.xOffset=0
 P1.yOffset=0
 P1.xSize=210000
 P1.ySize=297000
 P2.xOffset=0
 P2.yOffset=0
 P2.xSize=210000
 P2.ySize=297000
 P1.nPaperFormat=9
 P1.xPaperSize=210000
 P1.yPaperSize=297000
 P1.ForcePaperFormat=FALSE
 P2.nPaperFormat=9
 P2.xPaperSize=210000
 P2.yPaperSize=297000
 P2.ForcePaperFormat=FALSE
 xGrid=1000
 yGrid=1000
 GridShow=FALSE
 GridSnap=FALSE
 PhysicalPage=TRUE
 P1.PhysicalPage=TRUE
 P2.PhysicalPage=TRUE
 Orientation=1
 P1.Orientation=1
 P2.Orientation=1
 EnhancedExpressions=TRUE
 EnhancedOldExpressions=FALSE
 Decimals=2
 DefFont={(0,0,0),12,-16,0,0,0,400,0,0,0,0,0,0,0,0,Arial}
 HelpLines.Horizontal=
 HelpLines.Vertical=
[UserSection]
[SumVariables]
[Layer]
 Name=Basis
 Condition=
 WorkspaceColor=(0,0,0)
 Visible=TRUE
 LayerID=0
[Layer]
 Name=Erste Seite
 Condition=Page() = 1
 WorkspaceColor=(0,128,64)
 Visible=TRUE
 LayerID=1
[Layer]
 Name=Folgeseiten
 Condition=Page() <> 1
 WorkspaceColor=(0,0,255)
 Visible=TRUE
 LayerID=2
[Object]
 ObjectID=1
 ObjectName=Text
 Locked=FALSE
 LinkID=4
 LinkToID=0
 LinkMode=32
 LinkTest=-29806
 LayerID=0
 GroupID=0
 Identifier=
 Condition=True
 UserLocked=False
 WrapBefore=False
 Position/Left=9500
 Position/Top=12200
 Position/Width=57900
 Position/Height=7500
 Direction=0
 bFill=False
 BkColor=RGB(255,255,255)
 bPageWrap=False
 bBottomAligned=False
 [@Lines]
  {
  [Lines]
   {
   [Line]
	{
	[Font]
	 {
	 Default=False
	 Name=Arial
	 GdiCharSet=0
	 Size=16
	 Width=0
	 Bold=True
	 Italic=True
	 Underline=False
	 Strikeout=False
	 Color=RGB(0,0,0)
	 PitchAndFamily=0
	 OutPrecision=0
	 }
	Align=0
	Adjusted=False
	Uneraseable=False
	LineWrap=False
	PageWrapAllowed=False
	SpaceOptimization=True
	Spacing.Paragraph=0
	Spacing.Line=0
	Text="Kundenstammblatt"
	Tab=0
	TabAlign=0
	}
   }
  }
[Object]
 ObjectID=1
 ObjectName=Text
 Locked=FALSE
 LinkID=9
 LinkToID=0
 LinkMode=32
 LinkTest=-23435
 LayerID=0
 GroupID=0
 Identifier=
 Condition=True
 UserLocked=False
 WrapBefore=False
 Position/Left=40100
 Position/Top=31100
 Position/Width=159100
 Position/Height=5700
 Direction=0
 bFill=False
 BkColor=RGB(255,255,255)
 bPageWrap=False
 bBottomAligned=False
 [@Lines]
  {
  [Lines]
   {
   [Line]
	{
	[Font]
	 {
	 Default=False
	 Name=Arial
	 GdiCharSet=0
	 Size=12
	 Width=0
	 Bold=True
	 Italic=False
	 Underline=False
	 Strikeout=False
	 Color=RGB(0,0,0)
	 PitchAndFamily=34
	 OutPrecision=3
	 }
	Align=0
	Adjusted=False
	Uneraseable=False
	LineWrap=False
	PageWrapAllowed=False
	SpaceOptimization=True
	Spacing.Paragraph=0
	Spacing.Line=0
	Text=Firma1
	Tab=0
	TabAlign=0
	}
   }
  }
[Object]
 ObjectID=1
 ObjectName=Text
 Locked=FALSE
 LinkID=12
 LinkToID=0
 LinkMode=32
 LinkTest=-25437
 LayerID=0
 GroupID=0
 Identifier=
 Condition=True
 UserLocked=False
 WrapBefore=False
 Position/Left=120000
 Position/Top=43500
 Position/Width=28300
 Position/Height=4400
 Direction=0
 bFill=False
 BkColor=RGB(255,255,255)
 bPageWrap=False
 bBottomAligned=False
 [@Lines]
  {
  [Lines]
   {
   [Line]
	{
	[Font]
	 {
	 Default=False
	 Name=Arial
	 GdiCharSet=0
	 Size=10
	 Width=0
	 Bold=True
	 Italic=False
	 Underline=False
	 Strikeout=False
	 Color=RGB(0,0,0)
	 PitchAndFamily=34
	 OutPrecision=3
	 }
	Align=0
	Adjusted=False
	Uneraseable=False
	LineWrap=False
	PageWrapAllowed=False
	SpaceOptimization=True
	Spacing.Paragraph=0
	Spacing.Line=0
	Text="Kontakt:"
	Tab=0
	TabAlign=0
	}
   }
  }
[Object]
 ObjectID=1
 ObjectName=Text
 Locked=FALSE
 LinkID=13
 LinkToID=0
 LinkMode=32
 LinkTest=-11434
 LayerID=0
 GroupID=0
 Identifier=
 Condition=True
 UserLocked=False
 WrapBefore=False
 Position/Left=120000
 Position/Top=48900
 Position/Width=28300
 Position/Height=4500
 Direction=0
 bFill=False
 BkColor=RGB(255,255,255)
 bPageWrap=False
 bBottomAligned=False
 [@Lines]
  {
  [Lines]
   {
   [Line]
	{
	[Font]
	 {
	 Default=False
	 Name=Arial
	 GdiCharSet=0
	 Size=10
	 Width=0
	 Bold=True
	 Italic=False
	 Underline=False
	 Strikeout=False
	 Color=RGB(0,0,0)
	 PitchAndFamily=0
	 OutPrecision=0
	 }
	Align=0
	Adjusted=False
	Uneraseable=False
	LineWrap=False
	PageWrapAllowed=False
	SpaceOptimization=True
	Spacing.Paragraph=0
	Spacing.Line=0
	Text="Status:"
	Tab=0
	TabAlign=0
	}
   }
  }
[Object]
 ObjectID=3
 ObjectName=Linie
 Locked=FALSE
 LinkID=14
 LinkToID=0
 LinkMode=32
 LinkTest=-9752
 LayerID=0
 GroupID=0
 Identifier=
 Condition=True
 UserLocked=False
 WrapBefore=False
 Position/Left=9500
 Position/Top=40200
 Position/Width=190300
 Position/Height=0
 Direction=0
 FgColor=RGB(0,0,0)
 Width=500
 LineType=0
 bOpposite=TRUE
[Object]
 ObjectID=1
 ObjectName=Text
 Locked=FALSE
 LinkID=17
 LinkToID=0
 LinkMode=32
 LinkTest=-18897
 LayerID=0
 GroupID=0
 Identifier=
 Condition=True
 UserLocked=False
 WrapBefore=False
 Position/Left=9500
 Position/Top=59800
 Position/Width=35100
 Position/Height=4400
 Direction=0
 bFill=False
 BkColor=RGB(255,255,255)
 bPageWrap=False
 bBottomAligned=False
 [@Lines]
  {
  [Lines]
   {
   [Line]
	{
	[Font]
	 {
	 Default=False
	 Name=Arial
	 GdiCharSet=0
	 Size=10
	 Width=0
	 Bold=True
	 Italic=False
	 Underline=False
	 Strikeout=False
	 Color=RGB(0,0,0)
	 PitchAndFamily=34
	 OutPrecision=3
	 }
	Align=0
	Adjusted=False
	Uneraseable=False
	LineWrap=False
	PageWrapAllowed=False
	SpaceOptimization=True
	Spacing.Paragraph=0
	Spacing.Line=0
	Text="Strasse:"
	Tab=0
	TabAlign=0
	}
   }
  }
[Object]
 ObjectID=1
 ObjectName=Text
 Locked=FALSE
 LinkID=19
 LinkToID=0
 LinkMode=32
 LinkTest=-5154
 LayerID=0
 GroupID=0
 Identifier=
 Condition=True
 UserLocked=False
 WrapBefore=False
 Position/Left=9500
 Position/Top=65200
 Position/Width=35100
 Position/Height=4500
 Direction=0
 bFill=False
 BkColor=RGB(255,255,255)
 bPageWrap=False
 bBottomAligned=False
 [@Lines]
  {
  [Lines]
   {
   [Line]
	{
	[Font]
	 {
	 Default=False
	 Name=Arial
	 GdiCharSet=0
	 Size=10
	 Width=0
	 Bold=True
	 Italic=False
	 Underline=False
	 Strikeout=False
	 Color=RGB(0,0,0)
	 PitchAndFamily=0
	 OutPrecision=0
	 }
	Align=0
	Adjusted=False
	Uneraseable=False
	LineWrap=False
	PageWrapAllowed=False
	SpaceOptimization=True
	Spacing.Paragraph=0
	Spacing.Line=0
	Text="PLZ / Ort:"
	Tab=0
	TabAlign=0
	}
   }
  }
[Object]
 ObjectID=1
 ObjectName=Text
 Locked=FALSE
 LinkID=21
 LinkToID=0
 LinkMode=32
 LinkTest=-24928
 LayerID=0
 GroupID=0
 Identifier=
 Condition=True
 UserLocked=False
 WrapBefore=False
 Position/Left=9500
 Position/Top=73100
 Position/Width=35100
 Position/Height=4400
 Direction=0
 bFill=False
 BkColor=RGB(255,255,255)
 bPageWrap=False
 bBottomAligned=False
 [@Lines]
  {
  [Lines]
   {
   [Line]
	{
	[Font]
	 {
	 Default=False
	 Name=Arial
	 GdiCharSet=0
	 Size=10
	 Width=0
	 Bold=True
	 Italic=False
	 Underline=False
	 Strikeout=False
	 Color=RGB(0,0,0)
	 PitchAndFamily=34
	 OutPrecision=3
	 }
	Align=0
	Adjusted=False
	Uneraseable=False
	LineWrap=False
	PageWrapAllowed=False
	SpaceOptimization=True
	Spacing.Paragraph=0
	Spacing.Line=0
	Text="Telefon:"
	Tab=0
	TabAlign=0
	}
   }
  }
[Object]
 ObjectID=1
 ObjectName=Text
 Locked=FALSE
 LinkID=24
 LinkToID=0
 LinkMode=32
 LinkTest=-2932
 LayerID=0
 GroupID=0
 Identifier=
 Condition=True
 UserLocked=False
 WrapBefore=False
 Position/Left=9500
 Position/Top=78100
 Position/Width=35100
 Position/Height=4500
 Direction=0
 bFill=False
 BkColor=RGB(255,255,255)
 bPageWrap=False
 bBottomAligned=False
 [@Lines]
  {
  [Lines]
   {
   [Line]
	{
	[Font]
	 {
	 Default=False
	 Name=Arial
	 GdiCharSet=0
	 Size=10
	 Width=0
	 Bold=True
	 Italic=False
	 Underline=False
	 Strikeout=False
	 Color=RGB(0,0,0)
	 PitchAndFamily=0
	 OutPrecision=0
	 }
	Align=0
	Adjusted=False
	Uneraseable=False
	LineWrap=False
	PageWrapAllowed=False
	SpaceOptimization=True
	Spacing.Paragraph=0
	Spacing.Line=0
	Text="Telefax.:"
	Tab=0
	TabAlign=0
	}
   }
  }
[Object]
 ObjectID=1
 ObjectName=Text
 Locked=FALSE
 LinkID=26
 LinkToID=0
 LinkMode=32
 LinkTest=-12041
 LayerID=0
 GroupID=0
 Identifier=
 Condition=True
 UserLocked=False
 WrapBefore=False
 Position/Left=9500
 Position/Top=54500
 Position/Width=35100
 Position/Height=4500
 Direction=0
 bFill=False
 BkColor=RGB(255,255,255)
 bPageWrap=False
 bBottomAligned=False
 [@Lines]
  {
  [Lines]
   {
   [Line]
	{
	[Font]
	 {
	 Default=False
	 Name=Arial
	 GdiCharSet=0
	 Size=10
	 Width=0
	 Bold=True
	 Italic=False
	 Underline=False
	 Strikeout=False
	 Color=RGB(0,0,0)
	 PitchAndFamily=0
	 OutPrecision=0
	 }
	Align=0
	Adjusted=False
	Uneraseable=False
	LineWrap=False
	PageWrapAllowed=False
	SpaceOptimization=True
	Spacing.Paragraph=0
	Spacing.Line=0
	Text="Postfach:"
	Tab=0
	TabAlign=0
	}
   }
  }
[Object]
 ObjectID=1
 ObjectName=Text
 Locked=FALSE
 LinkID=28
 LinkToID=0
 LinkMode=32
 LinkTest=-26292
 LayerID=0
 GroupID=0
 Identifier=
 Condition=True
 UserLocked=False
 WrapBefore=False
 Position/Left=9500
 Position/Top=48900
 Position/Width=35100
 Position/Height=4500
 Direction=0
 bFill=False
 BkColor=RGB(255,255,255)
 bPageWrap=False
 bBottomAligned=False
 [@Lines]
  {
  [Lines]
   {
   [Line]
	{
	[Font]
	 {
	 Default=False
	 Name=Arial
	 GdiCharSet=0
	 Size=10
	 Width=0
	 Bold=True
	 Italic=False
	 Underline=False
	 Strikeout=False
	 Color=RGB(0,0,0)
	 PitchAndFamily=0
	 OutPrecision=0
	 }
	Align=0
	Adjusted=False
	Uneraseable=False
	LineWrap=False
	PageWrapAllowed=False
	SpaceOptimization=True
	Spacing.Paragraph=0
	Spacing.Line=0
	Text="Zusatz 2:"
	Tab=0
	TabAlign=0
	}
   }
  }
[Object]
 ObjectID=1
 ObjectName=Text
 Locked=FALSE
 LinkID=30
 LinkToID=0
 LinkMode=32
 LinkTest=-17908
 LayerID=0
 GroupID=0
 Identifier=
 Condition=True
 UserLocked=False
 WrapBefore=False
 Position/Left=9500
 Position/Top=83600
 Position/Width=35100
 Position/Height=4500
 Direction=0
 bFill=False
 BkColor=RGB(255,255,255)
 bPageWrap=False
 bBottomAligned=False
 [@Lines]
  {
  [Lines]
   {
   [Line]
	{
	[Font]
	 {
	 Default=False
	 Name=Arial
	 GdiCharSet=0
	 Size=10
	 Width=0
	 Bold=True
	 Italic=False
	 Underline=False
	 Strikeout=False
	 Color=RGB(0,0,0)
	 PitchAndFamily=0
	 OutPrecision=0
	 }
	Align=0
	Adjusted=False
	Uneraseable=False
	LineWrap=False
	PageWrapAllowed=False
	SpaceOptimization=True
	Spacing.Paragraph=0
	Spacing.Line=0
	Text="E-Mail:"
	Tab=0
	TabAlign=0
	}
   }
  }
[Object]
 ObjectID=1
 ObjectName=Text
 Locked=FALSE
 LinkID=32
 LinkToID=0
 LinkMode=32
 LinkTest=-21999
 LayerID=0
 GroupID=0
 Identifier=
 Condition=True
 UserLocked=False
 WrapBefore=False
 Position/Left=9500
 Position/Top=89100
 Position/Width=35100
 Position/Height=4500
 Direction=0
 bFill=False
 BkColor=RGB(255,255,255)
 bPageWrap=False
 bBottomAligned=False
 [@Lines]
  {
  [Lines]
   {
   [Line]
	{
	[Font]
	 {
	 Default=False
	 Name=Arial
	 GdiCharSet=0
	 Size=10
	 Width=0
	 Bold=True
	 Italic=False
	 Underline=False
	 Strikeout=False
	 Color=RGB(0,0,0)
	 PitchAndFamily=0
	 OutPrecision=0
	 }
	Align=0
	Adjusted=False
	Uneraseable=False
	LineWrap=False
	PageWrapAllowed=False
	SpaceOptimization=True
	Spacing.Paragraph=0
	Spacing.Line=0
	Text="Homepage:"
	Tab=0
	TabAlign=0
	}
   }
  }
[Object]
 ObjectID=1
 ObjectName=Text
 Locked=FALSE
 LinkID=34
 LinkToID=0
 LinkMode=32
 LinkTest=-25679
 LayerID=0
 GroupID=0
 Identifier=
 Condition=True
 UserLocked=False
 WrapBefore=False
 Position/Left=9500
 Position/Top=97100
 Position/Width=35100
 Position/Height=4500
 Direction=0
 bFill=False
 BkColor=RGB(255,255,255)
 bPageWrap=False
 bBottomAligned=False
 [@Lines]
  {
  [Lines]
   {
   [Line]
	{
	[Font]
	 {
	 Default=False
	 Name=Arial
	 GdiCharSet=0
	 Size=10
	 Width=0
	 Bold=True
	 Italic=False
	 Underline=False
	 Strikeout=False
	 Color=RGB(0,0,0)
	 PitchAndFamily=0
	 OutPrecision=0
	 }
	Align=0
	Adjusted=False
	Uneraseable=False
	LineWrap=False
	PageWrapAllowed=False
	SpaceOptimization=True
	Spacing.Paragraph=0
	Spacing.Line=0
	Text="Branchen:"
	Tab=0
	TabAlign=0
	}
   }
  }
[Object]
 ObjectID=1
 ObjectName=Text
 Locked=FALSE
 LinkID=36
 LinkToID=0
 LinkMode=32
 LinkTest=-16902
 LayerID=0
 GroupID=0
 Identifier=
 Condition=True
 UserLocked=False
 WrapBefore=False
 Position/Left=9500
 Position/Top=149500
 Position/Width=35100
 Position/Height=4500
 Direction=0
 bFill=False
 BkColor=RGB(255,255,255)
 bPageWrap=False
 bBottomAligned=False
 [@Lines]
  {
  [Lines]
   {
   [Line]
	{
	[Font]
	 {
	 Default=False
	 Name=Arial
	 GdiCharSet=0
	 Size=10
	 Width=0
	 Bold=True
	 Italic=False
	 Underline=False
	 Strikeout=False
	 Color=RGB(0,0,0)
	 PitchAndFamily=0
	 OutPrecision=0
	 }
	Align=0
	Adjusted=False
	Uneraseable=False
	LineWrap=False
	PageWrapAllowed=False
	SpaceOptimization=True
	Spacing.Paragraph=0
	Spacing.Line=0
	Text="Bemerkung:"
	Tab=0
	TabAlign=0
	}
   }
  }
[Object]
 ObjectID=1
 ObjectName=Text
 Locked=FALSE
 LinkID=38
 LinkToID=0
 LinkMode=32
 LinkTest=-23674
 LayerID=0
 GroupID=0
 Identifier=
 Condition=True
 UserLocked=False
 WrapBefore=False
 Position/Left=47300
 Position/Top=48900
 Position/Width=44300
 Position/Height=4500
 Direction=0
 bFill=False
 BkColor=RGB(255,255,255)
 bPageWrap=False
 bBottomAligned=False
 [@Lines]
  {
  [Lines]
   {
   [Line]
	{
	[Font]
	 {
	 Default=False
	 Name=Arial
	 GdiCharSet=0
	 Size=10
	 Width=0
	 Bold=False
	 Italic=False
	 Underline=False
	 Strikeout=False
	 Color=RGB(0,0,0)
	 PitchAndFamily=0
	 OutPrecision=0
	 }
	Align=0
	Adjusted=False
	Uneraseable=False
	LineWrap=False
	PageWrapAllowed=False
	SpaceOptimization=True
	Spacing.Paragraph=0
	Spacing.Line=0
	Text=Firma3
	Tab=0
	TabAlign=0
	}
   }
  }
[Object]
 ObjectID=1
 ObjectName=Text
 Locked=FALSE
 LinkID=40
 LinkToID=0
 LinkMode=32
 LinkTest=-20900
 LayerID=0
 GroupID=0
 Identifier=
 Condition=True
 UserLocked=False
 WrapBefore=False
 Position/Left=47300
 Position/Top=59800
 Position/Width=44300
 Position/Height=4500
 Direction=0
 bFill=False
 BkColor=RGB(255,255,255)
 bPageWrap=False
 bBottomAligned=False
 [@Lines]
  {
  [Lines]
   {
   [Line]
	{
	[Font]
	 {
	 Default=False
	 Name=Arial
	 GdiCharSet=0
	 Size=10
	 Width=0
	 Bold=False
	 Italic=False
	 Underline=False
	 Strikeout=False
	 Color=RGB(0,0,0)
	 PitchAndFamily=0
	 OutPrecision=0
	 }
	Align=0
	Adjusted=False
	Uneraseable=False
	LineWrap=False
	PageWrapAllowed=False
	SpaceOptimization=True
	Spacing.Paragraph=0
	Spacing.Line=0
	Text=Strasse
	Tab=0
	TabAlign=0
	}
   }
  }
[Object]
 ObjectID=1
 ObjectName=Text
 Locked=FALSE
 LinkID=42
 LinkToID=0
 LinkMode=32
 LinkTest=-32029
 LayerID=0
 GroupID=0
 Identifier=
 Condition=True
 UserLocked=False
 WrapBefore=False
 Position/Left=47300
 Position/Top=54500
 Position/Width=44300
 Position/Height=4500
 Direction=0
 bFill=False
 BkColor=RGB(255,255,255)
 bPageWrap=False
 bBottomAligned=False
 [@Lines]
  {
  [Lines]
   {
   [Line]
	{
	[Font]
	 {
	 Default=False
	 Name=Arial
	 GdiCharSet=0
	 Size=10
	 Width=0
	 Bold=False
	 Italic=False
	 Underline=False
	 Strikeout=False
	 Color=RGB(0,0,0)
	 PitchAndFamily=0
	 OutPrecision=0
	 }
	Align=0
	Adjusted=False
	Uneraseable=False
	LineWrap=False
	PageWrapAllowed=False
	SpaceOptimization=True
	Spacing.Paragraph=0
	Spacing.Line=0
	Text=Postfach
	Tab=0
	TabAlign=0
	}
   }
  }
[Object]
 ObjectID=1
 ObjectName=Text
 Locked=FALSE
 LinkID=44
 LinkToID=0
 LinkMode=32
 LinkTest=-31948
 LayerID=0
 GroupID=0
 Identifier=
 Condition=True
 UserLocked=False
 WrapBefore=False
 Position/Left=47300
 Position/Top=65000
 Position/Width=44300
 Position/Height=4500
 Direction=0
 bFill=False
 BkColor=RGB(255,255,255)
 bPageWrap=False
 bBottomAligned=False
 [@Lines]
  {
  [Lines]
   {
   [Line]
	{
	[Font]
	 {
	 Default=False
	 Name=Arial
	 GdiCharSet=0
	 Size=10
	 Width=0
	 Bold=False
	 Italic=False
	 Underline=False
	 Strikeout=False
	 Color=RGB(0,0,0)
	 PitchAndFamily=0
	 OutPrecision=0
	 }
	Align=0
	Adjusted=False
	Uneraseable=False
	LineWrap=False
	PageWrapAllowed=False
	SpaceOptimization=True
	Spacing.Paragraph=0
	Spacing.Line=0
	Text=Land  + " " + PLZ + " " + Ort
	Tab=0
	TabAlign=0
	}
   }
  }
[Object]
 ObjectID=1
 ObjectName=Text
 Locked=FALSE
 LinkID=46
 LinkToID=0
 LinkMode=32
 LinkTest=-28169
 LayerID=0
 GroupID=0
 Identifier=
 Condition=True
 UserLocked=False
 WrapBefore=False
 Position/Left=47300
 Position/Top=73000
 Position/Width=44300
 Position/Height=4500
 Direction=0
 bFill=False
 BkColor=RGB(255,255,255)
 bPageWrap=False
 bBottomAligned=False
 [@Lines]
  {
  [Lines]
   {
   [Line]
	{
	[Font]
	 {
	 Default=False
	 Name=Arial
	 GdiCharSet=0
	 Size=10
	 Width=0
	 Bold=False
	 Italic=False
	 Underline=False
	 Strikeout=False
	 Color=RGB(0,0,0)
	 PitchAndFamily=0
	 OutPrecision=0
	 }
	Align=0
	Adjusted=False
	Uneraseable=False
	LineWrap=False
	PageWrapAllowed=False
	SpaceOptimization=True
	Spacing.Paragraph=0
	Spacing.Line=0
	Text=Telefon
	Tab=0
	TabAlign=0
	}
   }
  }
[Object]
 ObjectID=1
 ObjectName=Text
 Locked=FALSE
 LinkID=48
 LinkToID=0
 LinkMode=32
 LinkTest=-28848
 LayerID=0
 GroupID=0
 Identifier=
 Condition=True
 UserLocked=False
 WrapBefore=False
 Position/Left=47300
 Position/Top=78100
 Position/Width=44300
 Position/Height=4500
 Direction=0
 bFill=False
 BkColor=RGB(255,255,255)
 bPageWrap=False
 bBottomAligned=False
 [@Lines]
  {
  [Lines]
   {
   [Line]
	{
	[Font]
	 {
	 Default=False
	 Name=Arial
	 GdiCharSet=0
	 Size=10
	 Width=0
	 Bold=False
	 Italic=False
	 Underline=False
	 Strikeout=False
	 Color=RGB(0,0,0)
	 PitchAndFamily=0
	 OutPrecision=0
	 }
	Align=0
	Adjusted=False
	Uneraseable=False
	LineWrap=False
	PageWrapAllowed=False
	SpaceOptimization=True
	Spacing.Paragraph=0
	Spacing.Line=0
	Text=Telefax
	Tab=0
	TabAlign=0
	}
   }
  }
[Object]
 ObjectID=1
 ObjectName=Text
 Locked=FALSE
 LinkID=50
 LinkToID=0
 LinkMode=32
 LinkTest=-5604
 LayerID=0
 GroupID=0
 Identifier=
 Condition=True
 UserLocked=False
 WrapBefore=False
 Position/Left=47300
 Position/Top=83600
 Position/Width=44300
 Position/Height=4500
 Direction=0
 bFill=False
 BkColor=RGB(255,255,255)
 bPageWrap=False
 bBottomAligned=False
 [@Lines]
  {
  [Lines]
   {
   [Line]
	{
	[Font]
	 {
	 Default=False
	 Name=Arial
	 GdiCharSet=0
	 Size=10
	 Width=0
	 Bold=False
	 Italic=False
	 Underline=False
	 Strikeout=False
	 Color=RGB(0,0,0)
	 PitchAndFamily=0
	 OutPrecision=0
	 }
	Align=0
	Adjusted=False
	Uneraseable=False
	LineWrap=False
	PageWrapAllowed=False
	SpaceOptimization=True
	Spacing.Paragraph=0
	Spacing.Line=0
	Text=EMail
	Tab=0
	TabAlign=0
	}
   }
  }
[Object]
 ObjectID=1
 ObjectName=Text
 Locked=FALSE
 LinkID=52
 LinkToID=0
 LinkMode=32
 LinkTest=-3820
 LayerID=0
 GroupID=0
 Identifier=
 Condition=True
 UserLocked=False
 WrapBefore=False
 Position/Left=47300
 Position/Top=89100
 Position/Width=44300
 Position/Height=4500
 Direction=0
 bFill=False
 BkColor=RGB(255,255,255)
 bPageWrap=False
 bBottomAligned=False
 [@Lines]
  {
  [Lines]
   {
   [Line]
	{
	[Font]
	 {
	 Default=False
	 Name=Arial
	 GdiCharSet=0
	 Size=10
	 Width=0
	 Bold=False
	 Italic=False
	 Underline=False
	 Strikeout=False
	 Color=RGB(0,0,0)
	 PitchAndFamily=0
	 OutPrecision=0
	 }
	Align=0
	Adjusted=False
	Uneraseable=False
	LineWrap=False
	PageWrapAllowed=False
	SpaceOptimization=True
	Spacing.Paragraph=0
	Spacing.Line=0
	Text=Homepage
	Tab=0
	TabAlign=0
	}
   }
  }
[Object]
 ObjectID=1
 ObjectName=Text
 Locked=FALSE
 LinkID=55
 LinkToID=0
 LinkMode=32
 LinkTest=-6032
 LayerID=0
 GroupID=0
 Identifier=
 Condition=True
 UserLocked=False
 WrapBefore=False
 Position/Left=47300
 Position/Top=97100
 Position/Width=64600
 Position/Height=20000
 Direction=0
 bFill=False
 BkColor=RGB(255,255,255)
 bPageWrap=False
 bBottomAligned=False
 [@Lines]
  {
  [Lines]
   {
   [Line]
	{
	[Font]
	 {
	 Default=False
	 Name=Arial
	 GdiCharSet=0
	 Size=8
	 Width=0
	 Bold=False
	 Italic=False
	 Underline=False
	 Strikeout=False
	 Color=RGB(0,0,0)
	 PitchAndFamily=0
	 OutPrecision=0
	 }
	Align=0
	Adjusted=False
	Uneraseable=True
	LineWrap=True
	PageWrapAllowed=False
	SpaceOptimization=True
	Spacing.Paragraph=0
	Spacing.Line=0
	Text=Branchen
	Tab=0
	TabAlign=0
	}
   }
  }
[Object]
 ObjectID=1
 ObjectName=Text
 Locked=FALSE
 LinkID=57
 LinkToID=0
 LinkMode=32
 LinkTest=-20937
 LayerID=0
 GroupID=0
 Identifier=
 Condition=True
 UserLocked=False
 WrapBefore=False
 Position/Left=150100
 Position/Top=54500
 Position/Width=59400
 Position/Height=4500
 Direction=0
 bFill=False
 BkColor=RGB(255,255,255)
 bPageWrap=False
 bBottomAligned=False
 [@Lines]
  {
  [Lines]
   {
   [Line]
	{
	[Font]
	 {
	 Default=False
	 Name=Arial
	 GdiCharSet=0
	 Size=10
	 Width=0
	 Bold=False
	 Italic=False
	 Underline=False
	 Strikeout=False
	 Color=RGB(0,0,0)
	 PitchAndFamily=0
	 OutPrecision=0
	 }
	Align=0
	Adjusted=False
	Uneraseable=False
	LineWrap=False
	PageWrapAllowed=False
	SpaceOptimization=True
	Spacing.Paragraph=0
	Spacing.Line=0
	Text=if(date$(ErstKontakt) = "01.01.1900", "", Date$(ErstKontakt,"%D, %d. %M %y"))
	Tab=0
	TabAlign=0
	}
   }
  }
[Object]
 ObjectID=1
 ObjectName=Text
 Locked=FALSE
 LinkID=59
 LinkToID=0
 LinkMode=32
 LinkTest=-31018
 LayerID=0
 GroupID=0
 Identifier=
 Condition=True
 UserLocked=False
 WrapBefore=False
 Position/Left=150100
 Position/Top=83600
 Position/Width=14100
 Position/Height=4500
 Direction=0
 bFill=False
 BkColor=RGB(255,255,255)
 bPageWrap=False
 bBottomAligned=False
 [@Lines]
  {
  [Lines]
   {
   [Line]
	{
	[Font]
	 {
	 Default=False
	 Name=Arial
	 GdiCharSet=0
	 Size=10
	 Width=0
	 Bold=False
	 Italic=False
	 Underline=False
	 Strikeout=False
	 Color=RGB(0,0,0)
	 PitchAndFamily=0
	 OutPrecision=0
	 }
	Align=0
	Adjusted=False
	Uneraseable=False
	LineWrap=False
	PageWrapAllowed=False
	SpaceOptimization=True
	Spacing.Paragraph=0
	Spacing.Line=0
	Text=fstr$(AnzKopien, "##")
	Tab=0
	TabAlign=0
	}
   }
  }
[Object]
 ObjectID=1
 ObjectName=Text
 Locked=FALSE
 LinkID=61
 LinkToID=0
 LinkMode=32
 LinkTest=-4367
 LayerID=0
 GroupID=0
 Identifier=
 Condition=True
 UserLocked=False
 WrapBefore=False
 Position/Left=150100
 Position/Top=78100
 Position/Width=14100
 Position/Height=4500
 Direction=0
 bFill=False
 BkColor=RGB(255,255,255)
 bPageWrap=False
 bBottomAligned=False
 [@Lines]
  {
  [Lines]
   {
   [Line]
	{
	[Font]
	 {
	 Default=False
	 Name=Arial
	 GdiCharSet=0
	 Size=10
	 Width=0
	 Bold=False
	 Italic=False
	 Underline=False
	 Strikeout=False
	 Color=RGB(0,0,0)
	 PitchAndFamily=0
	 OutPrecision=0
	 }
	Align=0
	Adjusted=False
	Uneraseable=False
	LineWrap=False
	PageWrapAllowed=False
	SpaceOptimization=True
	Spacing.Paragraph=0
	Spacing.Line=0
	Text=Faktura
	Tab=0
	TabAlign=0
	}
   }
  }
[Object]
 ObjectID=1
 ObjectName=Text
 Locked=FALSE
 LinkID=63
 LinkToID=0
 LinkMode=32
 LinkTest=-32768
 LayerID=0
 GroupID=0
 Identifier=
 Condition=True
 UserLocked=False
 WrapBefore=False
 Position/Left=9500
 Position/Top=154800
 Position/Width=188700
 Position/Height=16700
 Direction=0
 bFill=False
 BkColor=RGB(255,255,255)
 bPageWrap=False
 bBottomAligned=False
 [@Lines]
  {
  [Lines]
   {
   [Line]
	{
	[Font]
	 {
	 Default=False
	 Name=Arial
	 GdiCharSet=0
	 Size=8
	 Width=0
	 Bold=False
	 Italic=False
	 Underline=False
	 Strikeout=False
	 Color=RGB(0,0,0)
	 PitchAndFamily=0
	 OutPrecision=0
	 }
	Align=0
	Adjusted=False
	Uneraseable=True
	LineWrap=True
	PageWrapAllowed=False
	SpaceOptimization=True
	Spacing.Paragraph=0
	Spacing.Line=0
	Text=Bemerkung
	Tab=0
	TabAlign=0
	}
   }
  }
[Object]
 ObjectID=1
 ObjectName=Text
 Locked=FALSE
 LinkID=65
 LinkToID=0
 LinkMode=32
 LinkTest=-11796
 LayerID=0
 GroupID=0
 Identifier=
 Condition=True
 UserLocked=False
 WrapBefore=False
 Position/Left=150100
 Position/Top=97100
 Position/Width=14100
 Position/Height=4500
 Direction=0
 bFill=False
 BkColor=RGB(255,255,255)
 bPageWrap=False
 bBottomAligned=False
 [@Lines]
  {
  [Lines]
   {
   [Line]
	{
	[Font]
	 {
	 Default=False
	 Name=Arial
	 GdiCharSet=0
	 Size=10
	 Width=0
	 Bold=False
	 Italic=False
	 Underline=False
	 Strikeout=False
	 Color=RGB(0,0,0)
	 PitchAndFamily=0
	 OutPrecision=0
	 }
	Align=0
	Adjusted=False
	Uneraseable=False
	LineWrap=False
	PageWrapAllowed=False
	SpaceOptimization=True
	Spacing.Paragraph=0
	Spacing.Line=0
	Text=Currency
	Tab=0
	TabAlign=0
	}
   }
  }
[Object]
 ObjectID=1
 ObjectName=Text
 Locked=FALSE
 LinkID=66
 LinkToID=0
 LinkMode=32
 LinkTest=-13823
 LayerID=0
 GroupID=0
 Identifier=
 Condition=True
 UserLocked=False
 WrapBefore=False
 Position/Left=9500
 Position/Top=43500
 Position/Width=35100
 Position/Height=4500
 Direction=0
 bFill=False
 BkColor=RGB(255,255,255)
 bPageWrap=False
 bBottomAligned=False
 [@Lines]
  {
  [Lines]
   {
   [Line]
	{
	[Font]
	 {
	 Default=False
	 Name=Arial
	 GdiCharSet=0
	 Size=10
	 Width=0
	 Bold=True
	 Italic=False
	 Underline=False
	 Strikeout=False
	 Color=RGB(0,0,0)
	 PitchAndFamily=0
	 OutPrecision=0
	 }
	Align=0
	Adjusted=False
	Uneraseable=False
	LineWrap=False
	PageWrapAllowed=False
	SpaceOptimization=True
	Spacing.Paragraph=0
	Spacing.Line=0
	Text="Zusatz 1:"
	Tab=0
	TabAlign=0
	}
   }
  }
[Object]
 ObjectID=1
 ObjectName=Text
 Locked=FALSE
 LinkID=67
 LinkToID=0
 LinkMode=32
 LinkTest=-20309
 LayerID=0
 GroupID=0
 Identifier=
 Condition=True
 UserLocked=False
 WrapBefore=False
 Position/Left=47300
 Position/Top=43500
 Position/Width=44300
 Position/Height=4500
 Direction=0
 bFill=False
 BkColor=RGB(255,255,255)
 bPageWrap=False
 bBottomAligned=False
 [@Lines]
  {
  [Lines]
   {
   [Line]
	{
	[Font]
	 {
	 Default=False
	 Name=Arial
	 GdiCharSet=0
	 Size=10
	 Width=0
	 Bold=False
	 Italic=False
	 Underline=False
	 Strikeout=False
	 Color=RGB(0,0,0)
	 PitchAndFamily=0
	 OutPrecision=0
	 }
	Align=0
	Adjusted=False
	Uneraseable=False
	LineWrap=False
	PageWrapAllowed=False
	SpaceOptimization=True
	Spacing.Paragraph=0
	Spacing.Line=0
	Text=Firma2
	Tab=0
	TabAlign=0
	}
   }
  }
[Object]
 ObjectID=1
 ObjectName=Text
 Locked=FALSE
 LinkID=69
 LinkToID=0
 LinkMode=32
 LinkTest=-7711
 LayerID=0
 GroupID=0
 Identifier=
 Condition=True
 UserLocked=False
 WrapBefore=False
 Position/Left=150100
 Position/Top=43500
 Position/Width=39200
 Position/Height=4500
 Direction=0
 bFill=False
 BkColor=RGB(255,255,255)
 bPageWrap=False
 bBottomAligned=False
 [@Lines]
  {
  [Lines]
   {
   [Line]
	{
	[Font]
	 {
	 Default=False
	 Name=Arial
	 GdiCharSet=0
	 Size=10
	 Width=0
	 Bold=False
	 Italic=False
	 Underline=False
	 Strikeout=False
	 Color=RGB(0,0,0)
	 PitchAndFamily=0
	 OutPrecision=0
	 }
	Align=0
	Adjusted=False
	Uneraseable=False
	LineWrap=False
	PageWrapAllowed=False
	SpaceOptimization=True
	Spacing.Paragraph=0
	Spacing.Line=0
	Text=Kontakt
	Tab=0
	TabAlign=0
	}
   }
  }
[Object]
 ObjectID=1
 ObjectName=Text
 Locked=FALSE
 LinkID=71
 LinkToID=0
 LinkMode=32
 LinkTest=-18841
 LayerID=0
 GroupID=0
 Identifier=
 Condition=True
 UserLocked=False
 WrapBefore=False
 Position/Left=150100
 Position/Top=48900
 Position/Width=39200
 Position/Height=4500
 Direction=0
 bFill=False
 BkColor=RGB(255,255,255)
 bPageWrap=False
 bBottomAligned=False
 [@Lines]
  {
  [Lines]
   {
   [Line]
	{
	[Font]
	 {
	 Default=False
	 Name=Arial
	 GdiCharSet=0
	 Size=10
	 Width=0
	 Bold=False
	 Italic=False
	 Underline=False
	 Strikeout=False
	 Color=RGB(0,0,0)
	 PitchAndFamily=0
	 OutPrecision=0
	 }
	Align=0
	Adjusted=False
	Uneraseable=False
	LineWrap=False
	PageWrapAllowed=False
	SpaceOptimization=True
	Spacing.Paragraph=0
	Spacing.Line=0
	Text=Zustand
	Tab=0
	TabAlign=0
	}
   }
  }
[Object]
 ObjectID=1
 ObjectName=Text
 Locked=FALSE
 LinkID=73
 LinkToID=0
 LinkMode=32
 LinkTest=-7711
 LayerID=0
 GroupID=0
 Identifier=
 Condition=True
 UserLocked=False
 WrapBefore=False
 Position/Left=150100
 Position/Top=59800
 Position/Width=39200
 Position/Height=4500
 Direction=0
 bFill=False
 BkColor=RGB(255,255,255)
 bPageWrap=False
 bBottomAligned=False
 [@Lines]
  {
  [Lines]
   {
   [Line]
	{
	[Font]
	 {
	 Default=False
	 Name=Arial
	 GdiCharSet=0
	 Size=10
	 Width=0
	 Bold=False
	 Italic=False
	 Underline=False
	 Strikeout=False
	 Color=RGB(0,0,0)
	 PitchAndFamily=0
	 OutPrecision=0
	 }
	Align=0
	Adjusted=False
	Uneraseable=False
	LineWrap=False
	PageWrapAllowed=False
	SpaceOptimization=True
	Spacing.Paragraph=0
	Spacing.Line=0
	Text=Sprache
	Tab=0
	TabAlign=0
	}
   }
  }
[Object]
 ObjectID=1
 ObjectName=Text
 Locked=FALSE
 LinkID=76
 LinkToID=0
 LinkMode=32
 LinkTest=-6187
 LayerID=0
 GroupID=0
 Identifier=
 Condition=True
 UserLocked=False
 WrapBefore=False
 Position/Left=120000
 Position/Top=59800
 Position/Width=28300
 Position/Height=4500
 Direction=0
 bFill=False
 BkColor=RGB(255,255,255)
 bPageWrap=False
 bBottomAligned=False
 [@Lines]
  {
  [Lines]
   {
   [Line]
	{
	[Font]
	 {
	 Default=False
	 Name=Arial
	 GdiCharSet=0
	 Size=10
	 Width=0
	 Bold=True
	 Italic=False
	 Underline=False
	 Strikeout=False
	 Color=RGB(0,0,0)
	 PitchAndFamily=0
	 OutPrecision=0
	 }
	Align=0
	Adjusted=False
	Uneraseable=False
	LineWrap=False
	PageWrapAllowed=False
	SpaceOptimization=True
	Spacing.Paragraph=0
	Spacing.Line=0
	Text="Sprache:"
	Tab=0
	TabAlign=0
	}
   }
  }
[Object]
 ObjectID=1
 ObjectName=Text
 Locked=FALSE
 LinkID=79
 LinkToID=0
 LinkMode=32
 LinkTest=-13137
 LayerID=0
 GroupID=0
 Identifier=
 Condition=True
 UserLocked=False
 WrapBefore=False
 Position/Left=150100
 Position/Top=73000
 Position/Width=39200
 Position/Height=4500
 Direction=0
 bFill=False
 BkColor=RGB(255,255,255)
 bPageWrap=False
 bBottomAligned=False
 [@Lines]
  {
  [Lines]
   {
   [Line]
	{
	[Font]
	 {
	 Default=False
	 Name=Arial
	 GdiCharSet=0
	 Size=10
	 Width=0
	 Bold=False
	 Italic=False
	 Underline=False
	 Strikeout=False
	 Color=RGB(0,0,0)
	 PitchAndFamily=0
	 OutPrecision=0
	 }
	Align=0
	Adjusted=False
	Uneraseable=False
	LineWrap=False
	PageWrapAllowed=False
	SpaceOptimization=True
	Spacing.Paragraph=0
	Spacing.Line=0
	Text=Rapporte
	Tab=0
	TabAlign=0
	}
   }
  }
[Object]
 ObjectID=1
 ObjectName=Text
 Locked=FALSE
 LinkID=81
 LinkToID=0
 LinkMode=32
 LinkTest=-1613
 LayerID=0
 GroupID=0
 Identifier=
 Condition=True
 UserLocked=False
 WrapBefore=False
 Position/Left=120000
 Position/Top=73000
 Position/Width=28300
 Position/Height=4500
 Direction=0
 bFill=False
 BkColor=RGB(255,255,255)
 bPageWrap=False
 bBottomAligned=False
 [@Lines]
  {
  [Lines]
   {
   [Line]
	{
	[Font]
	 {
	 Default=False
	 Name=Arial
	 GdiCharSet=0
	 Size=10
	 Width=0
	 Bold=True
	 Italic=False
	 Underline=False
	 Strikeout=False
	 Color=RGB(0,0,0)
	 PitchAndFamily=0
	 OutPrecision=0
	 }
	Align=0
	Adjusted=False
	Uneraseable=False
	LineWrap=False
	PageWrapAllowed=False
	SpaceOptimization=True
	Spacing.Paragraph=0
	Spacing.Line=0
	Text="Rapporte:"
	Tab=0
	TabAlign=0
	}
   }
  }
[Object]
 ObjectID=1
 ObjectName=Text
 Locked=FALSE
 LinkID=83
 LinkToID=0
 LinkMode=32
 LinkTest=-9390
 LayerID=0
 GroupID=0
 Identifier=
 Condition=True
 UserLocked=False
 WrapBefore=False
 Position/Left=150100
 Position/Top=102400
 Position/Width=39200
 Position/Height=4500
 Direction=0
 bFill=False
 BkColor=RGB(255,255,255)
 bPageWrap=False
 bBottomAligned=False
 [@Lines]
  {
  [Lines]
   {
   [Line]
	{
	[Font]
	 {
	 Default=False
	 Name=Arial
	 GdiCharSet=0
	 Size=10
	 Width=0
	 Bold=False
	 Italic=False
	 Underline=False
	 Strikeout=False
	 Color=RGB(0,0,0)
	 PitchAndFamily=0
	 OutPrecision=0
	 }
	Align=0
	Adjusted=False
	Uneraseable=False
	LineWrap=False
	PageWrapAllowed=False
	SpaceOptimization=True
	Spacing.Paragraph=0
	Spacing.Line=0
	Text=Provision
	Tab=0
	TabAlign=0
	}
   }
  }
[Object]
 ObjectID=1
 ObjectName=Text
 Locked=FALSE
 LinkID=85
 LinkToID=0
 LinkMode=32
 LinkTest=-9291
 LayerID=0
 GroupID=0
 Identifier=
 Condition=True
 UserLocked=False
 WrapBefore=False
 Position/Left=120000
 Position/Top=102400
 Position/Width=28300
 Position/Height=4500
 Direction=0
 bFill=False
 BkColor=RGB(255,255,255)
 bPageWrap=False
 bBottomAligned=False
 [@Lines]
  {
  [Lines]
   {
   [Line]
	{
	[Font]
	 {
	 Default=False
	 Name=Arial
	 GdiCharSet=0
	 Size=10
	 Width=0
	 Bold=True
	 Italic=False
	 Underline=False
	 Strikeout=False
	 Color=RGB(0,0,0)
	 PitchAndFamily=0
	 OutPrecision=0
	 }
	Align=0
	Adjusted=False
	Uneraseable=False
	LineWrap=False
	PageWrapAllowed=False
	SpaceOptimization=True
	Spacing.Paragraph=0
	Spacing.Line=0
	Text="Provision:"
	Tab=0
	TabAlign=0
	}
   }
  }
[Object]
 ObjectID=1
 ObjectName=Text
 Locked=FALSE
 LinkID=87
 LinkToID=0
 LinkMode=32
 LinkTest=-18076
 LayerID=0
 GroupID=0
 Identifier=
 Condition=True
 UserLocked=False
 WrapBefore=False
 Position/Left=150100
 Position/Top=107900
 Position/Width=39200
 Position/Height=4500
 Direction=0
 bFill=False
 BkColor=RGB(255,255,255)
 bPageWrap=False
 bBottomAligned=False
 [@Lines]
  {
  [Lines]
   {
   [Line]
	{
	[Font]
	 {
	 Default=False
	 Name=Arial
	 GdiCharSet=0
	 Size=10
	 Width=0
	 Bold=False
	 Italic=False
	 Underline=False
	 Strikeout=False
	 Color=RGB(0,0,0)
	 PitchAndFamily=0
	 OutPrecision=0
	 }
	Align=0
	Adjusted=False
	Uneraseable=False
	LineWrap=False
	PageWrapAllowed=False
	SpaceOptimization=True
	Spacing.Paragraph=0
	Spacing.Line=0
	Text=MahnCode
	Tab=0
	TabAlign=0
	}
   }
  }
[Object]
 ObjectID=1
 ObjectName=Text
 Locked=FALSE
 LinkID=89
 LinkToID=0
 LinkMode=32
 LinkTest=-25564
 LayerID=0
 GroupID=0
 Identifier=
 Condition=True
 UserLocked=False
 WrapBefore=False
 Position/Left=120000
 Position/Top=107900
 Position/Width=28300
 Position/Height=4500
 Direction=0
 bFill=False
 BkColor=RGB(255,255,255)
 bPageWrap=False
 bBottomAligned=False
 [@Lines]
  {
  [Lines]
   {
   [Line]
	{
	[Font]
	 {
	 Default=False
	 Name=Arial
	 GdiCharSet=0
	 Size=10
	 Width=0
	 Bold=True
	 Italic=False
	 Underline=False
	 Strikeout=False
	 Color=RGB(0,0,0)
	 PitchAndFamily=0
	 OutPrecision=0
	 }
	Align=0
	Adjusted=False
	Uneraseable=False
	LineWrap=False
	PageWrapAllowed=False
	SpaceOptimization=True
	Spacing.Paragraph=0
	Spacing.Line=0
	Text="Mahncode:"
	Tab=0
	TabAlign=0
	}
   }
  }
[Object]
 ObjectID=1
 ObjectName=Text
 Locked=FALSE
 LinkID=92
 LinkToID=0
 LinkMode=32
 LinkTest=-11944
 LayerID=0
 GroupID=0
 Identifier=
 Condition=True
 UserLocked=False
 WrapBefore=False
 Position/Left=150100
 Position/Top=113400
 Position/Width=39200
 Position/Height=4500
 Direction=0
 bFill=False
 BkColor=RGB(255,255,255)
 bPageWrap=False
 bBottomAligned=False
 [@Lines]
  {
  [Lines]
   {
   [Line]
	{
	[Font]
	 {
	 Default=False
	 Name=Arial
	 GdiCharSet=0
	 Size=10
	 Width=0
	 Bold=False
	 Italic=False
	 Underline=False
	 Strikeout=False
	 Color=RGB(0,0,0)
	 PitchAndFamily=0
	 OutPrecision=0
	 }
	Align=0
	Adjusted=False
	Uneraseable=False
	LineWrap=False
	PageWrapAllowed=False
	SpaceOptimization=True
	Spacing.Paragraph=0
	Spacing.Line=0
	Text=fstr$(KreditLimite, "###,###,###,###.##", 1)
	Tab=0
	TabAlign=0
	}
   }
  }
[Object]
 ObjectID=1
 ObjectName=Text
 Locked=FALSE
 LinkID=95
 LinkToID=0
 LinkMode=32
 LinkTest=-4473
 LayerID=0
 GroupID=0
 Identifier=
 Condition=True
 UserLocked=False
 WrapBefore=False
 Position/Left=120000
 Position/Top=113400
 Position/Width=28300
 Position/Height=4500
 Direction=0
 bFill=False
 BkColor=RGB(255,255,255)
 bPageWrap=False
 bBottomAligned=False
 [@Lines]
  {
  [Lines]
   {
   [Line]
	{
	[Font]
	 {
	 Default=False
	 Name=Arial
	 GdiCharSet=0
	 Size=10
	 Width=0
	 Bold=True
	 Italic=False
	 Underline=False
	 Strikeout=False
	 Color=RGB(0,0,0)
	 PitchAndFamily=0
	 OutPrecision=0
	 }
	Align=0
	Adjusted=False
	Uneraseable=False
	LineWrap=False
	PageWrapAllowed=False
	SpaceOptimization=True
	Spacing.Paragraph=0
	Spacing.Line=0
	Text="Kreditlimite:"
	Tab=0
	TabAlign=0
	}
   }
  }
[Object]
 ObjectID=1
 ObjectName=Text
 Locked=FALSE
 LinkID=101
 LinkToID=0
 LinkMode=32
 LinkTest=-30224
 LayerID=0
 GroupID=0
 Identifier=
 Condition=True
 UserLocked=False
 WrapBefore=False
 Position/Left=150100
 Position/Top=65000
 Position/Width=39200
 Position/Height=4500
 Direction=0
 bFill=False
 BkColor=RGB(255,255,255)
 bPageWrap=False
 bBottomAligned=False
 [@Lines]
  {
  [Lines]
   {
   [Line]
	{
	[Font]
	 {
	 Default=False
	 Name=Arial
	 GdiCharSet=0
	 Size=10
	 Width=0
	 Bold=False
	 Italic=False
	 Underline=False
	 Strikeout=False
	 Color=RGB(0,0,0)
	 PitchAndFamily=0
	 OutPrecision=0
	 }
	Align=0
	Adjusted=False
	Uneraseable=False
	LineWrap=False
	PageWrapAllowed=False
	SpaceOptimization=True
	Spacing.Paragraph=0
	Spacing.Line=0
	Text=Groesse
	Tab=0
	TabAlign=0
	}
   }
  }
[Object]
 ObjectID=1
 ObjectName=Text
 Locked=FALSE
 LinkID=102
 LinkToID=0
 LinkMode=32
 LinkTest=-1093
 LayerID=0
 GroupID=0
 Identifier=
 Condition=True
 UserLocked=False
 WrapBefore=False
 Position/Left=120000
 Position/Top=65000
 Position/Width=28300
 Position/Height=4500
 Direction=0
 bFill=False
 BkColor=RGB(255,255,255)
 bPageWrap=False
 bBottomAligned=False
 [@Lines]
  {
  [Lines]
   {
   [Line]
	{
	[Font]
	 {
	 Default=False
	 Name=Arial
	 GdiCharSet=0
	 Size=10
	 Width=0
	 Bold=True
	 Italic=False
	 Underline=False
	 Strikeout=False
	 Color=RGB(0,0,0)
	 PitchAndFamily=0
	 OutPrecision=0
	 }
	Align=0
	Adjusted=False
	Uneraseable=False
	LineWrap=False
	PageWrapAllowed=False
	SpaceOptimization=True
	Spacing.Paragraph=0
	Spacing.Line=0
	Text="Grösse:"
	Tab=0
	TabAlign=0
	}
   }
  }
[Object]
 ObjectID=1
 ObjectName=Text
 Locked=FALSE
 LinkID=5
 LinkToID=0
 LinkMode=32
 LinkTest=-30280
 LayerID=0
 GroupID=0
 Identifier=
 Condition=True
 UserLocked=False
 WrapBefore=False
 Position/Left=166000
 Position/Top=12200
 Position/Width=35000
 Position/Height=4100
 Direction=0
 bFill=False
 BkColor=RGB(255,255,255)
 bPageWrap=False
 bBottomAligned=False
 [@Lines]
  {
  [Lines]
   {
   [Line]
	{
	[Font]
	 {
	 Default=False
	 Name=Arial
	 GdiCharSet=0
	 Size=8
	 Width=0
	 Bold=False
	 Italic=False
	 Underline=False
	 Strikeout=False
	 Color=RGB(0,0,0)
	 PitchAndFamily=34
	 OutPrecision=3
	 }
	Align=0
	Adjusted=False
	Uneraseable=False
	LineWrap=False
	PageWrapAllowed=False
	SpaceOptimization=True
	Spacing.Paragraph=0
	Spacing.Line=0
	Text=Date$(Now(),"%DD, %d.%m.%y  um %02H:%02i")
	Tab=0
	TabAlign=0
	}
   }
  }
[Object]
 ObjectID=1
 ObjectName=Text
 Locked=FALSE
 LinkID=10
 LinkToID=0
 LinkMode=32
 LinkTest=-22378
 LayerID=0
 GroupID=0
 Identifier=
 Condition=True
 UserLocked=False
 WrapBefore=False
 Position/Left=166000
 Position/Top=22600
 Position/Width=35000
 Position/Height=3700
 Direction=0
 bFill=False
 BkColor=RGB(255,255,255)
 bPageWrap=False
 bBottomAligned=False
 [@Lines]
  {
  [Lines]
   {
   [Line]
	{
	[Font]
	 {
	 Default=False
	 Name=Arial
	 GdiCharSet=0
	 Size=8
	 Width=0
	 Bold=False
	 Italic=False
	 Underline=False
	 Strikeout=False
	 Color=RGB(0,0,0)
	 PitchAndFamily=34
	 OutPrecision=3
	 }
	Align=0
	Adjusted=False
	Uneraseable=False
	LineWrap=False
	PageWrapAllowed=False
	SpaceOptimization=True
	Spacing.Paragraph=0
	Spacing.Line=0
	Text=Left$(AutorFName,1) + ". " + AutorLName
	Tab=0
	TabAlign=0
	}
   }
  }
[Object]
 ObjectID=1
 ObjectName=Text
 Locked=FALSE
 LinkID=15
 LinkToID=0
 LinkMode=32
 LinkTest=-14489
 LayerID=0
 GroupID=0
 Identifier=
 Condition=True
 UserLocked=False
 WrapBefore=False
 Position/Left=150000
 Position/Top=22300
 Position/Width=14900
 Position/Height=4000
 Direction=0
 bFill=False
 BkColor=RGB(255,255,255)
 bPageWrap=False
 bBottomAligned=False
 [@Lines]
  {
  [Lines]
   {
   [Line]
	{
	[Font]
	 {
	 Default=False
	 Name=Arial
	 GdiCharSet=0
	 Size=8
	 Width=0
	 Bold=True
	 Italic=False
	 Underline=False
	 Strikeout=False
	 Color=RGB(0,0,0)
	 PitchAndFamily=34
	 OutPrecision=3
	 }
	Align=0
	Adjusted=False
	Uneraseable=False
	LineWrap=False
	PageWrapAllowed=False
	SpaceOptimization=True
	Spacing.Paragraph=0
	Spacing.Line=0
	Text="Benutzer:"
	Tab=0
	TabAlign=0
	}
   }
  }
[Object]
 ObjectID=1
 ObjectName=Text
 Locked=FALSE
 LinkID=20
 LinkToID=0
 LinkMode=32
 LinkTest=-31558
 LayerID=0
 GroupID=0
 Identifier=
 Condition=True
 UserLocked=False
 WrapBefore=False
 Position/Left=150000
 Position/Top=17500
 Position/Width=12100
 Position/Height=4100
 Direction=0
 bFill=False
 BkColor=RGB(255,255,255)
 bPageWrap=False
 bBottomAligned=False
 [@Lines]
  {
  [Lines]
   {
   [Line]
	{
	[Font]
	 {
	 Default=False
	 Name=Arial
	 GdiCharSet=0
	 Size=8
	 Width=0
	 Bold=True
	 Italic=False
	 Underline=False
	 Strikeout=False
	 Color=RGB(0,0,0)
	 PitchAndFamily=34
	 OutPrecision=3
	 }
	Align=0
	Adjusted=False
	Uneraseable=False
	LineWrap=False
	PageWrapAllowed=False
	SpaceOptimization=True
	Spacing.Paragraph=0
	Spacing.Line=0
	Text="Seite:"
	Tab=0
	TabAlign=0
	}
   }
  }
[Object]
 ObjectID=1
 ObjectName=Text
 Locked=FALSE
 LinkID=23
 LinkToID=0
 LinkMode=32
 LinkTest=-24067
 LayerID=0
 GroupID=0
 Identifier=
 Condition=True
 UserLocked=False
 WrapBefore=False
 Position/Left=166000
 Position/Top=17500
 Position/Width=35000
 Position/Height=4100
 Direction=0
 bFill=False
 BkColor=RGB(255,255,255)
 bPageWrap=False
 bBottomAligned=False
 [@Lines]
  {
  [Lines]
   {
   [Line]
	{
	[Font]
	 {
	 Default=False
	 Name=Arial
	 GdiCharSet=0
	 Size=8
	 Width=0
	 Bold=False
	 Italic=False
	 Underline=False
	 Strikeout=False
	 Color=RGB(0,0,0)
	 PitchAndFamily=34
	 OutPrecision=3
	 }
	Align=0
	Adjusted=False
	Uneraseable=False
	LineWrap=False
	PageWrapAllowed=False
	SpaceOptimization=True
	Spacing.Paragraph=0
	Spacing.Line=0
	Text=FStr$(Page (),"#####")
	Tab=0
	TabAlign=0
	}
   }
  }
[Object]
 ObjectID=1
 ObjectName=Text
 Locked=FALSE
 LinkID=27
 LinkToID=0
 LinkMode=32
 LinkTest=-15667
 LayerID=0
 GroupID=0
 Identifier=
 Condition=True
 UserLocked=False
 WrapBefore=False
 Position/Left=150000
 Position/Top=12200
 Position/Width=12200
 Position/Height=4100
 Direction=0
 bFill=False
 BkColor=RGB(255,255,255)
 bPageWrap=False
 bBottomAligned=False
 [@Lines]
  {
  [Lines]
   {
   [Line]
	{
	[Font]
	 {
	 Default=False
	 Name=Arial
	 GdiCharSet=0
	 Size=8
	 Width=0
	 Bold=True
	 Italic=False
	 Underline=False
	 Strikeout=False
	 Color=RGB(0,0,0)
	 PitchAndFamily=34
	 OutPrecision=3
	 }
	Align=0
	Adjusted=False
	Uneraseable=False
	LineWrap=False
	PageWrapAllowed=False
	SpaceOptimization=True
	Spacing.Paragraph=0
	Spacing.Line=0
	Text="Datum:"
	Tab=0
	TabAlign=0
	}
   }
  }
[Object]
 ObjectID=1
 ObjectName=Text
 Locked=FALSE
 LinkID=2
 LinkToID=0
 LinkMode=32
 LinkTest=-22431
 LayerID=0
 GroupID=0
 Identifier=
 Condition=True
 UserLocked=False
 WrapBefore=False
 Position/Left=81000
 Position/Top=12200
 Position/Width=54700
 Position/Height=10500
 Direction=0
 bFill=False
 BkColor=RGB(255,255,255)
 bPageWrap=False
 bBottomAligned=False
 [@Lines]
  {
  [Lines]
   {
   [Line]
	{
	[Font]
	 {
	 Default=False
	 Name=Arial
	 GdiCharSet=0
	 Size=10
	 Width=0
	 Bold=False
	 Italic=False
	 Underline=False
	 Strikeout=False
	 Color=RGB(0,0,0)
	 PitchAndFamily=0
	 OutPrecision=0
	 }
	Align=0
	Adjusted=False
	Uneraseable=False
	LineWrap=False
	PageWrapAllowed=False
	SpaceOptimization=True
	Spacing.Paragraph=0
	Spacing.Line=0
	Text=MDName
	Tab=0
	TabAlign=0
	}
   [Line]
	{
	[Font]
	 {
	 Default=False
	 Name=Arial
	 GdiCharSet=0
	 Size=10
	 Width=0
	 Bold=False
	 Italic=False
	 Underline=False
	 Strikeout=False
	 Color=RGB(0,0,0)
	 PitchAndFamily=0
	 OutPrecision=0
	 }
	Align=0
	Adjusted=False
	Uneraseable=False
	LineWrap=False
	PageWrapAllowed=False
	SpaceOptimization=True
	Spacing.Paragraph=0
	Spacing.Line=0
	Text=MDStrasse
	Tab=0
	TabAlign=0
	}
   [Line]
	{
	[Font]
	 {
	 Default=False
	 Name=Arial
	 GdiCharSet=0
	 Size=10
	 Width=0
	 Bold=False
	 Italic=False
	 Underline=False
	 Strikeout=False
	 Color=RGB(0,0,0)
	 PitchAndFamily=0
	 OutPrecision=0
	 }
	Align=0
	Adjusted=False
	Uneraseable=False
	LineWrap=False
	PageWrapAllowed=False
	SpaceOptimization=True
	Spacing.Paragraph=0
	Spacing.Line=0
	Text=MDPLZ + " " + MDOrt
	Tab=0
	TabAlign=0
	}
   }
  }
[Object]
 ObjectID=1
 ObjectName=Text
 Locked=FALSE
 LinkID=100
 LinkToID=0
 LinkMode=32
 LinkTest=-31499
 LayerID=0
 GroupID=0
 Identifier=
 Condition=True
 UserLocked=False
 WrapBefore=False
 Position/Left=120000
 Position/Top=97100
 Position/Width=28300
 Position/Height=4500
 Direction=0
 bFill=False
 BkColor=RGB(255,255,255)
 bPageWrap=False
 bBottomAligned=False
 [@Lines]
  {
  [Lines]
   {
   [Line]
	{
	[Font]
	 {
	 Default=False
	 Name=Arial
	 GdiCharSet=0
	 Size=10
	 Width=0
	 Bold=True
	 Italic=False
	 Underline=False
	 Strikeout=False
	 Color=RGB(0,0,0)
	 PitchAndFamily=0
	 OutPrecision=0
	 }
	Align=0
	Adjusted=False
	Uneraseable=False
	LineWrap=False
	PageWrapAllowed=False
	SpaceOptimization=True
	Spacing.Paragraph=0
	Spacing.Line=0
	Text="Währung:"
	Tab=0
	TabAlign=0
	}
   }
  }
[Object]
 ObjectID=1
 ObjectName=Text
 Locked=FALSE
 LinkID=104
 LinkToID=0
 LinkMode=32
 LinkTest=-32391
 LayerID=0
 GroupID=0
 Identifier=
 Condition=True
 UserLocked=False
 WrapBefore=False
 Position/Left=120000
 Position/Top=54500
 Position/Width=28300
 Position/Height=4500
 Direction=0
 bFill=False
 BkColor=RGB(255,255,255)
 bPageWrap=False
 bBottomAligned=False
 [@Lines]
  {
  [Lines]
   {
   [Line]
	{
	[Font]
	 {
	 Default=False
	 Name=Arial
	 GdiCharSet=0
	 Size=10
	 Width=0
	 Bold=True
	 Italic=False
	 Underline=False
	 Strikeout=False
	 Color=RGB(0,0,0)
	 PitchAndFamily=0
	 OutPrecision=0
	 }
	Align=0
	Adjusted=False
	Uneraseable=False
	LineWrap=False
	PageWrapAllowed=False
	SpaceOptimization=True
	Spacing.Paragraph=0
	Spacing.Line=0
	Text="Erstkontakt:"
	Tab=0
	TabAlign=0
	}
   }
  }
[Object]
 ObjectID=1
 ObjectName=Text
 Locked=FALSE
 LinkID=106
 LinkToID=0
 LinkMode=32
 LinkTest=-16987
 LayerID=0
 GroupID=0
 Identifier=
 Condition=True
 UserLocked=False
 WrapBefore=False
 Position/Left=120000
 Position/Top=83600
 Position/Width=28300
 Position/Height=4500
 Direction=0
 bFill=False
 BkColor=RGB(255,255,255)
 bPageWrap=False
 bBottomAligned=False
 [@Lines]
  {
  [Lines]
   {
   [Line]
	{
	[Font]
	 {
	 Default=False
	 Name=Arial
	 GdiCharSet=0
	 Size=10
	 Width=0
	 Bold=True
	 Italic=False
	 Underline=False
	 Strikeout=False
	 Color=RGB(0,0,0)
	 PitchAndFamily=0
	 OutPrecision=0
	 }
	Align=0
	Adjusted=False
	Uneraseable=False
	LineWrap=False
	PageWrapAllowed=False
	SpaceOptimization=True
	Spacing.Paragraph=0
	Spacing.Line=0
	Text="Anzahl Kopien:"
	Tab=0
	TabAlign=0
	}
   }
  }
[Object]
 ObjectID=1
 ObjectName=Text
 Locked=FALSE
 LinkID=108
 LinkToID=0
 LinkMode=32
 LinkTest=-286
 LayerID=0
 GroupID=0
 Identifier=
 Condition=True
 UserLocked=False
 WrapBefore=False
 Position/Left=120000
 Position/Top=78100
 Position/Width=28300
 Position/Height=4500
 Direction=0
 bFill=False
 BkColor=RGB(255,255,255)
 bPageWrap=False
 bBottomAligned=False
 [@Lines]
  {
  [Lines]
   {
   [Line]
	{
	[Font]
	 {
	 Default=False
	 Name=Arial
	 GdiCharSet=0
	 Size=10
	 Width=0
	 Bold=True
	 Italic=False
	 Underline=False
	 Strikeout=False
	 Color=RGB(0,0,0)
	 PitchAndFamily=0
	 OutPrecision=0
	 }
	Align=0
	Adjusted=False
	Uneraseable=False
	LineWrap=False
	PageWrapAllowed=False
	SpaceOptimization=True
	Spacing.Paragraph=0
	Spacing.Line=0
	Text="Fakturierung:"
	Tab=0
	TabAlign=0
	}
   }
  }
[Object]
 ObjectID=1
 ObjectName=Text
 Locked=FALSE
 LinkID=143
 LinkToID=0
 LinkMode=32
 LinkTest=-14851
 LayerID=0
 GroupID=0
 Identifier=
 Condition=True
 UserLocked=False
 WrapBefore=False
 Position/Left=150100
 Position/Top=89100
 Position/Width=55800
 Position/Height=4500
 Direction=0
 bFill=False
 BkColor=RGB(255,255,255)
 bPageWrap=False
 bBottomAligned=False
 [@Lines]
  {
  [Lines]
   {
   [Line]
	{
	[Font]
	 {
	 Default=False
	 Name=Arial
	 GdiCharSet=0
	 Size=10
	 Width=0
	 Bold=False
	 Italic=False
	 Underline=False
	 Strikeout=False
	 Color=RGB(0,0,0)
	 PitchAndFamily=0
	 OutPrecision=0
	 }
	Align=0
	Adjusted=False
	Uneraseable=False
	LineWrap=False
	PageWrapAllowed=False
	SpaceOptimization=True
	Spacing.Paragraph=0
	Spacing.Line=0
	Text=OPVersand
	Tab=0
	TabAlign=0
	}
   }
  }
[Object]
 ObjectID=1
 ObjectName=Text
 Locked=FALSE
 LinkID=145
 LinkToID=0
 LinkMode=32
 LinkTest=-26824
 LayerID=0
 GroupID=0
 Identifier=
 Condition=True
 UserLocked=False
 WrapBefore=False
 Position/Left=120000
 Position/Top=89100
 Position/Width=28300
 Position/Height=4500
 Direction=0
 bFill=False
 BkColor=RGB(255,255,255)
 bPageWrap=False
 bBottomAligned=False
 [@Lines]
  {
  [Lines]
   {
   [Line]
	{
	[Font]
	 {
	 Default=False
	 Name=Arial
	 GdiCharSet=0
	 Size=10
	 Width=0
	 Bold=True
	 Italic=False
	 Underline=False
	 Strikeout=False
	 Color=RGB(0,0,0)
	 PitchAndFamily=0
	 OutPrecision=0
	 }
	Align=0
	Adjusted=False
	Uneraseable=False
	LineWrap=False
	PageWrapAllowed=False
	SpaceOptimization=True
	Spacing.Paragraph=0
	Spacing.Line=0
	Text="Versenden mit:"
	Tab=0
	TabAlign=0
	}
   }
  }
[Object]
 ObjectID=1
 ObjectName=Text
 Locked=FALSE
 LinkID=150
 LinkToID=0
 LinkMode=32
 LinkTest=-12389
 LayerID=0
 GroupID=0
 Identifier=
 Condition=True
 UserLocked=False
 WrapBefore=False
 Position/Left=40100
 Position/Top=25300
 Position/Width=51200
 Position/Height=4500
 Direction=0
 bFill=False
 BkColor=RGB(255,255,255)
 bPageWrap=False
 bBottomAligned=False
 [@Lines]
  {
  [Lines]
   {
   [Line]
	{
	[Font]
	 {
	 Default=False
	 Name=Arial
	 GdiCharSet=0
	 Size=12
	 Width=0
	 Bold=True
	 Italic=False
	 Underline=False
	 Strikeout=False
	 Color=RGB(0,0,0)
	 PitchAndFamily=34
	 OutPrecision=3
	 }
	Align=0
	Adjusted=False
	Uneraseable=False
	LineWrap=False
	PageWrapAllowed=False
	SpaceOptimization=True
	Spacing.Paragraph=0
	Spacing.Line=0
	Text=fstr$(KDNr, "########", 1)
	Tab=0
	TabAlign=0
	}
   }
  }
[Object]
 ObjectID=1
 ObjectName=Text
 Locked=FALSE
 LinkID=152
 LinkToID=0
 LinkMode=32
 LinkTest=-21580
 LayerID=0
 GroupID=0
 Identifier=
 Condition=True
 UserLocked=False
 WrapBefore=False
 Position/Left=9500
 Position/Top=25300
 Position/Width=28300
 Position/Height=4500
 Direction=0
 bFill=False
 BkColor=RGB(255,255,255)
 bPageWrap=False
 bBottomAligned=False
 [@Lines]
  {
  [Lines]
   {
   [Line]
	{
	[Font]
	 {
	 Default=False
	 Name=Arial
	 GdiCharSet=0
	 Size=10
	 Width=0
	 Bold=True
	 Italic=False
	 Underline=False
	 Strikeout=False
	 Color=RGB(0,0,0)
	 PitchAndFamily=0
	 OutPrecision=0
	 }
	Align=0
	Adjusted=False
	Uneraseable=False
	LineWrap=False
	PageWrapAllowed=False
	SpaceOptimization=True
	Spacing.Paragraph=0
	Spacing.Line=0
	Text="Nummer:"
	Tab=0
	TabAlign=0
	}
   }
  }
[Object]
 ObjectID=1
 ObjectName=Text
 Locked=FALSE
 LinkID=8
 LinkToID=0
 LinkMode=32
 LinkTest=-14233
 LayerID=0
 GroupID=0
 Identifier=
 Condition=True
 UserLocked=False
 WrapBefore=False
 Position/Left=9500
 Position/Top=31100
 Position/Width=28300
 Position/Height=5700
 Direction=0
 bFill=False
 BkColor=RGB(255,255,255)
 bPageWrap=False
 bBottomAligned=False
 [@Lines]
  {
  [Lines]
   {
   [Line]
	{
	[Font]
	 {
	 Default=False
	 Name=Arial
	 GdiCharSet=0
	 Size=10
	 Width=0
	 Bold=True
	 Italic=False
	 Underline=False
	 Strikeout=False
	 Color=RGB(0,0,0)
	 PitchAndFamily=0
	 OutPrecision=0
	 }
	Align=0
	Adjusted=False
	Uneraseable=False
	LineWrap=False
	PageWrapAllowed=False
	SpaceOptimization=True
	Spacing.Paragraph=0
	Spacing.Line=0
	Text="Kundenname:"
	Tab=0
	TabAlign=0
	}
   }
  }
[UserVariables]
[FaxVariables]
