[List description]
[Description]
 Text=Suva-Jahresabrechnung
 FileVersion=5
 Units=SCM-Units
 Metric=0
 TextQuote.Start=1
 TextQuote.End=1
 RepresentationCode.CondStart=171
 RepresentationCode.CondSep=166
 RepresentationCode.CondEnd=187
 RepresentationCode.Tab=247
 RepresentationCode.Ret=182
 RepresentationCode.PhantomSpace=2
 RepresentationCode.LockNextChar=3
 RepresentationCode.ExprSep=164
 LCID=7
 Created=<unknown>
 CreatedByApp=<unknown>
 CreatedByDLL=<unknown>
 CreatedByUser=<unknown>
 LastModified=<unknown>
 LastModifiedByApp=<unknown>
 LastModifiedByDLL=<unknown>
 LastModifiedByUser=<unknown>
[Layout]
 P1.Template=
 P2.Template=
 xOffset=0
 yOffset=0
 xSize=210000
 ySize=297000
 P1.xOffset=0
 P1.yOffset=0
 P1.xSize=210000
 P1.ySize=297000
 P2.xOffset=0
 P2.yOffset=0
 P2.xSize=210000
 P2.ySize=297000
 P1.nPaperFormat=9
 P1.xPaperSize=210000
 P1.yPaperSize=297000
 P1.ForcePaperFormat=FALSE
 P2.nPaperFormat=9
 P2.xPaperSize=210000
 P2.yPaperSize=297000
 P2.ForcePaperFormat=FALSE
 xGrid=1000
 yGrid=1000
 GridShow=TRUE
 GridSnap=FALSE
 PhysicalPage=TRUE
 P1.PhysicalPage=TRUE
 P2.PhysicalPage=TRUE
 Orientation=1
 P1.Orientation=1
 P2.Orientation=1
 EnhancedExpressions=TRUE
 EnhancedOldExpressions=FALSE
 Decimals=2
 DefFont={(0,0,0),10,-13,0,0,0,400,0,0,0,0,3,2,1,34,Arial}
 HelpLines.Horizontal=
 HelpLines.Vertical=
 PDF.MaxOutlineDepth=2
 ObjectCount=7
[UserSection]

[SumVariables]
 Sum1=@SBLohn;T;Bruttolohn
 Sum2=@SSuvaBasis;T;SuvaBasis
 Sum3=@SSuvaLohn;T;Suvalohn
 Sum4=@TBLohn;F;Bruttolohn
 Sum5=@TSuvaBasis;F;SuvaBasis
 Sum6=@TSuvaLohn;F;Suvalohn
[Layer]
 Name=Basis
 Condition=
 WorkspaceColor=(0,0,0)
 Visible=TRUE
 LayerID=0
[Layer]
 Name=Erste Seite
 Condition=Page() = 1
 WorkspaceColor=(0,128,64)
 Visible=TRUE
 LayerID=1
[Layer]
 Name=Folgeseiten
 Condition=Page() <> 1
 WorkspaceColor=(0,0,255)
 Visible=TRUE
 LayerID=2
[Object]
 ObjectID=1
 ObjectName=Text
 Locked=FALSE
 LinkID=1
 LinkToID=0
 LinkMode=32
 LinkTest=-7149
 LayerID=0
 GroupID=0
 Identifier=
 Condition=True
 UserLocked=False
 WrapBefore=False
 Position/Left=70300
 Position/Top=6900
 Position/Width=81300
 Position/Height=5900
 Direction=0
 bFill=False
 BkColor=RGB(255,255,255)
 bFrame=False
 Color=RGB(0,0,0)
 Width=0
 Distance=0
 bPageWrap=False
 bBottomAligned=False
 [@Lines]
  {
  [Lines]
   {
   [Line]
	{
	[Font]
	 {
	 Default=False
	 Name=Arial
	 GdiCharSet=0
	 Size=14
	 Width=0
	 Bold=True
	 Italic=True
	 Underline=False
	 Strikeout=False
	 Color=RGB(0,0,0)
	 PitchAndFamily=0
	 OutPrecision=0
	 }
	Align=0
	Adjusted=False
	Uneraseable=False
	LineWrap=False
	PageWrapAllowed=False
	SpaceOptimization=True
	Spacing.Paragraph=0
	Spacing.Line=0
	Text="UVG-Jahresabrechnung " + TempYear
	Tab=0
	TabAlign=0
	}
   }
  }
[Object]
 ObjectID=6
 ObjectName=Tabelle
 Locked=FALSE
 LinkID=9
 LinkToID=0
 LinkMode=32
 LinkTest=-4003
 LayerID=0
 GroupID=0
 Identifier=
 Condition=True
 UserLocked=False
 WrapBefore=False
 Position/Left=8700
 Position/Top=30200
 Position/Width=195200
 Position/Height=251900
 Direction=0
 bFill=False
 BkColor=RGB(255,255,255)
 FgColor=RGB(64,64,64)
 bFooterOnBottom=False
 bFillBottom=False
 PageBreakCondition=False
 DefaultFont=default
 GroupHeaderLines/bConcatDataLines=True
 GroupFooterLines/bAlsoOnEmptyGroup=False
 DataLines/bKeepTogether=True
 DataLines/bSuppress=False
 DataLines/bForceSumCalculation=False
 ZebraPattern=False
 ZebraPattern/Color=RGB(0,0,0)
 ZebraPattern/Pattern=6
 FooterLines/bKeepTogether=False
 [@Lines]
  {
  [Lines]
   {
   [Body]
	{
	[Options]
	 {
	 }
	[Lines]
	 {
	 [Line]
	  {
	  LineID=0
	  [Columns]
	   {
	   Columns=10
	   [Column]
		{
		Width=15000
		Height=10000
		bIsotropic=True
		PlainTextFormat=True
		Align=2
		AlignDecPosition=-10000
		VAlign=1
		Adjusted=True
		LineWrap=False
		bFill=False
		BkColor=RGB(0,0,0)
		Raster=0
		FgColor=RGB(0,0,0)
		SpaceOptimization=False
		Link.URL=
		WithText=False
		[Frame]
		 {
		 [Left]
		  {
		  Spacing=1000
		  Line=True
		  [Line]
		   {
		   Color=RGB(64,64,64)
		   LineType=0
		   }
		  LineWidth=0
		  }
		 [Top]
		  {
		  Spacing=500
		  Line=False
		  [Line]
		   {
		   Color=RGB(64,64,64)
		   LineType=0
		   }
		  LineWidth=0
		  }
		 [Right]
		  {
		  Spacing=1000
		  Line=False
		  [Line]
		   {
		   Color=RGB(64,64,64)
		   LineType=0
		   }
		  LineWidth=0
		  }
		 [Bottom]
		  {
		  Spacing=500
		  Line=False
		  [Line]
		   {
		   Color=RGB(64,64,64)
		   LineType=0
		   }
		  LineWidth=0
		  }
		 }
		[Font]
		 {
		 Default=False
		 Name=Arial
		 GdiCharSet=0
		 Size=8
		 Width=0
		 Bold=False
		 Italic=False
		 Underline=False
		 Strikeout=False
		 Color=RGB(0,0,0)
		 PitchAndFamily=34
		 OutPrecision=3
		 }
		Text=FStr$(MANr,"######")
		}
	   [Column]
		{
		Width=50000
		Height=10000
		bIsotropic=True
		PlainTextFormat=True
		Align=0
		AlignDecPosition=-10000
		VAlign=1
		Adjusted=True
		LineWrap=False
		bFill=False
		BkColor=RGB(0,0,0)
		Raster=0
		FgColor=RGB(0,0,0)
		SpaceOptimization=False
		Link.URL=
		WithText=False
		[Frame]
		 {
		 [Left]
		  {
		  Spacing=1000
		  Line=True
		  [Line]
		   {
		   Color=RGB(64,64,64)
		   LineType=0
		   }
		  LineWidth=0
		  }
		 [Top]
		  {
		  Spacing=500
		  Line=False
		  [Line]
		   {
		   Color=RGB(64,64,64)
		   LineType=0
		   }
		  LineWidth=0
		  }
		 [Right]
		  {
		  Spacing=1000
		  Line=False
		  [Line]
		   {
		   Color=RGB(64,64,64)
		   LineType=0
		   }
		  LineWidth=0
		  }
		 [Bottom]
		  {
		  Spacing=500
		  Line=False
		  [Line]
		   {
		   Color=RGB(64,64,64)
		   LineType=0
		   }
		  LineWidth=0
		  }
		 }
		[Font]
		 {
		 Default=False
		 Name=Arial
		 GdiCharSet=0
		 Size=8
		 Width=0
		 Bold=False
		 Italic=False
		 Underline=False
		 Strikeout=False
		 Color=RGB(0,0,0)
		 PitchAndFamily=34
		 OutPrecision=3
		 }
		Text=MAName
		}
	   [Column]
		{
		Width=10000
		Height=10000
		bIsotropic=True
		PlainTextFormat=True
		Align=0
		AlignDecPosition=-10000
		VAlign=1
		Adjusted=True
		LineWrap=False
		bFill=False
		BkColor=RGB(255,255,128)
		Raster=0
		FgColor=RGB(0,0,0)
		SpaceOptimization=False
		Link.URL=
		WithText=False
		[Frame]
		 {
		 [Left]
		  {
		  Spacing=1000
		  Line=True
		  [Line]
		   {
		   Color=RGB(64,64,64)
		   LineType=0
		   }
		  LineWidth=0
		  }
		 [Top]
		  {
		  Spacing=500
		  Line=False
		  [Line]
		   {
		   Color=RGB(64,64,64)
		   LineType=0
		   }
		  LineWidth=0
		  }
		 [Right]
		  {
		  Spacing=1000
		  Line=False
		  [Line]
		   {
		   Color=RGB(64,64,64)
		   LineType=0
		   }
		  LineWidth=0
		  }
		 [Bottom]
		  {
		  Spacing=500
		  Line=False
		  [Line]
		   {
		   Color=RGB(64,64,64)
		   LineType=0
		   }
		  LineWidth=0
		  }
		 }
		[Font]
		 {
		 Default=False
		 Name=Arial
		 GdiCharSet=0
		 Size=8
		 Width=0
		 Bold=False
		 Italic=False
		 Underline=False
		 Strikeout=False
		 Color=RGB(0,0,0)
		 PitchAndFamily=34
		 OutPrecision=3
		 }
		Text="     " + fstr$(AbLP, "&&", 1)
		}
	   [Column]
		{
		Width=15000
		Height=10000
		bIsotropic=True
		PlainTextFormat=True
		Align=0
		AlignDecPosition=-10000
		VAlign=1
		Adjusted=True
		LineWrap=False
		bFill=False
		BkColor=RGB(0,0,0)
		Raster=0
		FgColor=RGB(0,0,0)
		SpaceOptimization=False
		Link.URL=
		WithText=False
		[Frame]
		 {
		 [Left]
		  {
		  Spacing=1000
		  Line=False
		  [Line]
		   {
		   Color=RGB(64,64,64)
		   LineType=0
		   }
		  LineWidth=0
		  }
		 [Top]
		  {
		  Spacing=500
		  Line=False
		  [Line]
		   {
		   Color=RGB(64,64,64)
		   LineType=0
		   }
		  LineWidth=0
		  }
		 [Right]
		  {
		  Spacing=1000
		  Line=False
		  [Line]
		   {
		   Color=RGB(64,64,64)
		   LineType=0
		   }
		  LineWidth=0
		  }
		 [Bottom]
		  {
		  Spacing=500
		  Line=False
		  [Line]
		   {
		   Color=RGB(64,64,64)
		   LineType=0
		   }
		  LineWidth=0
		  }
		 }
		[Font]
		 {
		 Default=False
		 Name=Arial
		 GdiCharSet=0
		 Size=8
		 Width=0
		 Bold=False
		 Italic=False
		 Underline=False
		 Strikeout=False
		 Color=RGB(0,0,0)
		 PitchAndFamily=34
		 OutPrecision=3
		 }
		Text=" "
		}
	   [Column]
		{
		Width=10000
		Height=10000
		bIsotropic=True
		PlainTextFormat=True
		Align=0
		AlignDecPosition=-10000
		VAlign=1
		Adjusted=True
		LineWrap=False
		bFill=False
		BkColor=RGB(0,0,0)
		Raster=0
		FgColor=RGB(0,0,0)
		SpaceOptimization=False
		Link.URL=
		WithText=False
		[Frame]
		 {
		 [Left]
		  {
		  Spacing=1000
		  Line=False
		  [Line]
		   {
		   Color=RGB(64,64,64)
		   LineType=0
		   }
		  LineWidth=0
		  }
		 [Top]
		  {
		  Spacing=500
		  Line=False
		  [Line]
		   {
		   Color=RGB(64,64,64)
		   LineType=0
		   }
		  LineWidth=0
		  }
		 [Right]
		  {
		  Spacing=1000
		  Line=False
		  [Line]
		   {
		   Color=RGB(64,64,64)
		   LineType=0
		   }
		  LineWidth=0
		  }
		 [Bottom]
		  {
		  Spacing=500
		  Line=False
		  [Line]
		   {
		   Color=RGB(64,64,64)
		   LineType=0
		   }
		  LineWidth=0
		  }
		 }
		[Font]
		 {
		 Default=False
		 Name=Arial
		 GdiCharSet=0
		 Size=8
		 Width=0
		 Bold=False
		 Italic=False
		 Underline=False
		 Strikeout=False
		 Color=RGB(0,0,0)
		 PitchAndFamily=34
		 OutPrecision=3
		 }
		Text=fstr$(BisLP, "&&", 1)
		}
	   [Column]
		{
		Width=25000
		Height=10000
		bIsotropic=True
		PlainTextFormat=True
		Align=2
		AlignDecPosition=-10000
		VAlign=0
		Adjusted=True
		LineWrap=False
		bFill=False
		BkColor=RGB(0,0,0)
		Raster=0
		FgColor=RGB(0,0,0)
		SpaceOptimization=False
		Link.URL=
		WithText=False
		[Frame]
		 {
		 [Left]
		  {
		  Spacing=1000
		  Line=True
		  [Line]
		   {
		   Color=RGB(64,64,64)
		   LineType=0
		   }
		  LineWidth=0
		  }
		 [Top]
		  {
		  Spacing=500
		  Line=False
		  [Line]
		   {
		   Color=RGB(64,64,64)
		   LineType=0
		   }
		  LineWidth=0
		  }
		 [Right]
		  {
		  Spacing=1000
		  Line=False
		  [Line]
		   {
		   Color=RGB(64,64,64)
		   LineType=0
		   }
		  LineWidth=0
		  }
		 [Bottom]
		  {
		  Spacing=500
		  Line=False
		  [Line]
		   {
		   Color=RGB(64,64,64)
		   LineType=0
		   }
		  LineWidth=0
		  }
		 }
		[Font]
		 {
		 Default=False
		 Name=Arial
		 GdiCharSet=0
		 Size=8
		 Width=0
		 Bold=False
		 Italic=False
		 Underline=False
		 Strikeout=False
		 Color=RGB(0,0,0)
		 PitchAndFamily=34
		 OutPrecision=3
		 }
		Text=if(Bruttolohn = 0, "", Fstr$ (Bruttolohn, "---,---,---,---,---,--&.&&", 1))
		}
	   [Column]
		{
		Width=25000
		Height=10000
		bIsotropic=True
		PlainTextFormat=True
		Align=2
		AlignDecPosition=-10000
		VAlign=0
		Adjusted=True
		LineWrap=False
		bFill=False
		BkColor=RGB(0,0,0)
		Raster=0
		FgColor=RGB(0,0,0)
		SpaceOptimization=False
		Link.URL=
		WithText=False
		[Frame]
		 {
		 [Left]
		  {
		  Spacing=1000
		  Line=True
		  [Line]
		   {
		   Color=RGB(64,64,64)
		   LineType=0
		   }
		  LineWidth=0
		  }
		 [Top]
		  {
		  Spacing=500
		  Line=False
		  [Line]
		   {
		   Color=RGB(64,64,64)
		   LineType=0
		   }
		  LineWidth=0
		  }
		 [Right]
		  {
		  Spacing=1000
		  Line=False
		  [Line]
		   {
		   Color=RGB(64,64,64)
		   LineType=0
		   }
		  LineWidth=0
		  }
		 [Bottom]
		  {
		  Spacing=500
		  Line=False
		  [Line]
		   {
		   Color=RGB(64,64,64)
		   LineType=0
		   }
		  LineWidth=0
		  }
		 }
		[Font]
		 {
		 Default=False
		 Name=Arial
		 GdiCharSet=0
		 Size=8
		 Width=0
		 Bold=False
		 Italic=False
		 Underline=False
		 Strikeout=False
		 Color=RGB(0,0,0)
		 PitchAndFamily=34
		 OutPrecision=3
		 }
		Text=if(SuvaBasis = 0, "", Fstr$ (SuvaBasis, "---,---,---,---,---,--&.&&", 1))
		}
	   [Column]
		{
		Width=25000
		Height=10000
		bIsotropic=True
		PlainTextFormat=True
		Align=2
		AlignDecPosition=-10000
		VAlign=0
		Adjusted=True
		LineWrap=False
		bFill=False
		BkColor=RGB(0,0,0)
		Raster=0
		FgColor=RGB(0,0,0)
		SpaceOptimization=False
		Link.URL=
		WithText=False
		[Frame]
		 {
		 [Left]
		  {
		  Spacing=1000
		  Line=True
		  [Line]
		   {
		   Color=RGB(64,64,64)
		   LineType=0
		   }
		  LineWidth=0
		  }
		 [Top]
		  {
		  Spacing=500
		  Line=False
		  [Line]
		   {
		   Color=RGB(64,64,64)
		   LineType=0
		   }
		  LineWidth=0
		  }
		 [Right]
		  {
		  Spacing=1000
		  Line=False
		  [Line]
		   {
		   Color=RGB(64,64,64)
		   LineType=0
		   }
		  LineWidth=0
		  }
		 [Bottom]
		  {
		  Spacing=500
		  Line=False
		  [Line]
		   {
		   Color=RGB(64,64,64)
		   LineType=0
		   }
		  LineWidth=0
		  }
		 }
		[Font]
		 {
		 Default=False
		 Name=Arial
		 GdiCharSet=0
		 Size=8
		 Width=0
		 Bold=False
		 Italic=False
		 Underline=False
		 Strikeout=False
		 Color=RGB(0,0,0)
		 PitchAndFamily=34
		 OutPrecision=3
		 }
		Text=if(Suvalohn = 0 Or right$(SuvaCode, 1) = "0", "", Fstr$ (Suvalohn, "---,---,---,---,---,--&.&&", 1))
		}
	   [Column]
		{
		Width=10000
		Height=10000
		bIsotropic=True
		PlainTextFormat=True
		Align=0
		AlignDecPosition=-10000
		VAlign=0
		Adjusted=True
		LineWrap=False
		bFill=False
		BkColor=RGB(0,0,0)
		Raster=0
		FgColor=RGB(0,0,0)
		SpaceOptimization=False
		Link.URL=
		WithText=False
		[Frame]
		 {
		 [Left]
		  {
		  Spacing=1000
		  Line=True
		  [Line]
		   {
		   Color=RGB(64,64,64)
		   LineType=0
		   }
		  LineWidth=0
		  }
		 [Top]
		  {
		  Spacing=500
		  Line=False
		  [Line]
		   {
		   Color=RGB(64,64,64)
		   LineType=0
		   }
		  LineWidth=0
		  }
		 [Right]
		  {
		  Spacing=1000
		  Line=False
		  [Line]
		   {
		   Color=RGB(64,64,64)
		   LineType=0
		   }
		  LineWidth=0
		  }
		 [Bottom]
		  {
		  Spacing=500
		  Line=False
		  [Line]
		   {
		   Color=RGB(64,64,64)
		   LineType=0
		   }
		  LineWidth=0
		  }
		 }
		[Font]
		 {
		 Default=False
		 Name=Arial
		 GdiCharSet=0
		 Size=8
		 Width=0
		 Bold=False
		 Italic=False
		 Underline=False
		 Strikeout=False
		 Color=RGB(0,0,0)
		 PitchAndFamily=34
		 OutPrecision=3
		 }
		Text=if(Geschlecht = "M", "M", "F")
		}
	   [Column]
		{
		Width=10000
		Height=10000
		bIsotropic=True
		PlainTextFormat=True
		Align=0
		AlignDecPosition=-10000
		VAlign=0
		Adjusted=True
		LineWrap=False
		bFill=False
		BkColor=RGB(0,0,0)
		Raster=0
		FgColor=RGB(0,0,0)
		SpaceOptimization=False
		Link.URL=
		WithText=False
		[Frame]
		 {
		 [Left]
		  {
		  Spacing=1000
		  Line=True
		  [Line]
		   {
		   Color=RGB(64,64,64)
		   LineType=0
		   }
		  LineWidth=0
		  }
		 [Top]
		  {
		  Spacing=500
		  Line=False
		  [Line]
		   {
		   Color=RGB(64,64,64)
		   LineType=0
		   }
		  LineWidth=0
		  }
		 [Right]
		  {
		  Spacing=1000
		  Line=True
		  [Line]
		   {
		   Color=RGB(64,64,64)
		   LineType=0
		   }
		  LineWidth=0
		  }
		 [Bottom]
		  {
		  Spacing=500
		  Line=False
		  [Line]
		   {
		   Color=RGB(64,64,64)
		   LineType=0
		   }
		  LineWidth=0
		  }
		 }
		[Font]
		 {
		 Default=False
		 Name=Arial
		 GdiCharSet=0
		 Size=8
		 Width=0
		 Bold=False
		 Italic=False
		 Underline=False
		 Strikeout=False
		 Color=RGB(0,0,0)
		 PitchAndFamily=34
		 OutPrecision=3
		 }
		Text=SuvaCode
		}
	   }
	  [Options]
	   {
	   [Frame0]
		{
		SpaceOut=0
		}
	   [Frame1]
		{
		SpaceOut=0
		}
	   [Frame2]
		{
		SpaceOut=0
		}
	   [Frame3]
		{
		SpaceOut=0
		}
	   LFont={(0,0,0),10,-13,0,0,0,400,0,0,0,0,3,2,1,34,Arial}
	   LCondition=
	   IgnoreEmpty=TRUE
	   Description=Zeilendefinition  1
	   }
	  }
	 }
	}
   [Header]
	{
	[Options]
	 {
	 }
	[Lines]
	 {
	 [Line]
	  {
	  LineID=0
	  [Columns]
	   {
	   Columns=8
	   [Column]
		{
		Width=15000
		Height=10000
		bIsotropic=True
		PlainTextFormat=True
		Align=2
		AlignDecPosition=-10000
		VAlign=2
		Adjusted=False
		LineWrap=False
		bFill=False
		BkColor=RGB(0,0,0)
		Raster=0
		FgColor=RGB(0,0,0)
		SpaceOptimization=False
		Link.URL=
		WithText=False
		[Frame]
		 {
		 [Left]
		  {
		  Spacing=1000
		  Line=False
		  [Line]
		   {
		   Color=RGB(64,64,64)
		   LineType=0
		   }
		  LineWidth=0
		  }
		 [Top]
		  {
		  Spacing=500
		  Line=False
		  [Line]
		   {
		   Color=RGB(64,64,64)
		   LineType=0
		   }
		  LineWidth=0
		  }
		 [Right]
		  {
		  Spacing=1000
		  Line=False
		  [Line]
		   {
		   Color=RGB(64,64,64)
		   LineType=0
		   }
		  LineWidth=0
		  }
		 [Bottom]
		  {
		  Spacing=500
		  Line=True
		  [Line]
		   {
		   Color=RGB(64,64,64)
		   LineType=0
		   }
		  LineWidth=500
		  }
		 }
		[Font]
		 {
		 Default=False
		 Name=Arial
		 GdiCharSet=0
		 Size=10
		 Width=0
		 Bold=True
		 Italic=True
		 Underline=False
		 Strikeout=False
		 Color=RGB(0,0,0)
		 PitchAndFamily=34
		 OutPrecision=3
		 }
		Text="MA-Nr"
		}
	   [Column]
		{
		Width=50000
		Height=10000
		bIsotropic=True
		PlainTextFormat=True
		Align=0
		AlignDecPosition=-10000
		VAlign=2
		Adjusted=False
		LineWrap=False
		bFill=False
		BkColor=RGB(0,0,0)
		Raster=0
		FgColor=RGB(0,0,0)
		SpaceOptimization=False
		Link.URL=
		WithText=False
		[Frame]
		 {
		 [Left]
		  {
		  Spacing=1000
		  Line=True
		  [Line]
		   {
		   Color=RGB(64,64,64)
		   LineType=0
		   }
		  LineWidth=0
		  }
		 [Top]
		  {
		  Spacing=500
		  Line=False
		  [Line]
		   {
		   Color=RGB(64,64,64)
		   LineType=0
		   }
		  LineWidth=0
		  }
		 [Right]
		  {
		  Spacing=1000
		  Line=False
		  [Line]
		   {
		   Color=RGB(64,64,64)
		   LineType=0
		   }
		  LineWidth=0
		  }
		 [Bottom]
		  {
		  Spacing=500
		  Line=True
		  [Line]
		   {
		   Color=RGB(64,64,64)
		   LineType=0
		   }
		  LineWidth=500
		  }
		 }
		[Font]
		 {
		 Default=False
		 Name=Arial
		 GdiCharSet=0
		 Size=10
		 Width=0
		 Bold=True
		 Italic=True
		 Underline=False
		 Strikeout=False
		 Color=RGB(0,0,0)
		 PitchAndFamily=34
		 OutPrecision=3
		 }
		Text="Name / Vorname"
		}
	   [Column]
		{
		Width=35000
		Height=10000
		bIsotropic=True
		PlainTextFormat=True
		Align=0
		AlignDecPosition=-10000
		VAlign=2
		Adjusted=False
		LineWrap=False
		bFill=False
		BkColor=RGB(0,0,0)
		Raster=0
		FgColor=RGB(0,0,0)
		SpaceOptimization=False
		Link.URL=
		WithText=False
		[Frame]
		 {
		 [Left]
		  {
		  Spacing=1000
		  Line=True
		  [Line]
		   {
		   Color=RGB(64,64,64)
		   LineType=0
		   }
		  LineWidth=0
		  }
		 [Top]
		  {
		  Spacing=500
		  Line=False
		  [Line]
		   {
		   Color=RGB(64,64,64)
		   LineType=0
		   }
		  LineWidth=0
		  }
		 [Right]
		  {
		  Spacing=1000
		  Line=False
		  [Line]
		   {
		   Color=RGB(64,64,64)
		   LineType=0
		   }
		  LineWidth=0
		  }
		 [Bottom]
		  {
		  Spacing=500
		  Line=True
		  [Line]
		   {
		   Color=RGB(64,64,64)
		   LineType=0
		   }
		  LineWidth=500
		  }
		 }
		[Font]
		 {
		 Default=False
		 Name=Arial
		 GdiCharSet=0
		 Size=10
		 Width=0
		 Bold=True
		 Italic=True
		 Underline=False
		 Strikeout=False
		 Color=RGB(0,0,0)
		 PitchAndFamily=34
		 OutPrecision=3
		 }
		Text="Beschäftigungszeit" + chr$(13) + "  von                bis"
		}
	   [Column]
		{
		Width=25000
		Height=10000
		bIsotropic=True
		PlainTextFormat=True
		Align=2
		AlignDecPosition=-10000
		VAlign=2
		Adjusted=False
		LineWrap=False
		bFill=False
		BkColor=RGB(0,0,0)
		Raster=0
		FgColor=RGB(0,0,0)
		SpaceOptimization=False
		Link.URL=
		WithText=False
		[Frame]
		 {
		 [Left]
		  {
		  Spacing=1000
		  Line=True
		  [Line]
		   {
		   Color=RGB(64,64,64)
		   LineType=0
		   }
		  LineWidth=0
		  }
		 [Top]
		  {
		  Spacing=500
		  Line=False
		  [Line]
		   {
		   Color=RGB(64,64,64)
		   LineType=0
		   }
		  LineWidth=0
		  }
		 [Right]
		  {
		  Spacing=1000
		  Line=False
		  [Line]
		   {
		   Color=RGB(64,64,64)
		   LineType=0
		   }
		  LineWidth=0
		  }
		 [Bottom]
		  {
		  Spacing=500
		  Line=True
		  [Line]
		   {
		   Color=RGB(64,64,64)
		   LineType=0
		   }
		  LineWidth=500
		  }
		 }
		[Font]
		 {
		 Default=False
		 Name=Arial
		 GdiCharSet=0
		 Size=10
		 Width=0
		 Bold=True
		 Italic=True
		 Underline=False
		 Strikeout=False
		 Color=RGB(0,0,0)
		 PitchAndFamily=34
		 OutPrecision=3
		 }
		Text="Bruttolohn"
		}
	   [Column]
		{
		Width=25000
		Height=10000
		bIsotropic=True
		PlainTextFormat=True
		Align=2
		AlignDecPosition=-10000
		VAlign=2
		Adjusted=False
		LineWrap=False
		bFill=False
		BkColor=RGB(0,0,0)
		Raster=0
		FgColor=RGB(0,0,0)
		SpaceOptimization=False
		Link.URL=
		WithText=False
		[Frame]
		 {
		 [Left]
		  {
		  Spacing=1000
		  Line=True
		  [Line]
		   {
		   Color=RGB(64,64,64)
		   LineType=0
		   }
		  LineWidth=0
		  }
		 [Top]
		  {
		  Spacing=500
		  Line=False
		  [Line]
		   {
		   Color=RGB(64,64,64)
		   LineType=0
		   }
		  LineWidth=0
		  }
		 [Right]
		  {
		  Spacing=1000
		  Line=False
		  [Line]
		   {
		   Color=RGB(64,64,64)
		   LineType=0
		   }
		  LineWidth=0
		  }
		 [Bottom]
		  {
		  Spacing=500
		  Line=True
		  [Line]
		   {
		   Color=RGB(64,64,64)
		   LineType=0
		   }
		  LineWidth=500
		  }
		 }
		[Font]
		 {
		 Default=False
		 Name=Arial
		 GdiCharSet=0
		 Size=10
		 Width=0
		 Bold=True
		 Italic=True
		 Underline=False
		 Strikeout=False
		 Color=RGB(0,0,0)
		 PitchAndFamily=34
		 OutPrecision=3
		 }
		Text="UVG-Basis"
		}
	   [Column]
		{
		Width=25000
		Height=10000
		bIsotropic=True
		PlainTextFormat=True
		Align=2
		AlignDecPosition=-10000
		VAlign=2
		Adjusted=False
		LineWrap=False
		bFill=False
		BkColor=RGB(0,0,0)
		Raster=0
		FgColor=RGB(0,0,0)
		SpaceOptimization=False
		Link.URL=
		WithText=False
		[Frame]
		 {
		 [Left]
		  {
		  Spacing=1000
		  Line=True
		  [Line]
		   {
		   Color=RGB(64,64,64)
		   LineType=0
		   }
		  LineWidth=0
		  }
		 [Top]
		  {
		  Spacing=500
		  Line=False
		  [Line]
		   {
		   Color=RGB(64,64,64)
		   LineType=0
		   }
		  LineWidth=0
		  }
		 [Right]
		  {
		  Spacing=1000
		  Line=False
		  [Line]
		   {
		   Color=RGB(64,64,64)
		   LineType=0
		   }
		  LineWidth=0
		  }
		 [Bottom]
		  {
		  Spacing=500
		  Line=True
		  [Line]
		   {
		   Color=RGB(64,64,64)
		   LineType=0
		   }
		  LineWidth=500
		  }
		 }
		[Font]
		 {
		 Default=False
		 Name=Arial
		 GdiCharSet=0
		 Size=10
		 Width=0
		 Bold=True
		 Italic=True
		 Underline=False
		 Strikeout=False
		 Color=RGB(0,0,0)
		 PitchAndFamily=34
		 OutPrecision=3
		 }
		Text="UVG-Lohn"
		}
	   [Column]
		{
		Width=10000
		Height=10000
		bIsotropic=True
		PlainTextFormat=True
		Align=0
		AlignDecPosition=-10000
		VAlign=2
		Adjusted=False
		LineWrap=False
		bFill=False
		BkColor=RGB(0,0,0)
		Raster=0
		FgColor=RGB(0,0,0)
		SpaceOptimization=False
		Link.URL=
		WithText=False
		[Frame]
		 {
		 [Left]
		  {
		  Spacing=1000
		  Line=True
		  [Line]
		   {
		   Color=RGB(64,64,64)
		   LineType=0
		   }
		  LineWidth=0
		  }
		 [Top]
		  {
		  Spacing=500
		  Line=False
		  [Line]
		   {
		   Color=RGB(64,64,64)
		   LineType=0
		   }
		  LineWidth=0
		  }
		 [Right]
		  {
		  Spacing=1000
		  Line=False
		  [Line]
		   {
		   Color=RGB(64,64,64)
		   LineType=0
		   }
		  LineWidth=0
		  }
		 [Bottom]
		  {
		  Spacing=500
		  Line=True
		  [Line]
		   {
		   Color=RGB(64,64,64)
		   LineType=0
		   }
		  LineWidth=500
		  }
		 }
		[Font]
		 {
		 Default=False
		 Name=Arial
		 GdiCharSet=0
		 Size=10
		 Width=0
		 Bold=True
		 Italic=True
		 Underline=False
		 Strikeout=False
		 Color=RGB(0,0,0)
		 PitchAndFamily=34
		 OutPrecision=3
		 }
		Text="M/F"
		}
	   [Column]
		{
		Width=10000
		Height=10000
		bIsotropic=True
		PlainTextFormat=True
		Align=0
		AlignDecPosition=-10000
		VAlign=2
		Adjusted=False
		LineWrap=False
		bFill=False
		BkColor=RGB(0,0,0)
		Raster=0
		FgColor=RGB(0,0,0)
		SpaceOptimization=False
		Link.URL=
		WithText=False
		[Frame]
		 {
		 [Left]
		  {
		  Spacing=1000
		  Line=True
		  [Line]
		   {
		   Color=RGB(64,64,64)
		   LineType=0
		   }
		  LineWidth=0
		  }
		 [Top]
		  {
		  Spacing=500
		  Line=False
		  [Line]
		   {
		   Color=RGB(64,64,64)
		   LineType=0
		   }
		  LineWidth=0
		  }
		 [Right]
		  {
		  Spacing=1000
		  Line=False
		  [Line]
		   {
		   Color=RGB(64,64,64)
		   LineType=0
		   }
		  LineWidth=0
		  }
		 [Bottom]
		  {
		  Spacing=500
		  Line=True
		  [Line]
		   {
		   Color=RGB(64,64,64)
		   LineType=0
		   }
		  LineWidth=500
		  }
		 }
		[Font]
		 {
		 Default=False
		 Name=Arial
		 GdiCharSet=0
		 Size=10
		 Width=0
		 Bold=True
		 Italic=True
		 Underline=False
		 Strikeout=False
		 Color=RGB(0,0,0)
		 PitchAndFamily=34
		 OutPrecision=3
		 }
		Text="UVG" + chr$(13) + "Code"
		}
	   }
	  [Options]
	   {
	   [Frame0]
		{
		SpaceOut=0
		}
	   [Frame1]
		{
		SpaceOut=0
		}
	   [Frame2]
		{
		SpaceOut=0
		}
	   [Frame3]
		{
		SpaceOut=0
		}
	   LFont=default
	   LCondition=
	   IgnoreEmpty=TRUE
	   Description=Zeilendefinition  1
	   }
	  }
	 }
	}
   [Footer]
	{
	[Options]
	 {
	 }
	[Lines]
	 {
	 [Line]
	  {
	  LineID=0
	  [Columns]
	   {
	   Columns=6
	   [Column]
		{
		Width=15000
		Height=10000
		bIsotropic=True
		PlainTextFormat=True
		Align=0
		AlignDecPosition=-10000
		VAlign=0
		Adjusted=False
		LineWrap=False
		bFill=False
		BkColor=RGB(0,0,0)
		Raster=0
		FgColor=RGB(0,0,0)
		SpaceOptimization=False
		Link.URL=
		WithText=False
		[Frame]
		 {
		 [Left]
		  {
		  Spacing=1000
		  Line=True
		  [Line]
		   {
		   Color=RGB(64,64,64)
		   LineType=0
		   }
		  LineWidth=0
		  }
		 [Top]
		  {
		  Spacing=500
		  Line=True
		  [Line]
		   {
		   Color=RGB(64,64,64)
		   LineType=0
		   }
		  LineWidth=500
		  }
		 [Right]
		  {
		  Spacing=1000
		  Line=False
		  [Line]
		   {
		   Color=RGB(64,64,64)
		   LineType=0
		   }
		  LineWidth=0
		  }
		 [Bottom]
		  {
		  Spacing=500
		  Line=False
		  [Line]
		   {
		   Color=RGB(64,64,64)
		   LineType=0
		   }
		  LineWidth=0
		  }
		 }
		[Font]
		 {
		 Default=False
		 Name=Arial
		 GdiCharSet=0
		 Size=8
		 Width=0
		 Bold=False
		 Italic=False
		 Underline=False
		 Strikeout=False
		 Color=RGB(0,0,0)
		 PitchAndFamily=34
		 OutPrecision=3
		 }
		Text=" "
		}
	   [Column]
		{
		Width=85000
		Height=10000
		bIsotropic=True
		PlainTextFormat=True
		Align=0
		AlignDecPosition=-10000
		VAlign=0
		Adjusted=False
		LineWrap=False
		bFill=False
		BkColor=RGB(0,0,0)
		Raster=0
		FgColor=RGB(0,0,0)
		SpaceOptimization=False
		Link.URL=
		WithText=False
		[Frame]
		 {
		 [Left]
		  {
		  Spacing=1000
		  Line=True
		  [Line]
		   {
		   Color=RGB(64,64,64)
		   LineType=0
		   }
		  LineWidth=0
		  }
		 [Top]
		  {
		  Spacing=500
		  Line=True
		  [Line]
		   {
		   Color=RGB(64,64,64)
		   LineType=0
		   }
		  LineWidth=500
		  }
		 [Right]
		  {
		  Spacing=1000
		  Line=False
		  [Line]
		   {
		   Color=RGB(64,64,64)
		   LineType=0
		   }
		  LineWidth=0
		  }
		 [Bottom]
		  {
		  Spacing=500
		  Line=False
		  [Line]
		   {
		   Color=RGB(64,64,64)
		   LineType=0
		   }
		  LineWidth=0
		  }
		 }
		[Font]
		 {
		 Default=False
		 Name=Arial
		 GdiCharSet=0
		 Size=8
		 Width=0
		 Bold=False
		 Italic=False
		 Underline=False
		 Strikeout=False
		 Color=RGB(0,0,0)
		 PitchAndFamily=34
		 OutPrecision=3
		 }
		Text=" "
		}
	   [Column]
		{
		Width=25000
		Height=10000
		bIsotropic=True
		PlainTextFormat=True
		Align=0
		AlignDecPosition=-10000
		VAlign=0
		Adjusted=False
		LineWrap=False
		bFill=False
		BkColor=RGB(0,0,0)
		Raster=0
		FgColor=RGB(0,0,0)
		SpaceOptimization=False
		Link.URL=
		WithText=False
		[Frame]
		 {
		 [Left]
		  {
		  Spacing=1000
		  Line=True
		  [Line]
		   {
		   Color=RGB(64,64,64)
		   LineType=0
		   }
		  LineWidth=0
		  }
		 [Top]
		  {
		  Spacing=500
		  Line=True
		  [Line]
		   {
		   Color=RGB(64,64,64)
		   LineType=0
		   }
		  LineWidth=500
		  }
		 [Right]
		  {
		  Spacing=1000
		  Line=False
		  [Line]
		   {
		   Color=RGB(64,64,64)
		   LineType=0
		   }
		  LineWidth=0
		  }
		 [Bottom]
		  {
		  Spacing=500
		  Line=False
		  [Line]
		   {
		   Color=RGB(64,64,64)
		   LineType=0
		   }
		  LineWidth=0
		  }
		 }
		[Font]
		 {
		 Default=False
		 Name=Arial
		 GdiCharSet=0
		 Size=8
		 Width=0
		 Bold=False
		 Italic=False
		 Underline=False
		 Strikeout=False
		 Color=RGB(0,0,0)
		 PitchAndFamily=34
		 OutPrecision=3
		 }
		Text=" "
		}
	   [Column]
		{
		Width=25000
		Height=10000
		bIsotropic=True
		PlainTextFormat=True
		Align=0
		AlignDecPosition=-10000
		VAlign=0
		Adjusted=False
		LineWrap=False
		bFill=False
		BkColor=RGB(0,0,0)
		Raster=0
		FgColor=RGB(0,0,0)
		SpaceOptimization=False
		Link.URL=
		WithText=False
		[Frame]
		 {
		 [Left]
		  {
		  Spacing=1000
		  Line=True
		  [Line]
		   {
		   Color=RGB(64,64,64)
		   LineType=0
		   }
		  LineWidth=0
		  }
		 [Top]
		  {
		  Spacing=500
		  Line=True
		  [Line]
		   {
		   Color=RGB(64,64,64)
		   LineType=0
		   }
		  LineWidth=500
		  }
		 [Right]
		  {
		  Spacing=1000
		  Line=False
		  [Line]
		   {
		   Color=RGB(64,64,64)
		   LineType=0
		   }
		  LineWidth=0
		  }
		 [Bottom]
		  {
		  Spacing=500
		  Line=False
		  [Line]
		   {
		   Color=RGB(64,64,64)
		   LineType=0
		   }
		  LineWidth=0
		  }
		 }
		[Font]
		 {
		 Default=False
		 Name=Arial
		 GdiCharSet=0
		 Size=8
		 Width=0
		 Bold=False
		 Italic=False
		 Underline=False
		 Strikeout=False
		 Color=RGB(0,0,0)
		 PitchAndFamily=34
		 OutPrecision=3
		 }
		Text=" "
		}
	   [Column]
		{
		Width=25000
		Height=10000
		bIsotropic=True
		PlainTextFormat=True
		Align=0
		AlignDecPosition=-10000
		VAlign=0
		Adjusted=False
		LineWrap=False
		bFill=False
		BkColor=RGB(0,0,0)
		Raster=0
		FgColor=RGB(0,0,0)
		SpaceOptimization=False
		Link.URL=
		WithText=False
		[Frame]
		 {
		 [Left]
		  {
		  Spacing=1000
		  Line=True
		  [Line]
		   {
		   Color=RGB(64,64,64)
		   LineType=0
		   }
		  LineWidth=0
		  }
		 [Top]
		  {
		  Spacing=500
		  Line=True
		  [Line]
		   {
		   Color=RGB(64,64,64)
		   LineType=0
		   }
		  LineWidth=500
		  }
		 [Right]
		  {
		  Spacing=1000
		  Line=False
		  [Line]
		   {
		   Color=RGB(64,64,64)
		   LineType=0
		   }
		  LineWidth=0
		  }
		 [Bottom]
		  {
		  Spacing=500
		  Line=False
		  [Line]
		   {
		   Color=RGB(64,64,64)
		   LineType=0
		   }
		  LineWidth=0
		  }
		 }
		[Font]
		 {
		 Default=False
		 Name=Arial
		 GdiCharSet=0
		 Size=8
		 Width=0
		 Bold=False
		 Italic=False
		 Underline=False
		 Strikeout=False
		 Color=RGB(0,0,0)
		 PitchAndFamily=34
		 OutPrecision=3
		 }
		Text=" "
		}
	   [Column]
		{
		Width=20000
		Height=10000
		bIsotropic=True
		PlainTextFormat=True
		Align=0
		AlignDecPosition=-10000
		VAlign=0
		Adjusted=False
		LineWrap=False
		bFill=False
		BkColor=RGB(0,0,0)
		Raster=0
		FgColor=RGB(0,0,0)
		SpaceOptimization=False
		Link.URL=
		WithText=False
		[Frame]
		 {
		 [Left]
		  {
		  Spacing=1000
		  Line=True
		  [Line]
		   {
		   Color=RGB(64,64,64)
		   LineType=0
		   }
		  LineWidth=0
		  }
		 [Top]
		  {
		  Spacing=500
		  Line=True
		  [Line]
		   {
		   Color=RGB(64,64,64)
		   LineType=0
		   }
		  LineWidth=500
		  }
		 [Right]
		  {
		  Spacing=1000
		  Line=True
		  [Line]
		   {
		   Color=RGB(64,64,64)
		   LineType=0
		   }
		  LineWidth=0
		  }
		 [Bottom]
		  {
		  Spacing=500
		  Line=False
		  [Line]
		   {
		   Color=RGB(64,64,64)
		   LineType=0
		   }
		  LineWidth=0
		  }
		 }
		[Font]
		 {
		 Default=False
		 Name=Arial
		 GdiCharSet=0
		 Size=8
		 Width=0
		 Bold=False
		 Italic=False
		 Underline=False
		 Strikeout=False
		 Color=RGB(0,0,0)
		 PitchAndFamily=34
		 OutPrecision=3
		 }
		Text=" "
		}
	   }
	  [Options]
	   {
	   [Frame0]
		{
		SpaceOut=0
		}
	   [Frame1]
		{
		SpaceOut=0
		}
	   [Frame2]
		{
		SpaceOut=0
		}
	   [Frame3]
		{
		SpaceOut=0
		}
	   LFont=default
	   LCondition=
	   IgnoreEmpty=TRUE
	   Description=1. Leerzeile
	   }
	  }
	 [Line]
	  {
	  LineID=1
	  [Columns]
	   {
	   Columns=6
	   [Column]
		{
		Width=15000
		Height=10000
		bIsotropic=True
		PlainTextFormat=True
		Align=0
		AlignDecPosition=-10000
		VAlign=1
		Adjusted=False
		LineWrap=False
		bFill=False
		BkColor=RGB(0,0,0)
		Raster=0
		FgColor=RGB(0,0,0)
		SpaceOptimization=False
		Link.URL=
		WithText=False
		[Frame]
		 {
		 [Left]
		  {
		  Spacing=1000
		  Line=True
		  [Line]
		   {
		   Color=RGB(64,64,64)
		   LineType=0
		   }
		  LineWidth=0
		  }
		 [Top]
		  {
		  Spacing=500
		  Line=False
		  [Line]
		   {
		   Color=RGB(64,64,64)
		   LineType=0
		   }
		  LineWidth=0
		  }
		 [Right]
		  {
		  Spacing=1000
		  Line=False
		  [Line]
		   {
		   Color=RGB(64,64,64)
		   LineType=0
		   }
		  LineWidth=0
		  }
		 [Bottom]
		  {
		  Spacing=500
		  Line=False
		  [Line]
		   {
		   Color=RGB(64,64,64)
		   LineType=0
		   }
		  LineWidth=0
		  }
		 }
		[Font]
		 {
		 Default=False
		 Name=Arial
		 GdiCharSet=0
		 Size=8
		 Width=0
		 Bold=False
		 Italic=False
		 Underline=False
		 Strikeout=False
		 Color=RGB(0,0,0)
		 PitchAndFamily=34
		 OutPrecision=3
		 }
		Text=" "
		}
	   [Column]
		{
		Width=85000
		Height=10000
		bIsotropic=True
		PlainTextFormat=True
		Align=0
		AlignDecPosition=-10000
		VAlign=1
		Adjusted=False
		LineWrap=False
		bFill=False
		BkColor=RGB(0,0,0)
		Raster=0
		FgColor=RGB(0,0,0)
		SpaceOptimization=False
		Link.URL=
		WithText=False
		[Frame]
		 {
		 [Left]
		  {
		  Spacing=1000
		  Line=True
		  [Line]
		   {
		   Color=RGB(64,64,64)
		   LineType=0
		   }
		  LineWidth=0
		  }
		 [Top]
		  {
		  Spacing=500
		  Line=False
		  [Line]
		   {
		   Color=RGB(64,64,64)
		   LineType=0
		   }
		  LineWidth=0
		  }
		 [Right]
		  {
		  Spacing=1000
		  Line=False
		  [Line]
		   {
		   Color=RGB(64,64,64)
		   LineType=0
		   }
		  LineWidth=0
		  }
		 [Bottom]
		  {
		  Spacing=500
		  Line=False
		  [Line]
		   {
		   Color=RGB(64,64,64)
		   LineType=0
		   }
		  LineWidth=0
		  }
		 }
		[Font]
		 {
		 Default=False
		 Name=Arial
		 GdiCharSet=0
		 Size=8
		 Width=0
		 Bold=False
		 Italic=False
		 Underline=False
		 Strikeout=False
		 Color=RGB(0,0,0)
		 PitchAndFamily=34
		 OutPrecision=3
		 }
		Text="Seitentotal"
		}
	   [Column]
		{
		Width=25000
		Height=10000
		bIsotropic=True
		PlainTextFormat=True
		Align=2
		AlignDecPosition=-10000
		VAlign=1
		Adjusted=True
		LineWrap=False
		bFill=False
		BkColor=RGB(0,0,0)
		Raster=0
		FgColor=RGB(0,0,0)
		SpaceOptimization=False
		Link.URL=
		WithText=False
		[Frame]
		 {
		 [Left]
		  {
		  Spacing=1000
		  Line=True
		  [Line]
		   {
		   Color=RGB(64,64,64)
		   LineType=0
		   }
		  LineWidth=0
		  }
		 [Top]
		  {
		  Spacing=500
		  Line=False
		  [Line]
		   {
		   Color=RGB(64,64,64)
		   LineType=0
		   }
		  LineWidth=0
		  }
		 [Right]
		  {
		  Spacing=1000
		  Line=False
		  [Line]
		   {
		   Color=RGB(64,64,64)
		   LineType=0
		   }
		  LineWidth=0
		  }
		 [Bottom]
		  {
		  Spacing=500
		  Line=False
		  [Line]
		   {
		   Color=RGB(64,64,64)
		   LineType=0
		   }
		  LineWidth=0
		  }
		 }
		[Font]
		 {
		 Default=False
		 Name=Arial
		 GdiCharSet=0
		 Size=8
		 Width=0
		 Bold=False
		 Italic=False
		 Underline=False
		 Strikeout=False
		 Color=RGB(0,0,0)
		 PitchAndFamily=34
		 OutPrecision=3
		 }
		Text=fstr$(@SBLohn, "---,---,---,---,---,---,--&.&&", 1)
		}
	   [Column]
		{
		Width=25000
		Height=10000
		bIsotropic=True
		PlainTextFormat=True
		Align=2
		AlignDecPosition=-10000
		VAlign=1
		Adjusted=True
		LineWrap=False
		bFill=False
		BkColor=RGB(0,0,0)
		Raster=0
		FgColor=RGB(0,0,0)
		SpaceOptimization=False
		Link.URL=
		WithText=False
		[Frame]
		 {
		 [Left]
		  {
		  Spacing=1000
		  Line=True
		  [Line]
		   {
		   Color=RGB(64,64,64)
		   LineType=0
		   }
		  LineWidth=0
		  }
		 [Top]
		  {
		  Spacing=500
		  Line=False
		  [Line]
		   {
		   Color=RGB(64,64,64)
		   LineType=0
		   }
		  LineWidth=0
		  }
		 [Right]
		  {
		  Spacing=1000
		  Line=False
		  [Line]
		   {
		   Color=RGB(64,64,64)
		   LineType=0
		   }
		  LineWidth=0
		  }
		 [Bottom]
		  {
		  Spacing=500
		  Line=False
		  [Line]
		   {
		   Color=RGB(64,64,64)
		   LineType=0
		   }
		  LineWidth=0
		  }
		 }
		[Font]
		 {
		 Default=False
		 Name=Arial
		 GdiCharSet=0
		 Size=8
		 Width=0
		 Bold=False
		 Italic=False
		 Underline=False
		 Strikeout=False
		 Color=RGB(0,0,0)
		 PitchAndFamily=34
		 OutPrecision=3
		 }
		Text=fstr$(@SSuvaBasis, "---,---,---,---,---,---,--&.&&", 1)
		}
	   [Column]
		{
		Width=25000
		Height=10000
		bIsotropic=True
		PlainTextFormat=True
		Align=2
		AlignDecPosition=-10000
		VAlign=1
		Adjusted=True
		LineWrap=False
		bFill=False
		BkColor=RGB(0,0,0)
		Raster=0
		FgColor=RGB(0,0,0)
		SpaceOptimization=False
		Link.URL=
		WithText=False
		[Frame]
		 {
		 [Left]
		  {
		  Spacing=1000
		  Line=True
		  [Line]
		   {
		   Color=RGB(64,64,64)
		   LineType=0
		   }
		  LineWidth=0
		  }
		 [Top]
		  {
		  Spacing=500
		  Line=False
		  [Line]
		   {
		   Color=RGB(64,64,64)
		   LineType=0
		   }
		  LineWidth=0
		  }
		 [Right]
		  {
		  Spacing=1000
		  Line=False
		  [Line]
		   {
		   Color=RGB(64,64,64)
		   LineType=0
		   }
		  LineWidth=0
		  }
		 [Bottom]
		  {
		  Spacing=500
		  Line=False
		  [Line]
		   {
		   Color=RGB(64,64,64)
		   LineType=0
		   }
		  LineWidth=0
		  }
		 }
		[Font]
		 {
		 Default=False
		 Name=Arial
		 GdiCharSet=0
		 Size=8
		 Width=0
		 Bold=False
		 Italic=False
		 Underline=False
		 Strikeout=False
		 Color=RGB(0,0,0)
		 PitchAndFamily=34
		 OutPrecision=3
		 }
		Text=fstr$(@SSuvaLohn, "---,---,---,---,---,---,--&.&&", 1)
		}
	   [Column]
		{
		Width=20000
		Height=10000
		bIsotropic=True
		PlainTextFormat=True
		Align=0
		AlignDecPosition=-10000
		VAlign=0
		Adjusted=False
		LineWrap=False
		bFill=False
		BkColor=RGB(0,0,0)
		Raster=0
		FgColor=RGB(0,0,0)
		SpaceOptimization=False
		Link.URL=
		WithText=False
		[Frame]
		 {
		 [Left]
		  {
		  Spacing=1000
		  Line=True
		  [Line]
		   {
		   Color=RGB(64,64,64)
		   LineType=0
		   }
		  LineWidth=0
		  }
		 [Top]
		  {
		  Spacing=500
		  Line=False
		  [Line]
		   {
		   Color=RGB(64,64,64)
		   LineType=0
		   }
		  LineWidth=0
		  }
		 [Right]
		  {
		  Spacing=1000
		  Line=True
		  [Line]
		   {
		   Color=RGB(64,64,64)
		   LineType=0
		   }
		  LineWidth=0
		  }
		 [Bottom]
		  {
		  Spacing=500
		  Line=False
		  [Line]
		   {
		   Color=RGB(64,64,64)
		   LineType=0
		   }
		  LineWidth=0
		  }
		 }
		[Font]
		 {
		 Default=False
		 Name=Arial
		 GdiCharSet=0
		 Size=8
		 Width=0
		 Bold=False
		 Italic=False
		 Underline=False
		 Strikeout=False
		 Color=RGB(0,0,0)
		 PitchAndFamily=34
		 OutPrecision=3
		 }
		Text=" "
		}
	   }
	  [Options]
	   {
	   [Frame0]
		{
		SpaceOut=0
		}
	   [Frame1]
		{
		SpaceOut=0
		}
	   [Frame2]
		{
		SpaceOut=0
		}
	   [Frame3]
		{
		SpaceOut=0
		}
	   LFont=default
	   LCondition=
	   IgnoreEmpty=TRUE
	   Description=Datenzeile
	   }
	  }
	 [Line]
	  {
	  LineID=2
	  [Columns]
	   {
	   Columns=6
	   [Column]
		{
		Width=15000
		Height=10000
		bIsotropic=True
		PlainTextFormat=True
		Align=0
		AlignDecPosition=-10000
		VAlign=0
		Adjusted=False
		LineWrap=False
		bFill=False
		BkColor=RGB(0,0,0)
		Raster=0
		FgColor=RGB(0,0,0)
		SpaceOptimization=False
		Link.URL=
		WithText=False
		[Frame]
		 {
		 [Left]
		  {
		  Spacing=1000
		  Line=True
		  [Line]
		   {
		   Color=RGB(64,64,64)
		   LineType=0
		   }
		  LineWidth=0
		  }
		 [Top]
		  {
		  Spacing=500
		  Line=False
		  [Line]
		   {
		   Color=RGB(64,64,64)
		   LineType=0
		   }
		  LineWidth=0
		  }
		 [Right]
		  {
		  Spacing=1000
		  Line=False
		  [Line]
		   {
		   Color=RGB(64,64,64)
		   LineType=0
		   }
		  LineWidth=0
		  }
		 [Bottom]
		  {
		  Spacing=500
		  Line=True
		  [Line]
		   {
		   Color=RGB(64,64,64)
		   LineType=0
		   }
		  LineWidth=0
		  }
		 }
		[Font]
		 {
		 Default=False
		 Name=Arial
		 GdiCharSet=0
		 Size=8
		 Width=0
		 Bold=False
		 Italic=False
		 Underline=False
		 Strikeout=False
		 Color=RGB(0,0,0)
		 PitchAndFamily=34
		 OutPrecision=3
		 }
		Text=" "
		}
	   [Column]
		{
		Width=85000
		Height=10000
		bIsotropic=True
		PlainTextFormat=True
		Align=0
		AlignDecPosition=-10000
		VAlign=0
		Adjusted=False
		LineWrap=False
		bFill=False
		BkColor=RGB(0,0,0)
		Raster=0
		FgColor=RGB(0,0,0)
		SpaceOptimization=False
		Link.URL=
		WithText=False
		[Frame]
		 {
		 [Left]
		  {
		  Spacing=1000
		  Line=True
		  [Line]
		   {
		   Color=RGB(64,64,64)
		   LineType=0
		   }
		  LineWidth=0
		  }
		 [Top]
		  {
		  Spacing=500
		  Line=False
		  [Line]
		   {
		   Color=RGB(64,64,64)
		   LineType=0
		   }
		  LineWidth=0
		  }
		 [Right]
		  {
		  Spacing=1000
		  Line=False
		  [Line]
		   {
		   Color=RGB(64,64,64)
		   LineType=0
		   }
		  LineWidth=0
		  }
		 [Bottom]
		  {
		  Spacing=500
		  Line=True
		  [Line]
		   {
		   Color=RGB(64,64,64)
		   LineType=0
		   }
		  LineWidth=0
		  }
		 }
		[Font]
		 {
		 Default=False
		 Name=Arial
		 GdiCharSet=0
		 Size=8
		 Width=0
		 Bold=False
		 Italic=False
		 Underline=False
		 Strikeout=False
		 Color=RGB(0,0,0)
		 PitchAndFamily=34
		 OutPrecision=3
		 }
		Text=" "
		}
	   [Column]
		{
		Width=25000
		Height=10000
		bIsotropic=True
		PlainTextFormat=True
		Align=0
		AlignDecPosition=-10000
		VAlign=0
		Adjusted=False
		LineWrap=False
		bFill=False
		BkColor=RGB(0,0,0)
		Raster=0
		FgColor=RGB(0,0,0)
		SpaceOptimization=False
		Link.URL=
		WithText=False
		[Frame]
		 {
		 [Left]
		  {
		  Spacing=1000
		  Line=True
		  [Line]
		   {
		   Color=RGB(64,64,64)
		   LineType=0
		   }
		  LineWidth=0
		  }
		 [Top]
		  {
		  Spacing=500
		  Line=False
		  [Line]
		   {
		   Color=RGB(64,64,64)
		   LineType=0
		   }
		  LineWidth=0
		  }
		 [Right]
		  {
		  Spacing=1000
		  Line=False
		  [Line]
		   {
		   Color=RGB(64,64,64)
		   LineType=0
		   }
		  LineWidth=0
		  }
		 [Bottom]
		  {
		  Spacing=500
		  Line=True
		  [Line]
		   {
		   Color=RGB(64,64,64)
		   LineType=0
		   }
		  LineWidth=0
		  }
		 }
		[Font]
		 {
		 Default=False
		 Name=Arial
		 GdiCharSet=0
		 Size=8
		 Width=0
		 Bold=False
		 Italic=False
		 Underline=False
		 Strikeout=False
		 Color=RGB(0,0,0)
		 PitchAndFamily=34
		 OutPrecision=3
		 }
		Text=" "
		}
	   [Column]
		{
		Width=25000
		Height=10000
		bIsotropic=True
		PlainTextFormat=True
		Align=0
		AlignDecPosition=-10000
		VAlign=0
		Adjusted=False
		LineWrap=False
		bFill=False
		BkColor=RGB(0,0,0)
		Raster=0
		FgColor=RGB(0,0,0)
		SpaceOptimization=False
		Link.URL=
		WithText=False
		[Frame]
		 {
		 [Left]
		  {
		  Spacing=1000
		  Line=True
		  [Line]
		   {
		   Color=RGB(64,64,64)
		   LineType=0
		   }
		  LineWidth=0
		  }
		 [Top]
		  {
		  Spacing=500
		  Line=False
		  [Line]
		   {
		   Color=RGB(64,64,64)
		   LineType=0
		   }
		  LineWidth=0
		  }
		 [Right]
		  {
		  Spacing=1000
		  Line=False
		  [Line]
		   {
		   Color=RGB(64,64,64)
		   LineType=0
		   }
		  LineWidth=0
		  }
		 [Bottom]
		  {
		  Spacing=500
		  Line=True
		  [Line]
		   {
		   Color=RGB(64,64,64)
		   LineType=0
		   }
		  LineWidth=0
		  }
		 }
		[Font]
		 {
		 Default=False
		 Name=Arial
		 GdiCharSet=0
		 Size=8
		 Width=0
		 Bold=False
		 Italic=False
		 Underline=False
		 Strikeout=False
		 Color=RGB(0,0,0)
		 PitchAndFamily=34
		 OutPrecision=3
		 }
		Text=" "
		}
	   [Column]
		{
		Width=25000
		Height=10000
		bIsotropic=True
		PlainTextFormat=True
		Align=0
		AlignDecPosition=-10000
		VAlign=0
		Adjusted=False
		LineWrap=False
		bFill=False
		BkColor=RGB(0,0,0)
		Raster=0
		FgColor=RGB(0,0,0)
		SpaceOptimization=False
		Link.URL=
		WithText=False
		[Frame]
		 {
		 [Left]
		  {
		  Spacing=1000
		  Line=True
		  [Line]
		   {
		   Color=RGB(64,64,64)
		   LineType=0
		   }
		  LineWidth=0
		  }
		 [Top]
		  {
		  Spacing=500
		  Line=False
		  [Line]
		   {
		   Color=RGB(64,64,64)
		   LineType=0
		   }
		  LineWidth=0
		  }
		 [Right]
		  {
		  Spacing=1000
		  Line=False
		  [Line]
		   {
		   Color=RGB(64,64,64)
		   LineType=0
		   }
		  LineWidth=0
		  }
		 [Bottom]
		  {
		  Spacing=500
		  Line=True
		  [Line]
		   {
		   Color=RGB(64,64,64)
		   LineType=0
		   }
		  LineWidth=0
		  }
		 }
		[Font]
		 {
		 Default=False
		 Name=Arial
		 GdiCharSet=0
		 Size=8
		 Width=0
		 Bold=False
		 Italic=False
		 Underline=False
		 Strikeout=False
		 Color=RGB(0,0,0)
		 PitchAndFamily=34
		 OutPrecision=3
		 }
		Text=" "
		}
	   [Column]
		{
		Width=20000
		Height=10000
		bIsotropic=True
		PlainTextFormat=True
		Align=0
		AlignDecPosition=-10000
		VAlign=0
		Adjusted=False
		LineWrap=False
		bFill=False
		BkColor=RGB(0,0,0)
		Raster=0
		FgColor=RGB(0,0,0)
		SpaceOptimization=False
		Link.URL=
		WithText=False
		[Frame]
		 {
		 [Left]
		  {
		  Spacing=1000
		  Line=True
		  [Line]
		   {
		   Color=RGB(64,64,64)
		   LineType=0
		   }
		  LineWidth=0
		  }
		 [Top]
		  {
		  Spacing=500
		  Line=False
		  [Line]
		   {
		   Color=RGB(64,64,64)
		   LineType=0
		   }
		  LineWidth=0
		  }
		 [Right]
		  {
		  Spacing=1000
		  Line=True
		  [Line]
		   {
		   Color=RGB(64,64,64)
		   LineType=0
		   }
		  LineWidth=0
		  }
		 [Bottom]
		  {
		  Spacing=500
		  Line=True
		  [Line]
		   {
		   Color=RGB(64,64,64)
		   LineType=0
		   }
		  LineWidth=0
		  }
		 }
		[Font]
		 {
		 Default=False
		 Name=Arial
		 GdiCharSet=0
		 Size=8
		 Width=0
		 Bold=False
		 Italic=False
		 Underline=False
		 Strikeout=False
		 Color=RGB(0,0,0)
		 PitchAndFamily=34
		 OutPrecision=3
		 }
		Text=" "
		}
	   }
	  [Options]
	   {
	   [Frame0]
		{
		SpaceOut=0
		}
	   [Frame1]
		{
		SpaceOut=0
		}
	   [Frame2]
		{
		SpaceOut=0
		}
	   [Frame3]
		{
		SpaceOut=0
		}
	   LFont=default
	   LCondition=
	   IgnoreEmpty=TRUE
	   Description=2. Leerzeile
	   }
	  }
	 [Line]
	  {
	  LineID=3
	  [Columns]
	   {
	   Columns=6
	   [Column]
		{
		Width=15000
		Height=10000
		bIsotropic=True
		PlainTextFormat=True
		Align=0
		AlignDecPosition=-10000
		VAlign=1
		Adjusted=True
		LineWrap=False
		bFill=False
		BkColor=RGB(0,0,0)
		Raster=0
		FgColor=RGB(0,0,0)
		SpaceOptimization=False
		Link.URL=
		WithText=False
		[Frame]
		 {
		 [Left]
		  {
		  Spacing=1000
		  Line=True
		  [Line]
		   {
		   Color=RGB(64,64,64)
		   LineType=0
		   }
		  LineWidth=0
		  }
		 [Top]
		  {
		  Spacing=500
		  Line=True
		  [Line]
		   {
		   Color=RGB(64,64,64)
		   LineType=0
		   }
		  LineWidth=300
		  }
		 [Right]
		  {
		  Spacing=1000
		  Line=False
		  [Line]
		   {
		   Color=RGB(64,64,64)
		   LineType=0
		   }
		  LineWidth=0
		  }
		 [Bottom]
		  {
		  Spacing=500
		  Line=True
		  [Line]
		   {
		   Color=RGB(64,64,64)
		   LineType=0
		   }
		  LineWidth=0
		  }
		 }
		[Font]
		 {
		 Default=False
		 Name=Arial
		 GdiCharSet=0
		 Size=8
		 Width=0
		 Bold=False
		 Italic=False
		 Underline=False
		 Strikeout=False
		 Color=RGB(0,0,0)
		 PitchAndFamily=34
		 OutPrecision=3
		 }
		Text=" "
		}
	   [Column]
		{
		Width=85000
		Height=10000
		bIsotropic=True
		PlainTextFormat=True
		Align=0
		AlignDecPosition=-10000
		VAlign=1
		Adjusted=True
		LineWrap=False
		bFill=False
		BkColor=RGB(0,0,0)
		Raster=0
		FgColor=RGB(0,0,0)
		SpaceOptimization=False
		Link.URL=
		WithText=False
		[Frame]
		 {
		 [Left]
		  {
		  Spacing=1000
		  Line=True
		  [Line]
		   {
		   Color=RGB(64,64,64)
		   LineType=0
		   }
		  LineWidth=0
		  }
		 [Top]
		  {
		  Spacing=500
		  Line=True
		  [Line]
		   {
		   Color=RGB(64,64,64)
		   LineType=0
		   }
		  LineWidth=300
		  }
		 [Right]
		  {
		  Spacing=1000
		  Line=False
		  [Line]
		   {
		   Color=RGB(64,64,64)
		   LineType=0
		   }
		  LineWidth=0
		  }
		 [Bottom]
		  {
		  Spacing=500
		  Line=True
		  [Line]
		   {
		   Color=RGB(64,64,64)
		   LineType=0
		   }
		  LineWidth=0
		  }
		 }
		[Font]
		 {
		 Default=False
		 Name=Arial
		 GdiCharSet=0
		 Size=8
		 Width=0
		 Bold=False
		 Italic=False
		 Underline=False
		 Strikeout=False
		 Color=RGB(0,0,0)
		 PitchAndFamily=34
		 OutPrecision=3
		 }
		Text="Gesamttotal"
		}
	   [Column]
		{
		Width=25000
		Height=10000
		bIsotropic=True
		PlainTextFormat=True
		Align=2
		AlignDecPosition=-10000
		VAlign=1
		Adjusted=True
		LineWrap=False
		bFill=False
		BkColor=RGB(0,0,0)
		Raster=0
		FgColor=RGB(0,0,0)
		SpaceOptimization=False
		Link.URL=
		WithText=False
		[Frame]
		 {
		 [Left]
		  {
		  Spacing=1000
		  Line=True
		  [Line]
		   {
		   Color=RGB(64,64,64)
		   LineType=0
		   }
		  LineWidth=0
		  }
		 [Top]
		  {
		  Spacing=500
		  Line=True
		  [Line]
		   {
		   Color=RGB(64,64,64)
		   LineType=0
		   }
		  LineWidth=300
		  }
		 [Right]
		  {
		  Spacing=1000
		  Line=False
		  [Line]
		   {
		   Color=RGB(64,64,64)
		   LineType=0
		   }
		  LineWidth=0
		  }
		 [Bottom]
		  {
		  Spacing=500
		  Line=True
		  [Line]
		   {
		   Color=RGB(64,64,64)
		   LineType=0
		   }
		  LineWidth=0
		  }
		 }
		[Font]
		 {
		 Default=False
		 Name=Arial
		 GdiCharSet=0
		 Size=8
		 Width=0
		 Bold=False
		 Italic=False
		 Underline=False
		 Strikeout=False
		 Color=RGB(0,0,0)
		 PitchAndFamily=34
		 OutPrecision=3
		 }
		Text=fstr$(@TBLohn, "---,---,---,---,---,---,--&.&&", 1)
		}
	   [Column]
		{
		Width=25000
		Height=10000
		bIsotropic=True
		PlainTextFormat=True
		Align=2
		AlignDecPosition=-10000
		VAlign=1
		Adjusted=True
		LineWrap=False
		bFill=False
		BkColor=RGB(0,0,0)
		Raster=0
		FgColor=RGB(0,0,0)
		SpaceOptimization=False
		Link.URL=
		WithText=False
		[Frame]
		 {
		 [Left]
		  {
		  Spacing=1000
		  Line=True
		  [Line]
		   {
		   Color=RGB(64,64,64)
		   LineType=0
		   }
		  LineWidth=0
		  }
		 [Top]
		  {
		  Spacing=500
		  Line=True
		  [Line]
		   {
		   Color=RGB(64,64,64)
		   LineType=0
		   }
		  LineWidth=300
		  }
		 [Right]
		  {
		  Spacing=1000
		  Line=False
		  [Line]
		   {
		   Color=RGB(64,64,64)
		   LineType=0
		   }
		  LineWidth=0
		  }
		 [Bottom]
		  {
		  Spacing=500
		  Line=True
		  [Line]
		   {
		   Color=RGB(64,64,64)
		   LineType=0
		   }
		  LineWidth=0
		  }
		 }
		[Font]
		 {
		 Default=False
		 Name=Arial
		 GdiCharSet=0
		 Size=8
		 Width=0
		 Bold=False
		 Italic=False
		 Underline=False
		 Strikeout=False
		 Color=RGB(0,0,0)
		 PitchAndFamily=34
		 OutPrecision=3
		 }
		Text=fstr$(@TSuvaBasis, "---,---,---,---,---,---,--&.&&", 1)
		}
	   [Column]
		{
		Width=25000
		Height=10000
		bIsotropic=True
		PlainTextFormat=True
		Align=2
		AlignDecPosition=-10000
		VAlign=1
		Adjusted=True
		LineWrap=False
		bFill=False
		BkColor=RGB(0,0,0)
		Raster=0
		FgColor=RGB(0,0,0)
		SpaceOptimization=False
		Link.URL=
		WithText=False
		[Frame]
		 {
		 [Left]
		  {
		  Spacing=1000
		  Line=True
		  [Line]
		   {
		   Color=RGB(64,64,64)
		   LineType=0
		   }
		  LineWidth=0
		  }
		 [Top]
		  {
		  Spacing=500
		  Line=True
		  [Line]
		   {
		   Color=RGB(64,64,64)
		   LineType=0
		   }
		  LineWidth=300
		  }
		 [Right]
		  {
		  Spacing=1000
		  Line=False
		  [Line]
		   {
		   Color=RGB(64,64,64)
		   LineType=0
		   }
		  LineWidth=0
		  }
		 [Bottom]
		  {
		  Spacing=500
		  Line=True
		  [Line]
		   {
		   Color=RGB(64,64,64)
		   LineType=0
		   }
		  LineWidth=0
		  }
		 }
		[Font]
		 {
		 Default=False
		 Name=Arial
		 GdiCharSet=0
		 Size=8
		 Width=0
		 Bold=False
		 Italic=False
		 Underline=False
		 Strikeout=False
		 Color=RGB(0,0,0)
		 PitchAndFamily=34
		 OutPrecision=3
		 }
		Text=fstr$(@TSuvaLohn, "---,---,---,---,---,---,--&.&&", 1)
		}
	   [Column]
		{
		Width=20000
		Height=10000
		bIsotropic=True
		PlainTextFormat=True
		Align=2
		AlignDecPosition=-10000
		VAlign=0
		Adjusted=True
		LineWrap=False
		bFill=False
		BkColor=RGB(0,0,0)
		Raster=0
		FgColor=RGB(0,0,0)
		SpaceOptimization=False
		Link.URL=
		WithText=False
		[Frame]
		 {
		 [Left]
		  {
		  Spacing=1000
		  Line=True
		  [Line]
		   {
		   Color=RGB(64,64,64)
		   LineType=0
		   }
		  LineWidth=0
		  }
		 [Top]
		  {
		  Spacing=500
		  Line=True
		  [Line]
		   {
		   Color=RGB(64,64,64)
		   LineType=0
		   }
		  LineWidth=300
		  }
		 [Right]
		  {
		  Spacing=1000
		  Line=True
		  [Line]
		   {
		   Color=RGB(64,64,64)
		   LineType=0
		   }
		  LineWidth=0
		  }
		 [Bottom]
		  {
		  Spacing=500
		  Line=True
		  [Line]
		   {
		   Color=RGB(64,64,64)
		   LineType=0
		   }
		  LineWidth=0
		  }
		 }
		[Font]
		 {
		 Default=False
		 Name=Arial
		 GdiCharSet=0
		 Size=8
		 Width=0
		 Bold=False
		 Italic=False
		 Underline=False
		 Strikeout=False
		 Color=RGB(0,0,0)
		 PitchAndFamily=34
		 OutPrecision=3
		 }
		Text=" "
		}
	   }
	  [Options]
	   {
	   [Frame0]
		{
		SpaceOut=0
		}
	   [Frame1]
		{
		SpaceOut=0
		}
	   [Frame2]
		{
		SpaceOut=0
		}
	   [Frame3]
		{
		SpaceOut=0
		}
	   LFont=default
	   LCondition=Lastpage()
	   IgnoreEmpty=TRUE
	   Description=Totalzeile
	   }
	  }
	 }
	}
   [GroupHeader]
	{
	[Options]
	 {
	 }
	[Lines]
	 {
	 }
	}
   [GroupFooter]
	{
	[Options]
	 {
	 }
	[Lines]
	 {
	 }
	}
   }
  }
[Object]
 ObjectID=1
 ObjectName=Text
 Locked=FALSE
 LinkID=47
 LinkToID=0
 LinkMode=32
 LinkTest=-12333
 LayerID=0
 GroupID=0
 Identifier=
 Condition=True
 UserLocked=False
 WrapBefore=False
 Position/Left=70300
 Position/Top=13900
 Position/Width=28700
 Position/Height=7500
 Direction=0
 bFill=False
 BkColor=RGB(255,255,255)
 bFrame=False
 Color=RGB(0,0,0)
 Width=0
 Distance=0
 bPageWrap=False
 bBottomAligned=False
 [@Lines]
  {
  [Lines]
   {
   [Line]
	{
	[Font]
	 {
	 Default=False
	 Name=Arial
	 GdiCharSet=0
	 Size=8
	 Width=0
	 Bold=False
	 Italic=False
	 Underline=False
	 Strikeout=False
	 Color=RGB(0,0,0)
	 PitchAndFamily=34
	 OutPrecision=3
	 }
	Align=0
	Adjusted=False
	Uneraseable=False
	LineWrap=False
	PageWrapAllowed=False
	SpaceOptimization=True
	Spacing.Paragraph=0
	Spacing.Line=0
	Text="Höchslohn pro Jahr:"
	Tab=0
	TabAlign=0
	}
   [Line]
	{
	[Font]
	 {
	 Default=False
	 Name=Arial
	 GdiCharSet=0
	 Size=8
	 Width=0
	 Bold=False
	 Italic=False
	 Underline=False
	 Strikeout=False
	 Color=RGB(0,0,0)
	 PitchAndFamily=34
	 OutPrecision=3
	 }
	Align=0
	Adjusted=False
	Uneraseable=False
	LineWrap=False
	PageWrapAllowed=False
	SpaceOptimization=True
	Spacing.Paragraph=0
	Spacing.Line=0
	Text="Kundennummer:"
	Tab=0
	TabAlign=0
	}
   }
  }
[Object]
 ObjectID=1
 ObjectName=Text
 Locked=FALSE
 LinkID=57
 LinkToID=0
 LinkMode=32
 LinkTest=-14668
 LayerID=0
 GroupID=0
 Identifier=
 Condition=True
 UserLocked=False
 WrapBefore=False
 Position/Left=100300
 Position/Top=13900
 Position/Width=45100
 Position/Height=7500
 Direction=0
 bFill=False
 BkColor=RGB(255,255,255)
 bFrame=False
 Color=RGB(0,0,0)
 Width=0
 Distance=0
 bPageWrap=False
 bBottomAligned=False
 [@Lines]
  {
  [Lines]
   {
   [Line]
	{
	[Font]
	 {
	 Default=False
	 Name=Arial
	 GdiCharSet=0
	 Size=8
	 Width=0
	 Bold=False
	 Italic=False
	 Underline=False
	 Strikeout=False
	 Color=RGB(0,0,0)
	 PitchAndFamily=34
	 OutPrecision=3
	 }
	Align=0
	Adjusted=False
	Uneraseable=True
	LineWrap=False
	PageWrapAllowed=False
	SpaceOptimization=True
	Spacing.Paragraph=0
	Spacing.Line=0
	Text=fstr$(SUVA_HL,"---,---,---,---,---,---,--&.&&", 1)
	Tab=0
	TabAlign=0
	}
   [Line]
	{
	[Font]
	 {
	 Default=False
	 Name=Arial
	 GdiCharSet=0
	 Size=8
	 Width=0
	 Bold=False
	 Italic=False
	 Underline=False
	 Strikeout=False
	 Color=RGB(0,0,0)
	 PitchAndFamily=34
	 OutPrecision=3
	 }
	Align=0
	Adjusted=False
	Uneraseable=False
	LineWrap=False
	PageWrapAllowed=False
	SpaceOptimization=True
	Spacing.Paragraph=0
	Spacing.Line=0
	Text=UnfallNr
	Tab=0
	TabAlign=0
	}
   }
  }
[Object]
 ObjectID=1
 ObjectName=Text
 Locked=FALSE
 LinkID=49
 LinkToID=0
 LinkMode=32
 LinkTest=-29462
 LayerID=0
 GroupID=0
 Identifier=
 Condition=True
 UserLocked=False
 WrapBefore=False
 Position/Left=9300
 Position/Top=6900
 Position/Width=57000
 Position/Height=14300
 Direction=0
 bFill=False
 BkColor=RGB(255,255,255)
 bFrame=False
 Color=RGB(0,0,0)
 Width=0
 Distance=0
 bPageWrap=False
 bBottomAligned=False
 [@Lines]
  {
  [Lines]
   {
   [Line]
	{
	[Font]
	 {
	 Default=False
	 Name=Arial
	 GdiCharSet=0
	 Size=8
	 Width=0
	 Bold=True
	 Italic=False
	 Underline=False
	 Strikeout=False
	 Color=RGB(0,0,0)
	 PitchAndFamily=0
	 OutPrecision=0
	 }
	Align=0
	Adjusted=False
	Uneraseable=False
	LineWrap=False
	PageWrapAllowed=False
	SpaceOptimization=True
	Spacing.Paragraph=0
	Spacing.Line=0
	Text=MDName
	Tab=0
	TabAlign=0
	}
   [Line]
	{
	[Font]
	 {
	 Default=False
	 Name=Arial
	 GdiCharSet=0
	 Size=8
	 Width=0
	 Bold=False
	 Italic=False
	 Underline=False
	 Strikeout=False
	 Color=RGB(0,0,0)
	 PitchAndFamily=0
	 OutPrecision=0
	 }
	Align=0
	Adjusted=False
	Uneraseable=False
	LineWrap=False
	PageWrapAllowed=False
	SpaceOptimization=True
	Spacing.Paragraph=0
	Spacing.Line=0
	Text=MDName2
	Tab=0
	TabAlign=0
	}
   [Line]
	{
	[Font]
	 {
	 Default=False
	 Name=Arial
	 GdiCharSet=0
	 Size=8
	 Width=0
	 Bold=False
	 Italic=False
	 Underline=False
	 Strikeout=False
	 Color=RGB(0,0,0)
	 PitchAndFamily=0
	 OutPrecision=0
	 }
	Align=0
	Adjusted=False
	Uneraseable=False
	LineWrap=False
	PageWrapAllowed=False
	SpaceOptimization=True
	Spacing.Paragraph=0
	Spacing.Line=0
	Text=MDName3
	Tab=0
	TabAlign=0
	}
   [Line]
	{
	[Font]
	 {
	 Default=False
	 Name=Arial
	 GdiCharSet=0
	 Size=8
	 Width=0
	 Bold=False
	 Italic=False
	 Underline=False
	 Strikeout=False
	 Color=RGB(0,0,0)
	 PitchAndFamily=0
	 OutPrecision=0
	 }
	Align=0
	Adjusted=False
	Uneraseable=False
	LineWrap=False
	PageWrapAllowed=False
	SpaceOptimization=True
	Spacing.Paragraph=0
	Spacing.Line=0
	Text=MDStrasse
	Tab=0
	TabAlign=0
	}
   [Line]
	{
	[Font]
	 {
	 Default=False
	 Name=Arial
	 GdiCharSet=0
	 Size=8
	 Width=0
	 Bold=False
	 Italic=False
	 Underline=False
	 Strikeout=False
	 Color=RGB(0,0,0)
	 PitchAndFamily=0
	 OutPrecision=0
	 }
	Align=0
	Adjusted=False
	Uneraseable=False
	LineWrap=False
	PageWrapAllowed=False
	SpaceOptimization=True
	Spacing.Paragraph=0
	Spacing.Line=0
	Text=MDPLZ + " " + MDOrt
	Tab=0
	TabAlign=0
	}
   }
  }
[Object]
 ObjectID=1
 ObjectName=Text
 Locked=FALSE
 LinkID=50
 LinkToID=0
 LinkMode=32
 LinkTest=-7332
 LayerID=0
 GroupID=0
 Identifier=
 Condition=True
 UserLocked=False
 WrapBefore=False
 Position/Left=168800
 Position/Top=6900
 Position/Width=35200
 Position/Height=9400
 Direction=0
 bFill=False
 BkColor=RGB(255,255,255)
 bFrame=False
 Color=RGB(0,0,0)
 Width=0
 Distance=0
 bPageWrap=False
 bBottomAligned=False
 [@Lines]
  {
  [Lines]
   {
   [Line]
	{
	[Font]
	 {
	 Default=False
	 Name=Arial
	 GdiCharSet=0
	 Size=8
	 Width=0
	 Bold=False
	 Italic=False
	 Underline=False
	 Strikeout=False
	 Color=RGB(0,0,0)
	 PitchAndFamily=34
	 OutPrecision=3
	 }
	Align=0
	Adjusted=False
	Uneraseable=False
	LineWrap=False
	PageWrapAllowed=True
	SpaceOptimization=True
	Spacing.Paragraph=0
	Spacing.Line=0
	Text=Date$(Now(),"%DD, %d.%m.%y  um %02H:%02i")
	Tab=0
	TabAlign=0
	}
   [Line]
	{
	[Font]
	 {
	 Default=False
	 Name=Arial
	 GdiCharSet=0
	 Size=8
	 Width=0
	 Bold=False
	 Italic=False
	 Underline=False
	 Strikeout=False
	 Color=RGB(0,0,0)
	 PitchAndFamily=34
	 OutPrecision=3
	 }
	Align=0
	Adjusted=False
	Uneraseable=False
	LineWrap=False
	PageWrapAllowed=False
	SpaceOptimization=True
	Spacing.Paragraph=0
	Spacing.Line=0
	Text=FStr$(Page (),"#####")
	Tab=0
	TabAlign=0
	}
   [Line]
	{
	[Font]
	 {
	 Default=False
	 Name=Arial
	 GdiCharSet=0
	 Size=8
	 Width=0
	 Bold=False
	 Italic=False
	 Underline=False
	 Strikeout=False
	 Color=RGB(0,0,0)
	 PitchAndFamily=34
	 OutPrecision=3
	 }
	Align=0
	Adjusted=False
	Uneraseable=False
	LineWrap=False
	PageWrapAllowed=True
	SpaceOptimization=True
	Spacing.Paragraph=0
	Spacing.Line=0
	Text=Left$(AutorFName,1) + ". " + AutorLName
	Tab=0
	TabAlign=0
	}
   }
  }
[Object]
 ObjectID=1
 ObjectName=Text
 Locked=FALSE
 LinkID=51
 LinkToID=0
 LinkMode=32
 LinkTest=-21324
 LayerID=0
 GroupID=0
 Identifier=
 Condition=True
 UserLocked=False
 WrapBefore=False
 Position/Left=153400
 Position/Top=6900
 Position/Width=14000
 Position/Height=9400
 Direction=0
 bFill=False
 BkColor=RGB(255,255,255)
 bFrame=False
 Color=RGB(0,0,0)
 Width=0
 Distance=0
 bPageWrap=False
 bBottomAligned=False
 [@Lines]
  {
  [Lines]
   {
   [Line]
	{
	[Font]
	 {
	 Default=False
	 Name=Arial
	 GdiCharSet=0
	 Size=8
	 Width=0
	 Bold=True
	 Italic=False
	 Underline=False
	 Strikeout=False
	 Color=RGB(0,0,0)
	 PitchAndFamily=34
	 OutPrecision=3
	 }
	Align=0
	Adjusted=False
	Uneraseable=False
	LineWrap=False
	PageWrapAllowed=True
	SpaceOptimization=True
	Spacing.Paragraph=0
	Spacing.Line=0
	Text="Datum:"
	Tab=0
	TabAlign=0
	}
   [Line]
	{
	[Font]
	 {
	 Default=False
	 Name=Arial
	 GdiCharSet=0
	 Size=8
	 Width=0
	 Bold=True
	 Italic=False
	 Underline=False
	 Strikeout=False
	 Color=RGB(0,0,0)
	 PitchAndFamily=34
	 OutPrecision=3
	 }
	Align=0
	Adjusted=False
	Uneraseable=False
	LineWrap=False
	PageWrapAllowed=True
	SpaceOptimization=True
	Spacing.Paragraph=0
	Spacing.Line=0
	Text="Seite:"
	Tab=0
	TabAlign=0
	}
   [Line]
	{
	[Font]
	 {
	 Default=False
	 Name=Arial
	 GdiCharSet=0
	 Size=8
	 Width=0
	 Bold=True
	 Italic=False
	 Underline=False
	 Strikeout=False
	 Color=RGB(0,0,0)
	 PitchAndFamily=34
	 OutPrecision=3
	 }
	Align=0
	Adjusted=False
	Uneraseable=False
	LineWrap=False
	PageWrapAllowed=True
	SpaceOptimization=True
	Spacing.Paragraph=0
	Spacing.Line=0
	Text="Benutzer:"
	Tab=0
	TabAlign=0
	}
   }
  }
[UserVariables]
[Parameters]
 [@Parameters]
  {
  [Parameters]
   {
   }
  }
